Starting ppserver on r515c05n[03-04]:49527
Host names provided to parsac: r515c05n03:49527,r515c05n04:49527,
Starting parsac
Reading sensitivity samples from ERGOM_L4_observability_ARGO_PO4_JUN.pickle...
Reading configuration from L4_observability_ARGO_PO4_JUN.xml...
Starting Parallel Python server...
Giving Parallel Python 10 seconds to connect to: r515c05n03:49527, r515c05n04:49527
Running on:
   local: 0 cpus
   r515c05n04:49527: 48 cpus
   r515c05n03:49527: 48 cpus
Total number of cpus: 96
Starting model run...
Model run took 6.0 s.
 Processed /g100_scratch/usertrain/a08trb35/ERGOM_L4_JUN_ARGO_PO4_OBSERVABILITY/0000...
Starting model run...
Model run took 5.9 s.
 Processed /g100_scratch/usertrain/a08trb35/ERGOM_L4_JUN_ARGO_PO4_OBSERVABILITY/0001...
Starting model run...
Model run took 5.9 s.
 Processed /g100_scratch/usertrain/a08trb35/ERGOM_L4_JUN_ARGO_PO4_OBSERVABILITY/0002...
Starting model run...
Model run took 6.0 s.
 Processed /g100_scratch/usertrain/a08trb35/ERGOM_L4_JUN_ARGO_PO4_OBSERVABILITY/0003...
Starting model run...
Model run took 5.8 s.
 Processed /g100_scratch/usertrain/a08trb35/ERGOM_L4_JUN_ARGO_PO4_OBSERVABILITY/0004...
Starting model run...
Model run took 5.7 s.
 Processed /g100_scratch/usertrain/a08trb35/ERGOM_L4_JUN_ARGO_PO4_OBSERVABILITY/0005...
Starting model run...
Model run took 5.9 s.
 Processed /g100_scratch/usertrain/a08trb35/ERGOM_L4_JUN_ARGO_PO4_OBSERVABILITY/0006...
Starting model run...
Model run took 6.0 s.
 Processed /g100_scratch/usertrain/a08trb35/ERGOM_L4_JUN_ARGO_PO4_OBSERVABILITY/0007...
Starting model run...
Model run took 5.8 s.
 Processed /g100_scratch/usertrain/a08trb35/ERGOM_L4_JUN_ARGO_PO4_OBSERVABILITY/0008...
Starting model run...
Model run took 5.8 s.
 Processed /g100_scratch/usertrain/a08trb35/ERGOM_L4_JUN_ARGO_PO4_OBSERVABILITY/0009...
Starting model run...
Model run took 5.9 s.
 Processed /g100_scratch/usertrain/a08trb35/ERGOM_L4_JUN_ARGO_PO4_OBSERVABILITY/0010...
Starting model run...
Model run took 5.8 s.
 Processed /g100_scratch/usertrain/a08trb35/ERGOM_L4_JUN_ARGO_PO4_OBSERVABILITY/0011...
Starting model run...
Model run took 5.8 s.
 Processed /g100_scratch/usertrain/a08trb35/ERGOM_L4_JUN_ARGO_PO4_OBSERVABILITY/0012...
Starting model run...
Model run took 5.9 s.
 Processed /g100_scratch/usertrain/a08trb35/ERGOM_L4_JUN_ARGO_PO4_OBSERVABILITY/0013...
Starting model run...
Model run took 5.8 s.
 Processed /g100_scratch/usertrain/a08trb35/ERGOM_L4_JUN_ARGO_PO4_OBSERVABILITY/0014...
Starting model run...
Model run took 5.8 s.
 Processed /g100_scratch/usertrain/a08trb35/ERGOM_L4_JUN_ARGO_PO4_OBSERVABILITY/0015...
Starting model run...
Model run took 5.9 s.
 Processed /g100_scratch/usertrain/a08trb35/ERGOM_L4_JUN_ARGO_PO4_OBSERVABILITY/0016...
Starting model run...
Model run took 5.9 s.
 Processed /g100_scratch/usertrain/a08trb35/ERGOM_L4_JUN_ARGO_PO4_OBSERVABILITY/0017...
Starting model run...
Model run took 6.1 s.
 Processed /g100_scratch/usertrain/a08trb35/ERGOM_L4_JUN_ARGO_PO4_OBSERVABILITY/0018...
Starting model run...
Model run took 6.0 s.
 Processed /g100_scratch/usertrain/a08trb35/ERGOM_L4_JUN_ARGO_PO4_OBSERVABILITY/0019...
Starting model run...
Model run took 6.0 s.
 Processed /g100_scratch/usertrain/a08trb35/ERGOM_L4_JUN_ARGO_PO4_OBSERVABILITY/0020...
Starting model run...
Model run took 5.9 s.
 Processed /g100_scratch/usertrain/a08trb35/ERGOM_L4_JUN_ARGO_PO4_OBSERVABILITY/0021...
Starting model run...
Model run took 5.8 s.
 Processed /g100_scratch/usertrain/a08trb35/ERGOM_L4_JUN_ARGO_PO4_OBSERVABILITY/0022...
Starting model run...
Model run took 5.9 s.
 Processed /g100_scratch/usertrain/a08trb35/ERGOM_L4_JUN_ARGO_PO4_OBSERVABILITY/0023...
Starting model run...
Model run took 6.0 s.
 Processed /g100_scratch/usertrain/a08trb35/ERGOM_L4_JUN_ARGO_PO4_OBSERVABILITY/0024...
Starting model run...
Model run took 6.0 s.
 Processed /g100_scratch/usertrain/a08trb35/ERGOM_L4_JUN_ARGO_PO4_OBSERVABILITY/0025...
Starting model run...
Model run took 5.9 s.
 Processed /g100_scratch/usertrain/a08trb35/ERGOM_L4_JUN_ARGO_PO4_OBSERVABILITY/0026...
Starting model run...
Model run took 5.8 s.
 Processed /g100_scratch/usertrain/a08trb35/ERGOM_L4_JUN_ARGO_PO4_OBSERVABILITY/0027...
Starting model run...
Model run took 5.9 s.
 Processed /g100_scratch/usertrain/a08trb35/ERGOM_L4_JUN_ARGO_PO4_OBSERVABILITY/0028...
Starting model run...
Model run took 5.8 s.
 Processed /g100_scratch/usertrain/a08trb35/ERGOM_L4_JUN_ARGO_PO4_OBSERVABILITY/0029...
Starting model run...
Model run took 5.8 s.
 Processed /g100_scratch/usertrain/a08trb35/ERGOM_L4_JUN_ARGO_PO4_OBSERVABILITY/0030...
Starting model run...
Model run took 5.8 s.
 Processed /g100_scratch/usertrain/a08trb35/ERGOM_L4_JUN_ARGO_PO4_OBSERVABILITY/0031...
Starting model run...
Model run took 5.9 s.
 Processed /g100_scratch/usertrain/a08trb35/ERGOM_L4_JUN_ARGO_PO4_OBSERVABILITY/0032...
Starting model run...
Model run took 5.8 s.
 Processed /g100_scratch/usertrain/a08trb35/ERGOM_L4_JUN_ARGO_PO4_OBSERVABILITY/0033...
Starting model run...
Model run took 5.9 s.
 Processed /g100_scratch/usertrain/a08trb35/ERGOM_L4_JUN_ARGO_PO4_OBSERVABILITY/0034...
Starting model run...
Model run took 5.9 s.
 Processed /g100_scratch/usertrain/a08trb35/ERGOM_L4_JUN_ARGO_PO4_OBSERVABILITY/0035...
Starting model run...
Model run took 5.8 s.
 Processed /g100_scratch/usertrain/a08trb35/ERGOM_L4_JUN_ARGO_PO4_OBSERVABILITY/0036...
Starting model run...
Model run took 6.1 s.
 Processed /g100_scratch/usertrain/a08trb35/ERGOM_L4_JUN_ARGO_PO4_OBSERVABILITY/0037...
Starting model run...
Model run took 5.9 s.
 Processed /g100_scratch/usertrain/a08trb35/ERGOM_L4_JUN_ARGO_PO4_OBSERVABILITY/0038...
Starting model run...
Model run took 5.8 s.
 Processed /g100_scratch/usertrain/a08trb35/ERGOM_L4_JUN_ARGO_PO4_OBSERVABILITY/0039...
Starting model run...
Model run took 5.9 s.
 Processed /g100_scratch/usertrain/a08trb35/ERGOM_L4_JUN_ARGO_PO4_OBSERVABILITY/0040...
Starting model run...
Model run took 6.0 s.
 Processed /g100_scratch/usertrain/a08trb35/ERGOM_L4_JUN_ARGO_PO4_OBSERVABILITY/0041...
Starting model run...
Model run took 5.8 s.
 Processed /g100_scratch/usertrain/a08trb35/ERGOM_L4_JUN_ARGO_PO4_OBSERVABILITY/0042...
Starting model run...
Model run took 5.9 s.
 Processed /g100_scratch/usertrain/a08trb35/ERGOM_L4_JUN_ARGO_PO4_OBSERVABILITY/0043...
Starting model run...
Model run took 5.9 s.
 Processed /g100_scratch/usertrain/a08trb35/ERGOM_L4_JUN_ARGO_PO4_OBSERVABILITY/0044...
Starting model run...
Model run took 6.0 s.
 Processed /g100_scratch/usertrain/a08trb35/ERGOM_L4_JUN_ARGO_PO4_OBSERVABILITY/0045...
Starting model run...
Model run took 5.8 s.
 Processed /g100_scratch/usertrain/a08trb35/ERGOM_L4_JUN_ARGO_PO4_OBSERVABILITY/0046...
Starting model run...
Model run took 5.9 s.
 Processed /g100_scratch/usertrain/a08trb35/ERGOM_L4_JUN_ARGO_PO4_OBSERVABILITY/0047...
Starting model run...
Model run took 6.1 s.
 Processed /g100_scratch/usertrain/a08trb35/ERGOM_L4_JUN_ARGO_PO4_OBSERVABILITY/0048...
Starting model run...
Model run took 5.8 s.
 Processed /g100_scratch/usertrain/a08trb35/ERGOM_L4_JUN_ARGO_PO4_OBSERVABILITY/0049...
Starting model run...
Model run took 5.8 s.
 Processed /g100_scratch/usertrain/a08trb35/ERGOM_L4_JUN_ARGO_PO4_OBSERVABILITY/0050...
Starting model run...
Model run took 6.0 s.
 Processed /g100_scratch/usertrain/a08trb35/ERGOM_L4_JUN_ARGO_PO4_OBSERVABILITY/0051...
Starting model run...
Model run took 5.9 s.
 Processed /g100_scratch/usertrain/a08trb35/ERGOM_L4_JUN_ARGO_PO4_OBSERVABILITY/0052...
Starting model run...
Model run took 6.2 s.
 Processed /g100_scratch/usertrain/a08trb35/ERGOM_L4_JUN_ARGO_PO4_OBSERVABILITY/0053...
Starting model run...
Model run took 5.9 s.
 Processed /g100_scratch/usertrain/a08trb35/ERGOM_L4_JUN_ARGO_PO4_OBSERVABILITY/0054...
Starting model run...
Model run took 6.1 s.
 Processed /g100_scratch/usertrain/a08trb35/ERGOM_L4_JUN_ARGO_PO4_OBSERVABILITY/0055...
Starting model run...
Model run took 6.0 s.
 Processed /g100_scratch/usertrain/a08trb35/ERGOM_L4_JUN_ARGO_PO4_OBSERVABILITY/0056...
Starting model run...
Model run took 5.9 s.
 Processed /g100_scratch/usertrain/a08trb35/ERGOM_L4_JUN_ARGO_PO4_OBSERVABILITY/0057...
Starting model run...
Model run took 5.9 s.
 Processed /g100_scratch/usertrain/a08trb35/ERGOM_L4_JUN_ARGO_PO4_OBSERVABILITY/0058...
Starting model run...
Model run took 5.9 s.
 Processed /g100_scratch/usertrain/a08trb35/ERGOM_L4_JUN_ARGO_PO4_OBSERVABILITY/0059...
Starting model run...
Model run took 5.8 s.
 Processed /g100_scratch/usertrain/a08trb35/ERGOM_L4_JUN_ARGO_PO4_OBSERVABILITY/0060...
Starting model run...
Model run took 5.9 s.
 Processed /g100_scratch/usertrain/a08trb35/ERGOM_L4_JUN_ARGO_PO4_OBSERVABILITY/0061...
Starting model run...
Model run took 5.9 s.
 Processed /g100_scratch/usertrain/a08trb35/ERGOM_L4_JUN_ARGO_PO4_OBSERVABILITY/0062...
Starting model run...
Model run took 5.8 s.
 Processed /g100_scratch/usertrain/a08trb35/ERGOM_L4_JUN_ARGO_PO4_OBSERVABILITY/0063...
Starting model run...
Model run took 6.0 s.
 Processed /g100_scratch/usertrain/a08trb35/ERGOM_L4_JUN_ARGO_PO4_OBSERVABILITY/0064...
Starting model run...
Model run took 5.9 s.
 Processed /g100_scratch/usertrain/a08trb35/ERGOM_L4_JUN_ARGO_PO4_OBSERVABILITY/0065...
Starting model run...
Model run took 6.2 s.
 Processed /g100_scratch/usertrain/a08trb35/ERGOM_L4_JUN_ARGO_PO4_OBSERVABILITY/0066...
Starting model run...
Model run took 6.0 s.
 Processed /g100_scratch/usertrain/a08trb35/ERGOM_L4_JUN_ARGO_PO4_OBSERVABILITY/0067...
Starting model run...
Model run took 6.3 s.
 Processed /g100_scratch/usertrain/a08trb35/ERGOM_L4_JUN_ARGO_PO4_OBSERVABILITY/0068...
Starting model run...
Model run took 5.8 s.
 Processed /g100_scratch/usertrain/a08trb35/ERGOM_L4_JUN_ARGO_PO4_OBSERVABILITY/0069...
Starting model run...
Model run took 6.4 s.
 Processed /g100_scratch/usertrain/a08trb35/ERGOM_L4_JUN_ARGO_PO4_OBSERVABILITY/0070...
Starting model run...
Model run took 5.9 s.
 Processed /g100_scratch/usertrain/a08trb35/ERGOM_L4_JUN_ARGO_PO4_OBSERVABILITY/0071...
Starting model run...
Model run took 5.8 s.
 Processed /g100_scratch/usertrain/a08trb35/ERGOM_L4_JUN_ARGO_PO4_OBSERVABILITY/0072...
Starting model run...
Model run took 5.9 s.
 Processed /g100_scratch/usertrain/a08trb35/ERGOM_L4_JUN_ARGO_PO4_OBSERVABILITY/0073...
Starting model run...
Model run took 5.9 s.
 Processed /g100_scratch/usertrain/a08trb35/ERGOM_L4_JUN_ARGO_PO4_OBSERVABILITY/0074...
Starting model run...
Model run took 6.1 s.
 Processed /g100_scratch/usertrain/a08trb35/ERGOM_L4_JUN_ARGO_PO4_OBSERVABILITY/0075...
Starting model run...
Model run took 6.1 s.
 Processed /g100_scratch/usertrain/a08trb35/ERGOM_L4_JUN_ARGO_PO4_OBSERVABILITY/0076...
Starting model run...
Model run took 5.8 s.
 Processed /g100_scratch/usertrain/a08trb35/ERGOM_L4_JUN_ARGO_PO4_OBSERVABILITY/0077...
Starting model run...
Model run took 6.2 s.
 Processed /g100_scratch/usertrain/a08trb35/ERGOM_L4_JUN_ARGO_PO4_OBSERVABILITY/0078...
Starting model run...
Model run took 5.8 s.
 Processed /g100_scratch/usertrain/a08trb35/ERGOM_L4_JUN_ARGO_PO4_OBSERVABILITY/0079...
Starting model run...
Model run took 5.9 s.
 Processed /g100_scratch/usertrain/a08trb35/ERGOM_L4_JUN_ARGO_PO4_OBSERVABILITY/0080...
Starting model run...
Model run took 5.9 s.
 Processed /g100_scratch/usertrain/a08trb35/ERGOM_L4_JUN_ARGO_PO4_OBSERVABILITY/0081...
Starting model run...
Model run took 5.8 s.
 Processed /g100_scratch/usertrain/a08trb35/ERGOM_L4_JUN_ARGO_PO4_OBSERVABILITY/0082...
Starting model run...
Model run took 5.9 s.
 Processed /g100_scratch/usertrain/a08trb35/ERGOM_L4_JUN_ARGO_PO4_OBSERVABILITY/0083...
Starting model run...
Model run took 6.1 s.
 Processed /g100_scratch/usertrain/a08trb35/ERGOM_L4_JUN_ARGO_PO4_OBSERVABILITY/0084...
Starting model run...
Model run took 6.0 s.
 Processed /g100_scratch/usertrain/a08trb35/ERGOM_L4_JUN_ARGO_PO4_OBSERVABILITY/0085...
Starting model run...
Model run took 5.8 s.
 Processed /g100_scratch/usertrain/a08trb35/ERGOM_L4_JUN_ARGO_PO4_OBSERVABILITY/0086...
Starting model run...
Model run took 6.2 s.
 Processed /g100_scratch/usertrain/a08trb35/ERGOM_L4_JUN_ARGO_PO4_OBSERVABILITY/0087...
Starting model run...
Model run took 6.2 s.
 Processed /g100_scratch/usertrain/a08trb35/ERGOM_L4_JUN_ARGO_PO4_OBSERVABILITY/0088...
Starting model run...
Model run took 6.3 s.
 Processed /g100_scratch/usertrain/a08trb35/ERGOM_L4_JUN_ARGO_PO4_OBSERVABILITY/0089...
Starting model run...
Model run took 6.1 s.
 Processed /g100_scratch/usertrain/a08trb35/ERGOM_L4_JUN_ARGO_PO4_OBSERVABILITY/0090...
Starting model run...
Model run took 5.8 s.
 Processed /g100_scratch/usertrain/a08trb35/ERGOM_L4_JUN_ARGO_PO4_OBSERVABILITY/0091...
Starting model run...
Model run took 5.8 s.
 Processed /g100_scratch/usertrain/a08trb35/ERGOM_L4_JUN_ARGO_PO4_OBSERVABILITY/0092...
Starting model run...
Model run took 6.8 s.
 Processed /g100_scratch/usertrain/a08trb35/ERGOM_L4_JUN_ARGO_PO4_OBSERVABILITY/0093...
Starting model run...
Model run took 5.7 s.
 Processed /g100_scratch/usertrain/a08trb35/ERGOM_L4_JUN_ARGO_PO4_OBSERVABILITY/0094...
Starting model run...
Model run took 6.2 s.
 Processed /g100_scratch/usertrain/a08trb35/ERGOM_L4_JUN_ARGO_PO4_OBSERVABILITY/0095...
Starting model run...
Model run took 5.9 s.
 Processed /g100_scratch/usertrain/a08trb35/ERGOM_L4_JUN_ARGO_PO4_OBSERVABILITY/0096...
Starting model run...
Model run took 5.9 s.
 Processed /g100_scratch/usertrain/a08trb35/ERGOM_L4_JUN_ARGO_PO4_OBSERVABILITY/0097...
Starting model run...
Model run took 5.8 s.
 Processed /g100_scratch/usertrain/a08trb35/ERGOM_L4_JUN_ARGO_PO4_OBSERVABILITY/0098...
Starting model run...
Model run took 5.8 s.
 Processed /g100_scratch/usertrain/a08trb35/ERGOM_L4_JUN_ARGO_PO4_OBSERVABILITY/0099...
Retrieving value of target expression(s) for each ensemble member...
  - 0: [  1.4231433    0.24637595   2.07170129   8.00486623 210.5897376
   0.51997221   0.92765141   0.70404589  76.          50.        ]
  - 1: [  1.33292646   0.23718812   1.73788917   8.00381934 211.39472232
   0.52684039   0.74740171   0.65855902   0.          50.        ]
  - 2: [  1.41006735   0.24529533   2.02334046   8.00474084 210.75768512
   0.52354395   0.8832283    0.69828188  76.          50.        ]
  - 3: [  1.35717375   0.23994964   1.82606792   8.00411987 211.20853855
   0.52546304   0.78079319   0.67254406  78.          50.        ]
  - 4: [  1.4115861    0.24543446   2.02949047   8.00475543 210.73936396
   0.52316803   0.88755322   0.69897461  76.          50.        ]
  - 5: [  1.3542473    0.23962736   1.81544375   8.00408405 211.23053244
   0.52553773   0.77620697   0.67097914  78.          50.        ]
  - 6: [  1.3277864    0.23657559   1.71914792   8.00375632 211.43512228
   0.52733779   0.7448535    0.65528345   0.          50.        ]
  - 7: [  1.31757977   0.23532997   1.68187129   8.00363026 211.51617697
   0.52853131   0.7397579    0.64840406   0.          50.        ]
  - 8: [  1.38803001   0.24317245   1.93795812   8.00449869 210.98590353
   0.52627492   0.82949162   0.68730664  76.          50.        ]
  - 9: [  1.45009995   0.24155948   2.24505782   8.00512695 209.95989725
   0.47888556   1.0747366    0.75357586  79.          51.        ]
  - 10: [  1.40471997   0.24479721   2.00172758   8.00468578 210.8222444
   0.52477801   0.86837006   0.69574255  76.          50.        ]
  - 11: [  1.37729462   0.24208742   1.89904487   8.00436733 211.06165082
   0.52566791   0.81219101   0.68248075  78.          50.        ]
  - 12: [  1.26593241   0.22836435   1.49250114   8.00297016 211.93832796
   0.53905624   0.71340466   0.60704958   0.          49.        ]
  - 13: [  1.43284988   0.24617757   2.09091997   8.00490404 210.3686948
   0.51244682   0.93078899   0.70831066  75.          50.        ]
  - 14: [  1.30113154   0.2332412    1.62174225   8.00342195 211.6465056
   0.5308705    0.73150301   0.63639921   0.          50.        ]
  - 15: [  1.41049111   0.24533425   2.02505374   8.00474548 210.75259001
   0.52344304   0.88442326   0.69847494  76.          50.        ]
  - 16: [  1.38100699   0.24246699   1.91250384   8.00441244 211.0352624
   0.52584279   0.81798267   0.6841768   78.          50.        ]
  - 17: [  1.4455384    0.24290998   2.20235825   8.00504668 210.04027259
   0.48636094   1.0043478    0.73900503  79.          51.        ]
  - 18: [  1.38082935   0.24244893   1.91185975   8.00441045 211.0365574
   0.52583349   0.81770706   0.68409634  78.          50.        ]
  - 19: [  1.39207724   0.24357209   1.95266008   8.00454845 210.95705248
   0.52654439   0.83721828   0.68908733  76.          50.        ]
  - 20: [  1.31938279   0.23555279   1.68845832   8.00365083 211.50188944
   0.52830577   0.74065971   0.64965099   0.          50.        ]
  - 21: [  1.42640553   0.24641468   2.0758369    8.00488281 210.52970024
   0.51862013   0.9430666    0.70481402  76.          50.        ]
  - 22: [  1.28375526   0.23090753   1.55800164   8.0031997  211.78753397
   0.53424847   0.7226491    0.62143719   0.          50.        ]
  - 23: [  1.39013771   0.2433811    1.94560027   8.0045239  210.97112772
   0.52642542   0.8334837    0.68822962  76.          50.        ]
  - 24: [  1.29694657   0.23269241   1.60641015   8.00336888 211.67987857
   0.53157073   0.72938704   0.63309807   0.          50.        ]
  - 25: [  1.34812919   0.23894396   1.79321659   8.00400842 211.27696162
   0.52578038   0.76656723   0.66759741  78.          50.        ]
  - 26: [  1.30333834   0.23352753   1.62981784   8.00344981 211.62903363
   0.53052247   0.73261499   0.6380899    0.          50.        ]
  - 27: [  1.36813902   0.24113159   1.86584544   8.00425455 211.12761124
   0.52541673   0.7979126    0.67813134  78.          50.        ]
  - 28: [  1.44211313   0.2440438    2.16481805   8.00498564 210.11175272
   0.49362215   0.95628357   0.72720015  75.          51.        ]
  - 29: [  1.28094889   0.23051706   1.54769421   8.00316321 211.81101393
   0.53492451   0.72120118   0.61923254   0.          49.        ]
  - 30: [  1.42390906   0.24640122   2.07262945   8.00487021 210.57748811
   0.51973563   0.93103504   0.70419818  76.          50.        ]
  - 31: [  1.35149077   0.23932096   1.80543017   8.00404955 211.25137993
   0.52563387   0.7718668    0.66947281  78.          50.        ]
  - 32: [  1.43596848   0.24587633   2.1041007    8.00491731 210.28793733
   0.508555     0.92790127   0.7109735   75.          50.        ]
  - 33: [  1.40962236   0.24525438   2.02153826   8.00473553 210.76303499
   0.52365112   0.88197136   0.69807768  76.          50.        ]
  - 34: [  1.33429403   0.23734939   1.74287105   8.00383725 211.38400136
   0.52672225   0.7480768    0.65940756   0.          50.        ]
  - 35: [  1.26977954   0.22892585   1.50664532   8.00301991 211.90563434
   0.53792703   0.71540689   0.6103335    0.          49.        ]
  - 36: [  1.43610266   0.24585387   2.10489011   8.00491731 210.28337296
   0.50829095   0.92782688   0.71115851  75.          50.        ]
  - 37: [  1.3157813    0.23510653   1.67529833   8.00360705 211.53054942
   0.52876413   0.73885727   0.64714503   0.          50.        ]
  - 38: [  1.43811931   0.24539061   2.12025142   8.00492992 210.21794327
   0.5037207    0.92991257   0.71490836  75.          50.        ]
  - 39: [  1.3230119    0.23599766   1.7017169    8.00369727 211.47297469
   0.52786881   0.74247372   0.65212214   0.          50.        ]
  - 40: [  1.40894666   0.24519207   2.01880407   8.00472823 210.77108101
   0.52380866   0.88007927   0.69776726  76.          50.        ]
  - 41: [  1.29863722   0.23291507   1.61260724   8.00338944 211.6663553
   0.5312807    0.73024321   0.63444799   0.          50.        ]
  - 42: [  1.30239404   0.23340525   1.62636173   8.00343853 211.63652768
   0.53067046   0.73213911   0.63736933   0.          50.        ]
  - 43: [  1.42452107   0.24641258   2.0733602    8.00487419 210.56683084
   0.51951653   0.93403339   0.70432514  76.          50.        ]
  - 44: [  1.26499159   0.2282259    1.48903883   8.00295755 211.94635275
   0.539343     0.71291351   0.60622531   0.          49.        ]
  - 45: [  1.3241432    0.23613539   1.70584881   8.0037112  211.46399457
   0.5277378    0.74303842   0.65288126   0.          50.        ]
  - 46: [  1.30886907   0.23423649   1.65003133   8.00352014 211.58542799
   0.52971196   0.73539031   0.64219022   0.          50.        ]
  - 47: [  1.32725915   0.2365122    1.71722424   8.00375034 211.43924083
   0.52739328   0.74459124   0.65494001   0.          50.        ]
  - 48: [  1.29604887   0.23257367   1.60311854   8.00335826 211.68707541
   0.53172868   0.7289319    0.63237023   0.          50.        ]
  - 49: [  1.41890468   0.24605629   2.05975056   8.00482974 210.64852242
   0.52129644   0.91201305   0.70242137  76.          50.        ]
  - 50: [  1.42819894   0.2463939    2.0787251    8.00489011 210.48921535
   0.5173223    0.94385338   0.70547301  76.          50.        ]
  - 51: [  1.31660959   0.2352096    1.67832649   8.003617   211.52388332
   0.52865595   0.73927224   0.6477266    0.          50.        ]
  - 52: [  1.41019771   0.24530731   2.02386665   8.00474217 210.75613536
   0.52351302   0.88359737   0.69834131  76.          50.        ]
  - 53: [  1.42430231   0.24641065   2.07309794   8.00487286 210.57084324
   0.51959962   0.9328928    0.70427877  76.          50.        ]
  - 54: [  1.33581361   0.23752782   1.74840379   8.00385583 211.37219769
   0.52659714   0.74882579   0.66034091   0.          50.        ]
  - 55: [  1.28349089   0.2308709    1.55703092   8.00319638 211.78969939
   0.53431064   0.72251296   0.62118006   0.          50.        ]
  - 56: [  1.35388432   0.23958713   1.81412554   8.0040794  211.23327106
   0.52554905   0.77563477   0.67078227  78.          50.        ]
  - 57: [  1.42881924   0.24637844   2.0799427    8.00489077 210.47348421
   0.51673704   0.94156933   0.70577621  76.          50.        ]
  - 58: [  1.44060931   0.24458507   2.14689207   8.00496242 210.14985988
   0.49746656   0.94293404   0.72182852  75.          51.        ]
  - 59: [  1.34822481   0.23895469   1.79356384   8.00400974 211.27623981
   0.52577561   0.76671791   0.66765153  78.          50.        ]
  - 60: [  1.32538439   0.23628592   1.71038091   8.00372713 211.45414402
   0.52759778   0.74365723   0.65370691   0.          50.        ]
  - 61: [  1.28045488   0.23044792   1.54587972   8.00315724 211.8151537
   0.53504658   0.72094595   0.61885971   0.          49.        ]
  - 62: [  1.35629637   0.23985329   1.82288289   8.00410727 211.21511974
   0.52548277   0.77941895   0.67207837  78.          50.        ]
  - 63: [  1.33597623   0.23754691   1.74899602   8.00385782 211.37094514
   0.52658415   0.74890578   0.66044027   0.          50.        ]
  - 64: [  1.44649058   0.2426157    2.21188569   8.00506525 210.02256709
   0.48462492   1.0195446    0.74214178  79.          51.        ]
  - 65: [  1.36815461   0.24113318   1.8659023    8.00425455 211.12746264
   0.52541685   0.79793644   0.67813891  78.          50.        ]
  - 66: [  1.44750346   0.2423089    2.22165751   8.00508184 210.00416101
   0.48287347   1.03552532   0.74542445  79.          51.        ]
  - 67: [  1.41160998   0.24543673   2.02958822   8.0047561  210.73906675
   0.52316195   0.88762188   0.69898582  76.          50.        ]
  - 68: [  1.43804749   0.24541166   2.11957335   8.00492925 210.22006624
   0.50390083   0.92970276   0.71473396  75.          50.        ]
  - 69: [  1.3644483    0.24073836   1.85246122   8.00420944 211.15459409
   0.52539086   0.79215527   0.6762985   78.          50.        ]
  - 70: [  1.43703859   0.24567465   2.11109996   8.00492129 210.25237772
   0.50635809   0.92784595   0.71259838  75.          50.        ]
  - 71: [  1.43950554   0.24496247   2.13436484   8.00494584 210.17936906
   0.50030059   0.93572044   0.71849567  75.          50.        ]
  - 72: [  1.38240856   0.24260902   1.91758335   8.00442969 211.02541185
   0.52591968   0.82017136   0.68480951  78.          50.        ]
  - 73: [  1.42807587   0.24639659   2.07849598   8.00488878 210.49229365
   0.51743585   0.94430256   0.70541656  76.          50.        ]
  - 74: [  1.43703162   0.24567622   2.11104822   8.00492129 210.25261124
   0.50637388   0.92784023   0.7125861   75.          50.        ]
  - 75: [  1.40340954   0.24467252   1.99639893   8.00467251 210.83884596
   0.52510411   0.86470699   0.69505072  76.          50.        ]
  - 76: [  1.43400043   0.2460921    2.09509826   8.00490802 210.34086277
   0.51122147   0.92951965   0.70911223  75.          50.        ]
  - 77: [  1.2990901    0.23297442   1.61426556   8.00339608 211.66274626
   0.53120458   0.73047233   0.63480562   0.          50.        ]
  - 78: [  1.43238034   0.24621016   2.0893383    8.00490205 210.38058339
   0.512963     0.93139076   0.707986    75.          50.        ]
  - 79: [  1.43608873   0.24585627   2.1048069    8.00491731 210.28386124
   0.50831866   0.92783451   0.71113908  75.          50.        ]
  - 80: [  1.28389417   0.23092678   1.55851197   8.00320103 211.78634511
   0.53421605   0.72272062   0.62157202   0.          50.        ]
  - 81: [  1.30563388   0.2338232    1.6382091    8.003479   211.61094599
   0.53017879   0.73376763   0.63980973   0.          50.        ]
  - 82: [  1.36040132   0.24030179   1.83777952   8.00415902 211.18454908
   0.52541292   0.78583813   0.67423123  78.          50.        ]
  - 83: [  1.43439368   0.24606051   2.09663081   8.00491068 210.33167035
   0.51080698   0.92914581   0.70939445  75.          50.        ]
  - 84: [  1.44999363   0.24158886   2.24414539   8.00512563 209.96157439
   0.47903186   1.07320023   0.75325114  79.          51.        ]
  - 85: [  1.30123918   0.23325522   1.622136     8.00342328 211.64567765
   0.53085315   0.73155725   0.63648242   0.          50.        ]
  - 86: [  1.40320969   0.24465346   1.99558568   8.00467052 210.84141474
   0.52515656   0.86414337   0.69494212  76.          50.        ]
  - 87: [  1.37955467   0.24231903   1.90723872   8.00439387 211.04555876
   0.52576941   0.8157177    0.68351734  78.          50.        ]
  - 88: [  1.33473537   0.23740131   1.74447787   8.0038419  211.38056216
   0.52668536   0.74829447   0.65967953   0.          50.        ]
  - 89: [  1.26802345   0.22867036   1.50019002   8.00299603 211.92053753
   0.53843641   0.71449351   0.60884923   0.          49.        ]
  - 90: [  1.28017475   0.23040867   1.54485095   8.00315393 211.81751019
   0.53511596   0.72080135   0.61864793   0.          49.        ]
  - 91: [  1.37733377   0.24209142   1.89918673   8.00436799 211.06133237
   0.52566946   0.81225204   0.68249875  78.          50.        ]
  - 92: [  1.32445344   0.23617306   1.70698202   8.00371518 211.46153193
   0.52770239   0.74319327   0.65308845   0.          50.        ]
  - 93: [  1.41859204   0.24603033   2.0584867    8.00482642 210.65257728
   0.5213818    0.91091824   0.70227003  76.          50.        ]
  - 94: [  1.29913745   0.2329807    1.61443973   8.00339674 211.66236413
   0.53119683   0.73049617   0.63484293   0.          50.        ]
  - 95: [  1.3771291    0.24207041   1.89844477   8.00436468 211.06277599
   0.52566105   0.81193447   0.68240458  78.          50.        ]
  - 96: [  1.44141637   0.24429289   2.15654969   8.00497636 210.12884256
   0.49535912   0.94973278   0.72469789  75.          51.        ]
  - 97: [  1.43166268   0.24625367   2.08708978   8.00490006 210.39850119
   0.51371044   0.93239594   0.70753056  75.          50.        ]
  - 98: [  1.3554248    0.23975737   1.81971908   8.00409798 211.22163723
   0.52550459   0.77805328   0.6716131   78.          50.        ]
  - 99: [  1.26572675   0.2283341    1.49174452   8.0029675  211.94006878
   0.53911847   0.71329737   0.60687041   0.          49.        ]
Updating sensitivity info in ERGOM_L4_observability_ARGO_PO4_JUN.pickle with model results...
Done
