Starting ppserver on r515c05n[03-04]:59816
Host names provided to parsac: r515c05n03:59816,r515c05n04:59816,
Starting parsac
Reading sensitivity samples from ERGOM_L4_observability_ARGO_DIC_NOV.pickle...
Reading configuration from L4_observability_ARGO_DIC_NOV.xml...
Starting Parallel Python server...
Giving Parallel Python 10 seconds to connect to: r515c05n03:59816, r515c05n04:59816
Running on:
   local: 0 cpus
   r515c05n04:59816: 48 cpus
   r515c05n03:59816: 48 cpus
Total number of cpus: 96
Starting model run...
Model run took 6.1 s.
 Processed /g100_scratch/usertrain/a08trb35/ERGOM_L4_NOV_ARGO_DIC_OBSERVABILITY/0000...
Starting model run...
Model run took 6.1 s.
 Processed /g100_scratch/usertrain/a08trb35/ERGOM_L4_NOV_ARGO_DIC_OBSERVABILITY/0001...
Starting model run...
Model run took 6.0 s.
 Processed /g100_scratch/usertrain/a08trb35/ERGOM_L4_NOV_ARGO_DIC_OBSERVABILITY/0002...
Starting model run...
Model run took 6.0 s.
 Processed /g100_scratch/usertrain/a08trb35/ERGOM_L4_NOV_ARGO_DIC_OBSERVABILITY/0003...
Starting model run...
Model run took 5.9 s.
 Processed /g100_scratch/usertrain/a08trb35/ERGOM_L4_NOV_ARGO_DIC_OBSERVABILITY/0004...
Starting model run...
Model run took 5.9 s.
 Processed /g100_scratch/usertrain/a08trb35/ERGOM_L4_NOV_ARGO_DIC_OBSERVABILITY/0005...
Starting model run...
Model run took 5.9 s.
 Processed /g100_scratch/usertrain/a08trb35/ERGOM_L4_NOV_ARGO_DIC_OBSERVABILITY/0006...
Starting model run...
Model run took 6.0 s.
 Processed /g100_scratch/usertrain/a08trb35/ERGOM_L4_NOV_ARGO_DIC_OBSERVABILITY/0007...
Starting model run...
Model run took 6.0 s.
 Processed /g100_scratch/usertrain/a08trb35/ERGOM_L4_NOV_ARGO_DIC_OBSERVABILITY/0008...
Starting model run...
Model run took 6.1 s.
 Processed /g100_scratch/usertrain/a08trb35/ERGOM_L4_NOV_ARGO_DIC_OBSERVABILITY/0009...
Starting model run...
Model run took 6.0 s.
 Processed /g100_scratch/usertrain/a08trb35/ERGOM_L4_NOV_ARGO_DIC_OBSERVABILITY/0010...
Starting model run...
Model run took 6.1 s.
 Processed /g100_scratch/usertrain/a08trb35/ERGOM_L4_NOV_ARGO_DIC_OBSERVABILITY/0011...
Starting model run...
Model run took 6.1 s.
 Processed /g100_scratch/usertrain/a08trb35/ERGOM_L4_NOV_ARGO_DIC_OBSERVABILITY/0012...
Starting model run...
Model run took 6.0 s.
 Processed /g100_scratch/usertrain/a08trb35/ERGOM_L4_NOV_ARGO_DIC_OBSERVABILITY/0013...
Starting model run...
Model run took 6.1 s.
 Processed /g100_scratch/usertrain/a08trb35/ERGOM_L4_NOV_ARGO_DIC_OBSERVABILITY/0014...
Starting model run...
Model run took 6.0 s.
 Processed /g100_scratch/usertrain/a08trb35/ERGOM_L4_NOV_ARGO_DIC_OBSERVABILITY/0015...
Starting model run...
Model run took 5.9 s.
 Processed /g100_scratch/usertrain/a08trb35/ERGOM_L4_NOV_ARGO_DIC_OBSERVABILITY/0016...
Starting model run...
Model run took 6.0 s.
 Processed /g100_scratch/usertrain/a08trb35/ERGOM_L4_NOV_ARGO_DIC_OBSERVABILITY/0017...
Starting model run...
Model run took 5.9 s.
 Processed /g100_scratch/usertrain/a08trb35/ERGOM_L4_NOV_ARGO_DIC_OBSERVABILITY/0018...
Starting model run...
Model run took 6.0 s.
 Processed /g100_scratch/usertrain/a08trb35/ERGOM_L4_NOV_ARGO_DIC_OBSERVABILITY/0019...
Starting model run...
Model run took 6.0 s.
 Processed /g100_scratch/usertrain/a08trb35/ERGOM_L4_NOV_ARGO_DIC_OBSERVABILITY/0020...
Starting model run...
Model run took 6.0 s.
 Processed /g100_scratch/usertrain/a08trb35/ERGOM_L4_NOV_ARGO_DIC_OBSERVABILITY/0021...
Starting model run...
Model run took 6.0 s.
 Processed /g100_scratch/usertrain/a08trb35/ERGOM_L4_NOV_ARGO_DIC_OBSERVABILITY/0022...
Starting model run...
Model run took 5.9 s.
 Processed /g100_scratch/usertrain/a08trb35/ERGOM_L4_NOV_ARGO_DIC_OBSERVABILITY/0023...
Starting model run...
Model run took 6.0 s.
 Processed /g100_scratch/usertrain/a08trb35/ERGOM_L4_NOV_ARGO_DIC_OBSERVABILITY/0024...
Starting model run...
Model run took 6.0 s.
 Processed /g100_scratch/usertrain/a08trb35/ERGOM_L4_NOV_ARGO_DIC_OBSERVABILITY/0025...
Starting model run...
Model run took 6.3 s.
 Processed /g100_scratch/usertrain/a08trb35/ERGOM_L4_NOV_ARGO_DIC_OBSERVABILITY/0026...
Starting model run...
Model run took 6.0 s.
 Processed /g100_scratch/usertrain/a08trb35/ERGOM_L4_NOV_ARGO_DIC_OBSERVABILITY/0027...
Starting model run...
Model run took 5.9 s.
 Processed /g100_scratch/usertrain/a08trb35/ERGOM_L4_NOV_ARGO_DIC_OBSERVABILITY/0028...
Starting model run...
Model run took 6.0 s.
 Processed /g100_scratch/usertrain/a08trb35/ERGOM_L4_NOV_ARGO_DIC_OBSERVABILITY/0029...
Starting model run...
Model run took 6.0 s.
 Processed /g100_scratch/usertrain/a08trb35/ERGOM_L4_NOV_ARGO_DIC_OBSERVABILITY/0030...
Starting model run...
Model run took 5.9 s.
 Processed /g100_scratch/usertrain/a08trb35/ERGOM_L4_NOV_ARGO_DIC_OBSERVABILITY/0031...
Starting model run...
Model run took 6.2 s.
 Processed /g100_scratch/usertrain/a08trb35/ERGOM_L4_NOV_ARGO_DIC_OBSERVABILITY/0032...
Starting model run...
Model run took 6.0 s.
 Processed /g100_scratch/usertrain/a08trb35/ERGOM_L4_NOV_ARGO_DIC_OBSERVABILITY/0033...
Starting model run...
Model run took 6.0 s.
 Processed /g100_scratch/usertrain/a08trb35/ERGOM_L4_NOV_ARGO_DIC_OBSERVABILITY/0034...
Starting model run...
Model run took 6.0 s.
 Processed /g100_scratch/usertrain/a08trb35/ERGOM_L4_NOV_ARGO_DIC_OBSERVABILITY/0035...
Starting model run...
Model run took 6.1 s.
 Processed /g100_scratch/usertrain/a08trb35/ERGOM_L4_NOV_ARGO_DIC_OBSERVABILITY/0036...
Starting model run...
Model run took 6.1 s.
 Processed /g100_scratch/usertrain/a08trb35/ERGOM_L4_NOV_ARGO_DIC_OBSERVABILITY/0037...
Starting model run...
Model run took 6.0 s.
 Processed /g100_scratch/usertrain/a08trb35/ERGOM_L4_NOV_ARGO_DIC_OBSERVABILITY/0038...
Starting model run...
Model run took 5.9 s.
 Processed /g100_scratch/usertrain/a08trb35/ERGOM_L4_NOV_ARGO_DIC_OBSERVABILITY/0039...
Starting model run...
Model run took 6.1 s.
 Processed /g100_scratch/usertrain/a08trb35/ERGOM_L4_NOV_ARGO_DIC_OBSERVABILITY/0040...
Starting model run...
Model run took 5.9 s.
 Processed /g100_scratch/usertrain/a08trb35/ERGOM_L4_NOV_ARGO_DIC_OBSERVABILITY/0041...
Starting model run...
Model run took 6.0 s.
 Processed /g100_scratch/usertrain/a08trb35/ERGOM_L4_NOV_ARGO_DIC_OBSERVABILITY/0042...
Starting model run...
Model run took 6.0 s.
 Processed /g100_scratch/usertrain/a08trb35/ERGOM_L4_NOV_ARGO_DIC_OBSERVABILITY/0043...
Starting model run...
Model run took 5.9 s.
 Processed /g100_scratch/usertrain/a08trb35/ERGOM_L4_NOV_ARGO_DIC_OBSERVABILITY/0044...
Starting model run...
Model run took 6.0 s.
 Processed /g100_scratch/usertrain/a08trb35/ERGOM_L4_NOV_ARGO_DIC_OBSERVABILITY/0045...
Starting model run...
Model run took 5.9 s.
 Processed /g100_scratch/usertrain/a08trb35/ERGOM_L4_NOV_ARGO_DIC_OBSERVABILITY/0046...
Starting model run...
Model run took 6.2 s.
 Processed /g100_scratch/usertrain/a08trb35/ERGOM_L4_NOV_ARGO_DIC_OBSERVABILITY/0047...
Starting model run...
Model run took 6.3 s.
 Processed /g100_scratch/usertrain/a08trb35/ERGOM_L4_NOV_ARGO_DIC_OBSERVABILITY/0048...
Starting model run...
Model run took 5.9 s.
 Processed /g100_scratch/usertrain/a08trb35/ERGOM_L4_NOV_ARGO_DIC_OBSERVABILITY/0049...
Starting model run...
Model run took 6.1 s.
 Processed /g100_scratch/usertrain/a08trb35/ERGOM_L4_NOV_ARGO_DIC_OBSERVABILITY/0050...
Starting model run...
Model run took 6.2 s.
 Processed /g100_scratch/usertrain/a08trb35/ERGOM_L4_NOV_ARGO_DIC_OBSERVABILITY/0051...
Starting model run...
Model run took 6.0 s.
 Processed /g100_scratch/usertrain/a08trb35/ERGOM_L4_NOV_ARGO_DIC_OBSERVABILITY/0052...
Starting model run...
Model run took 5.8 s.
 Processed /g100_scratch/usertrain/a08trb35/ERGOM_L4_NOV_ARGO_DIC_OBSERVABILITY/0053...
Starting model run...
Model run took 5.9 s.
 Processed /g100_scratch/usertrain/a08trb35/ERGOM_L4_NOV_ARGO_DIC_OBSERVABILITY/0054...
Starting model run...
Model run took 6.2 s.
 Processed /g100_scratch/usertrain/a08trb35/ERGOM_L4_NOV_ARGO_DIC_OBSERVABILITY/0055...
Starting model run...
Model run took 6.1 s.
 Processed /g100_scratch/usertrain/a08trb35/ERGOM_L4_NOV_ARGO_DIC_OBSERVABILITY/0056...
Starting model run...
Model run took 5.9 s.
 Processed /g100_scratch/usertrain/a08trb35/ERGOM_L4_NOV_ARGO_DIC_OBSERVABILITY/0057...
Starting model run...
Model run took 5.9 s.
 Processed /g100_scratch/usertrain/a08trb35/ERGOM_L4_NOV_ARGO_DIC_OBSERVABILITY/0058...
Starting model run...
Model run took 6.5 s.
 Processed /g100_scratch/usertrain/a08trb35/ERGOM_L4_NOV_ARGO_DIC_OBSERVABILITY/0059...
Starting model run...
Model run took 5.9 s.
 Processed /g100_scratch/usertrain/a08trb35/ERGOM_L4_NOV_ARGO_DIC_OBSERVABILITY/0060...
Starting model run...
Model run took 6.1 s.
 Processed /g100_scratch/usertrain/a08trb35/ERGOM_L4_NOV_ARGO_DIC_OBSERVABILITY/0061...
Starting model run...
Model run took 5.9 s.
 Processed /g100_scratch/usertrain/a08trb35/ERGOM_L4_NOV_ARGO_DIC_OBSERVABILITY/0062...
Starting model run...
Model run took 6.1 s.
 Processed /g100_scratch/usertrain/a08trb35/ERGOM_L4_NOV_ARGO_DIC_OBSERVABILITY/0063...
Starting model run...
Model run took 6.0 s.
 Processed /g100_scratch/usertrain/a08trb35/ERGOM_L4_NOV_ARGO_DIC_OBSERVABILITY/0064...
Starting model run...
Model run took 6.1 s.
 Processed /g100_scratch/usertrain/a08trb35/ERGOM_L4_NOV_ARGO_DIC_OBSERVABILITY/0065...
Starting model run...
Model run took 6.2 s.
 Processed /g100_scratch/usertrain/a08trb35/ERGOM_L4_NOV_ARGO_DIC_OBSERVABILITY/0066...
Starting model run...
Model run took 5.9 s.
 Processed /g100_scratch/usertrain/a08trb35/ERGOM_L4_NOV_ARGO_DIC_OBSERVABILITY/0067...
Starting model run...
Model run took 6.0 s.
 Processed /g100_scratch/usertrain/a08trb35/ERGOM_L4_NOV_ARGO_DIC_OBSERVABILITY/0068...
Starting model run...
Model run took 6.3 s.
 Processed /g100_scratch/usertrain/a08trb35/ERGOM_L4_NOV_ARGO_DIC_OBSERVABILITY/0069...
Starting model run...
Model run took 6.0 s.
 Processed /g100_scratch/usertrain/a08trb35/ERGOM_L4_NOV_ARGO_DIC_OBSERVABILITY/0070...
Starting model run...
Model run took 6.1 s.
 Processed /g100_scratch/usertrain/a08trb35/ERGOM_L4_NOV_ARGO_DIC_OBSERVABILITY/0071...
Starting model run...
Model run took 6.0 s.
 Processed /g100_scratch/usertrain/a08trb35/ERGOM_L4_NOV_ARGO_DIC_OBSERVABILITY/0072...
Starting model run...
Model run took 6.1 s.
 Processed /g100_scratch/usertrain/a08trb35/ERGOM_L4_NOV_ARGO_DIC_OBSERVABILITY/0073...
Starting model run...
Model run took 5.9 s.
 Processed /g100_scratch/usertrain/a08trb35/ERGOM_L4_NOV_ARGO_DIC_OBSERVABILITY/0074...
Starting model run...
Model run took 5.8 s.
 Processed /g100_scratch/usertrain/a08trb35/ERGOM_L4_NOV_ARGO_DIC_OBSERVABILITY/0075...
Starting model run...
Model run took 6.0 s.
 Processed /g100_scratch/usertrain/a08trb35/ERGOM_L4_NOV_ARGO_DIC_OBSERVABILITY/0076...
Starting model run...
Model run took 5.9 s.
 Processed /g100_scratch/usertrain/a08trb35/ERGOM_L4_NOV_ARGO_DIC_OBSERVABILITY/0077...
Starting model run...
Model run took 6.0 s.
 Processed /g100_scratch/usertrain/a08trb35/ERGOM_L4_NOV_ARGO_DIC_OBSERVABILITY/0078...
Starting model run...
Model run took 6.1 s.
 Processed /g100_scratch/usertrain/a08trb35/ERGOM_L4_NOV_ARGO_DIC_OBSERVABILITY/0079...
Starting model run...
Model run took 6.0 s.
 Processed /g100_scratch/usertrain/a08trb35/ERGOM_L4_NOV_ARGO_DIC_OBSERVABILITY/0080...
Starting model run...
Model run took 6.0 s.
 Processed /g100_scratch/usertrain/a08trb35/ERGOM_L4_NOV_ARGO_DIC_OBSERVABILITY/0081...
Starting model run...
Model run took 6.0 s.
 Processed /g100_scratch/usertrain/a08trb35/ERGOM_L4_NOV_ARGO_DIC_OBSERVABILITY/0082...
Starting model run...
Model run took 5.9 s.
 Processed /g100_scratch/usertrain/a08trb35/ERGOM_L4_NOV_ARGO_DIC_OBSERVABILITY/0083...
Starting model run...
Model run took 5.9 s.
 Processed /g100_scratch/usertrain/a08trb35/ERGOM_L4_NOV_ARGO_DIC_OBSERVABILITY/0084...
Starting model run...
Model run took 6.0 s.
 Processed /g100_scratch/usertrain/a08trb35/ERGOM_L4_NOV_ARGO_DIC_OBSERVABILITY/0085...
Starting model run...
Model run took 6.1 s.
 Processed /g100_scratch/usertrain/a08trb35/ERGOM_L4_NOV_ARGO_DIC_OBSERVABILITY/0086...
Starting model run...
Model run took 5.9 s.
 Processed /g100_scratch/usertrain/a08trb35/ERGOM_L4_NOV_ARGO_DIC_OBSERVABILITY/0087...
Starting model run...
Model run took 6.3 s.
 Processed /g100_scratch/usertrain/a08trb35/ERGOM_L4_NOV_ARGO_DIC_OBSERVABILITY/0088...
Starting model run...
Model run took 6.0 s.
 Processed /g100_scratch/usertrain/a08trb35/ERGOM_L4_NOV_ARGO_DIC_OBSERVABILITY/0089...
Starting model run...
Model run took 6.2 s.
 Processed /g100_scratch/usertrain/a08trb35/ERGOM_L4_NOV_ARGO_DIC_OBSERVABILITY/0090...
Starting model run...
Model run took 6.2 s.
 Processed /g100_scratch/usertrain/a08trb35/ERGOM_L4_NOV_ARGO_DIC_OBSERVABILITY/0091...
Starting model run...
Model run took 6.0 s.
 Processed /g100_scratch/usertrain/a08trb35/ERGOM_L4_NOV_ARGO_DIC_OBSERVABILITY/0092...
Starting model run...
Model run took 6.6 s.
 Processed /g100_scratch/usertrain/a08trb35/ERGOM_L4_NOV_ARGO_DIC_OBSERVABILITY/0093...
Starting model run...
Model run took 6.0 s.
 Processed /g100_scratch/usertrain/a08trb35/ERGOM_L4_NOV_ARGO_DIC_OBSERVABILITY/0094...
Starting model run...
Model run took 5.9 s.
 Processed /g100_scratch/usertrain/a08trb35/ERGOM_L4_NOV_ARGO_DIC_OBSERVABILITY/0095...
Starting model run...
Model run took 5.9 s.
 Processed /g100_scratch/usertrain/a08trb35/ERGOM_L4_NOV_ARGO_DIC_OBSERVABILITY/0096...
Starting model run...
Model run took 5.9 s.
 Processed /g100_scratch/usertrain/a08trb35/ERGOM_L4_NOV_ARGO_DIC_OBSERVABILITY/0097...
Starting model run...
Model run took 5.8 s.
 Processed /g100_scratch/usertrain/a08trb35/ERGOM_L4_NOV_ARGO_DIC_OBSERVABILITY/0098...
Starting model run...
Model run took 5.8 s.
 Processed /g100_scratch/usertrain/a08trb35/ERGOM_L4_NOV_ARGO_DIC_OBSERVABILITY/0099...
Retrieving value of target expression(s) for each ensemble member...
  - 0: [1.12267735e+00 1.60616994e-01 8.79398167e-01 8.25684058e+00
 2.73633662e+02 9.96140778e-01 4.73613977e-01 3.31105500e-01
 1.40000000e+01 5.70000000e+01]
  - 1: [1.12267735e+00 1.60616994e-01 8.79398167e-01 8.03797846e+00
 2.73633662e+02 9.96140778e-01 4.73613977e-01 3.31105500e-01
 1.40000000e+01 5.70000000e+01]
  - 2: [1.12267735e+00 1.60616994e-01 8.79398167e-01 8.12797878e+00
 2.73633662e+02 9.96140778e-01 4.73613977e-01 3.31105500e-01
 1.40000000e+01 5.70000000e+01]
  - 3: [1.12267735e+00 1.60616994e-01 8.79398167e-01 8.19318423e+00
 2.73633662e+02 9.96140778e-01 4.73613977e-01 3.31105500e-01
 1.40000000e+01 5.70000000e+01]
  - 4: [1.12267735e+00 1.60616994e-01 8.79398167e-01 7.98805569e+00
 2.73633662e+02 9.96140778e-01 4.73613977e-01 3.31105500e-01
 1.40000000e+01 5.70000000e+01]
  - 5: [1.12267735e+00 1.60616994e-01 8.79398167e-01 7.87357164e+00
 2.73633662e+02 9.96140778e-01 4.73613977e-01 3.31105500e-01
 1.40000000e+01 5.70000000e+01]
  - 6: [1.12267735e+00 1.60616994e-01 8.79398167e-01 7.84542117e+00
 2.73633662e+02 9.96140778e-01 4.73613977e-01 3.31105500e-01
 1.40000000e+01 5.70000000e+01]
  - 7: [1.12267735e+00 1.60616994e-01 8.79398167e-01 8.01269266e+00
 2.73633662e+02 9.96140778e-01 4.73613977e-01 3.31105500e-01
 1.40000000e+01 5.70000000e+01]
  - 8: [1.12267735e+00 1.60616994e-01 8.79398167e-01 8.33022209e+00
 2.73633662e+02 9.96140778e-01 4.73613977e-01 3.31105500e-01
 1.40000000e+01 5.70000000e+01]
  - 9: [1.12267735e+00 1.60616994e-01 8.79398167e-01 7.85820936e+00
 2.73633662e+02 9.96140778e-01 4.73613977e-01 3.31105500e-01
 1.40000000e+01 5.70000000e+01]
  - 10: [1.12267735e+00 1.60616994e-01 8.79398167e-01 8.08273581e+00
 2.73633662e+02 9.96140778e-01 4.73613977e-01 3.31105500e-01
 1.40000000e+01 5.70000000e+01]
  - 11: [1.12267735e+00 1.60616994e-01 8.79398167e-01 8.08530127e+00
 2.73633662e+02 9.96140778e-01 4.73613977e-01 3.31105500e-01
 1.40000000e+01 5.70000000e+01]
  - 12: [1.12267735e+00 1.60616994e-01 8.79398167e-01 7.72361689e+00
 2.73633662e+02 9.96140778e-01 4.73613977e-01 3.31105500e-01
 1.40000000e+01 5.70000000e+01]
  - 13: [1.12267735e+00 1.60616994e-01 8.79398167e-01 8.09220488e+00
 2.73633662e+02 9.96140778e-01 4.73613977e-01 3.31105500e-01
 1.40000000e+01 5.70000000e+01]
  - 14: [1.12267735e+00 1.60616994e-01 8.79398167e-01 8.21893311e+00
 2.73633662e+02 9.96140778e-01 4.73613977e-01 3.31105500e-01
 1.40000000e+01 5.70000000e+01]
  - 15: [1.12267735e+00 1.60616994e-01 8.79398167e-01 8.34161642e+00
 2.73633662e+02 9.96140778e-01 4.73613977e-01 3.31105500e-01
 1.40000000e+01 5.70000000e+01]
  - 16: [1.12267735e+00 1.60616994e-01 8.79398167e-01 7.73598381e+00
 2.73633662e+02 9.96140778e-01 4.73613977e-01 3.31105500e-01
 1.40000000e+01 5.70000000e+01]
  - 17: [1.12267735e+00 1.60616994e-01 8.79398167e-01 8.32361636e+00
 2.73633662e+02 9.96140778e-01 4.73613977e-01 3.31105500e-01
 1.40000000e+01 5.70000000e+01]
  - 18: [1.12267735e+00 1.60616994e-01 8.79398167e-01 7.97059499e+00
 2.73633662e+02 9.96140778e-01 4.73613977e-01 3.31105500e-01
 1.40000000e+01 5.70000000e+01]
  - 19: [1.12267735e+00 1.60616994e-01 8.79398167e-01 8.03712795e+00
 2.73633662e+02 9.96140778e-01 4.73613977e-01 3.31105500e-01
 1.40000000e+01 5.70000000e+01]
  - 20: [1.12267735e+00 1.60616994e-01 8.79398167e-01 8.35125931e+00
 2.73633662e+02 9.96140778e-01 4.73613977e-01 3.31105500e-01
 1.40000000e+01 5.70000000e+01]
  - 21: [1.12267735e+00 1.60616994e-01 8.79398167e-01 8.38067959e+00
 2.73633662e+02 9.96140778e-01 4.73613977e-01 3.31105500e-01
 1.40000000e+01 5.70000000e+01]
  - 22: [1.12267735e+00 1.60616994e-01 8.79398167e-01 8.07954871e+00
 2.73633662e+02 9.96140778e-01 4.73613977e-01 3.31105500e-01
 1.40000000e+01 5.70000000e+01]
  - 23: [1.12267735e+00 1.60616994e-01 8.79398167e-01 7.87836290e+00
 2.73633662e+02 9.96140778e-01 4.73613977e-01 3.31105500e-01
 1.40000000e+01 5.70000000e+01]
  - 24: [1.12267735e+00 1.60616994e-01 8.79398167e-01 8.23362931e+00
 2.73633662e+02 9.96140778e-01 4.73613977e-01 3.31105500e-01
 1.40000000e+01 5.70000000e+01]
  - 25: [1.12267735e+00 1.60616994e-01 8.79398167e-01 7.77443529e+00
 2.73633662e+02 9.96140778e-01 4.73613977e-01 3.31105500e-01
 1.40000000e+01 5.70000000e+01]
  - 26: [1.12267735e+00 1.60616994e-01 8.79398167e-01 7.77160512e+00
 2.73633662e+02 9.96140778e-01 4.73613977e-01 3.31105500e-01
 1.40000000e+01 5.70000000e+01]
  - 27: [1.12267735e+00 1.60616994e-01 8.79398167e-01 8.16930025e+00
 2.73633662e+02 9.96140778e-01 4.73613977e-01 3.31105500e-01
 1.40000000e+01 5.70000000e+01]
  - 28: [1.12267735e+00 1.60616994e-01 8.79398167e-01 8.30772732e+00
 2.73633662e+02 9.96140778e-01 4.73613977e-01 3.31105500e-01
 1.40000000e+01 5.70000000e+01]
  - 29: [1.12267735e+00 1.60616994e-01 8.79398167e-01 7.81212782e+00
 2.73633662e+02 9.96140778e-01 4.73613977e-01 3.31105500e-01
 1.40000000e+01 5.70000000e+01]
  - 30: [1.12267735e+00 1.60616994e-01 8.79398167e-01 8.32415904e+00
 2.73633662e+02 9.96140778e-01 4.73613977e-01 3.31105500e-01
 1.40000000e+01 5.70000000e+01]
  - 31: [1.12267735e+00 1.60616994e-01 8.79398167e-01 8.17062113e+00
 2.73633662e+02 9.96140778e-01 4.73613977e-01 3.31105500e-01
 1.40000000e+01 5.70000000e+01]
  - 32: [1.12267735e+00 1.60616994e-01 8.79398167e-01 7.79042982e+00
 2.73633662e+02 9.96140778e-01 4.73613977e-01 3.31105500e-01
 1.40000000e+01 5.70000000e+01]
  - 33: [1.12267735e+00 1.60616994e-01 8.79398167e-01 7.91893271e+00
 2.73633662e+02 9.96140778e-01 4.73613977e-01 3.31105500e-01
 1.40000000e+01 5.70000000e+01]
  - 34: [1.12267735e+00 1.60616994e-01 8.79398167e-01 7.98842986e+00
 2.73633662e+02 9.96140778e-01 4.73613977e-01 3.31105500e-01
 1.40000000e+01 5.70000000e+01]
  - 35: [1.12267735e+00 1.60616994e-01 8.79398167e-01 7.72270866e+00
 2.73633662e+02 9.96140778e-01 4.73613977e-01 3.31105500e-01
 1.40000000e+01 5.70000000e+01]
  - 36: [1.12267735e+00 1.60616994e-01 8.79398167e-01 7.76746800e+00
 2.73633662e+02 9.96140778e-01 4.73613977e-01 3.31105500e-01
 1.40000000e+01 5.70000000e+01]
  - 37: [1.12267735e+00 1.60616994e-01 8.79398167e-01 8.16928897e+00
 2.73633662e+02 9.96140778e-01 4.73613977e-01 3.31105500e-01
 1.40000000e+01 5.70000000e+01]
  - 38: [1.12267735e+00 1.60616994e-01 8.79398167e-01 8.10000212e+00
 2.73633662e+02 9.96140778e-01 4.73613977e-01 3.31105500e-01
 1.40000000e+01 5.70000000e+01]
  - 39: [1.12267735e+00 1.60616994e-01 8.79398167e-01 8.06231424e+00
 2.73633662e+02 9.96140778e-01 4.73613977e-01 3.31105500e-01
 1.40000000e+01 5.70000000e+01]
  - 40: [1.12267735e+00 1.60616994e-01 8.79398167e-01 8.07798369e+00
 2.73633662e+02 9.96140778e-01 4.73613977e-01 3.31105500e-01
 1.40000000e+01 5.70000000e+01]
  - 41: [1.12267735e+00 1.60616994e-01 8.79398167e-01 8.00339740e+00
 2.73633662e+02 9.96140778e-01 4.73613977e-01 3.31105500e-01
 1.40000000e+01 5.70000000e+01]
  - 42: [1.12267735e+00 1.60616994e-01 8.79398167e-01 7.73702472e+00
 2.73633662e+02 9.96140778e-01 4.73613977e-01 3.31105500e-01
 1.40000000e+01 5.70000000e+01]
  - 43: [1.12267735e+00 1.60616994e-01 8.79398167e-01 8.08839815e+00
 2.73633662e+02 9.96140778e-01 4.73613977e-01 3.31105500e-01
 1.40000000e+01 5.70000000e+01]
  - 44: [1.12267735e+00 1.60616994e-01 8.79398167e-01 8.24803560e+00
 2.73633662e+02 9.96140778e-01 4.73613977e-01 3.31105500e-01
 1.40000000e+01 5.70000000e+01]
  - 45: [1.12267735e+00 1.60616994e-01 8.79398167e-01 7.85525513e+00
 2.73633662e+02 9.96140778e-01 4.73613977e-01 3.31105500e-01
 1.40000000e+01 5.70000000e+01]
  - 46: [1.12267735e+00 1.60616994e-01 8.79398167e-01 7.77833225e+00
 2.73633662e+02 9.96140778e-01 4.73613977e-01 3.31105500e-01
 1.40000000e+01 5.70000000e+01]
  - 47: [1.12267735e+00 1.60616994e-01 8.79398167e-01 8.16890219e+00
 2.73633662e+02 9.96140778e-01 4.73613977e-01 3.31105500e-01
 1.40000000e+01 5.70000000e+01]
  - 48: [1.12267735e+00 1.60616994e-01 8.79398167e-01 8.34957421e+00
 2.73633662e+02 9.96140778e-01 4.73613977e-01 3.31105500e-01
 1.40000000e+01 5.70000000e+01]
  - 49: [1.12267735e+00 1.60616994e-01 8.79398167e-01 8.06552522e+00
 2.73633662e+02 9.96140778e-01 4.73613977e-01 3.31105500e-01
 1.40000000e+01 5.70000000e+01]
  - 50: [1.12267735e+00 1.60616994e-01 8.79398167e-01 8.06182198e+00
 2.73633662e+02 9.96140778e-01 4.73613977e-01 3.31105500e-01
 1.40000000e+01 5.70000000e+01]
  - 51: [1.12267735e+00 1.60616994e-01 8.79398167e-01 7.91620802e+00
 2.73633662e+02 9.96140778e-01 4.73613977e-01 3.31105500e-01
 1.40000000e+01 5.70000000e+01]
  - 52: [1.12267735e+00 1.60616994e-01 8.79398167e-01 7.81645601e+00
 2.73633662e+02 9.96140778e-01 4.73613977e-01 3.31105500e-01
 1.40000000e+01 5.70000000e+01]
  - 53: [1.12267735e+00 1.60616994e-01 8.79398167e-01 7.76176320e+00
 2.73633662e+02 9.96140778e-01 4.73613977e-01 3.31105500e-01
 1.40000000e+01 5.70000000e+01]
  - 54: [1.12267735e+00 1.60616994e-01 8.79398167e-01 8.09206888e+00
 2.73633662e+02 9.96140778e-01 4.73613977e-01 3.31105500e-01
 1.40000000e+01 5.70000000e+01]
  - 55: [1.12267735e+00 1.60616994e-01 8.79398167e-01 7.76961750e+00
 2.73633662e+02 9.96140778e-01 4.73613977e-01 3.31105500e-01
 1.40000000e+01 5.70000000e+01]
  - 56: [1.12267735e+00 1.60616994e-01 8.79398167e-01 8.01933886e+00
 2.73633662e+02 9.96140778e-01 4.73613977e-01 3.31105500e-01
 1.40000000e+01 5.70000000e+01]
  - 57: [1.12267735e+00 1.60616994e-01 8.79398167e-01 7.79471688e+00
 2.73633662e+02 9.96140778e-01 4.73613977e-01 3.31105500e-01
 1.40000000e+01 5.70000000e+01]
  - 58: [1.12267735e+00 1.60616994e-01 8.79398167e-01 8.21687582e+00
 2.73633662e+02 9.96140778e-01 4.73613977e-01 3.31105500e-01
 1.40000000e+01 5.70000000e+01]
  - 59: [1.12267735e+00 1.60616994e-01 8.79398167e-01 7.92129981e+00
 2.73633662e+02 9.96140778e-01 4.73613977e-01 3.31105500e-01
 1.40000000e+01 5.70000000e+01]
  - 60: [1.12267735e+00 1.60616994e-01 8.79398167e-01 7.89720419e+00
 2.73633662e+02 9.96140778e-01 4.73613977e-01 3.31105500e-01
 1.40000000e+01 5.70000000e+01]
  - 61: [1.12267735e+00 1.60616994e-01 8.79398167e-01 8.26507966e+00
 2.73633662e+02 9.96140778e-01 4.73613977e-01 3.31105500e-01
 1.40000000e+01 5.70000000e+01]
  - 62: [1.12267735e+00 1.60616994e-01 8.79398167e-01 8.07213559e+00
 2.73633662e+02 9.96140778e-01 4.73613977e-01 3.31105500e-01
 1.40000000e+01 5.70000000e+01]
  - 63: [1.12267735e+00 1.60616994e-01 8.79398167e-01 8.28171174e+00
 2.73633662e+02 9.96140778e-01 4.73613977e-01 3.31105500e-01
 1.40000000e+01 5.70000000e+01]
  - 64: [1.12267735e+00 1.60616994e-01 8.79398167e-01 8.34898642e+00
 2.73633662e+02 9.96140778e-01 4.73613977e-01 3.31105500e-01
 1.40000000e+01 5.70000000e+01]
  - 65: [1.12267735e+00 1.60616994e-01 8.79398167e-01 8.34767947e+00
 2.73633662e+02 9.96140778e-01 4.73613977e-01 3.31105500e-01
 1.40000000e+01 5.70000000e+01]
  - 66: [1.12267735e+00 1.60616994e-01 8.79398167e-01 8.17393560e+00
 2.73633662e+02 9.96140778e-01 4.73613977e-01 3.31105500e-01
 1.40000000e+01 5.70000000e+01]
  - 67: [1.12267735e+00 1.60616994e-01 8.79398167e-01 7.80163442e+00
 2.73633662e+02 9.96140778e-01 4.73613977e-01 3.31105500e-01
 1.40000000e+01 5.70000000e+01]
  - 68: [1.12267735e+00 1.60616994e-01 8.79398167e-01 8.38776166e+00
 2.73633662e+02 9.96140778e-01 4.73613977e-01 3.31105500e-01
 1.40000000e+01 5.70000000e+01]
  - 69: [1.12267735e+00 1.60616994e-01 8.79398167e-01 8.05668574e+00
 2.73633662e+02 9.96140778e-01 4.73613977e-01 3.31105500e-01
 1.40000000e+01 5.70000000e+01]
  - 70: [1.12267735e+00 1.60616994e-01 8.79398167e-01 7.79011536e+00
 2.73633662e+02 9.96140778e-01 4.73613977e-01 3.31105500e-01
 1.40000000e+01 5.70000000e+01]
  - 71: [1.12267735e+00 1.60616994e-01 8.79398167e-01 7.87345886e+00
 2.73633662e+02 9.96140778e-01 4.73613977e-01 3.31105500e-01
 1.40000000e+01 5.70000000e+01]
  - 72: [1.12267735e+00 1.60616994e-01 8.79398167e-01 7.98965122e+00
 2.73633662e+02 9.96140778e-01 4.73613977e-01 3.31105500e-01
 1.40000000e+01 5.70000000e+01]
  - 73: [1.12267735e+00 1.60616994e-01 8.79398167e-01 8.35857756e+00
 2.73633662e+02 9.96140778e-01 4.73613977e-01 3.31105500e-01
 1.40000000e+01 5.70000000e+01]
  - 74: [1.12267735e+00 1.60616994e-01 8.79398167e-01 7.80547300e+00
 2.73633662e+02 9.96140778e-01 4.73613977e-01 3.31105500e-01
 1.40000000e+01 5.70000000e+01]
  - 75: [1.12267735e+00 1.60616994e-01 8.79398167e-01 7.75606835e+00
 2.73633662e+02 9.96140778e-01 4.73613977e-01 3.31105500e-01
 1.40000000e+01 5.70000000e+01]
  - 76: [1.12267735e+00 1.60616994e-01 8.79398167e-01 8.19680653e+00
 2.73633662e+02 9.96140778e-01 4.73613977e-01 3.31105500e-01
 1.40000000e+01 5.70000000e+01]
  - 77: [1.12267735e+00 1.60616994e-01 8.79398167e-01 7.73309857e+00
 2.73633662e+02 9.96140778e-01 4.73613977e-01 3.31105500e-01
 1.40000000e+01 5.70000000e+01]
  - 78: [1.12267735e+00 1.60616994e-01 8.79398167e-01 8.05046082e+00
 2.73633662e+02 9.96140778e-01 4.73613977e-01 3.31105500e-01
 1.40000000e+01 5.70000000e+01]
  - 79: [1.12267735e+00 1.60616994e-01 8.79398167e-01 8.26317232e+00
 2.73633662e+02 9.96140778e-01 4.73613977e-01 3.31105500e-01
 1.40000000e+01 5.70000000e+01]
  - 80: [1.12267735e+00 1.60616994e-01 8.79398167e-01 8.03337893e+00
 2.73633662e+02 9.96140778e-01 4.73613977e-01 3.31105500e-01
 1.40000000e+01 5.70000000e+01]
  - 81: [1.12267735e+00 1.60616994e-01 8.79398167e-01 7.74865325e+00
 2.73633662e+02 9.96140778e-01 4.73613977e-01 3.31105500e-01
 1.40000000e+01 5.70000000e+01]
  - 82: [1.12267735e+00 1.60616994e-01 8.79398167e-01 7.88956816e+00
 2.73633662e+02 9.96140778e-01 4.73613977e-01 3.31105500e-01
 1.40000000e+01 5.70000000e+01]
  - 83: [1.12267735e+00 1.60616994e-01 8.79398167e-01 8.37633481e+00
 2.73633662e+02 9.96140778e-01 4.73613977e-01 3.31105500e-01
 1.40000000e+01 5.70000000e+01]
  - 84: [1.12267735e+00 1.60616994e-01 8.79398167e-01 7.89096932e+00
 2.73633662e+02 9.96140778e-01 4.73613977e-01 3.31105500e-01
 1.40000000e+01 5.70000000e+01]
  - 85: [1.12267735e+00 1.60616994e-01 8.79398167e-01 7.99442457e+00
 2.73633662e+02 9.96140778e-01 4.73613977e-01 3.31105500e-01
 1.40000000e+01 5.70000000e+01]
  - 86: [1.12267735e+00 1.60616994e-01 8.79398167e-01 8.30537481e+00
 2.73633662e+02 9.96140778e-01 4.73613977e-01 3.31105500e-01
 1.40000000e+01 5.70000000e+01]
  - 87: [1.12267735e+00 1.60616994e-01 8.79398167e-01 7.90053923e+00
 2.73633662e+02 9.96140778e-01 4.73613977e-01 3.31105500e-01
 1.40000000e+01 5.70000000e+01]
  - 88: [1.12267735e+00 1.60616994e-01 8.79398167e-01 8.18181378e+00
 2.73633662e+02 9.96140778e-01 4.73613977e-01 3.31105500e-01
 1.40000000e+01 5.70000000e+01]
  - 89: [1.12267735e+00 1.60616994e-01 8.79398167e-01 7.91041963e+00
 2.73633662e+02 9.96140778e-01 4.73613977e-01 3.31105500e-01
 1.40000000e+01 5.70000000e+01]
  - 90: [1.12267735e+00 1.60616994e-01 8.79398167e-01 8.01561837e+00
 2.73633662e+02 9.96140778e-01 4.73613977e-01 3.31105500e-01
 1.40000000e+01 5.70000000e+01]
  - 91: [1.12267735e+00 1.60616994e-01 8.79398167e-01 8.32518072e+00
 2.73633662e+02 9.96140778e-01 4.73613977e-01 3.31105500e-01
 1.40000000e+01 5.70000000e+01]
  - 92: [1.12267735e+00 1.60616994e-01 8.79398167e-01 8.21945190e+00
 2.73633662e+02 9.96140778e-01 4.73613977e-01 3.31105500e-01
 1.40000000e+01 5.70000000e+01]
  - 93: [1.12267735e+00 1.60616994e-01 8.79398167e-01 8.25271540e+00
 2.73633662e+02 9.96140778e-01 4.73613977e-01 3.31105500e-01
 1.40000000e+01 5.70000000e+01]
  - 94: [1.12267735e+00 1.60616994e-01 8.79398167e-01 8.33952000e+00
 2.73633662e+02 9.96140778e-01 4.73613977e-01 3.31105500e-01
 1.40000000e+01 5.70000000e+01]
  - 95: [1.12267735e+00 1.60616994e-01 8.79398167e-01 8.22582875e+00
 2.73633662e+02 9.96140778e-01 4.73613977e-01 3.31105500e-01
 1.40000000e+01 5.70000000e+01]
  - 96: [1.12267735e+00 1.60616994e-01 8.79398167e-01 8.37528328e+00
 2.73633662e+02 9.96140778e-01 4.73613977e-01 3.31105500e-01
 1.40000000e+01 5.70000000e+01]
  - 97: [1.12267735e+00 1.60616994e-01 8.79398167e-01 8.01184679e+00
 2.73633662e+02 9.96140778e-01 4.73613977e-01 3.31105500e-01
 1.40000000e+01 5.70000000e+01]
  - 98: [1.12267735e+00 1.60616994e-01 8.79398167e-01 7.98790641e+00
 2.73633662e+02 9.96140778e-01 4.73613977e-01 3.31105500e-01
 1.40000000e+01 5.70000000e+01]
  - 99: [1.12267735e+00 1.60616994e-01 8.79398167e-01 7.99905462e+00
 2.73633662e+02 9.96140778e-01 4.73613977e-01 3.31105500e-01
 1.40000000e+01 5.70000000e+01]
Updating sensitivity info in ERGOM_L4_observability_ARGO_DIC_NOV.pickle with model results...
Done
