Starting ppserver on r515c06n[01-02]:60332
Host names provided to parsac: r515c06n01:60332,r515c06n02:60332,
Starting parsac
Reading sensitivity samples from ERGOM_L4_observability_ARGO_O2_JUN.pickle...
Reading configuration from L4_observability_ARGO_O2_JUN.xml...
Starting Parallel Python server...
Giving Parallel Python 10 seconds to connect to: r515c06n01:60332, r515c06n02:60332
Running on:
   local: 0 cpus
   r515c06n02:60332: 48 cpus
   r515c06n01:60332: 48 cpus
Total number of cpus: 96
Starting model run...
Model run took 6.0 s.
 Processed /g100_scratch/usertrain/a08trb35/ERGOM_L4_JUN_ARGO_O2_OBSERVABILITY/0000...
Starting model run...
Model run took 5.9 s.
 Processed /g100_scratch/usertrain/a08trb35/ERGOM_L4_JUN_ARGO_O2_OBSERVABILITY/0001...
Starting model run...
Model run took 5.9 s.
 Processed /g100_scratch/usertrain/a08trb35/ERGOM_L4_JUN_ARGO_O2_OBSERVABILITY/0002...
Starting model run...
Model run took 5.9 s.
 Processed /g100_scratch/usertrain/a08trb35/ERGOM_L4_JUN_ARGO_O2_OBSERVABILITY/0003...
Starting model run...
Model run took 6.0 s.
 Processed /g100_scratch/usertrain/a08trb35/ERGOM_L4_JUN_ARGO_O2_OBSERVABILITY/0004...
Starting model run...
Model run took 6.0 s.
 Processed /g100_scratch/usertrain/a08trb35/ERGOM_L4_JUN_ARGO_O2_OBSERVABILITY/0005...
Starting model run...
Model run took 5.9 s.
 Processed /g100_scratch/usertrain/a08trb35/ERGOM_L4_JUN_ARGO_O2_OBSERVABILITY/0006...
Starting model run...
Model run took 6.3 s.
 Processed /g100_scratch/usertrain/a08trb35/ERGOM_L4_JUN_ARGO_O2_OBSERVABILITY/0007...
Starting model run...
Model run took 6.2 s.
 Processed /g100_scratch/usertrain/a08trb35/ERGOM_L4_JUN_ARGO_O2_OBSERVABILITY/0008...
Starting model run...
Model run took 6.0 s.
 Processed /g100_scratch/usertrain/a08trb35/ERGOM_L4_JUN_ARGO_O2_OBSERVABILITY/0009...
Starting model run...
Model run took 6.1 s.
 Processed /g100_scratch/usertrain/a08trb35/ERGOM_L4_JUN_ARGO_O2_OBSERVABILITY/0010...
Starting model run...
Model run took 5.9 s.
 Processed /g100_scratch/usertrain/a08trb35/ERGOM_L4_JUN_ARGO_O2_OBSERVABILITY/0011...
Starting model run...
Model run took 6.0 s.
 Processed /g100_scratch/usertrain/a08trb35/ERGOM_L4_JUN_ARGO_O2_OBSERVABILITY/0012...
Starting model run...
Model run took 6.0 s.
 Processed /g100_scratch/usertrain/a08trb35/ERGOM_L4_JUN_ARGO_O2_OBSERVABILITY/0013...
Starting model run...
Model run took 5.9 s.
 Processed /g100_scratch/usertrain/a08trb35/ERGOM_L4_JUN_ARGO_O2_OBSERVABILITY/0014...
Starting model run...
Model run took 5.9 s.
 Processed /g100_scratch/usertrain/a08trb35/ERGOM_L4_JUN_ARGO_O2_OBSERVABILITY/0015...
Starting model run...
Model run took 5.8 s.
 Processed /g100_scratch/usertrain/a08trb35/ERGOM_L4_JUN_ARGO_O2_OBSERVABILITY/0016...
Starting model run...
Model run took 5.9 s.
 Processed /g100_scratch/usertrain/a08trb35/ERGOM_L4_JUN_ARGO_O2_OBSERVABILITY/0017...
Starting model run...
Model run took 5.9 s.
 Processed /g100_scratch/usertrain/a08trb35/ERGOM_L4_JUN_ARGO_O2_OBSERVABILITY/0018...
Starting model run...
Model run took 6.2 s.
 Processed /g100_scratch/usertrain/a08trb35/ERGOM_L4_JUN_ARGO_O2_OBSERVABILITY/0019...
Starting model run...
Model run took 5.9 s.
 Processed /g100_scratch/usertrain/a08trb35/ERGOM_L4_JUN_ARGO_O2_OBSERVABILITY/0020...
Starting model run...
Model run took 5.9 s.
 Processed /g100_scratch/usertrain/a08trb35/ERGOM_L4_JUN_ARGO_O2_OBSERVABILITY/0021...
Starting model run...
Model run took 6.1 s.
 Processed /g100_scratch/usertrain/a08trb35/ERGOM_L4_JUN_ARGO_O2_OBSERVABILITY/0022...
Starting model run...
Model run took 6.4 s.
 Processed /g100_scratch/usertrain/a08trb35/ERGOM_L4_JUN_ARGO_O2_OBSERVABILITY/0023...
Starting model run...
Model run took 6.0 s.
 Processed /g100_scratch/usertrain/a08trb35/ERGOM_L4_JUN_ARGO_O2_OBSERVABILITY/0024...
Starting model run...
Model run took 5.9 s.
 Processed /g100_scratch/usertrain/a08trb35/ERGOM_L4_JUN_ARGO_O2_OBSERVABILITY/0025...
Starting model run...
Model run took 5.8 s.
 Processed /g100_scratch/usertrain/a08trb35/ERGOM_L4_JUN_ARGO_O2_OBSERVABILITY/0026...
Starting model run...
Model run took 6.1 s.
 Processed /g100_scratch/usertrain/a08trb35/ERGOM_L4_JUN_ARGO_O2_OBSERVABILITY/0027...
Starting model run...
Model run took 6.0 s.
 Processed /g100_scratch/usertrain/a08trb35/ERGOM_L4_JUN_ARGO_O2_OBSERVABILITY/0028...
Starting model run...
Model run took 6.0 s.
 Processed /g100_scratch/usertrain/a08trb35/ERGOM_L4_JUN_ARGO_O2_OBSERVABILITY/0029...
Starting model run...
Model run took 5.9 s.
 Processed /g100_scratch/usertrain/a08trb35/ERGOM_L4_JUN_ARGO_O2_OBSERVABILITY/0030...
Starting model run...
Model run took 6.0 s.
 Processed /g100_scratch/usertrain/a08trb35/ERGOM_L4_JUN_ARGO_O2_OBSERVABILITY/0031...
Starting model run...
Model run took 6.0 s.
 Processed /g100_scratch/usertrain/a08trb35/ERGOM_L4_JUN_ARGO_O2_OBSERVABILITY/0032...
Starting model run...
Model run took 6.4 s.
 Processed /g100_scratch/usertrain/a08trb35/ERGOM_L4_JUN_ARGO_O2_OBSERVABILITY/0033...
Starting model run...
Model run took 6.3 s.
 Processed /g100_scratch/usertrain/a08trb35/ERGOM_L4_JUN_ARGO_O2_OBSERVABILITY/0034...
Starting model run...
Model run took 6.2 s.
 Processed /g100_scratch/usertrain/a08trb35/ERGOM_L4_JUN_ARGO_O2_OBSERVABILITY/0035...
Starting model run...
Model run took 5.9 s.
 Processed /g100_scratch/usertrain/a08trb35/ERGOM_L4_JUN_ARGO_O2_OBSERVABILITY/0036...
Starting model run...
Model run took 5.9 s.
 Processed /g100_scratch/usertrain/a08trb35/ERGOM_L4_JUN_ARGO_O2_OBSERVABILITY/0037...
Starting model run...
Model run took 5.9 s.
 Processed /g100_scratch/usertrain/a08trb35/ERGOM_L4_JUN_ARGO_O2_OBSERVABILITY/0038...
Starting model run...
Model run took 5.9 s.
 Processed /g100_scratch/usertrain/a08trb35/ERGOM_L4_JUN_ARGO_O2_OBSERVABILITY/0039...
Starting model run...
Model run took 5.9 s.
 Processed /g100_scratch/usertrain/a08trb35/ERGOM_L4_JUN_ARGO_O2_OBSERVABILITY/0040...
Starting model run...
Model run took 6.3 s.
 Processed /g100_scratch/usertrain/a08trb35/ERGOM_L4_JUN_ARGO_O2_OBSERVABILITY/0041...
Starting model run...
Model run took 6.0 s.
 Processed /g100_scratch/usertrain/a08trb35/ERGOM_L4_JUN_ARGO_O2_OBSERVABILITY/0042...
Starting model run...
Model run took 5.8 s.
 Processed /g100_scratch/usertrain/a08trb35/ERGOM_L4_JUN_ARGO_O2_OBSERVABILITY/0043...
Starting model run...
Model run took 6.3 s.
 Processed /g100_scratch/usertrain/a08trb35/ERGOM_L4_JUN_ARGO_O2_OBSERVABILITY/0044...
Starting model run...
Model run took 6.4 s.
 Processed /g100_scratch/usertrain/a08trb35/ERGOM_L4_JUN_ARGO_O2_OBSERVABILITY/0045...
Starting model run...
Model run took 5.9 s.
 Processed /g100_scratch/usertrain/a08trb35/ERGOM_L4_JUN_ARGO_O2_OBSERVABILITY/0046...
Starting model run...
Model run took 5.8 s.
 Processed /g100_scratch/usertrain/a08trb35/ERGOM_L4_JUN_ARGO_O2_OBSERVABILITY/0047...
Starting model run...
Model run took 5.8 s.
 Processed /g100_scratch/usertrain/a08trb35/ERGOM_L4_JUN_ARGO_O2_OBSERVABILITY/0048...
Starting model run...
Model run took 6.2 s.
 Processed /g100_scratch/usertrain/a08trb35/ERGOM_L4_JUN_ARGO_O2_OBSERVABILITY/0049...
Starting model run...
Model run took 6.2 s.
 Processed /g100_scratch/usertrain/a08trb35/ERGOM_L4_JUN_ARGO_O2_OBSERVABILITY/0050...
Starting model run...
Model run took 6.0 s.
 Processed /g100_scratch/usertrain/a08trb35/ERGOM_L4_JUN_ARGO_O2_OBSERVABILITY/0051...
Starting model run...
Model run took 5.9 s.
 Processed /g100_scratch/usertrain/a08trb35/ERGOM_L4_JUN_ARGO_O2_OBSERVABILITY/0052...
Starting model run...
Model run took 5.9 s.
 Processed /g100_scratch/usertrain/a08trb35/ERGOM_L4_JUN_ARGO_O2_OBSERVABILITY/0053...
Starting model run...
Model run took 6.1 s.
 Processed /g100_scratch/usertrain/a08trb35/ERGOM_L4_JUN_ARGO_O2_OBSERVABILITY/0054...
Starting model run...
Model run took 6.1 s.
 Processed /g100_scratch/usertrain/a08trb35/ERGOM_L4_JUN_ARGO_O2_OBSERVABILITY/0055...
Starting model run...
Model run took 6.0 s.
 Processed /g100_scratch/usertrain/a08trb35/ERGOM_L4_JUN_ARGO_O2_OBSERVABILITY/0056...
Starting model run...
Model run took 6.0 s.
 Processed /g100_scratch/usertrain/a08trb35/ERGOM_L4_JUN_ARGO_O2_OBSERVABILITY/0057...
Starting model run...
Model run took 5.9 s.
 Processed /g100_scratch/usertrain/a08trb35/ERGOM_L4_JUN_ARGO_O2_OBSERVABILITY/0058...
Starting model run...
Model run took 5.9 s.
 Processed /g100_scratch/usertrain/a08trb35/ERGOM_L4_JUN_ARGO_O2_OBSERVABILITY/0059...
Starting model run...
Model run took 5.9 s.
 Processed /g100_scratch/usertrain/a08trb35/ERGOM_L4_JUN_ARGO_O2_OBSERVABILITY/0060...
Starting model run...
Model run took 6.2 s.
 Processed /g100_scratch/usertrain/a08trb35/ERGOM_L4_JUN_ARGO_O2_OBSERVABILITY/0061...
Starting model run...
Model run took 5.9 s.
 Processed /g100_scratch/usertrain/a08trb35/ERGOM_L4_JUN_ARGO_O2_OBSERVABILITY/0062...
Starting model run...
Model run took 6.1 s.
 Processed /g100_scratch/usertrain/a08trb35/ERGOM_L4_JUN_ARGO_O2_OBSERVABILITY/0063...
Starting model run...
Model run took 6.1 s.
 Processed /g100_scratch/usertrain/a08trb35/ERGOM_L4_JUN_ARGO_O2_OBSERVABILITY/0064...
Starting model run...
Model run took 6.0 s.
 Processed /g100_scratch/usertrain/a08trb35/ERGOM_L4_JUN_ARGO_O2_OBSERVABILITY/0065...
Starting model run...
Model run took 6.0 s.
 Processed /g100_scratch/usertrain/a08trb35/ERGOM_L4_JUN_ARGO_O2_OBSERVABILITY/0066...
Starting model run...
Model run took 5.9 s.
 Processed /g100_scratch/usertrain/a08trb35/ERGOM_L4_JUN_ARGO_O2_OBSERVABILITY/0067...
Starting model run...
Model run took 6.0 s.
 Processed /g100_scratch/usertrain/a08trb35/ERGOM_L4_JUN_ARGO_O2_OBSERVABILITY/0068...
Starting model run...
Model run took 5.8 s.
 Processed /g100_scratch/usertrain/a08trb35/ERGOM_L4_JUN_ARGO_O2_OBSERVABILITY/0069...
Starting model run...
Model run took 5.9 s.
 Processed /g100_scratch/usertrain/a08trb35/ERGOM_L4_JUN_ARGO_O2_OBSERVABILITY/0070...
Starting model run...
Model run took 6.0 s.
 Processed /g100_scratch/usertrain/a08trb35/ERGOM_L4_JUN_ARGO_O2_OBSERVABILITY/0071...
Starting model run...
Model run took 6.3 s.
 Processed /g100_scratch/usertrain/a08trb35/ERGOM_L4_JUN_ARGO_O2_OBSERVABILITY/0072...
Starting model run...
Model run took 6.2 s.
 Processed /g100_scratch/usertrain/a08trb35/ERGOM_L4_JUN_ARGO_O2_OBSERVABILITY/0073...
Starting model run...
Model run took 6.7 s.
 Processed /g100_scratch/usertrain/a08trb35/ERGOM_L4_JUN_ARGO_O2_OBSERVABILITY/0074...
Starting model run...
Model run took 5.8 s.
 Processed /g100_scratch/usertrain/a08trb35/ERGOM_L4_JUN_ARGO_O2_OBSERVABILITY/0075...
Starting model run...
Model run took 5.9 s.
 Processed /g100_scratch/usertrain/a08trb35/ERGOM_L4_JUN_ARGO_O2_OBSERVABILITY/0076...
Starting model run...
Model run took 5.9 s.
 Processed /g100_scratch/usertrain/a08trb35/ERGOM_L4_JUN_ARGO_O2_OBSERVABILITY/0077...
Starting model run...
Model run took 5.8 s.
 Processed /g100_scratch/usertrain/a08trb35/ERGOM_L4_JUN_ARGO_O2_OBSERVABILITY/0078...
Starting model run...
Model run took 5.9 s.
 Processed /g100_scratch/usertrain/a08trb35/ERGOM_L4_JUN_ARGO_O2_OBSERVABILITY/0079...
Starting model run...
Model run took 6.5 s.
 Processed /g100_scratch/usertrain/a08trb35/ERGOM_L4_JUN_ARGO_O2_OBSERVABILITY/0080...
Starting model run...
Model run took 5.8 s.
 Processed /g100_scratch/usertrain/a08trb35/ERGOM_L4_JUN_ARGO_O2_OBSERVABILITY/0081...
Starting model run...
Model run took 5.8 s.
 Processed /g100_scratch/usertrain/a08trb35/ERGOM_L4_JUN_ARGO_O2_OBSERVABILITY/0082...
Starting model run...
Model run took 5.8 s.
 Processed /g100_scratch/usertrain/a08trb35/ERGOM_L4_JUN_ARGO_O2_OBSERVABILITY/0083...
Starting model run...
Model run took 5.8 s.
 Processed /g100_scratch/usertrain/a08trb35/ERGOM_L4_JUN_ARGO_O2_OBSERVABILITY/0084...
Starting model run...
Model run took 5.9 s.
 Processed /g100_scratch/usertrain/a08trb35/ERGOM_L4_JUN_ARGO_O2_OBSERVABILITY/0085...
Starting model run...
Model run took 6.0 s.
 Processed /g100_scratch/usertrain/a08trb35/ERGOM_L4_JUN_ARGO_O2_OBSERVABILITY/0086...
Starting model run...
Model run took 6.2 s.
 Processed /g100_scratch/usertrain/a08trb35/ERGOM_L4_JUN_ARGO_O2_OBSERVABILITY/0087...
Starting model run...
Model run took 6.3 s.
 Processed /g100_scratch/usertrain/a08trb35/ERGOM_L4_JUN_ARGO_O2_OBSERVABILITY/0088...
Starting model run...
Model run took 5.9 s.
 Processed /g100_scratch/usertrain/a08trb35/ERGOM_L4_JUN_ARGO_O2_OBSERVABILITY/0089...
Starting model run...
Model run took 5.9 s.
 Processed /g100_scratch/usertrain/a08trb35/ERGOM_L4_JUN_ARGO_O2_OBSERVABILITY/0090...
Starting model run...
Model run took 6.0 s.
 Processed /g100_scratch/usertrain/a08trb35/ERGOM_L4_JUN_ARGO_O2_OBSERVABILITY/0091...
Starting model run...
Model run took 6.0 s.
 Processed /g100_scratch/usertrain/a08trb35/ERGOM_L4_JUN_ARGO_O2_OBSERVABILITY/0092...
Starting model run...
Model run took 6.4 s.
 Processed /g100_scratch/usertrain/a08trb35/ERGOM_L4_JUN_ARGO_O2_OBSERVABILITY/0093...
Starting model run...
Model run took 5.9 s.
 Processed /g100_scratch/usertrain/a08trb35/ERGOM_L4_JUN_ARGO_O2_OBSERVABILITY/0094...
Starting model run...
Model run took 5.8 s.
 Processed /g100_scratch/usertrain/a08trb35/ERGOM_L4_JUN_ARGO_O2_OBSERVABILITY/0095...
Starting model run...
Model run took 5.9 s.
 Processed /g100_scratch/usertrain/a08trb35/ERGOM_L4_JUN_ARGO_O2_OBSERVABILITY/0096...
Starting model run...
Model run took 5.8 s.
 Processed /g100_scratch/usertrain/a08trb35/ERGOM_L4_JUN_ARGO_O2_OBSERVABILITY/0097...
Starting model run...
Model run took 5.8 s.
 Processed /g100_scratch/usertrain/a08trb35/ERGOM_L4_JUN_ARGO_O2_OBSERVABILITY/0098...
Starting model run...
Model run took 5.7 s.
 Processed /g100_scratch/usertrain/a08trb35/ERGOM_L4_JUN_ARGO_O2_OBSERVABILITY/0099...
Retrieving value of target expression(s) for each ensemble member...
  - 0: [  1.38941781   0.24330996   1.94298768   8.00451527 217.24991508
   0.52637464   0.83211899   0.68791389  76.          50.        ]
  - 1: [1.38941781e+00 2.43309960e-01 1.94298768e+00 8.00451527e+00
 2.51433700e+02 5.26374638e-01 8.32118988e-01 6.87913895e-01
 7.60000000e+01 5.00000000e+01]
  - 2: [1.38941781e+00 2.43309960e-01 1.94298768e+00 8.00451527e+00
 2.63625297e+02 5.26374638e-01 8.32118988e-01 6.87913895e-01
 7.60000000e+01 5.00000000e+01]
  - 3: [  1.38941781   0.24330996   1.94298768   8.00451527 154.86354662
   0.52637464   0.83211899   0.68791389  76.          50.        ]
  - 4: [1.38941781e+00 2.43309960e-01 1.94298768e+00 8.00451527e+00
 2.64702127e+02 5.26374638e-01 8.32118988e-01 6.87913895e-01
 7.60000000e+01 5.00000000e+01]
  - 5: [1.38941781e+00 2.43309960e-01 1.94298768e+00 8.00451527e+00
 3.01839398e+02 5.26374638e-01 8.32118988e-01 6.87913895e-01
 7.60000000e+01 5.00000000e+01]
  - 6: [  1.38941781   0.24330996   1.94298768   8.00451527 170.83366593
   0.52637464   0.83211899   0.68791389  76.          50.        ]
  - 7: [  1.38941781   0.24330996   1.94298768   8.00451527 234.17004925
   0.52637464   0.83211899   0.68791389  76.          50.        ]
  - 8: [1.38941781e+00 2.43309960e-01 1.94298768e+00 8.00451527e+00
 2.68941173e+02 5.26374638e-01 8.32118988e-01 6.87913895e-01
 7.60000000e+01 5.00000000e+01]
  - 9: [  1.38941781   0.24330996   1.94298768   8.00451527 153.64907439
   0.52637464   0.83211899   0.68791389  76.          50.        ]
  - 10: [1.38941781e+00 2.43309960e-01 1.94298768e+00 8.00451527e+00
 2.60119629e+02 5.26374638e-01 8.32118988e-01 6.87913895e-01
 7.60000000e+01 5.00000000e+01]
  - 11: [  1.38941781   0.24330996   1.94298768   8.00451527 164.26850161
   0.52637464   0.83211899   0.68791389  76.          50.        ]
  - 12: [  1.38941781   0.24330996   1.94298768   8.00451527 197.2675569
   0.52637464   0.83211899   0.68791389  76.          50.        ]
  - 13: [1.38941781e+00 2.43309960e-01 1.94298768e+00 8.00451527e+00
 2.86346616e+02 5.26374638e-01 8.32118988e-01 6.87913895e-01
 7.60000000e+01 5.00000000e+01]
  - 14: [  1.38941781   0.24330996   1.94298768   8.00451527 202.91185462
   0.52637464   0.83211899   0.68791389  76.          50.        ]
  - 15: [1.38941781e+00 2.43309960e-01 1.94298768e+00 8.00451527e+00
 3.06802904e+02 5.26374638e-01 8.32118988e-01 6.87913895e-01
 7.60000000e+01 5.00000000e+01]
  - 16: [1.38941781e+00 2.43309960e-01 1.94298768e+00 8.00451527e+00
 2.54153936e+02 5.26374638e-01 8.32118988e-01 6.87913895e-01
 7.60000000e+01 5.00000000e+01]
  - 17: [  1.38941781   0.24330996   1.94298768   8.00451527 134.03292714
   0.52637464   0.83211899   0.68791389  76.          50.        ]
  - 18: [  1.38941781   0.24330996   1.94298768   8.00451527 197.41588825
   0.52637464   0.83211899   0.68791389  76.          50.        ]
  - 19: [  1.38941781   0.24330996   1.94298768   8.00451527 114.73886506
   0.52637464   0.83211899   0.68791389  76.          50.        ]
  - 20: [  1.38941781   0.24330996   1.94298768   8.00451527 136.89269489
   0.52637464   0.83211899   0.68791389  76.          50.        ]
  - 21: [  1.38941781   0.24330996   1.94298768   8.00451527 190.58031165
   0.52637464   0.83211899   0.68791389  76.          50.        ]
  - 22: [1.38941781e+00 2.43309960e-01 1.94298768e+00 8.00451527e+00
 2.77599779e+02 5.26374638e-01 8.32118988e-01 6.87913895e-01
 7.60000000e+01 5.00000000e+01]
  - 23: [  1.38941781   0.24330996   1.94298768   8.00451527 133.47172215
   0.52637464   0.83211899   0.68791389  76.          50.        ]
  - 24: [  1.38941781   0.24330996   1.94298768   8.00451527 148.39457371
   0.52637464   0.83211899   0.68791389  76.          50.        ]
  - 25: [  1.38941781   0.24330996   1.94298768   8.00451527 238.66495414
   0.52637464   0.83211899   0.68791389  76.          50.        ]
  - 26: [  1.38941781   0.24330996   1.94298768   8.00451527 172.0508874
   0.52637464   0.83211899   0.68791389  76.          50.        ]
  - 27: [1.38941781e+00 2.43309960e-01 1.94298768e+00 8.00451527e+00
 2.55193423e+02 5.26374638e-01 8.32118988e-01 6.87913895e-01
 7.60000000e+01 5.00000000e+01]
  - 28: [  1.38941781   0.24330996   1.94298768   8.00451527 179.41767154
   0.52637464   0.83211899   0.68791389  76.          50.        ]
  - 29: [1.38941781e+00 2.43309960e-01 1.94298768e+00 8.00451527e+00
 2.55374384e+02 5.26374638e-01 8.32118988e-01 6.87913895e-01
 7.60000000e+01 5.00000000e+01]
  - 30: [1.38941781e+00 2.43309960e-01 1.94298768e+00 8.00451527e+00
 2.61470576e+02 5.26374638e-01 8.32118988e-01 6.87913895e-01
 7.60000000e+01 5.00000000e+01]
  - 31: [  1.38941781   0.24330996   1.94298768   8.00451527 121.27213188
   0.52637464   0.83211899   0.68791389  76.          50.        ]
  - 32: [  1.38941781   0.24330996   1.94298768   8.00451527 178.16913638
   0.52637464   0.83211899   0.68791389  76.          50.        ]
  - 33: [  1.38941781   0.24330996   1.94298768   8.00451527 113.14823582
   0.52637464   0.83211899   0.68791389  76.          50.        ]
  - 34: [  1.38941781   0.24330996   1.94298768   8.00451527 167.54751189
   0.52637464   0.83211899   0.68791389  76.          50.        ]
  - 35: [  1.38941781   0.24330996   1.94298768   8.00451527 148.23305876
   0.52637464   0.83211899   0.68791389  76.          50.        ]
  - 36: [  1.38941781   0.24330996   1.94298768   8.00451527 196.75108271
   0.52637464   0.83211899   0.68791389  76.          50.        ]
  - 37: [  1.38941781   0.24330996   1.94298768   8.00451527 180.13964844
   0.52637464   0.83211899   0.68791389  76.          50.        ]
  - 38: [  1.38941781   0.24330996   1.94298768   8.00451527 132.42982549
   0.52637464   0.83211899   0.68791389  76.          50.        ]
  - 39: [  1.38941781   0.24330996   1.94298768   8.00451527 213.87037194
   0.52637464   0.83211899   0.68791389  76.          50.        ]
  - 40: [  1.38941781   0.24330996   1.94298768   8.00451527 177.97424847
   0.52637464   0.83211899   0.68791389  76.          50.        ]
  - 41: [  1.38941781   0.24330996   1.94298768   8.00451527 124.30161982
   0.52637464   0.83211899   0.68791389  76.          50.        ]
  - 42: [  1.38941781   0.24330996   1.94298768   8.00451527 182.47488536
   0.52637464   0.83211899   0.68791389  76.          50.        ]
  - 43: [  1.38941781   0.24330996   1.94298768   8.00451527 139.00077488
   0.52637464   0.83211899   0.68791389  76.          50.        ]
  - 44: [1.38941781e+00 2.43309960e-01 1.94298768e+00 8.00451527e+00
 2.83626889e+02 5.26374638e-01 8.32118988e-01 6.87913895e-01
 7.60000000e+01 5.00000000e+01]
  - 45: [  1.38941781   0.24330996   1.94298768   8.00451527 142.1695079
   0.52637464   0.83211899   0.68791389  76.          50.        ]
  - 46: [1.38941781e+00 2.43309960e-01 1.94298768e+00 8.00451527e+00
 2.95661027e+02 5.26374638e-01 8.32118988e-01 6.87913895e-01
 7.60000000e+01 5.00000000e+01]
  - 47: [  1.38941781   0.24330996   1.94298768   8.00451527 134.93073837
   0.52637464   0.83211899   0.68791389  76.          50.        ]
  - 48: [1.38941781e+00 2.43309960e-01 1.94298768e+00 8.00451527e+00
 2.71564602e+02 5.26374638e-01 8.32118988e-01 6.87913895e-01
 7.60000000e+01 5.00000000e+01]
  - 49: [1.38941781e+00 2.43309960e-01 1.94298768e+00 8.00451527e+00
 3.03145572e+02 5.26374638e-01 8.32118988e-01 6.87913895e-01
 7.60000000e+01 5.00000000e+01]
  - 50: [1.38941781e+00 2.43309960e-01 1.94298768e+00 8.00451527e+00
 3.03207456e+02 5.26374638e-01 8.32118988e-01 6.87913895e-01
 7.60000000e+01 5.00000000e+01]
  - 51: [1.38941781e+00 2.43309960e-01 1.94298768e+00 8.00451527e+00
 2.62320971e+02 5.26374638e-01 8.32118988e-01 6.87913895e-01
 7.60000000e+01 5.00000000e+01]
  - 52: [1.38941781e+00 2.43309960e-01 1.94298768e+00 8.00451527e+00
 2.99803435e+02 5.26374638e-01 8.32118988e-01 6.87913895e-01
 7.60000000e+01 5.00000000e+01]
  - 53: [  1.38941781   0.24330996   1.94298768   8.00451527 149.96684995
   0.52637464   0.83211899   0.68791389  76.          50.        ]
  - 54: [1.38941781e+00 2.43309960e-01 1.94298768e+00 8.00451527e+00
 2.50986625e+02 5.26374638e-01 8.32118988e-01 6.87913895e-01
 7.60000000e+01 5.00000000e+01]
  - 55: [  1.38941781   0.24330996   1.94298768   8.00451527 159.73984163
   0.52637464   0.83211899   0.68791389  76.          50.        ]
  - 56: [  1.38941781   0.24330996   1.94298768   8.00451527 202.83750849
   0.52637464   0.83211899   0.68791389  76.          50.        ]
  - 57: [  1.38941781   0.24330996   1.94298768   8.00451527 143.97114895
   0.52637464   0.83211899   0.68791389  76.          50.        ]
  - 58: [1.38941781e+00 2.43309960e-01 1.94298768e+00 8.00451527e+00
 2.86613090e+02 5.26374638e-01 8.32118988e-01 6.87913895e-01
 7.60000000e+01 5.00000000e+01]
  - 59: [1.38941781e+00 2.43309960e-01 1.94298768e+00 8.00451527e+00
 2.46630456e+02 5.26374638e-01 8.32118988e-01 6.87913895e-01
 7.60000000e+01 5.00000000e+01]
  - 60: [1.38941781e+00 2.43309960e-01 1.94298768e+00 8.00451527e+00
 2.91355299e+02 5.26374638e-01 8.32118988e-01 6.87913895e-01
 7.60000000e+01 5.00000000e+01]
  - 61: [  1.38941781   0.24330996   1.94298768   8.00451527 158.40803329
   0.52637464   0.83211899   0.68791389  76.          50.        ]
  - 62: [1.38941781e+00 2.43309960e-01 1.94298768e+00 8.00451527e+00
 2.55163787e+02 5.26374638e-01 8.32118988e-01 6.87913895e-01
 7.60000000e+01 5.00000000e+01]
  - 63: [  1.38941781   0.24330996   1.94298768   8.00451527 162.526951
   0.52637464   0.83211899   0.68791389  76.          50.        ]
  - 64: [  1.38941781   0.24330996   1.94298768   8.00451527 230.36967137
   0.52637464   0.83211899   0.68791389  76.          50.        ]
  - 65: [1.38941781e+00 2.43309960e-01 1.94298768e+00 8.00451527e+00
 2.47781420e+02 5.26374638e-01 8.32118988e-01 6.87913895e-01
 7.60000000e+01 5.00000000e+01]
  - 66: [  1.38941781   0.24330996   1.94298768   8.00451527 169.90649414
   0.52637464   0.83211899   0.68791389  76.          50.        ]
  - 67: [  1.38941781   0.24330996   1.94298768   8.00451527 120.0152641
   0.52637464   0.83211899   0.68791389  76.          50.        ]
  - 68: [1.38941781e+00 2.43309960e-01 1.94298768e+00 8.00451527e+00
 2.82688540e+02 5.26374638e-01 8.32118988e-01 6.87913895e-01
 7.60000000e+01 5.00000000e+01]
  - 69: [  1.38941781   0.24330996   1.94298768   8.00451527 210.7231233
   0.52637464   0.83211899   0.68791389  76.          50.        ]
  - 70: [  1.38941781   0.24330996   1.94298768   8.00451527 111.441799
   0.52637464   0.83211899   0.68791389  76.          50.        ]
  - 71: [  1.38941781   0.24330996   1.94298768   8.00451527 200.99034052
   0.52637464   0.83211899   0.68791389  76.          50.        ]
  - 72: [  1.38941781   0.24330996   1.94298768   8.00451527 201.01241933
   0.52637464   0.83211899   0.68791389  76.          50.        ]
  - 73: [1.38941781e+00 2.43309960e-01 1.94298768e+00 8.00451527e+00
 2.75910581e+02 5.26374638e-01 8.32118988e-01 6.87913895e-01
 7.60000000e+01 5.00000000e+01]
  - 74: [  1.38941781   0.24330996   1.94298768   8.00451527 142.88005265
   0.52637464   0.83211899   0.68791389  76.          50.        ]
  - 75: [  1.38941781   0.24330996   1.94298768   8.00451527 233.83179772
   0.52637464   0.83211899   0.68791389  76.          50.        ]
  - 76: [  1.38941781   0.24330996   1.94298768   8.00451527 183.98862092
   0.52637464   0.83211899   0.68791389  76.          50.        ]
  - 77: [  1.38941781   0.24330996   1.94298768   8.00451527 131.80636464
   0.52637464   0.83211899   0.68791389  76.          50.        ]
  - 78: [  1.38941781   0.24330996   1.94298768   8.00451527 203.01543393
   0.52637464   0.83211899   0.68791389  76.          50.        ]
  - 79: [  1.38941781   0.24330996   1.94298768   8.00451527 190.29812755
   0.52637464   0.83211899   0.68791389  76.          50.        ]
  - 80: [1.38941781e+00 2.43309960e-01 1.94298768e+00 8.00451527e+00
 3.02607953e+02 5.26374638e-01 8.32118988e-01 6.87913895e-01
 7.60000000e+01 5.00000000e+01]
  - 81: [  1.38941781   0.24330996   1.94298768   8.00451527 220.53328804
   0.52637464   0.83211899   0.68791389  76.          50.        ]
  - 82: [  1.38941781   0.24330996   1.94298768   8.00451527 207.7780231
   0.52637464   0.83211899   0.68791389  76.          50.        ]
  - 83: [  1.38941781   0.24330996   1.94298768   8.00451527 119.80389139
   0.52637464   0.83211899   0.68791389  76.          50.        ]
  - 84: [  1.38941781   0.24330996   1.94298768   8.00451527 117.61125382
   0.52637464   0.83211899   0.68791389  76.          50.        ]
  - 85: [1.38941781e+00 2.43309960e-01 1.94298768e+00 8.00451527e+00
 2.92046450e+02 5.26374638e-01 8.32118988e-01 6.87913895e-01
 7.60000000e+01 5.00000000e+01]
  - 86: [  1.38941781   0.24330996   1.94298768   8.00451527 162.35458772
   0.52637464   0.83211899   0.68791389  76.          50.        ]
  - 87: [  1.38941781   0.24330996   1.94298768   8.00451527 130.88677182
   0.52637464   0.83211899   0.68791389  76.          50.        ]
  - 88: [1.38941781e+00 2.43309960e-01 1.94298768e+00 8.00451527e+00
 2.49756284e+02 5.26374638e-01 8.32118988e-01 6.87913895e-01
 7.60000000e+01 5.00000000e+01]
  - 89: [  1.38941781   0.24330996   1.94298768   8.00451527 216.15238621
   0.52637464   0.83211899   0.68791389  76.          50.        ]
  - 90: [  1.38941781   0.24330996   1.94298768   8.00451527 149.25301461
   0.52637464   0.83211899   0.68791389  76.          50.        ]
  - 91: [  1.38941781   0.24330996   1.94298768   8.00451527 187.11255944
   0.52637464   0.83211899   0.68791389  76.          50.        ]
  - 92: [  1.38941781   0.24330996   1.94298768   8.00451527 145.47555409
   0.52637464   0.83211899   0.68791389  76.          50.        ]
  - 93: [1.38941781e+00 2.43309960e-01 1.94298768e+00 8.00451527e+00
 2.83806895e+02 5.26374638e-01 8.32118988e-01 6.87913895e-01
 7.60000000e+01 5.00000000e+01]
  - 94: [1.38941781e+00 2.43309960e-01 1.94298768e+00 8.00451527e+00
 2.59779658e+02 5.26374638e-01 8.32118988e-01 6.87913895e-01
 7.60000000e+01 5.00000000e+01]
  - 95: [1.38941781e+00 2.43309960e-01 1.94298768e+00 8.00451527e+00
 2.87207838e+02 5.26374638e-01 8.32118988e-01 6.87913895e-01
 7.60000000e+01 5.00000000e+01]
  - 96: [1.38941781e+00 2.43309960e-01 1.94298768e+00 8.00451527e+00
 2.79451172e+02 5.26374638e-01 8.32118988e-01 6.87913895e-01
 7.60000000e+01 5.00000000e+01]
  - 97: [1.38941781e+00 2.43309960e-01 1.94298768e+00 8.00451527e+00
 2.70219068e+02 5.26374638e-01 8.32118988e-01 6.87913895e-01
 7.60000000e+01 5.00000000e+01]
  - 98: [  1.38941781   0.24330996   1.94298768   8.00451527 179.68563179
   0.52637464   0.83211899   0.68791389  76.          50.        ]
  - 99: [1.38941781e+00 2.43309960e-01 1.94298768e+00 8.00451527e+00
 2.49173807e+02 5.26374638e-01 8.32118988e-01 6.87913895e-01
 7.60000000e+01 5.00000000e+01]
Updating sensitivity info in ERGOM_L4_observability_ARGO_O2_JUN.pickle with model results...
Done
