Starting ppserver on r513c01n03,r513c02n03:59659
Host names provided to parsac: r513c01n03:59659,r513c02n03:59659,
Starting parsac
Reading sensitivity samples from ERGOM_L4_observability_ARGO_DIC_JUN.pickle...
Reading configuration from L4_observability_ARGO_DIC_JUN.xml...
Starting Parallel Python server...
Giving Parallel Python 10 seconds to connect to: r513c01n03:59659, r513c02n03:59659
Running on:
   local: 0 cpus
   r513c01n03:59659: 48 cpus
   r513c02n03:59659: 48 cpus
Total number of cpus: 96
Starting model run...
Model run took 6.2 s.
 Processed /g100_scratch/usertrain/a08trb35/ERGOM_L4_JUN_ARGO_DIC_OBSERVABILITY/0000...
Starting model run...
Model run took 6.1 s.
 Processed /g100_scratch/usertrain/a08trb35/ERGOM_L4_JUN_ARGO_DIC_OBSERVABILITY/0001...
Starting model run...
Model run took 6.0 s.
 Processed /g100_scratch/usertrain/a08trb35/ERGOM_L4_JUN_ARGO_DIC_OBSERVABILITY/0002...
Starting model run...
Model run took 6.1 s.
 Processed /g100_scratch/usertrain/a08trb35/ERGOM_L4_JUN_ARGO_DIC_OBSERVABILITY/0003...
Starting model run...
Model run took 6.0 s.
 Processed /g100_scratch/usertrain/a08trb35/ERGOM_L4_JUN_ARGO_DIC_OBSERVABILITY/0004...
Starting model run...
Model run took 6.2 s.
 Processed /g100_scratch/usertrain/a08trb35/ERGOM_L4_JUN_ARGO_DIC_OBSERVABILITY/0005...
Starting model run...
Model run took 6.1 s.
 Processed /g100_scratch/usertrain/a08trb35/ERGOM_L4_JUN_ARGO_DIC_OBSERVABILITY/0006...
Starting model run...
Model run took 6.3 s.
 Processed /g100_scratch/usertrain/a08trb35/ERGOM_L4_JUN_ARGO_DIC_OBSERVABILITY/0007...
Starting model run...
Model run took 6.2 s.
 Processed /g100_scratch/usertrain/a08trb35/ERGOM_L4_JUN_ARGO_DIC_OBSERVABILITY/0008...
Starting model run...
Model run took 6.1 s.
 Processed /g100_scratch/usertrain/a08trb35/ERGOM_L4_JUN_ARGO_DIC_OBSERVABILITY/0009...
Starting model run...
Model run took 6.0 s.
 Processed /g100_scratch/usertrain/a08trb35/ERGOM_L4_JUN_ARGO_DIC_OBSERVABILITY/0010...
Starting model run...
Model run took 6.1 s.
 Processed /g100_scratch/usertrain/a08trb35/ERGOM_L4_JUN_ARGO_DIC_OBSERVABILITY/0011...
Starting model run...
Model run took 6.2 s.
 Processed /g100_scratch/usertrain/a08trb35/ERGOM_L4_JUN_ARGO_DIC_OBSERVABILITY/0012...
Starting model run...
Model run took 6.2 s.
 Processed /g100_scratch/usertrain/a08trb35/ERGOM_L4_JUN_ARGO_DIC_OBSERVABILITY/0013...
Starting model run...
Model run took 6.6 s.
 Processed /g100_scratch/usertrain/a08trb35/ERGOM_L4_JUN_ARGO_DIC_OBSERVABILITY/0014...
Starting model run...
Model run took 6.1 s.
 Processed /g100_scratch/usertrain/a08trb35/ERGOM_L4_JUN_ARGO_DIC_OBSERVABILITY/0015...
Starting model run...
Model run took 6.2 s.
 Processed /g100_scratch/usertrain/a08trb35/ERGOM_L4_JUN_ARGO_DIC_OBSERVABILITY/0016...
Starting model run...
Model run took 6.1 s.
 Processed /g100_scratch/usertrain/a08trb35/ERGOM_L4_JUN_ARGO_DIC_OBSERVABILITY/0017...
Starting model run...
Model run took 6.1 s.
 Processed /g100_scratch/usertrain/a08trb35/ERGOM_L4_JUN_ARGO_DIC_OBSERVABILITY/0018...
Starting model run...
Model run took 6.0 s.
 Processed /g100_scratch/usertrain/a08trb35/ERGOM_L4_JUN_ARGO_DIC_OBSERVABILITY/0019...
Starting model run...
Model run took 6.3 s.
 Processed /g100_scratch/usertrain/a08trb35/ERGOM_L4_JUN_ARGO_DIC_OBSERVABILITY/0020...
Starting model run...
Model run took 6.1 s.
 Processed /g100_scratch/usertrain/a08trb35/ERGOM_L4_JUN_ARGO_DIC_OBSERVABILITY/0021...
Starting model run...
Model run took 6.2 s.
 Processed /g100_scratch/usertrain/a08trb35/ERGOM_L4_JUN_ARGO_DIC_OBSERVABILITY/0022...
Starting model run...
Model run took 6.1 s.
 Processed /g100_scratch/usertrain/a08trb35/ERGOM_L4_JUN_ARGO_DIC_OBSERVABILITY/0023...
Starting model run...
Model run took 6.1 s.
 Processed /g100_scratch/usertrain/a08trb35/ERGOM_L4_JUN_ARGO_DIC_OBSERVABILITY/0024...
Starting model run...
Model run took 6.1 s.
 Processed /g100_scratch/usertrain/a08trb35/ERGOM_L4_JUN_ARGO_DIC_OBSERVABILITY/0025...
Starting model run...
Model run took 6.1 s.
 Processed /g100_scratch/usertrain/a08trb35/ERGOM_L4_JUN_ARGO_DIC_OBSERVABILITY/0026...
Starting model run...
Model run took 6.1 s.
 Processed /g100_scratch/usertrain/a08trb35/ERGOM_L4_JUN_ARGO_DIC_OBSERVABILITY/0027...
Starting model run...
Model run took 6.1 s.
 Processed /g100_scratch/usertrain/a08trb35/ERGOM_L4_JUN_ARGO_DIC_OBSERVABILITY/0028...
Starting model run...
Model run took 6.1 s.
 Processed /g100_scratch/usertrain/a08trb35/ERGOM_L4_JUN_ARGO_DIC_OBSERVABILITY/0029...
Starting model run...
Model run took 6.1 s.
 Processed /g100_scratch/usertrain/a08trb35/ERGOM_L4_JUN_ARGO_DIC_OBSERVABILITY/0030...
Starting model run...
Model run took 6.1 s.
 Processed /g100_scratch/usertrain/a08trb35/ERGOM_L4_JUN_ARGO_DIC_OBSERVABILITY/0031...
Starting model run...
Model run took 6.1 s.
 Processed /g100_scratch/usertrain/a08trb35/ERGOM_L4_JUN_ARGO_DIC_OBSERVABILITY/0032...
Starting model run...
Model run took 6.1 s.
 Processed /g100_scratch/usertrain/a08trb35/ERGOM_L4_JUN_ARGO_DIC_OBSERVABILITY/0033...
Starting model run...
Model run took 6.0 s.
 Processed /g100_scratch/usertrain/a08trb35/ERGOM_L4_JUN_ARGO_DIC_OBSERVABILITY/0034...
Starting model run...
Model run took 6.2 s.
 Processed /g100_scratch/usertrain/a08trb35/ERGOM_L4_JUN_ARGO_DIC_OBSERVABILITY/0035...
Starting model run...
Model run took 6.1 s.
 Processed /g100_scratch/usertrain/a08trb35/ERGOM_L4_JUN_ARGO_DIC_OBSERVABILITY/0036...
Starting model run...
Model run took 6.2 s.
 Processed /g100_scratch/usertrain/a08trb35/ERGOM_L4_JUN_ARGO_DIC_OBSERVABILITY/0037...
Starting model run...
Model run took 6.0 s.
 Processed /g100_scratch/usertrain/a08trb35/ERGOM_L4_JUN_ARGO_DIC_OBSERVABILITY/0038...
Starting model run...
Model run took 6.0 s.
 Processed /g100_scratch/usertrain/a08trb35/ERGOM_L4_JUN_ARGO_DIC_OBSERVABILITY/0039...
Starting model run...
Model run took 6.1 s.
 Processed /g100_scratch/usertrain/a08trb35/ERGOM_L4_JUN_ARGO_DIC_OBSERVABILITY/0040...
Starting model run...
Model run took 6.2 s.
 Processed /g100_scratch/usertrain/a08trb35/ERGOM_L4_JUN_ARGO_DIC_OBSERVABILITY/0041...
Starting model run...
Model run took 6.1 s.
 Processed /g100_scratch/usertrain/a08trb35/ERGOM_L4_JUN_ARGO_DIC_OBSERVABILITY/0042...
Starting model run...
Model run took 6.0 s.
 Processed /g100_scratch/usertrain/a08trb35/ERGOM_L4_JUN_ARGO_DIC_OBSERVABILITY/0043...
Starting model run...
Model run took 6.1 s.
 Processed /g100_scratch/usertrain/a08trb35/ERGOM_L4_JUN_ARGO_DIC_OBSERVABILITY/0044...
Starting model run...
Model run took 6.1 s.
 Processed /g100_scratch/usertrain/a08trb35/ERGOM_L4_JUN_ARGO_DIC_OBSERVABILITY/0045...
Starting model run...
Model run took 6.2 s.
 Processed /g100_scratch/usertrain/a08trb35/ERGOM_L4_JUN_ARGO_DIC_OBSERVABILITY/0046...
Starting model run...
Model run took 6.1 s.
 Processed /g100_scratch/usertrain/a08trb35/ERGOM_L4_JUN_ARGO_DIC_OBSERVABILITY/0047...
Starting model run...
Model run took 6.1 s.
 Processed /g100_scratch/usertrain/a08trb35/ERGOM_L4_JUN_ARGO_DIC_OBSERVABILITY/0048...
Starting model run...
Model run took 6.2 s.
 Processed /g100_scratch/usertrain/a08trb35/ERGOM_L4_JUN_ARGO_DIC_OBSERVABILITY/0049...
Starting model run...
Model run took 6.1 s.
 Processed /g100_scratch/usertrain/a08trb35/ERGOM_L4_JUN_ARGO_DIC_OBSERVABILITY/0050...
Starting model run...
Model run took 6.1 s.
 Processed /g100_scratch/usertrain/a08trb35/ERGOM_L4_JUN_ARGO_DIC_OBSERVABILITY/0051...
Starting model run...
Model run took 6.0 s.
 Processed /g100_scratch/usertrain/a08trb35/ERGOM_L4_JUN_ARGO_DIC_OBSERVABILITY/0052...
Starting model run...
Model run took 6.1 s.
 Processed /g100_scratch/usertrain/a08trb35/ERGOM_L4_JUN_ARGO_DIC_OBSERVABILITY/0053...
Starting model run...
Model run took 6.7 s.
 Processed /g100_scratch/usertrain/a08trb35/ERGOM_L4_JUN_ARGO_DIC_OBSERVABILITY/0054...
Starting model run...
Model run took 6.1 s.
 Processed /g100_scratch/usertrain/a08trb35/ERGOM_L4_JUN_ARGO_DIC_OBSERVABILITY/0055...
Starting model run...
Model run took 6.5 s.
 Processed /g100_scratch/usertrain/a08trb35/ERGOM_L4_JUN_ARGO_DIC_OBSERVABILITY/0056...
Starting model run...
Model run took 6.4 s.
 Processed /g100_scratch/usertrain/a08trb35/ERGOM_L4_JUN_ARGO_DIC_OBSERVABILITY/0057...
Starting model run...
Model run took 6.1 s.
 Processed /g100_scratch/usertrain/a08trb35/ERGOM_L4_JUN_ARGO_DIC_OBSERVABILITY/0058...
Starting model run...
Model run took 6.2 s.
 Processed /g100_scratch/usertrain/a08trb35/ERGOM_L4_JUN_ARGO_DIC_OBSERVABILITY/0059...
Starting model run...
Model run took 6.1 s.
 Processed /g100_scratch/usertrain/a08trb35/ERGOM_L4_JUN_ARGO_DIC_OBSERVABILITY/0060...
Starting model run...
Model run took 6.1 s.
 Processed /g100_scratch/usertrain/a08trb35/ERGOM_L4_JUN_ARGO_DIC_OBSERVABILITY/0061...
Starting model run...
Model run took 6.0 s.
 Processed /g100_scratch/usertrain/a08trb35/ERGOM_L4_JUN_ARGO_DIC_OBSERVABILITY/0062...
Starting model run...
Model run took 6.1 s.
 Processed /g100_scratch/usertrain/a08trb35/ERGOM_L4_JUN_ARGO_DIC_OBSERVABILITY/0063...
Starting model run...
Model run took 6.1 s.
 Processed /g100_scratch/usertrain/a08trb35/ERGOM_L4_JUN_ARGO_DIC_OBSERVABILITY/0064...
Starting model run...
Model run took 6.0 s.
 Processed /g100_scratch/usertrain/a08trb35/ERGOM_L4_JUN_ARGO_DIC_OBSERVABILITY/0065...
Starting model run...
Model run took 6.1 s.
 Processed /g100_scratch/usertrain/a08trb35/ERGOM_L4_JUN_ARGO_DIC_OBSERVABILITY/0066...
Starting model run...
Model run took 6.1 s.
 Processed /g100_scratch/usertrain/a08trb35/ERGOM_L4_JUN_ARGO_DIC_OBSERVABILITY/0067...
Starting model run...
Model run took 6.1 s.
 Processed /g100_scratch/usertrain/a08trb35/ERGOM_L4_JUN_ARGO_DIC_OBSERVABILITY/0068...
Starting model run...
Model run took 6.0 s.
 Processed /g100_scratch/usertrain/a08trb35/ERGOM_L4_JUN_ARGO_DIC_OBSERVABILITY/0069...
Starting model run...
Model run took 6.3 s.
 Processed /g100_scratch/usertrain/a08trb35/ERGOM_L4_JUN_ARGO_DIC_OBSERVABILITY/0070...
Starting model run...
Model run took 6.1 s.
 Processed /g100_scratch/usertrain/a08trb35/ERGOM_L4_JUN_ARGO_DIC_OBSERVABILITY/0071...
Starting model run...
Model run took 6.2 s.
 Processed /g100_scratch/usertrain/a08trb35/ERGOM_L4_JUN_ARGO_DIC_OBSERVABILITY/0072...
Starting model run...
Model run took 6.1 s.
 Processed /g100_scratch/usertrain/a08trb35/ERGOM_L4_JUN_ARGO_DIC_OBSERVABILITY/0073...
Starting model run...
Model run took 6.1 s.
 Processed /g100_scratch/usertrain/a08trb35/ERGOM_L4_JUN_ARGO_DIC_OBSERVABILITY/0074...
Starting model run...
Model run took 6.2 s.
 Processed /g100_scratch/usertrain/a08trb35/ERGOM_L4_JUN_ARGO_DIC_OBSERVABILITY/0075...
Starting model run...
Model run took 6.0 s.
 Processed /g100_scratch/usertrain/a08trb35/ERGOM_L4_JUN_ARGO_DIC_OBSERVABILITY/0076...
Starting model run...
Model run took 6.1 s.
 Processed /g100_scratch/usertrain/a08trb35/ERGOM_L4_JUN_ARGO_DIC_OBSERVABILITY/0077...
Starting model run...
Model run took 6.1 s.
 Processed /g100_scratch/usertrain/a08trb35/ERGOM_L4_JUN_ARGO_DIC_OBSERVABILITY/0078...
Starting model run...
Model run took 6.1 s.
 Processed /g100_scratch/usertrain/a08trb35/ERGOM_L4_JUN_ARGO_DIC_OBSERVABILITY/0079...
Starting model run...
Model run took 6.2 s.
 Processed /g100_scratch/usertrain/a08trb35/ERGOM_L4_JUN_ARGO_DIC_OBSERVABILITY/0080...
Starting model run...
Model run took 6.1 s.
 Processed /g100_scratch/usertrain/a08trb35/ERGOM_L4_JUN_ARGO_DIC_OBSERVABILITY/0081...
Starting model run...
Model run took 6.0 s.
 Processed /g100_scratch/usertrain/a08trb35/ERGOM_L4_JUN_ARGO_DIC_OBSERVABILITY/0082...
Starting model run...
Model run took 6.1 s.
 Processed /g100_scratch/usertrain/a08trb35/ERGOM_L4_JUN_ARGO_DIC_OBSERVABILITY/0083...
Starting model run...
Model run took 6.4 s.
 Processed /g100_scratch/usertrain/a08trb35/ERGOM_L4_JUN_ARGO_DIC_OBSERVABILITY/0084...
Starting model run...
Model run took 6.1 s.
 Processed /g100_scratch/usertrain/a08trb35/ERGOM_L4_JUN_ARGO_DIC_OBSERVABILITY/0085...
Starting model run...
Model run took 6.1 s.
 Processed /g100_scratch/usertrain/a08trb35/ERGOM_L4_JUN_ARGO_DIC_OBSERVABILITY/0086...
Starting model run...
Model run took 6.1 s.
 Processed /g100_scratch/usertrain/a08trb35/ERGOM_L4_JUN_ARGO_DIC_OBSERVABILITY/0087...
Starting model run...
Model run took 6.1 s.
 Processed /g100_scratch/usertrain/a08trb35/ERGOM_L4_JUN_ARGO_DIC_OBSERVABILITY/0088...
Starting model run...
Model run took 6.1 s.
 Processed /g100_scratch/usertrain/a08trb35/ERGOM_L4_JUN_ARGO_DIC_OBSERVABILITY/0089...
Starting model run...
Model run took 6.1 s.
 Processed /g100_scratch/usertrain/a08trb35/ERGOM_L4_JUN_ARGO_DIC_OBSERVABILITY/0090...
Starting model run...
Model run took 6.1 s.
 Processed /g100_scratch/usertrain/a08trb35/ERGOM_L4_JUN_ARGO_DIC_OBSERVABILITY/0091...
Starting model run...
Model run took 6.1 s.
 Processed /g100_scratch/usertrain/a08trb35/ERGOM_L4_JUN_ARGO_DIC_OBSERVABILITY/0092...
Starting model run...
Model run took 6.0 s.
 Processed /g100_scratch/usertrain/a08trb35/ERGOM_L4_JUN_ARGO_DIC_OBSERVABILITY/0093...
Starting model run...
Model run took 6.0 s.
 Processed /g100_scratch/usertrain/a08trb35/ERGOM_L4_JUN_ARGO_DIC_OBSERVABILITY/0094...
Starting model run...
Model run took 6.3 s.
 Processed /g100_scratch/usertrain/a08trb35/ERGOM_L4_JUN_ARGO_DIC_OBSERVABILITY/0095...
Starting model run...
Model run took 5.8 s.
 Processed /g100_scratch/usertrain/a08trb35/ERGOM_L4_JUN_ARGO_DIC_OBSERVABILITY/0096...
Starting model run...
Model run took 5.8 s.
 Processed /g100_scratch/usertrain/a08trb35/ERGOM_L4_JUN_ARGO_DIC_OBSERVABILITY/0097...
Starting model run...
Model run took 5.8 s.
 Processed /g100_scratch/usertrain/a08trb35/ERGOM_L4_JUN_ARGO_DIC_OBSERVABILITY/0098...
Starting model run...
Model run took 5.8 s.
 Processed /g100_scratch/usertrain/a08trb35/ERGOM_L4_JUN_ARGO_DIC_OBSERVABILITY/0099...
Retrieving value of target expression(s) for each ensemble member...
  - 0: [  1.38941781   0.24330996   1.94298768   7.50190669 210.97618037
   0.52637464   0.83211899   0.68791389  76.          50.        ]
  - 1: [  1.38941781   0.24330996   1.94298768   8.14612812 210.97618037
   0.52637464   0.83211899   0.68791389  76.          50.        ]
  - 2: [  1.38941781   0.24330996   1.94298768   8.05345021 210.97618037
   0.52637464   0.83211899   0.68791389  76.          50.        ]
  - 3: [  1.38941781   0.24330996   1.94298768   7.89272673 210.97618037
   0.52637464   0.83211899   0.68791389  76.          50.        ]
  - 4: [  1.38941781   0.24330996   1.94298768   7.68593564 210.97618037
   0.52637464   0.83211899   0.68791389  76.          50.        ]
  - 5: [  1.38941781   0.24330996   1.94298768   7.51979596 210.97618037
   0.52637464   0.83211899   0.68791389  76.          50.        ]
  - 6: [  1.38941781   0.24330996   1.94298768   8.19171939 210.97618037
   0.52637464   0.83211899   0.68791389  76.          50.        ]
  - 7: [  1.38941781   0.24330996   1.94298768   8.04868881 210.97618037
   0.52637464   0.83211899   0.68791389  76.          50.        ]
  - 8: [  1.38941781   0.24330996   1.94298768   8.10088713 210.97618037
   0.52637464   0.83211899   0.68791389  76.          50.        ]
  - 9: [  1.38941781   0.24330996   1.94298768   8.11706477 210.97618037
   0.52637464   0.83211899   0.68791389  76.          50.        ]
  - 10: [  1.38941781   0.24330996   1.94298768   7.82066146 210.97618037
   0.52637464   0.83211899   0.68791389  76.          50.        ]
  - 11: [  1.38941781   0.24330996   1.94298768   8.22891567 210.97618037
   0.52637464   0.83211899   0.68791389  76.          50.        ]
  - 12: [  1.38941781   0.24330996   1.94298768   8.26460664 210.97618037
   0.52637464   0.83211899   0.68791389  76.          50.        ]
  - 13: [  1.38941781   0.24330996   1.94298768   7.94157741 210.97618037
   0.52637464   0.83211899   0.68791389  76.          50.        ]
  - 14: [  1.38941781   0.24330996   1.94298768   8.12711168 210.97618037
   0.52637464   0.83211899   0.68791389  76.          50.        ]
  - 15: [  1.38941781   0.24330996   1.94298768   8.1425967  210.97618037
   0.52637464   0.83211899   0.68791389  76.          50.        ]
  - 16: [  1.38941781   0.24330996   1.94298768   8.16297647 210.97618037
   0.52637464   0.83211899   0.68791389  76.          50.        ]
  - 17: [  1.38941781   0.24330996   1.94298768   7.62479301 210.97618037
   0.52637464   0.83211899   0.68791389  76.          50.        ]
  - 18: [  1.38941781   0.24330996   1.94298768   8.15333292 210.97618037
   0.52637464   0.83211899   0.68791389  76.          50.        ]
  - 19: [  1.38941781   0.24330996   1.94298768   7.68171294 210.97618037
   0.52637464   0.83211899   0.68791389  76.          50.        ]
  - 20: [  1.38941781   0.24330996   1.94298768   8.32812301 210.97618037
   0.52637464   0.83211899   0.68791389  76.          50.        ]
  - 21: [  1.38941781   0.24330996   1.94298768   7.5209543  210.97618037
   0.52637464   0.83211899   0.68791389  76.          50.        ]
  - 22: [  1.38941781   0.24330996   1.94298768   8.18897944 210.97618037
   0.52637464   0.83211899   0.68791389  76.          50.        ]
  - 23: [  1.38941781   0.24330996   1.94298768   7.57568227 210.97618037
   0.52637464   0.83211899   0.68791389  76.          50.        ]
  - 24: [  1.38941781   0.24330996   1.94298768   8.32317253 210.97618037
   0.52637464   0.83211899   0.68791389  76.          50.        ]
  - 25: [  1.38941781   0.24330996   1.94298768   8.23018547 210.97618037
   0.52637464   0.83211899   0.68791389  76.          50.        ]
  - 26: [  1.38941781   0.24330996   1.94298768   7.77703061 210.97618037
   0.52637464   0.83211899   0.68791389  76.          50.        ]
  - 27: [  1.38941781   0.24330996   1.94298768   7.64113517 210.97618037
   0.52637464   0.83211899   0.68791389  76.          50.        ]
  - 28: [  1.38941781   0.24330996   1.94298768   7.72069981 210.97618037
   0.52637464   0.83211899   0.68791389  76.          50.        ]
  - 29: [  1.38941781   0.24330996   1.94298768   8.33539681 210.97618037
   0.52637464   0.83211899   0.68791389  76.          50.        ]
  - 30: [  1.38941781   0.24330996   1.94298768   7.82460088 210.97618037
   0.52637464   0.83211899   0.68791389  76.          50.        ]
  - 31: [  1.38941781   0.24330996   1.94298768   8.10380355 210.97618037
   0.52637464   0.83211899   0.68791389  76.          50.        ]
  - 32: [  1.38941781   0.24330996   1.94298768   8.17550858 210.97618037
   0.52637464   0.83211899   0.68791389  76.          50.        ]
  - 33: [  1.38941781   0.24330996   1.94298768   7.86101698 210.97618037
   0.52637464   0.83211899   0.68791389  76.          50.        ]
  - 34: [  1.38941781   0.24330996   1.94298768   7.78695214 210.97618037
   0.52637464   0.83211899   0.68791389  76.          50.        ]
  - 35: [  1.38941781   0.24330996   1.94298768   7.5798572  210.97618037
   0.52637464   0.83211899   0.68791389  76.          50.        ]
  - 36: [  1.38941781   0.24330996   1.94298768   8.21057063 210.97618037
   0.52637464   0.83211899   0.68791389  76.          50.        ]
  - 37: [  1.38941781   0.24330996   1.94298768   7.67397541 210.97618037
   0.52637464   0.83211899   0.68791389  76.          50.        ]
  - 38: [  1.38941781   0.24330996   1.94298768   7.67336107 210.97618037
   0.52637464   0.83211899   0.68791389  76.          50.        ]
  - 39: [  1.38941781   0.24330996   1.94298768   7.92283564 210.97618037
   0.52637464   0.83211899   0.68791389  76.          50.        ]
  - 40: [  1.38941781   0.24330996   1.94298768   8.0052676  210.97618037
   0.52637464   0.83211899   0.68791389  76.          50.        ]
  - 41: [  1.38941781   0.24330996   1.94298768   8.01010994 210.97618037
   0.52637464   0.83211899   0.68791389  76.          50.        ]
  - 42: [  1.38941781   0.24330996   1.94298768   8.21016992 210.97618037
   0.52637464   0.83211899   0.68791389  76.          50.        ]
  - 43: [  1.38941781   0.24330996   1.94298768   7.5288285  210.97618037
   0.52637464   0.83211899   0.68791389  76.          50.        ]
  - 44: [  1.38941781   0.24330996   1.94298768   8.10748888 210.97618037
   0.52637464   0.83211899   0.68791389  76.          50.        ]
  - 45: [  1.38941781   0.24330996   1.94298768   7.79940531 210.97618037
   0.52637464   0.83211899   0.68791389  76.          50.        ]
  - 46: [  1.38941781   0.24330996   1.94298768   7.95358674 210.97618037
   0.52637464   0.83211899   0.68791389  76.          50.        ]
  - 47: [  1.38941781   0.24330996   1.94298768   8.35020845 210.97618037
   0.52637464   0.83211899   0.68791389  76.          50.        ]
  - 48: [  1.38941781   0.24330996   1.94298768   7.63192218 210.97618037
   0.52637464   0.83211899   0.68791389  76.          50.        ]
  - 49: [  1.38941781   0.24330996   1.94298768   8.06687596 210.97618037
   0.52637464   0.83211899   0.68791389  76.          50.        ]
  - 50: [  1.38941781   0.24330996   1.94298768   8.06615282 210.97618037
   0.52637464   0.83211899   0.68791389  76.          50.        ]
  - 51: [  1.38941781   0.24330996   1.94298768   8.27158057 210.97618037
   0.52637464   0.83211899   0.68791389  76.          50.        ]
  - 52: [  1.38941781   0.24330996   1.94298768   7.90112902 210.97618037
   0.52637464   0.83211899   0.68791389  76.          50.        ]
  - 53: [  1.38941781   0.24330996   1.94298768   7.99739473 210.97618037
   0.52637464   0.83211899   0.68791389  76.          50.        ]
  - 54: [  1.38941781   0.24330996   1.94298768   7.96557285 210.97618037
   0.52637464   0.83211899   0.68791389  76.          50.        ]
  - 55: [  1.38941781   0.24330996   1.94298768   7.99925431 210.97618037
   0.52637464   0.83211899   0.68791389  76.          50.        ]
  - 56: [  1.38941781   0.24330996   1.94298768   7.98806166 210.97618037
   0.52637464   0.83211899   0.68791389  76.          50.        ]
  - 57: [  1.38941781   0.24330996   1.94298768   7.95179218 210.97618037
   0.52637464   0.83211899   0.68791389  76.          50.        ]
  - 58: [  1.38941781   0.24330996   1.94298768   8.29260718 210.97618037
   0.52637464   0.83211899   0.68791389  76.          50.        ]
  - 59: [  1.38941781   0.24330996   1.94298768   7.74574678 210.97618037
   0.52637464   0.83211899   0.68791389  76.          50.        ]
  - 60: [  1.38941781   0.24330996   1.94298768   7.61780449 210.97618037
   0.52637464   0.83211899   0.68791389  76.          50.        ]
  - 61: [  1.38941781   0.24330996   1.94298768   8.083242   210.97618037
   0.52637464   0.83211899   0.68791389  76.          50.        ]
  - 62: [  1.38941781   0.24330996   1.94298768   7.92732438 210.97618037
   0.52637464   0.83211899   0.68791389  76.          50.        ]
  - 63: [  1.38941781   0.24330996   1.94298768   7.88172382 210.97618037
   0.52637464   0.83211899   0.68791389  76.          50.        ]
  - 64: [  1.38941781   0.24330996   1.94298768   8.12266142 210.97618037
   0.52637464   0.83211899   0.68791389  76.          50.        ]
  - 65: [  1.38941781   0.24330996   1.94298768   7.71116107 210.97618037
   0.52637464   0.83211899   0.68791389  76.          50.        ]
  - 66: [  1.38941781   0.24330996   1.94298768   7.92994027 210.97618037
   0.52637464   0.83211899   0.68791389  76.          50.        ]
  - 67: [  1.38941781   0.24330996   1.94298768   8.34320533 210.97618037
   0.52637464   0.83211899   0.68791389  76.          50.        ]
  - 68: [  1.38941781   0.24330996   1.94298768   7.92130777 210.97618037
   0.52637464   0.83211899   0.68791389  76.          50.        ]
  - 69: [  1.38941781   0.24330996   1.94298768   8.20946204 210.97618037
   0.52637464   0.83211899   0.68791389  76.          50.        ]
  - 70: [  1.38941781   0.24330996   1.94298768   7.57669996 210.97618037
   0.52637464   0.83211899   0.68791389  76.          50.        ]
  - 71: [  1.38941781   0.24330996   1.94298768   8.27962328 210.97618037
   0.52637464   0.83211899   0.68791389  76.          50.        ]
  - 72: [  1.38941781   0.24330996   1.94298768   8.00380143 210.97618037
   0.52637464   0.83211899   0.68791389  76.          50.        ]
  - 73: [  1.38941781   0.24330996   1.94298768   8.32519001 210.97618037
   0.52637464   0.83211899   0.68791389  76.          50.        ]
  - 74: [  1.38941781   0.24330996   1.94298768   7.86827353 210.97618037
   0.52637464   0.83211899   0.68791389  76.          50.        ]
  - 75: [  1.38941781   0.24330996   1.94298768   8.18615656 210.97618037
   0.52637464   0.83211899   0.68791389  76.          50.        ]
  - 76: [  1.38941781   0.24330996   1.94298768   7.57783044 210.97618037
   0.52637464   0.83211899   0.68791389  76.          50.        ]
  - 77: [  1.38941781   0.24330996   1.94298768   8.13100666 210.97618037
   0.52637464   0.83211899   0.68791389  76.          50.        ]
  - 78: [  1.38941781   0.24330996   1.94298768   8.30343031 210.97618037
   0.52637464   0.83211899   0.68791389  76.          50.        ]
  - 79: [  1.38941781   0.24330996   1.94298768   7.98513263 210.97618037
   0.52637464   0.83211899   0.68791389  76.          50.        ]
  - 80: [  1.38941781   0.24330996   1.94298768   7.58853216 210.97618037
   0.52637464   0.83211899   0.68791389  76.          50.        ]
  - 81: [  1.38941781   0.24330996   1.94298768   7.81460439 210.97618037
   0.52637464   0.83211899   0.68791389  76.          50.        ]
  - 82: [  1.38941781   0.24330996   1.94298768   8.008257   210.97618037
   0.52637464   0.83211899   0.68791389  76.          50.        ]
  - 83: [  1.38941781   0.24330996   1.94298768   8.29395526 210.97618037
   0.52637464   0.83211899   0.68791389  76.          50.        ]
  - 84: [  1.38941781   0.24330996   1.94298768   8.00129434 210.97618037
   0.52637464   0.83211899   0.68791389  76.          50.        ]
  - 85: [  1.38941781   0.24330996   1.94298768   8.01545848 210.97618037
   0.52637464   0.83211899   0.68791389  76.          50.        ]
  - 86: [  1.38941781   0.24330996   1.94298768   8.30509352 210.97618037
   0.52637464   0.83211899   0.68791389  76.          50.        ]
  - 87: [  1.38941781   0.24330996   1.94298768   8.25130894 210.97618037
   0.52637464   0.83211899   0.68791389  76.          50.        ]
  - 88: [  1.38941781   0.24330996   1.94298768   7.82576851 210.97618037
   0.52637464   0.83211899   0.68791389  76.          50.        ]
  - 89: [  1.38941781   0.24330996   1.94298768   8.22284732 210.97618037
   0.52637464   0.83211899   0.68791389  76.          50.        ]
  - 90: [  1.38941781   0.24330996   1.94298768   8.13655687 210.97618037
   0.52637464   0.83211899   0.68791389  76.          50.        ]
  - 91: [  1.38941781   0.24330996   1.94298768   7.92772376 210.97618037
   0.52637464   0.83211899   0.68791389  76.          50.        ]
  - 92: [  1.38941781   0.24330996   1.94298768   7.85876996 210.97618037
   0.52637464   0.83211899   0.68791389  76.          50.        ]
  - 93: [  1.38941781   0.24330996   1.94298768   7.6798779  210.97618037
   0.52637464   0.83211899   0.68791389  76.          50.        ]
  - 94: [  1.38941781   0.24330996   1.94298768   7.72799218 210.97618037
   0.52637464   0.83211899   0.68791389  76.          50.        ]
  - 95: [  1.38941781   0.24330996   1.94298768   8.04506119 210.97618037
   0.52637464   0.83211899   0.68791389  76.          50.        ]
  - 96: [  1.38941781   0.24330996   1.94298768   7.73057158 210.97618037
   0.52637464   0.83211899   0.68791389  76.          50.        ]
  - 97: [  1.38941781   0.24330996   1.94298768   8.0644591  210.97618037
   0.52637464   0.83211899   0.68791389  76.          50.        ]
  - 98: [  1.38941781   0.24330996   1.94298768   7.89393284 210.97618037
   0.52637464   0.83211899   0.68791389  76.          50.        ]
  - 99: [  1.38941781   0.24330996   1.94298768   7.80910923 210.97618037
   0.52637464   0.83211899   0.68791389  76.          50.        ]
Updating sensitivity info in ERGOM_L4_observability_ARGO_DIC_JUN.pickle with model results...
Done
