Starting ppserver on r515c05n[03-04]:60310
Host names provided to parsac: r515c05n03:60310,r515c05n04:60310,
Starting parsac
Reading sensitivity samples from ERGOM_L4_observability_ARGO_NO3_JUN.pickle...
Reading configuration from L4_observability_ARGO_NO3_JUN.xml...
Starting Parallel Python server...
Giving Parallel Python 10 seconds to connect to: r515c05n03:60310, r515c05n04:60310
Running on:
   local: 0 cpus
   r515c05n04:60310: 48 cpus
   r515c05n03:60310: 48 cpus
Total number of cpus: 96
Starting model run...
Model run took 5.9 s.
 Processed /g100_scratch/usertrain/a08trb35/ERGOM_L4_JUN_ARGO_NO3_OBSERVABILITY/0000...
Starting model run...
Model run took 6.5 s.
 Processed /g100_scratch/usertrain/a08trb35/ERGOM_L4_JUN_ARGO_NO3_OBSERVABILITY/0001...
Starting model run...
Model run took 5.9 s.
 Processed /g100_scratch/usertrain/a08trb35/ERGOM_L4_JUN_ARGO_NO3_OBSERVABILITY/0002...
Starting model run...
Model run took 5.9 s.
 Processed /g100_scratch/usertrain/a08trb35/ERGOM_L4_JUN_ARGO_NO3_OBSERVABILITY/0003...
Starting model run...
Model run took 5.7 s.
 Processed /g100_scratch/usertrain/a08trb35/ERGOM_L4_JUN_ARGO_NO3_OBSERVABILITY/0004...
Starting model run...
Model run took 6.1 s.
 Processed /g100_scratch/usertrain/a08trb35/ERGOM_L4_JUN_ARGO_NO3_OBSERVABILITY/0005...
Starting model run...
Model run took 6.2 s.
 Processed /g100_scratch/usertrain/a08trb35/ERGOM_L4_JUN_ARGO_NO3_OBSERVABILITY/0006...
Starting model run...
Model run took 5.8 s.
 Processed /g100_scratch/usertrain/a08trb35/ERGOM_L4_JUN_ARGO_NO3_OBSERVABILITY/0007...
Starting model run...
Model run took 5.8 s.
 Processed /g100_scratch/usertrain/a08trb35/ERGOM_L4_JUN_ARGO_NO3_OBSERVABILITY/0008...
Starting model run...
Model run took 6.1 s.
 Processed /g100_scratch/usertrain/a08trb35/ERGOM_L4_JUN_ARGO_NO3_OBSERVABILITY/0009...
Starting model run...
Model run took 6.0 s.
 Processed /g100_scratch/usertrain/a08trb35/ERGOM_L4_JUN_ARGO_NO3_OBSERVABILITY/0010...
Starting model run...
Model run took 5.9 s.
 Processed /g100_scratch/usertrain/a08trb35/ERGOM_L4_JUN_ARGO_NO3_OBSERVABILITY/0011...
Starting model run...
Model run took 5.9 s.
 Processed /g100_scratch/usertrain/a08trb35/ERGOM_L4_JUN_ARGO_NO3_OBSERVABILITY/0012...
Starting model run...
Model run took 5.8 s.
 Processed /g100_scratch/usertrain/a08trb35/ERGOM_L4_JUN_ARGO_NO3_OBSERVABILITY/0013...
Starting model run...
Model run took 6.4 s.
 Processed /g100_scratch/usertrain/a08trb35/ERGOM_L4_JUN_ARGO_NO3_OBSERVABILITY/0014...
Starting model run...
Model run took 6.0 s.
 Processed /g100_scratch/usertrain/a08trb35/ERGOM_L4_JUN_ARGO_NO3_OBSERVABILITY/0015...
Starting model run...
Model run took 5.9 s.
 Processed /g100_scratch/usertrain/a08trb35/ERGOM_L4_JUN_ARGO_NO3_OBSERVABILITY/0016...
Starting model run...
Model run took 5.8 s.
 Processed /g100_scratch/usertrain/a08trb35/ERGOM_L4_JUN_ARGO_NO3_OBSERVABILITY/0017...
Starting model run...
Model run took 6.4 s.
 Processed /g100_scratch/usertrain/a08trb35/ERGOM_L4_JUN_ARGO_NO3_OBSERVABILITY/0018...
Starting model run...
Model run took 6.0 s.
 Processed /g100_scratch/usertrain/a08trb35/ERGOM_L4_JUN_ARGO_NO3_OBSERVABILITY/0019...
Starting model run...
Model run took 6.3 s.
 Processed /g100_scratch/usertrain/a08trb35/ERGOM_L4_JUN_ARGO_NO3_OBSERVABILITY/0020...
Starting model run...
Model run took 6.0 s.
 Processed /g100_scratch/usertrain/a08trb35/ERGOM_L4_JUN_ARGO_NO3_OBSERVABILITY/0021...
Starting model run...
Model run took 5.8 s.
 Processed /g100_scratch/usertrain/a08trb35/ERGOM_L4_JUN_ARGO_NO3_OBSERVABILITY/0022...
Starting model run...
Model run took 6.2 s.
 Processed /g100_scratch/usertrain/a08trb35/ERGOM_L4_JUN_ARGO_NO3_OBSERVABILITY/0023...
Starting model run...
Model run took 5.9 s.
 Processed /g100_scratch/usertrain/a08trb35/ERGOM_L4_JUN_ARGO_NO3_OBSERVABILITY/0024...
Starting model run...
Model run took 6.0 s.
 Processed /g100_scratch/usertrain/a08trb35/ERGOM_L4_JUN_ARGO_NO3_OBSERVABILITY/0025...
Starting model run...
Model run took 5.9 s.
 Processed /g100_scratch/usertrain/a08trb35/ERGOM_L4_JUN_ARGO_NO3_OBSERVABILITY/0026...
Starting model run...
Model run took 5.9 s.
 Processed /g100_scratch/usertrain/a08trb35/ERGOM_L4_JUN_ARGO_NO3_OBSERVABILITY/0027...
Starting model run...
Model run took 5.8 s.
 Processed /g100_scratch/usertrain/a08trb35/ERGOM_L4_JUN_ARGO_NO3_OBSERVABILITY/0028...
Starting model run...
Model run took 5.9 s.
 Processed /g100_scratch/usertrain/a08trb35/ERGOM_L4_JUN_ARGO_NO3_OBSERVABILITY/0029...
Starting model run...
Model run took 5.9 s.
 Processed /g100_scratch/usertrain/a08trb35/ERGOM_L4_JUN_ARGO_NO3_OBSERVABILITY/0030...
Starting model run...
Model run took 5.9 s.
 Processed /g100_scratch/usertrain/a08trb35/ERGOM_L4_JUN_ARGO_NO3_OBSERVABILITY/0031...
Starting model run...
Model run took 5.9 s.
 Processed /g100_scratch/usertrain/a08trb35/ERGOM_L4_JUN_ARGO_NO3_OBSERVABILITY/0032...
Starting model run...
Model run took 6.0 s.
 Processed /g100_scratch/usertrain/a08trb35/ERGOM_L4_JUN_ARGO_NO3_OBSERVABILITY/0033...
Starting model run...
Model run took 5.9 s.
 Processed /g100_scratch/usertrain/a08trb35/ERGOM_L4_JUN_ARGO_NO3_OBSERVABILITY/0034...
Starting model run...
Model run took 6.0 s.
 Processed /g100_scratch/usertrain/a08trb35/ERGOM_L4_JUN_ARGO_NO3_OBSERVABILITY/0035...
Starting model run...
Model run took 6.0 s.
 Processed /g100_scratch/usertrain/a08trb35/ERGOM_L4_JUN_ARGO_NO3_OBSERVABILITY/0036...
Starting model run...
Model run took 6.2 s.
 Processed /g100_scratch/usertrain/a08trb35/ERGOM_L4_JUN_ARGO_NO3_OBSERVABILITY/0037...
Starting model run...
Model run took 5.9 s.
 Processed /g100_scratch/usertrain/a08trb35/ERGOM_L4_JUN_ARGO_NO3_OBSERVABILITY/0038...
Starting model run...
Model run took 6.0 s.
 Processed /g100_scratch/usertrain/a08trb35/ERGOM_L4_JUN_ARGO_NO3_OBSERVABILITY/0039...
Starting model run...
Model run took 6.0 s.
 Processed /g100_scratch/usertrain/a08trb35/ERGOM_L4_JUN_ARGO_NO3_OBSERVABILITY/0040...
Starting model run...
Model run took 5.8 s.
 Processed /g100_scratch/usertrain/a08trb35/ERGOM_L4_JUN_ARGO_NO3_OBSERVABILITY/0041...
Starting model run...
Model run took 5.8 s.
 Processed /g100_scratch/usertrain/a08trb35/ERGOM_L4_JUN_ARGO_NO3_OBSERVABILITY/0042...
Starting model run...
Model run took 6.1 s.
 Processed /g100_scratch/usertrain/a08trb35/ERGOM_L4_JUN_ARGO_NO3_OBSERVABILITY/0043...
Starting model run...
Model run took 5.9 s.
 Processed /g100_scratch/usertrain/a08trb35/ERGOM_L4_JUN_ARGO_NO3_OBSERVABILITY/0044...
Starting model run...
Model run took 5.8 s.
 Processed /g100_scratch/usertrain/a08trb35/ERGOM_L4_JUN_ARGO_NO3_OBSERVABILITY/0045...
Starting model run...
Model run took 6.0 s.
 Processed /g100_scratch/usertrain/a08trb35/ERGOM_L4_JUN_ARGO_NO3_OBSERVABILITY/0046...
Starting model run...
Model run took 6.1 s.
 Processed /g100_scratch/usertrain/a08trb35/ERGOM_L4_JUN_ARGO_NO3_OBSERVABILITY/0047...
Starting model run...
Model run took 6.0 s.
 Processed /g100_scratch/usertrain/a08trb35/ERGOM_L4_JUN_ARGO_NO3_OBSERVABILITY/0048...
Starting model run...
Model run took 5.8 s.
 Processed /g100_scratch/usertrain/a08trb35/ERGOM_L4_JUN_ARGO_NO3_OBSERVABILITY/0049...
Starting model run...
Model run took 5.9 s.
 Processed /g100_scratch/usertrain/a08trb35/ERGOM_L4_JUN_ARGO_NO3_OBSERVABILITY/0050...
Starting model run...
Model run took 6.3 s.
 Processed /g100_scratch/usertrain/a08trb35/ERGOM_L4_JUN_ARGO_NO3_OBSERVABILITY/0051...
Starting model run...
Model run took 5.8 s.
 Processed /g100_scratch/usertrain/a08trb35/ERGOM_L4_JUN_ARGO_NO3_OBSERVABILITY/0052...
Starting model run...
Model run took 5.9 s.
 Processed /g100_scratch/usertrain/a08trb35/ERGOM_L4_JUN_ARGO_NO3_OBSERVABILITY/0053...
Starting model run...
Model run took 6.2 s.
 Processed /g100_scratch/usertrain/a08trb35/ERGOM_L4_JUN_ARGO_NO3_OBSERVABILITY/0054...
Starting model run...
Model run took 5.9 s.
 Processed /g100_scratch/usertrain/a08trb35/ERGOM_L4_JUN_ARGO_NO3_OBSERVABILITY/0055...
Starting model run...
Model run took 6.0 s.
 Processed /g100_scratch/usertrain/a08trb35/ERGOM_L4_JUN_ARGO_NO3_OBSERVABILITY/0056...
Starting model run...
Model run took 6.5 s.
 Processed /g100_scratch/usertrain/a08trb35/ERGOM_L4_JUN_ARGO_NO3_OBSERVABILITY/0057...
Starting model run...
Model run took 6.0 s.
 Processed /g100_scratch/usertrain/a08trb35/ERGOM_L4_JUN_ARGO_NO3_OBSERVABILITY/0058...
Starting model run...
Model run took 6.0 s.
 Processed /g100_scratch/usertrain/a08trb35/ERGOM_L4_JUN_ARGO_NO3_OBSERVABILITY/0059...
Starting model run...
Model run took 5.8 s.
 Processed /g100_scratch/usertrain/a08trb35/ERGOM_L4_JUN_ARGO_NO3_OBSERVABILITY/0060...
Starting model run...
Model run took 6.2 s.
 Processed /g100_scratch/usertrain/a08trb35/ERGOM_L4_JUN_ARGO_NO3_OBSERVABILITY/0061...
Starting model run...
Model run took 6.2 s.
 Processed /g100_scratch/usertrain/a08trb35/ERGOM_L4_JUN_ARGO_NO3_OBSERVABILITY/0062...
Starting model run...
Model run took 5.9 s.
 Processed /g100_scratch/usertrain/a08trb35/ERGOM_L4_JUN_ARGO_NO3_OBSERVABILITY/0063...
Starting model run...
Model run took 6.1 s.
 Processed /g100_scratch/usertrain/a08trb35/ERGOM_L4_JUN_ARGO_NO3_OBSERVABILITY/0064...
Starting model run...
Model run took 6.1 s.
 Processed /g100_scratch/usertrain/a08trb35/ERGOM_L4_JUN_ARGO_NO3_OBSERVABILITY/0065...
Starting model run...
Model run took 6.0 s.
 Processed /g100_scratch/usertrain/a08trb35/ERGOM_L4_JUN_ARGO_NO3_OBSERVABILITY/0066...
Starting model run...
Model run took 5.8 s.
 Processed /g100_scratch/usertrain/a08trb35/ERGOM_L4_JUN_ARGO_NO3_OBSERVABILITY/0067...
Starting model run...
Model run took 6.0 s.
 Processed /g100_scratch/usertrain/a08trb35/ERGOM_L4_JUN_ARGO_NO3_OBSERVABILITY/0068...
Starting model run...
Model run took 5.9 s.
 Processed /g100_scratch/usertrain/a08trb35/ERGOM_L4_JUN_ARGO_NO3_OBSERVABILITY/0069...
Starting model run...
Model run took 5.8 s.
 Processed /g100_scratch/usertrain/a08trb35/ERGOM_L4_JUN_ARGO_NO3_OBSERVABILITY/0070...
Starting model run...
Model run took 6.2 s.
 Processed /g100_scratch/usertrain/a08trb35/ERGOM_L4_JUN_ARGO_NO3_OBSERVABILITY/0071...
Starting model run...
Model run took 6.2 s.
 Processed /g100_scratch/usertrain/a08trb35/ERGOM_L4_JUN_ARGO_NO3_OBSERVABILITY/0072...
Starting model run...
Model run took 6.1 s.
 Processed /g100_scratch/usertrain/a08trb35/ERGOM_L4_JUN_ARGO_NO3_OBSERVABILITY/0073...
Starting model run...
Model run took 6.1 s.
 Processed /g100_scratch/usertrain/a08trb35/ERGOM_L4_JUN_ARGO_NO3_OBSERVABILITY/0074...
Starting model run...
Model run took 5.8 s.
 Processed /g100_scratch/usertrain/a08trb35/ERGOM_L4_JUN_ARGO_NO3_OBSERVABILITY/0075...
Starting model run...
Model run took 6.0 s.
 Processed /g100_scratch/usertrain/a08trb35/ERGOM_L4_JUN_ARGO_NO3_OBSERVABILITY/0076...
Starting model run...
Model run took 6.0 s.
 Processed /g100_scratch/usertrain/a08trb35/ERGOM_L4_JUN_ARGO_NO3_OBSERVABILITY/0077...
Starting model run...
Model run took 6.0 s.
 Processed /g100_scratch/usertrain/a08trb35/ERGOM_L4_JUN_ARGO_NO3_OBSERVABILITY/0078...
Starting model run...
Model run took 5.8 s.
 Processed /g100_scratch/usertrain/a08trb35/ERGOM_L4_JUN_ARGO_NO3_OBSERVABILITY/0079...
Starting model run...
Model run took 5.7 s.
 Processed /g100_scratch/usertrain/a08trb35/ERGOM_L4_JUN_ARGO_NO3_OBSERVABILITY/0080...
Starting model run...
Model run took 5.8 s.
 Processed /g100_scratch/usertrain/a08trb35/ERGOM_L4_JUN_ARGO_NO3_OBSERVABILITY/0081...
Starting model run...
Model run took 6.1 s.
 Processed /g100_scratch/usertrain/a08trb35/ERGOM_L4_JUN_ARGO_NO3_OBSERVABILITY/0082...
Starting model run...
Model run took 5.9 s.
 Processed /g100_scratch/usertrain/a08trb35/ERGOM_L4_JUN_ARGO_NO3_OBSERVABILITY/0083...
Starting model run...
Model run took 6.1 s.
 Processed /g100_scratch/usertrain/a08trb35/ERGOM_L4_JUN_ARGO_NO3_OBSERVABILITY/0084...
Starting model run...
Model run took 5.9 s.
 Processed /g100_scratch/usertrain/a08trb35/ERGOM_L4_JUN_ARGO_NO3_OBSERVABILITY/0085...
Starting model run...
Model run took 6.0 s.
 Processed /g100_scratch/usertrain/a08trb35/ERGOM_L4_JUN_ARGO_NO3_OBSERVABILITY/0086...
Starting model run...
Model run took 6.0 s.
 Processed /g100_scratch/usertrain/a08trb35/ERGOM_L4_JUN_ARGO_NO3_OBSERVABILITY/0087...
Starting model run...
Model run took 5.8 s.
 Processed /g100_scratch/usertrain/a08trb35/ERGOM_L4_JUN_ARGO_NO3_OBSERVABILITY/0088...
Starting model run...
Model run took 6.1 s.
 Processed /g100_scratch/usertrain/a08trb35/ERGOM_L4_JUN_ARGO_NO3_OBSERVABILITY/0089...
Starting model run...
Model run took 5.8 s.
 Processed /g100_scratch/usertrain/a08trb35/ERGOM_L4_JUN_ARGO_NO3_OBSERVABILITY/0090...
Starting model run...
Model run took 5.9 s.
 Processed /g100_scratch/usertrain/a08trb35/ERGOM_L4_JUN_ARGO_NO3_OBSERVABILITY/0091...
Starting model run...
Model run took 5.9 s.
 Processed /g100_scratch/usertrain/a08trb35/ERGOM_L4_JUN_ARGO_NO3_OBSERVABILITY/0092...
Starting model run...
Model run took 5.8 s.
 Processed /g100_scratch/usertrain/a08trb35/ERGOM_L4_JUN_ARGO_NO3_OBSERVABILITY/0093...
Starting model run...
Model run took 6.2 s.
 Processed /g100_scratch/usertrain/a08trb35/ERGOM_L4_JUN_ARGO_NO3_OBSERVABILITY/0094...
Starting model run...
Model run took 6.0 s.
 Processed /g100_scratch/usertrain/a08trb35/ERGOM_L4_JUN_ARGO_NO3_OBSERVABILITY/0095...
Starting model run...
Model run took 5.9 s.
 Processed /g100_scratch/usertrain/a08trb35/ERGOM_L4_JUN_ARGO_NO3_OBSERVABILITY/0096...
Starting model run...
Model run took 5.9 s.
 Processed /g100_scratch/usertrain/a08trb35/ERGOM_L4_JUN_ARGO_NO3_OBSERVABILITY/0097...
Starting model run...
Model run took 6.2 s.
 Processed /g100_scratch/usertrain/a08trb35/ERGOM_L4_JUN_ARGO_NO3_OBSERVABILITY/0098...
Starting model run...
Model run took 5.8 s.
 Processed /g100_scratch/usertrain/a08trb35/ERGOM_L4_JUN_ARGO_NO3_OBSERVABILITY/0099...
Retrieving value of target expression(s) for each ensemble member...
  - 0: [  1.3872922    0.24311198   1.93764758   8.00447547 210.95397418
   0.52382946   0.8339119    0.68817598  76.          50.        ]
  - 1: [  1.38942138   0.24331029   1.94299734   8.00451527 210.97556471
   0.52637917   0.83211422   0.6879133   76.          50.        ]
  - 2: [  1.38605458   0.24299626   1.9346658    8.00445291 210.94231912
   0.52245992   0.83483028   0.68804073  76.          50.        ]
  - 3: [  1.38160863   0.2425366    1.92410755   8.00437529 210.90733271
   0.51752454   0.84201813   0.6866765   75.          50.        ]
  - 4: [  1.38942138   0.24331029   1.94299734   8.00451527 210.97539487
   0.52637917   0.83211422   0.6879133   76.          50.        ]
  - 5: [  1.32978796   0.23240942   1.78418183   8.00362164 210.80095109
   0.47967914   0.83372021   0.6814869   88.          50.        ]
  - 6: [  1.38942138   0.24331029   1.94299734   8.00451527 210.97601053
   0.52637917   0.83211422   0.6879133   76.          50.        ]
  - 7: [  1.38942138   0.24331029   1.94299734   8.00451527 210.97543733
   0.52637917   0.83211422   0.6879133   76.          50.        ]
  - 8: [  1.38942138   0.24331029   1.94299734   8.00451527 210.97569209
   0.52637917   0.83211422   0.6879133   76.          50.        ]
  - 9: [  1.38942138   0.24331029   1.94299734   8.00451527 210.97543733
   0.52637917   0.83211422   0.6879133   76.          50.        ]
  - 10: [  1.38291011   0.24268202   1.92712116   8.00439785 210.91669497
   0.51892006   0.83879757   0.68708128  75.          50.        ]
  - 11: [  1.32575126   0.23108846   1.78245246   8.00358582 210.80154552
   0.47492379   0.8545866    0.68480074  88.          50.        ]
  - 12: [  1.37325826   0.24143511   1.88788188   8.00422204 210.85827106
   0.51092112   0.85880852   0.68303299  75.          50.        ]
  - 13: [  1.38942138   0.24331029   1.94299734   8.00451527 210.97592561
   0.52637917   0.83211422   0.6879133   76.          50.        ]
  - 14: [  1.38942138   0.24331029   1.94299734   8.00451527 210.97533118
   0.52637917   0.83211422   0.6879133   76.          50.        ]
  - 15: [  1.33034142   0.23258276   1.78437805   8.00362695 210.80069633
   0.48029697   0.83053398   0.68107665  88.          50.        ]
  - 16: [  1.38461154   0.24285562   1.93119884   8.00442837 210.93013332
   0.52084666   0.83621216   0.68764001  76.          50.        ]
  - 17: [  1.37757343   0.24210142   1.91068304   8.00430364 210.87922469
   0.5135358    0.85117912   0.68543738  75.          50.        ]
  - 18: [  1.38942138   0.24331029   1.94299734   8.00451527 210.97537364
   0.52637917   0.83211422   0.6879133   76.          50.        ]
  - 19: [  1.38748194   0.24312957   1.93810773   8.00447945 210.95582116
   0.52404255   0.83377171   0.68817973  76.          50.        ]
  - 20: [  1.38942138   0.24331029   1.94299734   8.00451527 210.97528872
   0.52637917   0.83211422   0.6879133   76.          50.        ]
  - 21: [  1.38942138   0.24331029   1.94299734   8.00451527 210.97530995
   0.52637917   0.83211422   0.6879133   76.          50.        ]
  - 22: [  1.34599437   0.23661873   1.79902911   8.00379546 210.79543139
   0.49440309   0.79279804   0.67506868  74.          50.        ]
  - 23: [  1.38942138   0.24331029   1.94299734   8.00451527 210.97567086
   0.52637917   0.83211422   0.6879133   76.          50.        ]
  - 24: [  1.37134834   0.24113168   1.87907946   8.00418953 210.85054348
   0.50989062   0.86120224   0.68208432  75.          50.        ]
  - 25: [  1.32074116   0.22931775   1.77856112   8.00354468 210.80044158
   0.4685809    0.8826046    0.68945014  79.          50.        ]
  - 26: [  1.38942138   0.24331029   1.94299734   8.00451527 210.97514012
   0.52637917   0.83211422   0.6879133   76.          50.        ]
  - 27: [  1.35760846   0.23884672   1.82753062   8.00396198 210.80940048
   0.50208008   0.81781387   0.67652023  75.          50.        ]
  - 28: [  1.31501463   0.22712676   1.7707181    8.00349692 210.79825493
   0.46102953   0.91464424   0.69528955  79.          50.        ]
  - 29: [  1.38282834   0.24267292   1.92693019   8.00439586 210.91610054
   0.51883137   0.83899403   0.68705601  75.          50.        ]
  - 30: [  1.38271821   0.24266066   1.92667305   8.00439519 210.91527259
   0.5187121    0.8392601    0.68702197  75.          50.        ]
  - 31: [  1.38942138   0.24331029   1.94299734   8.00451527 210.97584069
   0.52637917   0.83211422   0.6879133   76.          50.        ]
  - 32: [  1.36794696   0.24059758   1.86475658   8.00412916 210.83810292
   0.50803387   0.85422707   0.68054938  75.          50.        ]
  - 33: [  1.38942138   0.24331029   1.94299734   8.00451527 210.97526749
   0.52637917   0.83211422   0.6879133   76.          50.        ]
  - 34: [  1.38942138   0.24331029   1.94299734   8.00451527 210.97516135
   0.52637917   0.83211422   0.6879133   76.          50.        ]
  - 35: [  1.38942138   0.24331029   1.94299734   8.00451527 210.97535241
   0.52637917   0.83211422   0.6879133   76.          50.        ]
  - 36: [  1.38942138   0.24331029   1.94299734   8.00451527 210.97524626
   0.52637917   0.83211422   0.6879133   76.          50.        ]
  - 37: [  1.38942138   0.24331029   1.94299734   8.00451527 210.97584069
   0.52637917   0.83211422   0.6879133   76.          50.        ]
  - 38: [  1.35086988   0.23759553   1.80923724   8.00386246 210.80065387
   0.49787277   0.8008728    0.67521781  74.          50.        ]
  - 39: [  1.38942138   0.24331029   1.94299734   8.00451527 210.97514012
   0.52637917   0.83211422   0.6879133   76.          50.        ]
  - 40: [  1.33071551   0.23269887   1.78451073   8.00363093 210.80052649
   0.48070988   0.82834816   0.6808061   88.          50.        ]
  - 41: [  1.38942138   0.24331029   1.94299734   8.00451527 210.97584069
   0.52637917   0.83211422   0.6879133   76.          50.        ]
  - 42: [  1.3381623    0.23480321   1.78859973   8.00370391 210.79636549
   0.488089     0.79142952   0.67673904  78.          50.        ]
  - 43: [  1.33686406   0.23446578   1.78755343   8.00368997 210.79698115
   0.48691547   0.79460907   0.67725968  78.          50.        ]
  - 44: [  1.36520867   0.24015155   1.85390735   8.00408338 210.82946247
   0.50653577   0.84393597   0.67929763  75.          50.        ]
  - 45: [  1.32474269   0.23074451   1.78185499   8.00357852 210.80139691
   0.47367987   0.85897636   0.68569702  88.          50.        ]
  - 46: [  1.38942138   0.24331029   1.94299734   8.00451527 210.97579823
   0.52637917   0.83211422   0.6879133   76.          50.        ]
  - 47: [  1.37157366   0.24116741   1.88009167   8.00419285 210.85143512
   0.51001155   0.86102676   0.6821931   75.          50.        ]
  - 48: [  1.38942138   0.24331029   1.94299734   8.00451527 210.97567086
   0.52637917   0.83211422   0.6879133   76.          50.        ]
  - 49: [  1.38942138   0.24331029   1.94299734   8.00451527 210.97522503
   0.52637917   0.83211422   0.6879133   76.          50.        ]
  - 50: [  1.38903129   0.24327353   1.94198096   8.00450798 210.97195567
   0.52588052   0.83249664   0.68799096  76.          50.        ]
  - 51: [  1.3186886    0.22854374   1.77620566   8.00352677 210.80020805
   0.46586806   0.89535713   0.69153631  79.          50.        ]
  - 52: [  1.34057592   0.2354016    1.79102826   8.00373111 210.79547385
   0.49015725   0.78728294   0.67596918  74.          50.        ]
  - 53: [  1.3854011    0.24293336   1.933092     8.0044423  210.9365659
   0.52173221   0.83541107   0.6878826   76.          50.        ]
  - 54: [  1.38942138   0.24331029   1.94299734   8.00451527 210.97579823
   0.52637917   0.83211422   0.6879133   76.          50.        ]
  - 55: [  1.34774498   0.23697886   1.80239999   8.00381934 210.79681131
   0.49569723   0.79543304   0.67501611  74.          50.        ]
  - 56: [  1.38942138   0.24331029   1.94299734   8.00451527 210.97547979
   0.52637917   0.83211422   0.6879133   76.          50.        ]
  - 57: [  1.38942138   0.24331029   1.94299734   8.00451527 210.97552225
   0.52637917   0.83211422   0.6879133   76.          50.        ]
  - 58: [  1.38942138   0.24331029   1.94299734   8.00451527 210.97613791
   0.52637917   0.83211422   0.6879133   76.          50.        ]
  - 59: [  1.38942138   0.24331029   1.94299734   8.00451527 210.97526749
   0.52637917   0.83211422   0.6879133   76.          50.        ]
  - 60: [  1.36477736   0.24007949   1.85224605   8.00407675 210.828125
   0.50629592   0.84230995   0.67910236  75.          50.        ]
  - 61: [  1.35594658   0.23855101   1.82259834   8.0039361  210.80672554
   0.50105983   0.81300354   0.67612958  75.          50.        ]
  - 62: [  1.37453112   0.24163659   1.89398241   8.00424526 210.86357846
   0.51161641   0.85674286   0.68368351  75.          50.        ]
  - 63: [  1.33255179   0.23325558   1.78519356   8.00364685 210.79950747
   0.48267725   0.81734371   0.67956394  88.          50.        ]
  - 64: [  1.33830012   0.23483837   1.78872132   8.00370523 210.79632303
   0.48821101   0.79111862   0.6766879   78.          50.        ]
  - 65: [  1.38942138   0.24331029   1.94299734   8.00451527 210.97526749
   0.52637917   0.83211422   0.6879133   76.          50.        ]
  - 66: [  1.38942138   0.24331029   1.94299734   8.00451527 210.97552225
   0.52637917   0.83211422   0.6879133   76.          50.        ]
  - 67: [  1.38942138   0.24331029   1.94299734   8.00451527 210.97522503
   0.52637917   0.83211422   0.6879133   76.          50.        ]
  - 68: [  1.38942138   0.24331029   1.94299734   8.00451527 210.97584069
   0.52637917   0.83211422   0.6879133   76.          50.        ]
  - 69: [  1.38942138   0.24331029   1.94299734   8.00451527 210.97514012
   0.52637917   0.83211422   0.6879133   76.          50.        ]
  - 70: [  1.333669     0.23358251   1.78567255   8.00365747 210.79882812
   0.48382628   0.81053162   0.67888105  88.          50.        ]
  - 71: [  1.36306207   0.23978736   1.84577131   8.00404822 210.82319973
   0.50534296   0.83581066   0.67832774  75.          50.        ]
  - 72: [  1.33080159   0.23272544   1.78454137   8.00363159 210.80048404
   0.48080418   0.82784271   0.68074483  88.          50.        ]
  - 73: [  1.32722009   0.23157987   1.78317976   8.00359975 210.80156675
   0.47669959   0.84755993   0.68353659  88.          50.        ]
  - 74: [  1.38942138   0.24331029   1.94299734   8.00451527 210.97535241
   0.52637917   0.83211422   0.6879133   76.          50.        ]
  - 75: [  1.38942138   0.24331029   1.94299734   8.00451527 210.97552225
   0.52637917   0.83211422   0.6879133   76.          50.        ]
  - 76: [  1.33538785   0.23406722   1.78657413   8.00367538 210.79778787
   0.48552454   0.8000927    0.67794818  88.          50.        ]
  - 77: [  1.36759269   0.24054138   1.8633337    8.00412385 210.83689283
   0.50783783   0.85292339   0.68039656  75.          50.        ]
  - 78: [  1.38942138   0.24331029   1.94299734   8.00451527 210.97543733
   0.52637917   0.83211422   0.6879133   76.          50.        ]
  - 79: [  1.38942138   0.24331029   1.94299734   8.00451527 210.97567086
   0.52637917   0.83211422   0.6879133   76.          50.        ]
  - 80: [  1.32715515   0.2315584    1.78315055   8.00359975 210.80156675
   0.47662202   0.84788609   0.68359113  88.          50.        ]
  - 81: [  1.34269565   0.23589766   1.79372454   8.00375565 210.79487942
   0.49186936   0.78894424   0.67549461  74.          50.        ]
  - 82: [  1.34389488   0.23616651   1.79549944   8.00377091 210.79477327
   0.49280837   0.79016972   0.67529148  74.          50.        ]
  - 83: [  1.33866924   0.2349319    1.78905666   8.00370921 210.79615319
   0.48853526   0.79031944   0.67655599  78.          50.        ]
  - 84: [  1.31754137   0.22810483   1.77465773   8.00351748 210.79978346
   0.46435115   0.90192318   0.69270384  79.          50.        ]
  - 85: [  1.38942138   0.24331029   1.94299734   8.00451527 210.97613791
   0.52637917   0.83211422   0.6879133   76.          50.        ]
  - 86: [  1.3364296    0.23435026   1.78724158   8.00368467 210.79721467
   0.48651254   0.79578495   0.6774509   78.          50.        ]
  - 87: [  1.38942138   0.24331029   1.94299734   8.00451527 210.97560717
   0.52637917   0.83211422   0.6879133   76.          50.        ]
  - 88: [  1.38942138   0.24331029   1.94299734   8.00451527 210.97516135
   0.52637917   0.83211422   0.6879133   76.          50.        ]
  - 89: [  1.38942138   0.24331029   1.94299734   8.00451527 210.97514012
   0.52637917   0.83211422   0.6879133   76.          50.        ]
  - 90: [  1.31870436   0.22854973   1.77622592   8.00352677 210.80022928
   0.46588898   0.89526558   0.69152009  79.          50.        ]
  - 91: [  1.38913246   0.24328296   1.94224417   8.00451063 210.97305961
   0.52600908   0.83239937   0.68796891  76.          50.        ]
  - 92: [  1.38942138   0.24331029   1.94299734   8.00451527 210.97556471
   0.52637917   0.83211422   0.6879133   76.          50.        ]
  - 93: [  1.35642267   0.23863637   1.82398474   8.00394274 210.80740489
   0.50135291   0.81436157   0.67623609  75.          50.        ]
  - 94: [  1.36130988   0.23948303   1.83947551   8.0040197  210.81857167
   0.50435758   0.82939816   0.67758417  75.          50.        ]
  - 95: [  1.38942138   0.24331029   1.94299734   8.00451527 210.97509766
   0.52637917   0.83211422   0.6879133   76.          50.        ]
  - 96: [  1.38942138   0.24331029   1.94299734   8.00451527 210.97524626
   0.52637917   0.83211422   0.6879133   76.          50.        ]
  - 97: [  1.38941881   0.24331006   1.9429903    8.00451527 210.97615914
   0.52637589   0.83211613   0.68791395  76.          50.        ]
  - 98: [  1.38942138   0.24331029   1.94299734   8.00451527 210.97552225
   0.52637917   0.83211422   0.6879133   76.          50.        ]
  - 99: [  1.38228848   0.24261269   1.92567492   8.00438657 210.91215183
   0.51824963   0.84031963   0.68688613  75.          50.        ]
Updating sensitivity info in ERGOM_L4_observability_ARGO_NO3_JUN.pickle with model results...
Done
