Starting ppserver on r515c06n[01-02]:55140
Host names provided to parsac: r515c06n01:55140,r515c06n02:55140,
Starting parsac
Reading sensitivity samples from ERGOM_L4_observability_ARGO_POC_JUN.pickle...
Reading configuration from L4_observability_ARGO_POC_JUN.xml...
Starting Parallel Python server...
Giving Parallel Python 10 seconds to connect to: r515c06n01:55140, r515c06n02:55140
Running on:
   local: 0 cpus
   r515c06n02:55140: 48 cpus
   r515c06n01:55140: 48 cpus
Total number of cpus: 96
Starting model run...
Model run took 6.1 s.
 Processed /g100_scratch/usertrain/a08trb35/ERGOM_L4_JUN_ARGO_POC_OBSERVABILITY/0000...
Starting model run...
Model run took 6.1 s.
 Processed /g100_scratch/usertrain/a08trb35/ERGOM_L4_JUN_ARGO_POC_OBSERVABILITY/0001...
Starting model run...
Model run took 6.1 s.
 Processed /g100_scratch/usertrain/a08trb35/ERGOM_L4_JUN_ARGO_POC_OBSERVABILITY/0002...
Starting model run...
Model run took 6.0 s.
 Processed /g100_scratch/usertrain/a08trb35/ERGOM_L4_JUN_ARGO_POC_OBSERVABILITY/0003...
Starting model run...
Model run took 6.0 s.
 Processed /g100_scratch/usertrain/a08trb35/ERGOM_L4_JUN_ARGO_POC_OBSERVABILITY/0004...
Starting model run...
Model run took 5.8 s.
 Processed /g100_scratch/usertrain/a08trb35/ERGOM_L4_JUN_ARGO_POC_OBSERVABILITY/0005...
Starting model run...
Model run took 5.9 s.
 Processed /g100_scratch/usertrain/a08trb35/ERGOM_L4_JUN_ARGO_POC_OBSERVABILITY/0006...
Starting model run...
Model run took 6.0 s.
 Processed /g100_scratch/usertrain/a08trb35/ERGOM_L4_JUN_ARGO_POC_OBSERVABILITY/0007...
Starting model run...
Model run took 5.8 s.
 Processed /g100_scratch/usertrain/a08trb35/ERGOM_L4_JUN_ARGO_POC_OBSERVABILITY/0008...
Starting model run...
Model run took 5.9 s.
 Processed /g100_scratch/usertrain/a08trb35/ERGOM_L4_JUN_ARGO_POC_OBSERVABILITY/0009...
Starting model run...
Model run took 6.0 s.
 Processed /g100_scratch/usertrain/a08trb35/ERGOM_L4_JUN_ARGO_POC_OBSERVABILITY/0010...
Starting model run...
Model run took 5.9 s.
 Processed /g100_scratch/usertrain/a08trb35/ERGOM_L4_JUN_ARGO_POC_OBSERVABILITY/0011...
Starting model run...
Model run took 6.1 s.
 Processed /g100_scratch/usertrain/a08trb35/ERGOM_L4_JUN_ARGO_POC_OBSERVABILITY/0012...
Starting model run...
Model run took 5.9 s.
 Processed /g100_scratch/usertrain/a08trb35/ERGOM_L4_JUN_ARGO_POC_OBSERVABILITY/0013...
Starting model run...
Model run took 5.8 s.
 Processed /g100_scratch/usertrain/a08trb35/ERGOM_L4_JUN_ARGO_POC_OBSERVABILITY/0014...
Starting model run...
Model run took 6.0 s.
 Processed /g100_scratch/usertrain/a08trb35/ERGOM_L4_JUN_ARGO_POC_OBSERVABILITY/0015...
Starting model run...
Model run took 6.3 s.
 Processed /g100_scratch/usertrain/a08trb35/ERGOM_L4_JUN_ARGO_POC_OBSERVABILITY/0016...
Starting model run...
Model run took 5.9 s.
 Processed /g100_scratch/usertrain/a08trb35/ERGOM_L4_JUN_ARGO_POC_OBSERVABILITY/0017...
Starting model run...
Model run took 5.9 s.
 Processed /g100_scratch/usertrain/a08trb35/ERGOM_L4_JUN_ARGO_POC_OBSERVABILITY/0018...
Starting model run...
Model run took 6.0 s.
 Processed /g100_scratch/usertrain/a08trb35/ERGOM_L4_JUN_ARGO_POC_OBSERVABILITY/0019...
Starting model run...
Model run took 5.8 s.
 Processed /g100_scratch/usertrain/a08trb35/ERGOM_L4_JUN_ARGO_POC_OBSERVABILITY/0020...
Starting model run...
Model run took 6.0 s.
 Processed /g100_scratch/usertrain/a08trb35/ERGOM_L4_JUN_ARGO_POC_OBSERVABILITY/0021...
Starting model run...
Model run took 5.9 s.
 Processed /g100_scratch/usertrain/a08trb35/ERGOM_L4_JUN_ARGO_POC_OBSERVABILITY/0022...
Starting model run...
Model run took 5.9 s.
 Processed /g100_scratch/usertrain/a08trb35/ERGOM_L4_JUN_ARGO_POC_OBSERVABILITY/0023...
Starting model run...
Model run took 6.0 s.
 Processed /g100_scratch/usertrain/a08trb35/ERGOM_L4_JUN_ARGO_POC_OBSERVABILITY/0024...
Starting model run...
Model run took 5.9 s.
 Processed /g100_scratch/usertrain/a08trb35/ERGOM_L4_JUN_ARGO_POC_OBSERVABILITY/0025...
Starting model run...
Model run took 5.8 s.
 Processed /g100_scratch/usertrain/a08trb35/ERGOM_L4_JUN_ARGO_POC_OBSERVABILITY/0026...
Starting model run...
Model run took 6.1 s.
 Processed /g100_scratch/usertrain/a08trb35/ERGOM_L4_JUN_ARGO_POC_OBSERVABILITY/0027...
Starting model run...
Model run took 5.9 s.
 Processed /g100_scratch/usertrain/a08trb35/ERGOM_L4_JUN_ARGO_POC_OBSERVABILITY/0028...
Starting model run...
Model run took 5.9 s.
 Processed /g100_scratch/usertrain/a08trb35/ERGOM_L4_JUN_ARGO_POC_OBSERVABILITY/0029...
Starting model run...
Model run took 5.9 s.
 Processed /g100_scratch/usertrain/a08trb35/ERGOM_L4_JUN_ARGO_POC_OBSERVABILITY/0030...
Starting model run...
Model run took 5.9 s.
 Processed /g100_scratch/usertrain/a08trb35/ERGOM_L4_JUN_ARGO_POC_OBSERVABILITY/0031...
Starting model run...
Model run took 6.0 s.
 Processed /g100_scratch/usertrain/a08trb35/ERGOM_L4_JUN_ARGO_POC_OBSERVABILITY/0032...
Starting model run...
Model run took 5.8 s.
 Processed /g100_scratch/usertrain/a08trb35/ERGOM_L4_JUN_ARGO_POC_OBSERVABILITY/0033...
Starting model run...
Model run took 6.0 s.
 Processed /g100_scratch/usertrain/a08trb35/ERGOM_L4_JUN_ARGO_POC_OBSERVABILITY/0034...
Starting model run...
Model run took 6.0 s.
 Processed /g100_scratch/usertrain/a08trb35/ERGOM_L4_JUN_ARGO_POC_OBSERVABILITY/0035...
Starting model run...
Model run took 5.8 s.
 Processed /g100_scratch/usertrain/a08trb35/ERGOM_L4_JUN_ARGO_POC_OBSERVABILITY/0036...
Starting model run...
Model run took 6.0 s.
 Processed /g100_scratch/usertrain/a08trb35/ERGOM_L4_JUN_ARGO_POC_OBSERVABILITY/0037...
Starting model run...
Model run took 5.9 s.
 Processed /g100_scratch/usertrain/a08trb35/ERGOM_L4_JUN_ARGO_POC_OBSERVABILITY/0038...
Starting model run...
Model run took 5.9 s.
 Processed /g100_scratch/usertrain/a08trb35/ERGOM_L4_JUN_ARGO_POC_OBSERVABILITY/0039...
Starting model run...
Model run took 5.8 s.
 Processed /g100_scratch/usertrain/a08trb35/ERGOM_L4_JUN_ARGO_POC_OBSERVABILITY/0040...
Starting model run...
Model run took 6.3 s.
 Processed /g100_scratch/usertrain/a08trb35/ERGOM_L4_JUN_ARGO_POC_OBSERVABILITY/0041...
Starting model run...
Model run took 5.9 s.
 Processed /g100_scratch/usertrain/a08trb35/ERGOM_L4_JUN_ARGO_POC_OBSERVABILITY/0042...
Starting model run...
Model run took 5.9 s.
 Processed /g100_scratch/usertrain/a08trb35/ERGOM_L4_JUN_ARGO_POC_OBSERVABILITY/0043...
Starting model run...
Model run took 5.8 s.
 Processed /g100_scratch/usertrain/a08trb35/ERGOM_L4_JUN_ARGO_POC_OBSERVABILITY/0044...
Starting model run...
Model run took 6.0 s.
 Processed /g100_scratch/usertrain/a08trb35/ERGOM_L4_JUN_ARGO_POC_OBSERVABILITY/0045...
Starting model run...
Model run took 6.2 s.
 Processed /g100_scratch/usertrain/a08trb35/ERGOM_L4_JUN_ARGO_POC_OBSERVABILITY/0046...
Starting model run...
Model run took 5.8 s.
 Processed /g100_scratch/usertrain/a08trb35/ERGOM_L4_JUN_ARGO_POC_OBSERVABILITY/0047...
Starting model run...
Model run took 6.0 s.
 Processed /g100_scratch/usertrain/a08trb35/ERGOM_L4_JUN_ARGO_POC_OBSERVABILITY/0048...
Starting model run...
Model run took 6.0 s.
 Processed /g100_scratch/usertrain/a08trb35/ERGOM_L4_JUN_ARGO_POC_OBSERVABILITY/0049...
Starting model run...
Model run took 6.1 s.
 Processed /g100_scratch/usertrain/a08trb35/ERGOM_L4_JUN_ARGO_POC_OBSERVABILITY/0050...
Starting model run...
Model run took 6.0 s.
 Processed /g100_scratch/usertrain/a08trb35/ERGOM_L4_JUN_ARGO_POC_OBSERVABILITY/0051...
Starting model run...
Model run took 5.8 s.
 Processed /g100_scratch/usertrain/a08trb35/ERGOM_L4_JUN_ARGO_POC_OBSERVABILITY/0052...
Starting model run...
Model run took 6.0 s.
 Processed /g100_scratch/usertrain/a08trb35/ERGOM_L4_JUN_ARGO_POC_OBSERVABILITY/0053...
Starting model run...
Model run took 5.9 s.
 Processed /g100_scratch/usertrain/a08trb35/ERGOM_L4_JUN_ARGO_POC_OBSERVABILITY/0054...
Starting model run...
Model run took 5.8 s.
 Processed /g100_scratch/usertrain/a08trb35/ERGOM_L4_JUN_ARGO_POC_OBSERVABILITY/0055...
Starting model run...
Model run took 6.0 s.
 Processed /g100_scratch/usertrain/a08trb35/ERGOM_L4_JUN_ARGO_POC_OBSERVABILITY/0056...
Starting model run...
Model run took 6.3 s.
 Processed /g100_scratch/usertrain/a08trb35/ERGOM_L4_JUN_ARGO_POC_OBSERVABILITY/0057...
Starting model run...
Model run took 5.9 s.
 Processed /g100_scratch/usertrain/a08trb35/ERGOM_L4_JUN_ARGO_POC_OBSERVABILITY/0058...
Starting model run...
Model run took 6.7 s.
 Processed /g100_scratch/usertrain/a08trb35/ERGOM_L4_JUN_ARGO_POC_OBSERVABILITY/0059...
Starting model run...
Model run took 5.9 s.
 Processed /g100_scratch/usertrain/a08trb35/ERGOM_L4_JUN_ARGO_POC_OBSERVABILITY/0060...
Starting model run...
Model run took 5.9 s.
 Processed /g100_scratch/usertrain/a08trb35/ERGOM_L4_JUN_ARGO_POC_OBSERVABILITY/0061...
Starting model run...
Model run took 5.8 s.
 Processed /g100_scratch/usertrain/a08trb35/ERGOM_L4_JUN_ARGO_POC_OBSERVABILITY/0062...
Starting model run...
Model run took 5.8 s.
 Processed /g100_scratch/usertrain/a08trb35/ERGOM_L4_JUN_ARGO_POC_OBSERVABILITY/0063...
Starting model run...
Model run took 5.9 s.
 Processed /g100_scratch/usertrain/a08trb35/ERGOM_L4_JUN_ARGO_POC_OBSERVABILITY/0064...
Starting model run...
Model run took 6.0 s.
 Processed /g100_scratch/usertrain/a08trb35/ERGOM_L4_JUN_ARGO_POC_OBSERVABILITY/0065...
Starting model run...
Model run took 5.8 s.
 Processed /g100_scratch/usertrain/a08trb35/ERGOM_L4_JUN_ARGO_POC_OBSERVABILITY/0066...
Starting model run...
Model run took 5.8 s.
 Processed /g100_scratch/usertrain/a08trb35/ERGOM_L4_JUN_ARGO_POC_OBSERVABILITY/0067...
Starting model run...
Model run took 6.0 s.
 Processed /g100_scratch/usertrain/a08trb35/ERGOM_L4_JUN_ARGO_POC_OBSERVABILITY/0068...
Starting model run...
Model run took 6.0 s.
 Processed /g100_scratch/usertrain/a08trb35/ERGOM_L4_JUN_ARGO_POC_OBSERVABILITY/0069...
Starting model run...
Model run took 5.9 s.
 Processed /g100_scratch/usertrain/a08trb35/ERGOM_L4_JUN_ARGO_POC_OBSERVABILITY/0070...
Starting model run...
Model run took 6.0 s.
 Processed /g100_scratch/usertrain/a08trb35/ERGOM_L4_JUN_ARGO_POC_OBSERVABILITY/0071...
Starting model run...
Model run took 6.1 s.
 Processed /g100_scratch/usertrain/a08trb35/ERGOM_L4_JUN_ARGO_POC_OBSERVABILITY/0072...
Starting model run...
Model run took 6.0 s.
 Processed /g100_scratch/usertrain/a08trb35/ERGOM_L4_JUN_ARGO_POC_OBSERVABILITY/0073...
Starting model run...
Model run took 5.8 s.
 Processed /g100_scratch/usertrain/a08trb35/ERGOM_L4_JUN_ARGO_POC_OBSERVABILITY/0074...
Starting model run...
Model run took 5.9 s.
 Processed /g100_scratch/usertrain/a08trb35/ERGOM_L4_JUN_ARGO_POC_OBSERVABILITY/0075...
Starting model run...
Model run took 5.8 s.
 Processed /g100_scratch/usertrain/a08trb35/ERGOM_L4_JUN_ARGO_POC_OBSERVABILITY/0076...
Starting model run...
Model run took 5.9 s.
 Processed /g100_scratch/usertrain/a08trb35/ERGOM_L4_JUN_ARGO_POC_OBSERVABILITY/0077...
Starting model run...
Model run took 6.3 s.
 Processed /g100_scratch/usertrain/a08trb35/ERGOM_L4_JUN_ARGO_POC_OBSERVABILITY/0078...
Starting model run...
Model run took 5.8 s.
 Processed /g100_scratch/usertrain/a08trb35/ERGOM_L4_JUN_ARGO_POC_OBSERVABILITY/0079...
Starting model run...
Model run took 6.0 s.
 Processed /g100_scratch/usertrain/a08trb35/ERGOM_L4_JUN_ARGO_POC_OBSERVABILITY/0080...
Starting model run...
Model run took 6.2 s.
 Processed /g100_scratch/usertrain/a08trb35/ERGOM_L4_JUN_ARGO_POC_OBSERVABILITY/0081...
Starting model run...
Model run took 6.2 s.
 Processed /g100_scratch/usertrain/a08trb35/ERGOM_L4_JUN_ARGO_POC_OBSERVABILITY/0082...
Starting model run...
Model run took 5.9 s.
 Processed /g100_scratch/usertrain/a08trb35/ERGOM_L4_JUN_ARGO_POC_OBSERVABILITY/0083...
Starting model run...
Model run took 5.9 s.
 Processed /g100_scratch/usertrain/a08trb35/ERGOM_L4_JUN_ARGO_POC_OBSERVABILITY/0084...
Starting model run...
Model run took 5.9 s.
 Processed /g100_scratch/usertrain/a08trb35/ERGOM_L4_JUN_ARGO_POC_OBSERVABILITY/0085...
Starting model run...
Model run took 5.9 s.
 Processed /g100_scratch/usertrain/a08trb35/ERGOM_L4_JUN_ARGO_POC_OBSERVABILITY/0086...
Starting model run...
Model run took 5.8 s.
 Processed /g100_scratch/usertrain/a08trb35/ERGOM_L4_JUN_ARGO_POC_OBSERVABILITY/0087...
Starting model run...
Model run took 5.9 s.
 Processed /g100_scratch/usertrain/a08trb35/ERGOM_L4_JUN_ARGO_POC_OBSERVABILITY/0088...
Starting model run...
Model run took 5.9 s.
 Processed /g100_scratch/usertrain/a08trb35/ERGOM_L4_JUN_ARGO_POC_OBSERVABILITY/0089...
Starting model run...
Model run took 5.8 s.
 Processed /g100_scratch/usertrain/a08trb35/ERGOM_L4_JUN_ARGO_POC_OBSERVABILITY/0090...
Starting model run...
Model run took 5.9 s.
 Processed /g100_scratch/usertrain/a08trb35/ERGOM_L4_JUN_ARGO_POC_OBSERVABILITY/0091...
Starting model run...
Model run took 5.9 s.
 Processed /g100_scratch/usertrain/a08trb35/ERGOM_L4_JUN_ARGO_POC_OBSERVABILITY/0092...
Starting model run...
Model run took 6.0 s.
 Processed /g100_scratch/usertrain/a08trb35/ERGOM_L4_JUN_ARGO_POC_OBSERVABILITY/0093...
Starting model run...
Model run took 5.9 s.
 Processed /g100_scratch/usertrain/a08trb35/ERGOM_L4_JUN_ARGO_POC_OBSERVABILITY/0094...
Starting model run...
Model run took 6.0 s.
 Processed /g100_scratch/usertrain/a08trb35/ERGOM_L4_JUN_ARGO_POC_OBSERVABILITY/0095...
Starting model run...
Model run took 5.8 s.
 Processed /g100_scratch/usertrain/a08trb35/ERGOM_L4_JUN_ARGO_POC_OBSERVABILITY/0096...
Starting model run...
Model run took 5.7 s.
 Processed /g100_scratch/usertrain/a08trb35/ERGOM_L4_JUN_ARGO_POC_OBSERVABILITY/0097...
Starting model run...
Model run took 5.8 s.
 Processed /g100_scratch/usertrain/a08trb35/ERGOM_L4_JUN_ARGO_POC_OBSERVABILITY/0098...
Starting model run...
Model run took 5.7 s.
 Processed /g100_scratch/usertrain/a08trb35/ERGOM_L4_JUN_ARGO_POC_OBSERVABILITY/0099...
Retrieving value of target expression(s) for each ensemble member...
  - 0: [  1.22793231   0.24292727   1.9423815    8.00897681 214.81035581
   0.55433327   0.7963953    0.66896617  78.          50.        ]
  - 1: [  1.52971815   0.24369313   1.95073795   8.00076957 207.77689793
   0.50631267   0.87270641   0.70190775   0.          50.        ]
  - 2: [  1.61044793   0.24390888   1.95737684   7.99865059 205.97511889
   0.49601376   0.92836761   0.70935231   0.          50.        ]
  - 3: [  1.69117936   0.24411269   1.96538508   7.99655284 204.19671365
   0.48648766   0.98407197   0.71648389   0.          50.        ]
  - 4: [  1.74812068   0.24424593   1.97178435   7.99508269 202.95461107
   0.4801915    1.02361858   0.72136778   0.          50.        ]
  - 5: [  1.75061317   0.24425156   1.9720782    7.995019   202.90043308
   0.47992334   1.02535713   0.72157967   0.          50.        ]
  - 6: [  1.58487801   0.24384156   1.95512009   7.999318   206.54309613
   0.49918857   0.9107554    0.70703191   0.          50.        ]
  - 7: [  1.75284676   0.24425657   1.9723419    7.99496062 202.8519234
   0.47968358   1.02691531   0.72176898   0.          50.        ]
  - 8: [  1.69353551   0.24411835   1.96563804   7.99649313 204.14514691
   0.48622042   0.98570287   0.71668822   0.          50.        ]
  - 9: [  1.65313372   0.24401847   1.96144783   7.99754002 205.03212041
   0.49088424   0.95778739   0.71315783   0.          50.        ]
  - 10: [  1.18508231   0.24285688   1.94441688   8.01019951 215.86737857
   0.56306863   0.78697205   0.66306227  78.          50.        ]
  - 11: [  1.07799671   0.24281988   1.95601702   8.01337997 218.62427819
   0.58884996   0.76239681   0.64701492  78.          49.        ]
  - 12: [  1.29448186   0.24306895   1.94125652   8.00711259 213.20531165
   0.54199672   0.81080914   0.67728895  78.          50.        ]
  - 13: [  1.21503863   0.2429039    1.94287026   8.00934236 215.12623132
   0.55688673   0.79357624   0.66724163  78.          50.        ]
  - 14: [  1.27875884   0.24303293   1.9413321    8.00754978 213.58109715
   0.54479712   0.80742073   0.67539841  78.          50.        ]
  - 15: [  1.53373436   0.24370407   1.95103371   8.0006621  207.68665082
   0.50578058   0.87548184   0.70228684   0.          50.        ]
  - 16: [  1.11682162   0.24280353   1.95053113   8.01220239 217.6021357
   0.57871586   0.7715292    0.65245217  78.          50.        ]
  - 17: [  1.4571704    0.24349453   1.94607258   8.00269483 209.41920007
   0.51630789   0.84951401   0.69487113  76.          50.        ]
  - 18: [  1.48149888   0.24356125   1.9474889    8.00204667 208.86580757
   0.51287204   0.85566044   0.6972729   76.          50.        ]
  - 19: [  1.60483369   0.24389422   1.95686936   7.99879721 206.09960938
   0.49670422   0.92450047   0.70884556   0.          50.        ]
  - 20: [  1.47314204   0.24353839   1.9469856    8.00226892 209.05557914
   0.51404297   0.85355473   0.69645286  76.          50.        ]
  - 21: [  1.6570476    0.24402837   1.96183991   7.99743785 204.94597062
   0.49042463   0.96048772   0.71350253   0.          50.        ]
  - 22: [  1.50146186   0.24361601   1.94876468   8.00151593 208.41374406
   0.51011717   0.86066628   0.69921112  76.          50.        ]
  - 23: [  1.28965295   0.24305773   1.94126797   8.0072466  213.32054603
   0.5428496    0.80976868   0.67671299  78.          50.        ]
  - 24: [  1.70266309   0.2441403    1.96662736   7.99625629 203.94546111
   0.48519099   0.99202442   0.71747774   0.          50.        ]
  - 25: [  1.54127204   0.24372457   1.95159841   8.0004644  207.51747198
   0.50478792   0.88068831   0.70299572   0.          50.        ]
  - 26: [  1.18107182   0.24285145   1.94467044   8.0103156  215.96743376
   0.56392419   0.78608227   0.66248357  78.          50.        ]
  - 27: [  1.32472063   0.24314176   1.94141948   8.00627932 212.48821756
   0.53679276   0.81730461   0.68081045  78.          50.        ]
  - 28: [  1.42966693   0.24341904   1.94465852   8.00343124 210.04827615
   0.52030045   0.84250259   0.69209832  76.          50.        ]
  - 29: [  1.61267422   0.24391471   1.95758045   7.99859221 205.92580248
   0.49574104   0.929901     0.70955294   0.          50.        ]
  - 30: [  1.50039839   0.24361308   1.94869435   8.00154512 208.43779721
   0.51026261   0.86039829   0.69910848  76.          50.        ]
  - 31: [  1.52840523   0.24368954   1.95064211   8.00080341 207.80642833
   0.50648695   0.87179899   0.70178354   0.          50.        ]
  - 32: [  1.55502004   0.24376163   1.95266223   8.0001015  207.20949389
   0.50299627   0.890176     0.70427984   0.          50.        ]
  - 33: [  1.07719952   0.24282064   1.95614839   8.01340319 218.64559273
   0.58906955   0.76220703   0.64691764  78.          49.        ]
  - 34: [  1.50780388   0.24363336   1.9491905    8.00134874 208.27050781
   0.50925362   0.86224747   0.699821    76.          50.        ]
  - 35: [  1.54699077   0.24373998   1.95203578   8.00031314 207.38924507
   0.50403959   0.88463616   0.70353132   0.          50.        ]
  - 36: [  1.65482314   0.24402277   1.96161687   7.99749623 204.99490489
   0.49068579   0.95895267   0.71330661   0.          50.        ]
  - 37: [  1.2635741    0.24299939   1.94150877   8.00797371 213.94590693
   0.54756397   0.80413914   0.67353159  78.          50.        ]
  - 38: [  1.22063521   0.24291384   1.94264591   8.00918314 214.98891814
   0.55577105   0.7947998    0.6679951   78.          50.        ]
  - 39: [  1.61148784   0.24391159   1.95747197   7.99862339 205.95204229
   0.49588621   0.92908394   0.70944613   0.          50.        ]
  - 40: [  1.35112696   0.24320881   1.94187593   8.00555619 211.86769701
   0.53243244   0.82295895   0.68377489  78.          50.        ]
  - 41: [  1.13595042   0.24280962   1.9484129    8.01163317 217.10882303
   0.57408458   0.77592373   0.65559971  78.          50.        ]
  - 42: [  1.12637702   0.24280557   1.94942868   8.01191711 217.35487432
   0.57637507   0.77373314   0.65404379  78.          50.        ]
  - 43: [  1.34765998   0.24319984   1.94180048   8.0056504  211.94890031
   0.53299576   0.82221794   0.68339115  78.          50.        ]
  - 44: [  1.51196173   0.24364471   1.94947469   8.00123795 208.17669412
   0.5086903    0.86328316   0.70021933  76.          50.        ]
  - 45: [  1.53483582   0.24370705   1.95111549   8.00063423 207.66191831
   0.50563514   0.87624317   0.70239073   0.          50.        ]
  - 46: [  1.50779973   0.24363336   1.94919038   8.00134941 208.27059273
   0.50925416   0.86224747   0.69982046  76.          50.        ]
  - 47: [  1.56135791   0.24377874   1.95316768   7.99993498 207.06772249
   0.50217867   0.89454675   0.70486796   0.          50.        ]
  - 48: [  1.3014489    0.24308534   1.94125843   8.00692019 213.03946586
   0.54077673   0.81230736   0.6781131   78.          50.        ]
  - 49: [  1.73957891   0.24422663   1.97078753   7.99530228 203.14037024
   0.48111552   1.01766598   0.72064161   0.          50.        ]
  - 50: [  1.63644542   0.24397606   1.95981181   7.99797323 205.40002972
   0.49286443   0.94627976   0.7116797    0.          50.        ]
  - 51: [  1.63237331   0.24396561   1.95942104   7.99808071 205.48995839
   0.49335247   0.94347298   0.71131712   0.          50.        ]
  - 52: [  1.05526427   0.24285084   1.96008146   8.01408585 219.23783543
   0.59531581   0.75689697   0.64416081  78.          49.        ]
  - 53: [  1.63676768   0.24397688   1.95984268   7.99796527 205.39289657
   0.49282584   0.94650173   0.71170831   0.          50.        ]
  - 54: [  1.54081328   0.24372327   1.9515636    8.00047568 207.52774711
   0.50484806   0.88037157   0.70295274   0.          50.        ]
  - 55: [  1.30995087   0.24310568   1.94129109   8.006686   212.83763587
   0.53930587   0.8141346    0.67910796  78.          50.        ]
  - 56: [  1.73565375   0.24421766   1.97033322   7.99540445 203.22579823
   0.48154226   1.01493347   0.72030717   0.          50.        ]
  - 57: [  1.30715088   0.24309894   1.94127667   8.00676296 212.90402089
   0.53978813   0.81353378   0.67878163  78.          50.        ]
  - 58: [  1.70924975   0.244156     1.96735168   7.99608645 203.80150306
   0.48445362   0.99659061   0.71804541   0.          50.        ]
  - 59: [  1.26015331   0.24299207   1.94156432   8.00806858 214.02834154
   0.54819661   0.80339909   0.6731053   78.          50.        ]
  - 60: [  1.245564     0.24296167   1.9418658    8.00847858 214.38119905
   0.55093431   0.80023479   0.6712597   78.          50.        ]
  - 61: [  1.19677651   0.24287379   1.94373882   8.00986315 215.57674507
   0.56061095   0.78955936   0.66472399  78.          50.        ]
  - 62: [  1.25223682   0.24297541   1.94171488   8.00829083 214.21959918
   0.54967433   0.80168343   0.67210937  78.          50.        ]
  - 63: [  1.4028584    0.24334604   1.94348907   8.00415238 210.66527259
   0.52431357   0.83560181   0.68932909  76.          50.        ]
  - 64: [  1.09098036   0.24280979   1.95399547   8.01298125 218.27914827
   0.58534443   0.76548481   0.64857715  78.          49.        ]
  - 65: [  1.73965272   0.24422683   1.97079623   7.99530096 203.13875679
   0.48110753   1.01771736   0.72064781   0.          50.        ]
  - 66: [  1.19194354   0.24286655   1.94400752   8.0100018  215.69664997
   0.5616197    0.7884922    0.66404188  78.          50.        ]
  - 67: [  1.7369199    0.24422057   1.97047973   7.99537194 203.19819973
   0.48140439   1.01581454   0.72041494   0.          50.        ]
  - 68: [  1.42141574   0.24339652   1.94427526   8.00365282 210.23777174
   0.52152222   0.84038353   0.69125324  76.          50.        ]
  - 69: [  1.5421869    0.24372698   1.95166779   8.00043985 207.49694293
   0.50466782   0.88132012   0.70308161   0.          50.        ]
  - 70: [  1.52758258   0.24368733   1.95058215   8.0008253  207.8248981
   0.50659633   0.8712303    0.70170611   0.          50.        ]
  - 71: [  1.3952096    0.24332549   1.94319689   8.00435937 210.84209409
   0.52548242   0.83362007   0.68852609  76.          50.        ]
  - 72: [  1.36250794   0.24323858   1.94215548   8.00524504 211.6017748
   0.53060186   0.82538891   0.68502343  78.          50.        ]
  - 73: [  1.27192025   0.24301766   1.94139791   8.00774085 213.74513842
   0.54603493   0.8059454    0.67456305  78.          50.        ]
  - 74: [  1.06351828   0.2428375    1.95852625   8.01382712 219.01362942
   0.59291798   0.75890827   0.64521587  78.          49.        ]
  - 75: [  1.62844351   0.24395555   1.95904756   7.99818221 205.57678753
   0.49382547   0.9407649    0.71096671   0.          50.        ]
  - 76: [  1.074389     0.2428236    1.95661712   8.0134901  218.72085173
   0.58984774   0.76153183   0.64657265  78.          49.        ]
  - 77: [  1.50038993   0.24361305   1.94869351   8.00154512 208.43796705
   0.51026368   0.86039925   0.69910753  76.          50.        ]
  - 78: [  1.18791066   0.24286079   1.9442445    8.0101179  215.79691746
   0.5624693    0.78759861   0.66346747  78.          50.        ]
  - 79: [  1.45971978   0.24350153   1.94621372   8.00262584 209.3610946
   0.51594377   0.85016251   0.69512516  76.          50.        ]
  - 80: [  1.44668894   0.24346571   1.94550967   8.0029748  209.65852157
   0.51781553   0.8468504    0.69382209  76.          50.        ]
  - 81: [  1.12302838   0.2428046    1.94980466   8.01201663 217.44138502
   0.57718909   0.77296257   0.65349036  78.          50.        ]
  - 82: [  1.1908236    0.24286492   1.94407225   8.01003431 215.72446077
   0.56185502   0.7882452    0.66388261  78.          50.        ]
  - 83: [  1.6154825    0.24392201   1.95783794   7.99851923 205.86357846
   0.49539778   0.93183529   0.70980537   0.          50.        ]
  - 84: [  1.45877307   0.24349888   1.94616103   8.00265238 209.38270635
   0.51607883   0.84992218   0.69503081  76.          50.        ]
  - 85: [  1.39258509   0.24331844   1.94310093   8.00442969 210.9028108
   0.52588588   0.8329401    0.68824905  76.          50.        ]
  - 86: [  1.16938707   0.24283722   1.94548154   8.01065329 216.26021145
   0.56646019   0.78347778   0.66076761  78.          50.        ]
  - 87: [  1.53082159   0.24369617   1.9508189    8.00073972 207.75212296
   0.50616634   0.87346911   0.70201212   0.          50.        ]
  - 88: [  1.21477152   0.24290344   1.94288158   8.00935032 215.13277004
   0.55694032   0.79351616   0.66720539  78.          50.        ]
  - 89: [  1.20394723   0.24288513   1.94337165   8.00965881 215.3993716
   0.55913275   0.7911396    0.66572338  78.          50.        ]
  - 90: [  1.4316456    0.24342443   1.94475305   8.00337816 210.00290846
   0.52000916   0.84300995   0.69230002  76.          50.        ]
  - 91: [  1.60123377   0.24388474   1.95654774   7.99889075 206.17951766
   0.49714893   0.92202115   0.70851976   0.          50.        ]
  - 92: [  1.42899123   0.24341719   1.94462633   8.00344915 210.06379501
   0.52040011   0.84232807   0.69202912  76.          50.        ]
  - 93: [  1.11451622   0.24280338   1.95081103   8.01227138 217.66202446
   0.57928914   0.77099705   0.65206248  78.          50.        ]
  - 94: [  1.41212115   0.24337116   1.94386828   8.00390293 210.45163893
   0.52291256   0.83799267   0.69029367  76.          50.        ]
  - 95: [  1.68177414   0.24408978   1.96438634   7.99679764 204.40278957
   0.48756012   0.97756577   0.71566683   0.          50.        ]
  - 96: [  1.05468684   0.2428519    1.96019399   8.0141031  219.25358781
   0.59548581   0.75675583   0.64408606  78.          49.        ]
  - 97: [  1.06860153   0.2428305    1.95761454   8.01366988 218.87640115
   0.59147012   0.76013947   0.64585483  78.          49.        ]
  - 98: [  1.71235922   0.24416342   1.96769619   7.99600551 203.73361073
   0.48410726   0.99874711   0.71831298   0.          50.        ]
  - 99: [  1.32151007   0.24313384   1.94138432   8.00636756 212.56407099
   0.53733468   0.81661606   0.68044317  78.          50.        ]
Updating sensitivity info in ERGOM_L4_observability_ARGO_POC_JUN.pickle with model results...
Done
