Starting ppserver on r515c06n[01-02]:54656
Host names provided to parsac: r515c06n01:54656,r515c06n02:54656,
Starting parsac
Reading sensitivity samples from ERGOM_L4_observability_ARGO_CHL_JUN.pickle...
Reading configuration from L4_observability_ARGO_CHL_JUN.xml...
Starting Parallel Python server...
Giving Parallel Python 10 seconds to connect to: r515c06n01:54656, r515c06n02:54656
Running on:
   local: 0 cpus
   r515c06n02:54656: 48 cpus
   r515c06n01:54656: 48 cpus
Total number of cpus: 96
Starting model run...
Model run took 7.1 s.
 Processed /g100_scratch/usertrain/a08trb35/ERGOM_L4_JUN_ARGO_CHL_OBSERVABILITY/0000...
Starting model run...
Model run took 8.5 s.
 Processed /g100_scratch/usertrain/a08trb35/ERGOM_L4_JUN_ARGO_CHL_OBSERVABILITY/0001...
Starting model run...
Model run took 7.1 s.
 Processed /g100_scratch/usertrain/a08trb35/ERGOM_L4_JUN_ARGO_CHL_OBSERVABILITY/0002...
Starting model run...
Model run took 8.5 s.
 Processed /g100_scratch/usertrain/a08trb35/ERGOM_L4_JUN_ARGO_CHL_OBSERVABILITY/0003...
Starting model run...
Model run took 7.2 s.
 Processed /g100_scratch/usertrain/a08trb35/ERGOM_L4_JUN_ARGO_CHL_OBSERVABILITY/0004...
Starting model run...
Model run took 8.7 s.
 Processed /g100_scratch/usertrain/a08trb35/ERGOM_L4_JUN_ARGO_CHL_OBSERVABILITY/0005...
Starting model run...
Model run took 7.1 s.
 Processed /g100_scratch/usertrain/a08trb35/ERGOM_L4_JUN_ARGO_CHL_OBSERVABILITY/0006...
Starting model run...
Model run took 8.4 s.
 Processed /g100_scratch/usertrain/a08trb35/ERGOM_L4_JUN_ARGO_CHL_OBSERVABILITY/0007...
Starting model run...
Model run took 7.1 s.
 Processed /g100_scratch/usertrain/a08trb35/ERGOM_L4_JUN_ARGO_CHL_OBSERVABILITY/0008...
Starting model run...
Model run took 8.5 s.
 Processed /g100_scratch/usertrain/a08trb35/ERGOM_L4_JUN_ARGO_CHL_OBSERVABILITY/0009...
Starting model run...
Model run took 7.2 s.
 Processed /g100_scratch/usertrain/a08trb35/ERGOM_L4_JUN_ARGO_CHL_OBSERVABILITY/0010...
Starting model run...
Model run took 8.5 s.
 Processed /g100_scratch/usertrain/a08trb35/ERGOM_L4_JUN_ARGO_CHL_OBSERVABILITY/0011...
Starting model run...
Model run took 7.3 s.
 Processed /g100_scratch/usertrain/a08trb35/ERGOM_L4_JUN_ARGO_CHL_OBSERVABILITY/0012...
Starting model run...
Model run took 8.5 s.
 Processed /g100_scratch/usertrain/a08trb35/ERGOM_L4_JUN_ARGO_CHL_OBSERVABILITY/0013...
Starting model run...
Model run took 7.1 s.
 Processed /g100_scratch/usertrain/a08trb35/ERGOM_L4_JUN_ARGO_CHL_OBSERVABILITY/0014...
Starting model run...
Model run took 8.5 s.
 Processed /g100_scratch/usertrain/a08trb35/ERGOM_L4_JUN_ARGO_CHL_OBSERVABILITY/0015...
Starting model run...
Model run took 7.2 s.
 Processed /g100_scratch/usertrain/a08trb35/ERGOM_L4_JUN_ARGO_CHL_OBSERVABILITY/0016...
Starting model run...
Model run took 8.5 s.
 Processed /g100_scratch/usertrain/a08trb35/ERGOM_L4_JUN_ARGO_CHL_OBSERVABILITY/0017...
Starting model run...
Model run took 7.2 s.
 Processed /g100_scratch/usertrain/a08trb35/ERGOM_L4_JUN_ARGO_CHL_OBSERVABILITY/0018...
Starting model run...
Model run took 8.6 s.
 Processed /g100_scratch/usertrain/a08trb35/ERGOM_L4_JUN_ARGO_CHL_OBSERVABILITY/0019...
Starting model run...
Model run took 7.1 s.
 Processed /g100_scratch/usertrain/a08trb35/ERGOM_L4_JUN_ARGO_CHL_OBSERVABILITY/0020...
Starting model run...
Model run took 8.7 s.
 Processed /g100_scratch/usertrain/a08trb35/ERGOM_L4_JUN_ARGO_CHL_OBSERVABILITY/0021...
Starting model run...
Model run took 7.2 s.
 Processed /g100_scratch/usertrain/a08trb35/ERGOM_L4_JUN_ARGO_CHL_OBSERVABILITY/0022...
Starting model run...
Model run took 8.5 s.
 Processed /g100_scratch/usertrain/a08trb35/ERGOM_L4_JUN_ARGO_CHL_OBSERVABILITY/0023...
Starting model run...
Model run took 7.2 s.
 Processed /g100_scratch/usertrain/a08trb35/ERGOM_L4_JUN_ARGO_CHL_OBSERVABILITY/0024...
Starting model run...
Model run took 8.5 s.
 Processed /g100_scratch/usertrain/a08trb35/ERGOM_L4_JUN_ARGO_CHL_OBSERVABILITY/0025...
Starting model run...
Model run took 7.2 s.
 Processed /g100_scratch/usertrain/a08trb35/ERGOM_L4_JUN_ARGO_CHL_OBSERVABILITY/0026...
Starting model run...
Model run took 8.5 s.
 Processed /g100_scratch/usertrain/a08trb35/ERGOM_L4_JUN_ARGO_CHL_OBSERVABILITY/0027...
Starting model run...
Model run took 7.2 s.
 Processed /g100_scratch/usertrain/a08trb35/ERGOM_L4_JUN_ARGO_CHL_OBSERVABILITY/0028...
Starting model run...
Model run took 8.4 s.
 Processed /g100_scratch/usertrain/a08trb35/ERGOM_L4_JUN_ARGO_CHL_OBSERVABILITY/0029...
Starting model run...
Model run took 7.2 s.
 Processed /g100_scratch/usertrain/a08trb35/ERGOM_L4_JUN_ARGO_CHL_OBSERVABILITY/0030...
Starting model run...
Model run took 8.4 s.
 Processed /g100_scratch/usertrain/a08trb35/ERGOM_L4_JUN_ARGO_CHL_OBSERVABILITY/0031...
Starting model run...
Model run took 7.2 s.
 Processed /g100_scratch/usertrain/a08trb35/ERGOM_L4_JUN_ARGO_CHL_OBSERVABILITY/0032...
Starting model run...
Model run took 8.5 s.
 Processed /g100_scratch/usertrain/a08trb35/ERGOM_L4_JUN_ARGO_CHL_OBSERVABILITY/0033...
Starting model run...
Model run took 7.1 s.
 Processed /g100_scratch/usertrain/a08trb35/ERGOM_L4_JUN_ARGO_CHL_OBSERVABILITY/0034...
Starting model run...
Model run took 8.4 s.
 Processed /g100_scratch/usertrain/a08trb35/ERGOM_L4_JUN_ARGO_CHL_OBSERVABILITY/0035...
Starting model run...
Model run took 7.1 s.
 Processed /g100_scratch/usertrain/a08trb35/ERGOM_L4_JUN_ARGO_CHL_OBSERVABILITY/0036...
Starting model run...
Model run took 8.4 s.
 Processed /g100_scratch/usertrain/a08trb35/ERGOM_L4_JUN_ARGO_CHL_OBSERVABILITY/0037...
Starting model run...
Model run took 7.1 s.
 Processed /g100_scratch/usertrain/a08trb35/ERGOM_L4_JUN_ARGO_CHL_OBSERVABILITY/0038...
Starting model run...
Model run took 8.5 s.
 Processed /g100_scratch/usertrain/a08trb35/ERGOM_L4_JUN_ARGO_CHL_OBSERVABILITY/0039...
Starting model run...
Model run took 7.1 s.
 Processed /g100_scratch/usertrain/a08trb35/ERGOM_L4_JUN_ARGO_CHL_OBSERVABILITY/0040...
Starting model run...
Model run took 8.4 s.
 Processed /g100_scratch/usertrain/a08trb35/ERGOM_L4_JUN_ARGO_CHL_OBSERVABILITY/0041...
Starting model run...
Model run took 7.1 s.
 Processed /g100_scratch/usertrain/a08trb35/ERGOM_L4_JUN_ARGO_CHL_OBSERVABILITY/0042...
Starting model run...
Model run took 8.4 s.
 Processed /g100_scratch/usertrain/a08trb35/ERGOM_L4_JUN_ARGO_CHL_OBSERVABILITY/0043...
Starting model run...
Model run took 7.2 s.
 Processed /g100_scratch/usertrain/a08trb35/ERGOM_L4_JUN_ARGO_CHL_OBSERVABILITY/0044...
Starting model run...
Model run took 8.4 s.
 Processed /g100_scratch/usertrain/a08trb35/ERGOM_L4_JUN_ARGO_CHL_OBSERVABILITY/0045...
Starting model run...
Model run took 7.2 s.
 Processed /g100_scratch/usertrain/a08trb35/ERGOM_L4_JUN_ARGO_CHL_OBSERVABILITY/0046...
Starting model run...
Model run took 8.5 s.
 Processed /g100_scratch/usertrain/a08trb35/ERGOM_L4_JUN_ARGO_CHL_OBSERVABILITY/0047...
Starting model run...
Model run took 7.2 s.
 Processed /g100_scratch/usertrain/a08trb35/ERGOM_L4_JUN_ARGO_CHL_OBSERVABILITY/0048...
Starting model run...
Model run took 8.5 s.
 Processed /g100_scratch/usertrain/a08trb35/ERGOM_L4_JUN_ARGO_CHL_OBSERVABILITY/0049...
Starting model run...
Model run took 7.2 s.
 Processed /g100_scratch/usertrain/a08trb35/ERGOM_L4_JUN_ARGO_CHL_OBSERVABILITY/0050...
Starting model run...
Model run took 8.4 s.
 Processed /g100_scratch/usertrain/a08trb35/ERGOM_L4_JUN_ARGO_CHL_OBSERVABILITY/0051...
Starting model run...
Model run took 7.1 s.
 Processed /g100_scratch/usertrain/a08trb35/ERGOM_L4_JUN_ARGO_CHL_OBSERVABILITY/0052...
Starting model run...
Model run took 8.4 s.
 Processed /g100_scratch/usertrain/a08trb35/ERGOM_L4_JUN_ARGO_CHL_OBSERVABILITY/0053...
Starting model run...
Model run took 7.1 s.
 Processed /g100_scratch/usertrain/a08trb35/ERGOM_L4_JUN_ARGO_CHL_OBSERVABILITY/0054...
Starting model run...
Model run took 8.4 s.
 Processed /g100_scratch/usertrain/a08trb35/ERGOM_L4_JUN_ARGO_CHL_OBSERVABILITY/0055...
Starting model run...
Model run took 7.1 s.
 Processed /g100_scratch/usertrain/a08trb35/ERGOM_L4_JUN_ARGO_CHL_OBSERVABILITY/0056...
Starting model run...
Model run took 8.4 s.
 Processed /g100_scratch/usertrain/a08trb35/ERGOM_L4_JUN_ARGO_CHL_OBSERVABILITY/0057...
Starting model run...
Model run took 7.1 s.
 Processed /g100_scratch/usertrain/a08trb35/ERGOM_L4_JUN_ARGO_CHL_OBSERVABILITY/0058...
Starting model run...
Model run took 8.4 s.
 Processed /g100_scratch/usertrain/a08trb35/ERGOM_L4_JUN_ARGO_CHL_OBSERVABILITY/0059...
Starting model run...
Model run took 7.1 s.
 Processed /g100_scratch/usertrain/a08trb35/ERGOM_L4_JUN_ARGO_CHL_OBSERVABILITY/0060...
Starting model run...
Model run took 8.5 s.
 Processed /g100_scratch/usertrain/a08trb35/ERGOM_L4_JUN_ARGO_CHL_OBSERVABILITY/0061...
Starting model run...
Model run took 7.2 s.
 Processed /g100_scratch/usertrain/a08trb35/ERGOM_L4_JUN_ARGO_CHL_OBSERVABILITY/0062...
Starting model run...
Model run took 8.4 s.
 Processed /g100_scratch/usertrain/a08trb35/ERGOM_L4_JUN_ARGO_CHL_OBSERVABILITY/0063...
Starting model run...
Model run took 7.2 s.
 Processed /g100_scratch/usertrain/a08trb35/ERGOM_L4_JUN_ARGO_CHL_OBSERVABILITY/0064...
Starting model run...
Model run took 8.5 s.
 Processed /g100_scratch/usertrain/a08trb35/ERGOM_L4_JUN_ARGO_CHL_OBSERVABILITY/0065...
Starting model run...
Model run took 7.1 s.
 Processed /g100_scratch/usertrain/a08trb35/ERGOM_L4_JUN_ARGO_CHL_OBSERVABILITY/0066...
Starting model run...
Model run took 8.4 s.
 Processed /g100_scratch/usertrain/a08trb35/ERGOM_L4_JUN_ARGO_CHL_OBSERVABILITY/0067...
Starting model run...
Model run took 7.1 s.
 Processed /g100_scratch/usertrain/a08trb35/ERGOM_L4_JUN_ARGO_CHL_OBSERVABILITY/0068...
Starting model run...
Model run took 8.5 s.
 Processed /g100_scratch/usertrain/a08trb35/ERGOM_L4_JUN_ARGO_CHL_OBSERVABILITY/0069...
Starting model run...
Model run took 7.1 s.
 Processed /g100_scratch/usertrain/a08trb35/ERGOM_L4_JUN_ARGO_CHL_OBSERVABILITY/0070...
Starting model run...
Model run took 8.4 s.
 Processed /g100_scratch/usertrain/a08trb35/ERGOM_L4_JUN_ARGO_CHL_OBSERVABILITY/0071...
Starting model run...
Model run took 7.1 s.
 Processed /g100_scratch/usertrain/a08trb35/ERGOM_L4_JUN_ARGO_CHL_OBSERVABILITY/0072...
Starting model run...
Model run took 8.5 s.
 Processed /g100_scratch/usertrain/a08trb35/ERGOM_L4_JUN_ARGO_CHL_OBSERVABILITY/0073...
Starting model run...
Model run took 7.2 s.
 Processed /g100_scratch/usertrain/a08trb35/ERGOM_L4_JUN_ARGO_CHL_OBSERVABILITY/0074...
Starting model run...
Model run took 8.4 s.
 Processed /g100_scratch/usertrain/a08trb35/ERGOM_L4_JUN_ARGO_CHL_OBSERVABILITY/0075...
Starting model run...
Model run took 7.2 s.
 Processed /g100_scratch/usertrain/a08trb35/ERGOM_L4_JUN_ARGO_CHL_OBSERVABILITY/0076...
Starting model run...
Model run took 8.4 s.
 Processed /g100_scratch/usertrain/a08trb35/ERGOM_L4_JUN_ARGO_CHL_OBSERVABILITY/0077...
Starting model run...
Model run took 7.2 s.
 Processed /g100_scratch/usertrain/a08trb35/ERGOM_L4_JUN_ARGO_CHL_OBSERVABILITY/0078...
Starting model run...
Model run took 8.4 s.
 Processed /g100_scratch/usertrain/a08trb35/ERGOM_L4_JUN_ARGO_CHL_OBSERVABILITY/0079...
Starting model run...
Model run took 7.2 s.
 Processed /g100_scratch/usertrain/a08trb35/ERGOM_L4_JUN_ARGO_CHL_OBSERVABILITY/0080...
Starting model run...
Model run took 8.4 s.
 Processed /g100_scratch/usertrain/a08trb35/ERGOM_L4_JUN_ARGO_CHL_OBSERVABILITY/0081...
Starting model run...
Model run took 7.2 s.
 Processed /g100_scratch/usertrain/a08trb35/ERGOM_L4_JUN_ARGO_CHL_OBSERVABILITY/0082...
Starting model run...
Model run took 8.4 s.
 Processed /g100_scratch/usertrain/a08trb35/ERGOM_L4_JUN_ARGO_CHL_OBSERVABILITY/0083...
Starting model run...
Model run took 7.1 s.
 Processed /g100_scratch/usertrain/a08trb35/ERGOM_L4_JUN_ARGO_CHL_OBSERVABILITY/0084...
Starting model run...
Model run took 8.4 s.
 Processed /g100_scratch/usertrain/a08trb35/ERGOM_L4_JUN_ARGO_CHL_OBSERVABILITY/0085...
Starting model run...
Model run took 7.2 s.
 Processed /g100_scratch/usertrain/a08trb35/ERGOM_L4_JUN_ARGO_CHL_OBSERVABILITY/0086...
Starting model run...
Model run took 8.4 s.
 Processed /g100_scratch/usertrain/a08trb35/ERGOM_L4_JUN_ARGO_CHL_OBSERVABILITY/0087...
Starting model run...
Model run took 7.2 s.
 Processed /g100_scratch/usertrain/a08trb35/ERGOM_L4_JUN_ARGO_CHL_OBSERVABILITY/0088...
Starting model run...
Model run took 8.7 s.
 Processed /g100_scratch/usertrain/a08trb35/ERGOM_L4_JUN_ARGO_CHL_OBSERVABILITY/0089...
Starting model run...
Model run took 7.2 s.
 Processed /g100_scratch/usertrain/a08trb35/ERGOM_L4_JUN_ARGO_CHL_OBSERVABILITY/0090...
Starting model run...
Model run took 8.4 s.
 Processed /g100_scratch/usertrain/a08trb35/ERGOM_L4_JUN_ARGO_CHL_OBSERVABILITY/0091...
Starting model run...
Model run took 7.2 s.
 Processed /g100_scratch/usertrain/a08trb35/ERGOM_L4_JUN_ARGO_CHL_OBSERVABILITY/0092...
Starting model run...
Model run took 8.4 s.
 Processed /g100_scratch/usertrain/a08trb35/ERGOM_L4_JUN_ARGO_CHL_OBSERVABILITY/0093...
Starting model run...
Model run took 7.2 s.
 Processed /g100_scratch/usertrain/a08trb35/ERGOM_L4_JUN_ARGO_CHL_OBSERVABILITY/0094...
Starting model run...
Model run took 8.4 s.
 Processed /g100_scratch/usertrain/a08trb35/ERGOM_L4_JUN_ARGO_CHL_OBSERVABILITY/0095...
Starting model run...
Model run took 5.7 s.
 Processed /g100_scratch/usertrain/a08trb35/ERGOM_L4_JUN_ARGO_CHL_OBSERVABILITY/0096...
Starting model run...
Model run took 5.7 s.
 Processed /g100_scratch/usertrain/a08trb35/ERGOM_L4_JUN_ARGO_CHL_OBSERVABILITY/0097...
Starting model run...
Model run took 5.8 s.
 Processed /g100_scratch/usertrain/a08trb35/ERGOM_L4_JUN_ARGO_CHL_OBSERVABILITY/0098...
Starting model run...
Model run took 5.7 s.
 Processed /g100_scratch/usertrain/a08trb35/ERGOM_L4_JUN_ARGO_CHL_OBSERVABILITY/0099...
Retrieving value of target expression(s) for each ensemble member...
  - 0: [  1.43076092   0.24394238   1.96776366   8.00371452 210.28445567
   0.52749294   0.91340661   0.69758981   0.          50.        ]
  - 1: [  1.31063171   0.24301559   1.89232171   8.00583881 212.12788723
   0.52328426   0.81844044   0.66802305  78.          50.        ]
  - 2: [  1.34745125   0.24291527   1.91624153   8.00524969 211.61272928
   0.52452803   0.82435513   0.67787242  78.          50.        ]
  - 3: [  1.41167566   0.24363311   1.95653415   8.004094   210.61164657
   0.52708638   0.84874475   0.69311023   0.          50.        ]
  - 4: [  1.36625116   0.24304648   1.92839551   8.00493058 211.33566151
   0.5254088    0.8276825    0.68244457  76.          50.        ]
  - 5: [  1.46629367   0.24454346   1.98776472   8.00296684 209.64230214
   0.52773112   1.03867555   0.70613611   0.          50.        ]
  - 6: [  1.42073922   0.24377742   1.96191204   8.00391554 210.45790166
   0.52730441   0.87928629   0.69523096   0.          50.        ]
  - 7: [  1.31846652   0.24293955   1.89731801   8.00571608 212.01955248
   0.5233894    0.81973171   0.67028612  78.          50.        ]
  - 8: [  1.3955239    0.24339315   1.94675183   8.00440183 210.87801461
   0.52659345   0.83330154   0.68934107  76.          50.        ]
  - 9: [  1.33223451   0.2428855    1.90628302   8.00549714 211.82857082
   0.52384508   0.82194138   0.67400587  78.          50.        ]
  - 10: [  1.36085618   0.24299993   1.92493272   8.00502346 211.41646145
   0.52516043   0.82666206   0.68114913  76.          50.        ]
  - 11: [  1.36375452   0.24302416   1.92679596   8.0049737  211.37317425
   0.52529472   0.82720852   0.68184644  76.          50.        ]
  - 12: [  1.44776369   0.24422966   1.97747791   8.0033629  209.98233696
   0.52769136   0.97238338   0.70163536   0.          50.        ]
  - 13: [  1.32968753   0.2428889    1.90461552   8.00553695 211.86408798
   0.52374339   0.82153702   0.67333716  78.          50.        ]
  - 14: [  1.40736124   0.24356659   1.95394564   8.00417759 210.68372113
   0.52696735   0.83561707   0.69210321  76.          50.        ]
  - 15: [  1.31948131   0.24293232   1.89797306   8.00569949 212.00554093
   0.52341324   0.8198967    0.67057031  78.          50.        ]
  - 16: [  1.46629134   0.24454343   1.98776376   8.00296684 209.6423446
   0.52773106   1.03866708   0.70613563   0.          50.        ]
  - 17: [  1.40765762   0.24357107   1.95412409   8.00417162 210.67881709
   0.52697587   0.83567619   0.69217247  76.          50.        ]
  - 18: [  1.42573149   0.24385896   1.9648391    8.00381602 210.37196416
   0.52740496   0.89623249   0.69640398   0.          50.        ]
  - 19: [  1.39459311   0.24338019   1.94618022   8.00441974 210.89306641
   0.5265612    0.83311939   0.68912375  76.          50.        ]
  - 20: [  1.43824669   0.2440681    1.97207272   8.00356127 210.15266219
   0.52759874   0.93918514   0.69936305   0.          50.        ]
  - 21: [  1.40583304   0.2435434    1.95302463   8.00420745 210.70911175
   0.52692312   0.83531666   0.69174653  76.          50.        ]
  - 22: [  1.34798423   0.2429177    1.91658914   8.0052404  211.60504416
   0.52455318   0.8244381    0.6780048   78.          50.        ]
  - 23: [  1.39120334   0.24333382   1.94409192   8.0044821  210.94764776
   0.52644044   0.83246326   0.68833148  76.          50.        ]
  - 24: [  1.43764413   0.24405792   1.97172773   8.00357255 210.16331946
   0.52759123   0.93710017   0.69921976   0.          50.        ]
  - 25: [  1.31255274   0.24299331   1.89353478   8.00580829 212.10124406
   0.52329481   0.81875992   0.66859072  78.          50.        ]
  - 26: [  1.42951169   0.24392156   1.9670397    8.00373907 210.30625849
   0.52747238   0.90913105   0.69729483   0.          50.        ]
  - 27: [  1.31429075   0.24297528   1.89463961   8.00578109 212.07723336
   0.52331352   0.81904888   0.66909677  78.          50.        ]
  - 28: [  1.44607643   0.24420099   1.97652614   8.00339873 210.012759
   0.52767855   0.96645916   0.70123076   0.          50.        ]
  - 29: [  1.32242775   0.2429145    1.89988101   8.00565305 211.96480129
   0.52349299   0.82037449   0.67138541  78.          50.        ]
  - 30: [  1.41348897   0.24366149   1.95761657   8.00405884 210.58111838
   0.52713352   0.85483527   0.69353396   0.          50.        ]
  - 31: [  1.42696165   0.24387926   1.96555662   8.00379081 210.3506284
   0.52742791   0.90042353   0.69669342   0.          50.        ]
  - 32: [  1.35537255   0.24295968   1.92139149   8.005117   211.49753736
   0.52490336   0.82562447   0.67981946  76.          50.        ]
  - 33: [  1.42086692   0.2437795    1.96198738   8.00391288 210.45571501
   0.52730715   0.8797183    0.69526094   0.          50.        ]
  - 34: [  1.41166206   0.24363288   1.95652604   8.00409466 210.61185887
   0.52708596   0.84869897   0.69310695   0.          50.        ]
  - 35: [  1.36698035   0.24305323   1.92886186   8.00491731 211.32462211
   0.52544194   0.82782269   0.68261874  76.          50.        ]
  - 36: [  1.32124154   0.24292111   1.89911151   8.00567096 211.98121179
   0.52345908   0.82018185   0.67105889  78.          50.        ]
  - 37: [  1.41797737   0.24373287   1.96028185   8.00396994 210.50507388
   0.52724254   0.86995244   0.69458377   0.          50.        ]
  - 38: [  1.39957013   0.24345081   1.94922674   8.0043262  210.81222401
   0.52672929   0.83408833   0.69028533  76.          50.        ]
  - 39: [  1.38203579   0.24321617   1.93838894   8.00465194 211.09292204
   0.5260877    0.83069515   0.68618363  76.          50.        ]
  - 40: [  1.30479456   0.24309936   1.88869822   8.00593235 212.20923913
   0.52332795   0.81744766   0.66623896  78.          50.        ]
  - 41: [  1.42797702   0.24389602   1.96614766   8.00377025 210.33300781
   0.52744597   0.9038868    0.69693273   0.          50.        ]
  - 42: [  1.31845657   0.24293955   1.89731169   8.00571608 212.01967986
   0.52338904   0.81973171   0.67028332  78.          50.        ]
  - 43: [  1.3195785    0.24293168   1.89803576   8.0056975  212.00420346
   0.52341574   0.81991291   0.67059726  78.          50.        ]
  - 44: [  1.4046115    0.24352506   1.95228672   8.00423    210.72932235
   0.52688682   0.83507824   0.69146144  76.          50.        ]
  - 45: [  1.42785147   0.24389401   1.96607471   8.00377356 210.33517323
   0.52744383   0.90345836   0.69690323   0.          50.        ]
  - 46: [  1.32640341   0.24289744   1.90246952   8.00559002 211.90977412
   0.52362216   0.82101154   0.67246306  78.          50.        ]
  - 47: [  1.37809969   0.24316968   1.93591774   8.0047216  211.1543181
   0.52592659   0.82993984   0.68525678  76.          50.        ]
  - 48: [  1.40078586   0.24346846   1.94996691   8.00430298 210.79231063
   0.52676839   0.8343277    0.69056886  76.          50.        ]
  - 49: [  1.42592322   0.24386215   1.96495092   8.00381204 210.36863111
   0.52740866   0.89688545   0.69644904   0.          50.        ]
  - 50: [  1.39893424   0.24344163   1.94883883   8.00433814 210.8226053
   0.52670842   0.8339653    0.69013685  76.          50.        ]
  - 51: [  1.46796235   0.24457136   1.98867679   8.00293101 209.61115829
   0.52772582   1.04476583   0.70654756   0.          50.        ]
  - 52: [  1.3355392    0.24288508   1.90844941   8.00544341 211.78224779
   0.52398479   0.8224659    0.67486268  78.          50.        ]
  - 53: [  1.39324188   0.24336155   1.94534898   8.00444362 210.91486923
   0.52651358   0.83285713   0.68880802  76.          50.        ]
  - 54: [  1.46129127   0.24445929   1.98501742   8.00307498 209.73511804
   0.52773803   1.02054417   0.70491034   0.          50.        ]
  - 55: [  1.43081947   0.24394335   1.96779788   8.00371253 210.28341542
   0.52749377   0.91360712   0.69760346   0.          50.        ]
  - 56: [  1.46229553   0.24447629   1.98557055   8.00305308 209.71656335
   0.5277378    1.02416945   0.70515555   0.          50.        ]
  - 57: [  1.36076007   0.24299915   1.92487121   8.00502545 211.41788383
   0.52515596   0.82664299   0.68112588  76.          50.        ]
  - 58: [  1.31495633   0.24296887   1.89506483   8.00577048 212.06804093
   0.523323     0.81915665   0.66928869  78.          50.        ]
  - 59: [  1.31172139   0.24300264   1.89300835   8.00582156 212.11277174
   0.52328861   0.81862259   0.66834658  78.          50.        ]
  - 60: [  1.44300627   0.24414879   1.97478652   8.00346242 210.06787109
   0.52765119   0.95572376   0.70049661   0.          50.        ]
  - 61: [  1.41155608   0.24363123   1.95646238   8.00409599 210.61366338
   0.52708328   0.84834301   0.69308245   0.          50.        ]
  - 62: [  1.40214472   0.24348839   1.95079267   8.00427777 210.77001953
   0.52681136   0.83459377   0.6908859   76.          50.        ]
  - 63: [  1.33438011   0.24288477   1.90768945   8.00546265 211.79853091
   0.52393502   0.82228184   0.67456311  78.          50.        ]
  - 64: [  1.39581266   0.24339725   1.94692898   8.00439718 210.87336532
   0.52660334   0.83335686   0.68940842  76.          50.        ]
  - 65: [  1.46501342   0.24452195   1.98706388   8.00299404 209.666143
   0.52773398   1.03401685   0.70582157   0.          50.        ]
  - 66: [  1.30522736   0.24309228   1.88896298   8.00592505 212.20316746
   0.52332038   0.81752205   0.66637439  78.          50.        ]
  - 67: [  1.45838729   0.24441017   1.98341274   8.00313668 209.7887016
   0.52773643   1.01009977   0.70420223   0.          50.        ]
  - 68: [  1.43333485   0.24398541   1.96925139   8.00366078 210.23936396
   0.52753258   0.92223966   0.69819814   0.          50.        ]
  - 69: [  1.38168468   0.24321193   1.93816912   8.00465725 211.09842052
   0.52607358   0.83062744   0.68610108  76.          50.        ]
  - 70: [  1.37143442   0.24309701   1.93170035   8.00484035 211.25696332
   0.52564067   0.82866859   0.6836797   76.          50.        ]
  - 71: [  1.34133414   0.24289384   1.91224539   8.00534986 211.70030146
   0.52424377   0.82338428   0.67634058  78.          50.        ]
  - 72: [  1.37512754   0.24313627   1.9340421    8.00477401 211.20032269
   0.52580094   0.82937241   0.68455511  76.          50.        ]
  - 73: [  1.44095695   0.24411397   1.97362006   8.00350421 210.1044285
   0.52762991   0.94858766   0.7000078    0.          50.        ]
  - 74: [  1.316286     0.24295695   1.89591634   8.00575057 212.04965608
   0.52334517   0.81937504   0.66966933  78.          50.        ]
  - 75: [  1.40899376   0.24359158   1.95492721   8.00414508 210.65652599
   0.5270136    0.83975303   0.69248426   0.          50.        ]
  - 76: [  1.46612051   0.24454053   1.98767018   8.00297082 209.64552904
   0.5277316    1.03804445   0.70609373   0.          50.        ]
  - 77: [  1.46872164   0.24458401   1.98909116   8.00291377 209.59695567
   0.52772295   1.04754376   0.70673472   0.          50.        ]
  - 78: [  1.31464776   0.24297179   1.8948673    8.00577512 212.07228685
   0.52331841   0.81910706   0.66919988  78.          50.        ]
  - 79: [  1.38764564   0.2432867    1.94188845   8.00454845 211.00439453
   0.52630782   0.83177471   0.68749923  76.          50.        ]
  - 80: [  1.3967184    0.24340998   1.94748425   8.00437994 210.85867442
   0.52663434   0.83353329   0.68961978  76.          50.        ]
  - 81: [  1.45165485   0.2442959    1.97966397   8.0032813  209.91183339
   0.52771521   0.98611164   0.70257139   0.          50.        ]
  - 82: [  1.36786154   0.24306156   1.92942464   8.00490272 211.31131114
   0.52548164   0.82798862   0.68282926  76.          50.        ]
  - 83: [  1.39687779   0.24341226   1.94758177   8.00437662 210.85608441
   0.52663976   0.83356476   0.68965721  76.          50.        ]
  - 84: [  1.37350771   0.24311872   1.93301618   8.0048032  211.22522503
   0.52573115   0.82906437   0.6841715   76.          50.        ]
  - 85: [  1.4159798    0.24370095   1.9590981    8.00400908 210.53899881
   0.52719527   0.86321712   0.69411629   0.          50.        ]
  - 86: [  1.38985551   0.24331579   1.94325864   8.00450798 210.96919582
   0.52639091   0.83220196   0.68801624  76.          50.        ]
  - 87: [  1.42818468   0.24389949   1.96626878   8.0037656  210.32939878
   0.52744967   0.90459645   0.69698185   0.          50.        ]
  - 88: [  1.3535658    0.24294806   1.92022038   8.00514752 211.52398947
   0.52481794   0.82532692   0.67937839  78.          50.        ]
  - 89: [  1.35044579   0.24293002   1.91819298   8.0051986  211.56944209
   0.52466989   0.82483101   0.67861277  78.          50.        ]
  - 90: [  1.38282693   0.24322584   1.93888438   8.00463735 211.08052395
   0.52611953   0.83084679   0.68636942  76.          50.        ]
  - 91: [  1.44415034   0.24416819   1.9754355    8.0034392  210.04734205
   0.52766192   0.95971704   0.70076978   0.          50.        ]
  - 92: [  1.33995446   0.24289067   1.91134179   8.00537176 211.71991763
   0.52418071   0.82316685   0.67599148  78.          50.        ]
  - 93: [  1.42405717   0.24383149   1.96386003   8.0038492  210.40087891
   0.52737272   0.89053887   0.69601017   0.          50.        ]
  - 94: [  1.38258063   0.24322277   1.93873036   8.00464066 211.08434528
   0.52610964   0.83080006   0.68631154  76.          50.        ]
  - 95: [  1.46027275   0.24444211   1.98445547   8.00309687 209.75396994
   0.52773803   1.01687467   0.70466173   0.          50.        ]
  - 96: [  1.38410402   0.24324167   1.93968284   8.0046128  211.06039827
   0.52617043   0.83109283   0.68666911  76.          50.        ]
  - 97: [  1.45512589   0.2443549    1.98160183   8.003207   209.84848421
   0.52772927   0.99844253   0.70341027   0.          50.        ]
  - 98: [  1.381481     0.24320942   1.93804133   8.00466056 211.10158373
   0.52606529   0.83059025   0.68605328  76.          50.        ]
  - 99: [  1.36385105   0.24302498   1.92685795   8.00497237 211.37175187
   0.52529913   0.82722759   0.68186945  76.          50.        ]
Updating sensitivity info in ERGOM_L4_observability_ARGO_CHL_JUN.pickle with model results...
Done
