Starting ppserver on r513c01n03,r513c02n03:50495
Host names provided to parsac: r513c01n03:50495,r513c02n03:50495,
Starting parsac
Reading sensitivity samples from ERGOM_L4_observability_OC_NOV.pickle...
Reading configuration from L4_observability_OC_NOV.xml...
Starting Parallel Python server...
Giving Parallel Python 10 seconds to connect to: r513c01n03:50495, r513c02n03:50495
Running on:
   local: 0 cpus
   r513c01n03:50495: 48 cpus
   r513c02n03:50495: 48 cpus
Total number of cpus: 96
Starting model run...
Model run took 6.0 s.
 Processed /g100_scratch/usertrain/a08trb35/ERGOM_L4_NOV_OC_OBSERVABILITY/0000...
Starting model run...
Model run took 6.0 s.
 Processed /g100_scratch/usertrain/a08trb35/ERGOM_L4_NOV_OC_OBSERVABILITY/0001...
Starting model run...
Model run took 6.0 s.
 Processed /g100_scratch/usertrain/a08trb35/ERGOM_L4_NOV_OC_OBSERVABILITY/0002...
Starting model run...
Model run took 5.9 s.
 Processed /g100_scratch/usertrain/a08trb35/ERGOM_L4_NOV_OC_OBSERVABILITY/0003...
Starting model run...
Model run took 6.0 s.
 Processed /g100_scratch/usertrain/a08trb35/ERGOM_L4_NOV_OC_OBSERVABILITY/0004...
Starting model run...
Model run took 6.2 s.
 Processed /g100_scratch/usertrain/a08trb35/ERGOM_L4_NOV_OC_OBSERVABILITY/0005...
Starting model run...
Model run took 6.1 s.
 Processed /g100_scratch/usertrain/a08trb35/ERGOM_L4_NOV_OC_OBSERVABILITY/0006...
Starting model run...
Model run took 6.0 s.
 Processed /g100_scratch/usertrain/a08trb35/ERGOM_L4_NOV_OC_OBSERVABILITY/0007...
Starting model run...
Model run took 6.0 s.
 Processed /g100_scratch/usertrain/a08trb35/ERGOM_L4_NOV_OC_OBSERVABILITY/0008...
Starting model run...
Model run took 6.2 s.
 Processed /g100_scratch/usertrain/a08trb35/ERGOM_L4_NOV_OC_OBSERVABILITY/0009...
Starting model run...
Model run took 6.0 s.
 Processed /g100_scratch/usertrain/a08trb35/ERGOM_L4_NOV_OC_OBSERVABILITY/0010...
Starting model run...
Model run took 6.2 s.
 Processed /g100_scratch/usertrain/a08trb35/ERGOM_L4_NOV_OC_OBSERVABILITY/0011...
Starting model run...
Model run took 6.0 s.
 Processed /g100_scratch/usertrain/a08trb35/ERGOM_L4_NOV_OC_OBSERVABILITY/0012...
Starting model run...
Model run took 6.1 s.
 Processed /g100_scratch/usertrain/a08trb35/ERGOM_L4_NOV_OC_OBSERVABILITY/0013...
Starting model run...
Model run took 6.0 s.
 Processed /g100_scratch/usertrain/a08trb35/ERGOM_L4_NOV_OC_OBSERVABILITY/0014...
Starting model run...
Model run took 5.9 s.
 Processed /g100_scratch/usertrain/a08trb35/ERGOM_L4_NOV_OC_OBSERVABILITY/0015...
Starting model run...
Model run took 6.0 s.
 Processed /g100_scratch/usertrain/a08trb35/ERGOM_L4_NOV_OC_OBSERVABILITY/0016...
Starting model run...
Model run took 5.9 s.
 Processed /g100_scratch/usertrain/a08trb35/ERGOM_L4_NOV_OC_OBSERVABILITY/0017...
Starting model run...
Model run took 6.1 s.
 Processed /g100_scratch/usertrain/a08trb35/ERGOM_L4_NOV_OC_OBSERVABILITY/0018...
Starting model run...
Model run took 6.0 s.
 Processed /g100_scratch/usertrain/a08trb35/ERGOM_L4_NOV_OC_OBSERVABILITY/0019...
Starting model run...
Model run took 6.1 s.
 Processed /g100_scratch/usertrain/a08trb35/ERGOM_L4_NOV_OC_OBSERVABILITY/0020...
Starting model run...
Model run took 6.1 s.
 Processed /g100_scratch/usertrain/a08trb35/ERGOM_L4_NOV_OC_OBSERVABILITY/0021...
Starting model run...
Model run took 6.0 s.
 Processed /g100_scratch/usertrain/a08trb35/ERGOM_L4_NOV_OC_OBSERVABILITY/0022...
Starting model run...
Model run took 6.3 s.
 Processed /g100_scratch/usertrain/a08trb35/ERGOM_L4_NOV_OC_OBSERVABILITY/0023...
Starting model run...
Model run took 5.9 s.
 Processed /g100_scratch/usertrain/a08trb35/ERGOM_L4_NOV_OC_OBSERVABILITY/0024...
Starting model run...
Model run took 6.0 s.
 Processed /g100_scratch/usertrain/a08trb35/ERGOM_L4_NOV_OC_OBSERVABILITY/0025...
Starting model run...
Model run took 6.1 s.
 Processed /g100_scratch/usertrain/a08trb35/ERGOM_L4_NOV_OC_OBSERVABILITY/0026...
Starting model run...
Model run took 6.1 s.
 Processed /g100_scratch/usertrain/a08trb35/ERGOM_L4_NOV_OC_OBSERVABILITY/0027...
Starting model run...
Model run took 5.9 s.
 Processed /g100_scratch/usertrain/a08trb35/ERGOM_L4_NOV_OC_OBSERVABILITY/0028...
Starting model run...
Model run took 6.0 s.
 Processed /g100_scratch/usertrain/a08trb35/ERGOM_L4_NOV_OC_OBSERVABILITY/0029...
Starting model run...
Model run took 6.1 s.
 Processed /g100_scratch/usertrain/a08trb35/ERGOM_L4_NOV_OC_OBSERVABILITY/0030...
Starting model run...
Model run took 6.3 s.
 Processed /g100_scratch/usertrain/a08trb35/ERGOM_L4_NOV_OC_OBSERVABILITY/0031...
Starting model run...
Model run took 6.2 s.
 Processed /g100_scratch/usertrain/a08trb35/ERGOM_L4_NOV_OC_OBSERVABILITY/0032...
Starting model run...
Model run took 6.1 s.
 Processed /g100_scratch/usertrain/a08trb35/ERGOM_L4_NOV_OC_OBSERVABILITY/0033...
Starting model run...
Model run took 6.0 s.
 Processed /g100_scratch/usertrain/a08trb35/ERGOM_L4_NOV_OC_OBSERVABILITY/0034...
Starting model run...
Model run took 6.2 s.
 Processed /g100_scratch/usertrain/a08trb35/ERGOM_L4_NOV_OC_OBSERVABILITY/0035...
Starting model run...
Model run took 6.0 s.
 Processed /g100_scratch/usertrain/a08trb35/ERGOM_L4_NOV_OC_OBSERVABILITY/0036...
Starting model run...
Model run took 6.0 s.
 Processed /g100_scratch/usertrain/a08trb35/ERGOM_L4_NOV_OC_OBSERVABILITY/0037...
Starting model run...
Model run took 6.0 s.
 Processed /g100_scratch/usertrain/a08trb35/ERGOM_L4_NOV_OC_OBSERVABILITY/0038...
Starting model run...
Model run took 6.1 s.
 Processed /g100_scratch/usertrain/a08trb35/ERGOM_L4_NOV_OC_OBSERVABILITY/0039...
Starting model run...
Model run took 5.9 s.
 Processed /g100_scratch/usertrain/a08trb35/ERGOM_L4_NOV_OC_OBSERVABILITY/0040...
Starting model run...
Model run took 5.9 s.
 Processed /g100_scratch/usertrain/a08trb35/ERGOM_L4_NOV_OC_OBSERVABILITY/0041...
Starting model run...
Model run took 6.5 s.
 Processed /g100_scratch/usertrain/a08trb35/ERGOM_L4_NOV_OC_OBSERVABILITY/0042...
Starting model run...
Model run took 5.9 s.
 Processed /g100_scratch/usertrain/a08trb35/ERGOM_L4_NOV_OC_OBSERVABILITY/0043...
Starting model run...
Model run took 6.0 s.
 Processed /g100_scratch/usertrain/a08trb35/ERGOM_L4_NOV_OC_OBSERVABILITY/0044...
Starting model run...
Model run took 5.9 s.
 Processed /g100_scratch/usertrain/a08trb35/ERGOM_L4_NOV_OC_OBSERVABILITY/0045...
Starting model run...
Model run took 5.9 s.
 Processed /g100_scratch/usertrain/a08trb35/ERGOM_L4_NOV_OC_OBSERVABILITY/0046...
Starting model run...
Model run took 5.9 s.
 Processed /g100_scratch/usertrain/a08trb35/ERGOM_L4_NOV_OC_OBSERVABILITY/0047...
Starting model run...
Model run took 6.2 s.
 Processed /g100_scratch/usertrain/a08trb35/ERGOM_L4_NOV_OC_OBSERVABILITY/0048...
Starting model run...
Model run took 6.1 s.
 Processed /g100_scratch/usertrain/a08trb35/ERGOM_L4_NOV_OC_OBSERVABILITY/0049...
Starting model run...
Model run took 6.1 s.
 Processed /g100_scratch/usertrain/a08trb35/ERGOM_L4_NOV_OC_OBSERVABILITY/0050...
Starting model run...
Model run took 6.1 s.
 Processed /g100_scratch/usertrain/a08trb35/ERGOM_L4_NOV_OC_OBSERVABILITY/0051...
Starting model run...
Model run took 6.0 s.
 Processed /g100_scratch/usertrain/a08trb35/ERGOM_L4_NOV_OC_OBSERVABILITY/0052...
Starting model run...
Model run took 6.2 s.
 Processed /g100_scratch/usertrain/a08trb35/ERGOM_L4_NOV_OC_OBSERVABILITY/0053...
Starting model run...
Model run took 6.0 s.
 Processed /g100_scratch/usertrain/a08trb35/ERGOM_L4_NOV_OC_OBSERVABILITY/0054...
Starting model run...
Model run took 6.0 s.
 Processed /g100_scratch/usertrain/a08trb35/ERGOM_L4_NOV_OC_OBSERVABILITY/0055...
Starting model run...
Model run took 6.0 s.
 Processed /g100_scratch/usertrain/a08trb35/ERGOM_L4_NOV_OC_OBSERVABILITY/0056...
Starting model run...
Model run took 6.0 s.
 Processed /g100_scratch/usertrain/a08trb35/ERGOM_L4_NOV_OC_OBSERVABILITY/0057...
Starting model run...
Model run took 6.0 s.
 Processed /g100_scratch/usertrain/a08trb35/ERGOM_L4_NOV_OC_OBSERVABILITY/0058...
Starting model run...
Model run took 6.1 s.
 Processed /g100_scratch/usertrain/a08trb35/ERGOM_L4_NOV_OC_OBSERVABILITY/0059...
Starting model run...
Model run took 6.0 s.
 Processed /g100_scratch/usertrain/a08trb35/ERGOM_L4_NOV_OC_OBSERVABILITY/0060...
Starting model run...
Model run took 5.8 s.
 Processed /g100_scratch/usertrain/a08trb35/ERGOM_L4_NOV_OC_OBSERVABILITY/0061...
Starting model run...
Model run took 6.2 s.
 Processed /g100_scratch/usertrain/a08trb35/ERGOM_L4_NOV_OC_OBSERVABILITY/0062...
Starting model run...
Model run took 6.0 s.
 Processed /g100_scratch/usertrain/a08trb35/ERGOM_L4_NOV_OC_OBSERVABILITY/0063...
Starting model run...
Model run took 6.0 s.
 Processed /g100_scratch/usertrain/a08trb35/ERGOM_L4_NOV_OC_OBSERVABILITY/0064...
Starting model run...
Model run took 6.1 s.
 Processed /g100_scratch/usertrain/a08trb35/ERGOM_L4_NOV_OC_OBSERVABILITY/0065...
Starting model run...
Model run took 6.0 s.
 Processed /g100_scratch/usertrain/a08trb35/ERGOM_L4_NOV_OC_OBSERVABILITY/0066...
Starting model run...
Model run took 6.0 s.
 Processed /g100_scratch/usertrain/a08trb35/ERGOM_L4_NOV_OC_OBSERVABILITY/0067...
Starting model run...
Model run took 5.9 s.
 Processed /g100_scratch/usertrain/a08trb35/ERGOM_L4_NOV_OC_OBSERVABILITY/0068...
Starting model run...
Model run took 6.0 s.
 Processed /g100_scratch/usertrain/a08trb35/ERGOM_L4_NOV_OC_OBSERVABILITY/0069...
Starting model run...
Model run took 6.1 s.
 Processed /g100_scratch/usertrain/a08trb35/ERGOM_L4_NOV_OC_OBSERVABILITY/0070...
Starting model run...
Model run took 6.0 s.
 Processed /g100_scratch/usertrain/a08trb35/ERGOM_L4_NOV_OC_OBSERVABILITY/0071...
Starting model run...
Model run took 6.1 s.
 Processed /g100_scratch/usertrain/a08trb35/ERGOM_L4_NOV_OC_OBSERVABILITY/0072...
Starting model run...
Model run took 5.9 s.
 Processed /g100_scratch/usertrain/a08trb35/ERGOM_L4_NOV_OC_OBSERVABILITY/0073...
Starting model run...
Model run took 6.1 s.
 Processed /g100_scratch/usertrain/a08trb35/ERGOM_L4_NOV_OC_OBSERVABILITY/0074...
Starting model run...
Model run took 5.9 s.
 Processed /g100_scratch/usertrain/a08trb35/ERGOM_L4_NOV_OC_OBSERVABILITY/0075...
Starting model run...
Model run took 5.9 s.
 Processed /g100_scratch/usertrain/a08trb35/ERGOM_L4_NOV_OC_OBSERVABILITY/0076...
Starting model run...
Model run took 6.2 s.
 Processed /g100_scratch/usertrain/a08trb35/ERGOM_L4_NOV_OC_OBSERVABILITY/0077...
Starting model run...
Model run took 6.1 s.
 Processed /g100_scratch/usertrain/a08trb35/ERGOM_L4_NOV_OC_OBSERVABILITY/0078...
Starting model run...
Model run took 5.9 s.
 Processed /g100_scratch/usertrain/a08trb35/ERGOM_L4_NOV_OC_OBSERVABILITY/0079...
Starting model run...
Model run took 6.0 s.
 Processed /g100_scratch/usertrain/a08trb35/ERGOM_L4_NOV_OC_OBSERVABILITY/0080...
Starting model run...
Model run took 6.0 s.
 Processed /g100_scratch/usertrain/a08trb35/ERGOM_L4_NOV_OC_OBSERVABILITY/0081...
Starting model run...
Model run took 6.0 s.
 Processed /g100_scratch/usertrain/a08trb35/ERGOM_L4_NOV_OC_OBSERVABILITY/0082...
Starting model run...
Model run took 6.1 s.
 Processed /g100_scratch/usertrain/a08trb35/ERGOM_L4_NOV_OC_OBSERVABILITY/0083...
Starting model run...
Model run took 5.9 s.
 Processed /g100_scratch/usertrain/a08trb35/ERGOM_L4_NOV_OC_OBSERVABILITY/0084...
Starting model run...
Model run took 6.0 s.
 Processed /g100_scratch/usertrain/a08trb35/ERGOM_L4_NOV_OC_OBSERVABILITY/0085...
Starting model run...
Model run took 6.2 s.
 Processed /g100_scratch/usertrain/a08trb35/ERGOM_L4_NOV_OC_OBSERVABILITY/0086...
Starting model run...
Model run took 6.2 s.
 Processed /g100_scratch/usertrain/a08trb35/ERGOM_L4_NOV_OC_OBSERVABILITY/0087...
Starting model run...
Model run took 5.9 s.
 Processed /g100_scratch/usertrain/a08trb35/ERGOM_L4_NOV_OC_OBSERVABILITY/0088...
Starting model run...
Model run took 6.2 s.
 Processed /g100_scratch/usertrain/a08trb35/ERGOM_L4_NOV_OC_OBSERVABILITY/0089...
Starting model run...
Model run took 5.9 s.
 Processed /g100_scratch/usertrain/a08trb35/ERGOM_L4_NOV_OC_OBSERVABILITY/0090...
Starting model run...
Model run took 6.0 s.
 Processed /g100_scratch/usertrain/a08trb35/ERGOM_L4_NOV_OC_OBSERVABILITY/0091...
Starting model run...
Model run took 6.0 s.
 Processed /g100_scratch/usertrain/a08trb35/ERGOM_L4_NOV_OC_OBSERVABILITY/0092...
Starting model run...
Model run took 6.0 s.
 Processed /g100_scratch/usertrain/a08trb35/ERGOM_L4_NOV_OC_OBSERVABILITY/0093...
Starting model run...
Model run took 5.9 s.
 Processed /g100_scratch/usertrain/a08trb35/ERGOM_L4_NOV_OC_OBSERVABILITY/0094...
Starting model run...
Model run took 5.9 s.
 Processed /g100_scratch/usertrain/a08trb35/ERGOM_L4_NOV_OC_OBSERVABILITY/0095...
Starting model run...
Model run took 6.0 s.
 Processed /g100_scratch/usertrain/a08trb35/ERGOM_L4_NOV_OC_OBSERVABILITY/0096...
Starting model run...
Model run took 6.1 s.
 Processed /g100_scratch/usertrain/a08trb35/ERGOM_L4_NOV_OC_OBSERVABILITY/0097...
Starting model run...
Model run took 6.0 s.
 Processed /g100_scratch/usertrain/a08trb35/ERGOM_L4_NOV_OC_OBSERVABILITY/0098...
Starting model run...
Model run took 5.8 s.
 Processed /g100_scratch/usertrain/a08trb35/ERGOM_L4_NOV_OC_OBSERVABILITY/0099...
Retrieving value of target expression(s) for each ensemble member...
  - 0: [1.21033519e+00 1.70639083e-01 9.16925073e-01 8.06459642e+00
 2.73519574e+02 9.96132374e-01 5.56805730e-01 3.48562151e-01
 2.00000000e+00 5.70000000e+01]
  - 1: [1.20704195e+00 1.70305505e-01 9.15856838e-01 8.06462097e+00
 2.73524626e+02 9.96134162e-01 5.50210476e-01 3.48021686e-01
 2.00000000e+00 5.70000000e+01]
  - 2: [1.13359086e+00 1.61987767e-01 8.85174274e-01 8.06499315e+00
 2.73621964e+02 9.96146023e-01 4.82692242e-01 3.33666712e-01
 1.40000000e+01 5.70000000e+01]
  - 3: [1.10370147e+00 1.58155501e-01 8.68550003e-01 8.06503694e+00
 2.73652068e+02 9.96125996e-01 4.55498338e-01 3.26353163e-01
 1.40000000e+01 5.70000000e+01]
  - 4: [1.12005541e+00 1.60282701e-01 8.77960622e-01 8.06502102e+00
 2.73636337e+02 9.96138811e-01 4.71281767e-01 3.30471605e-01
 1.40000000e+01 5.70000000e+01]
  - 5: [1.18470814e+00 1.67951092e-01 9.07956183e-01 8.06477290e+00
 2.73557490e+02 9.96144950e-01 5.11031866e-01 3.44142735e-01
 1.40000000e+01 5.70000000e+01]
  - 6: [9.92420694e-01 1.41675159e-01 7.82669246e-01 8.06464419e+00
 2.73708411e+02 9.95825887e-01 3.70757103e-01 2.89591461e-01
 8.80000000e+01 5.70000000e+01]
  - 7: [1.11056917e+00 1.59057677e-01 8.72595608e-01 8.06503296e+00
 2.73645699e+02 9.96132195e-01 4.62376952e-01 3.28117996e-01
 1.40000000e+01 5.70000000e+01]
  - 8: [9.86304656e-01 1.40652865e-01 7.76720822e-01 8.06459908e+00
 2.73708623e+02 9.95794654e-01 3.71502876e-01 2.87046671e-01
 8.80000000e+01 5.70000000e+01]
  - 9: [1.07635581e+00 1.54436857e-01 8.51066589e-01 8.06502102e+00
 2.73674380e+02 9.96090055e-01 4.25058603e-01 3.18798304e-01
 1.40000000e+01 5.70000000e+01]
  - 10: [1.12336349e+00 1.60704151e-01 8.79771411e-01 8.06501438e+00
 2.73632919e+02 9.96141076e-01 4.74215150e-01 3.31270128e-01
 1.40000000e+01 5.70000000e+01]
  - 11: [1.07126883e+00 1.53722748e-01 8.47567201e-01 8.06501173e+00
 2.73677925e+02 9.96081173e-01 4.18955088e-01 3.17296177e-01
 1.40000000e+01 5.70000000e+01]
  - 12: [1.10258733e+00 1.58007935e-01 8.67880762e-01 8.06503694e+00
 2.73653066e+02 9.96124864e-01 4.54350352e-01 3.26062024e-01
 1.40000000e+01 5.70000000e+01]
  - 13: [1.17757175e+00 1.67165622e-01 9.05180395e-01 8.06481270e+00
 2.73567404e+02 9.96147275e-01 5.08450747e-01 3.42820138e-01
 1.40000000e+01 5.70000000e+01]
  - 14: [1.18438729e+00 1.67916119e-01 9.07834172e-01 8.06477489e+00
 2.73557957e+02 9.96144772e-01 5.10925055e-01 3.44084263e-01
 1.40000000e+01 5.70000000e+01]
  - 15: [1.03040347e+00 1.47721738e-01 8.16526175e-01 8.06487374e+00
 2.73699771e+02 9.95979309e-01 3.67001057e-01 3.04038614e-01
 1.40000000e+01 5.70000000e+01]
  - 16: [1.17208448e+00 1.66550979e-01 9.02960002e-01 8.06484322e+00
 2.73574856e+02 9.96148348e-01 5.06177664e-01 3.41773868e-01
 1.40000000e+01 5.70000000e+01]
  - 17: [1.13065703e+00 1.61622554e-01 8.83654535e-01 8.06500045e+00
 2.73625212e+02 9.96144772e-01 4.80353832e-01 3.32990199e-01
 1.40000000e+01 5.70000000e+01]
  - 18: [1.02448969e+00 1.46812156e-01 8.11586559e-01 8.06484521e+00
 2.73701894e+02 9.95959580e-01 3.66918564e-01 3.01933110e-01
 8.80000000e+01 5.70000000e+01]
  - 19: [1.13049607e+00 1.61602467e-01 8.83570313e-01 8.06500111e+00
 2.73625382e+02 9.96144593e-01 4.80223179e-01 3.32952857e-01
 1.40000000e+01 5.70000000e+01]
  - 20: [1.09138232e+00 1.56505257e-01 8.60948145e-01 8.06503628e+00
 2.73662746e+02 9.96112168e-01 4.42337632e-01 3.23056191e-01
 1.40000000e+01 5.70000000e+01]
  - 21: [1.12626573e+00 1.61071375e-01 8.81334364e-01 8.06501040e+00
 2.73629883e+02 9.96142745e-01 4.76712704e-01 3.31961215e-01
 1.40000000e+01 5.70000000e+01]
  - 22: [1.16833795e+00 1.66126028e-01 9.01400208e-01 8.06486246e+00
 2.73579802e+02 9.96149182e-01 5.04476547e-01 3.41044635e-01
 1.40000000e+01 5.70000000e+01]
  - 23: [1.17454786e+00 1.66828036e-01 9.03966129e-01 8.06482995e+00
 2.73571544e+02 9.96147990e-01 5.07229567e-01 3.42246741e-01
 1.40000000e+01 5.70000000e+01]
  - 24: [1.02061446e+00 1.46210089e-01 8.08285534e-01 8.06482398e+00
 2.73703146e+02 9.95946169e-01 3.67372513e-01 3.00525934e-01
 8.80000000e+01 5.70000000e+01]
  - 25: [1.16568574e+00 1.65822625e-01 9.00274217e-01 8.06487506e+00
 2.73583305e+02 9.96149302e-01 5.03198147e-01 3.40521008e-01
 1.40000000e+01 5.70000000e+01]
  - 26: [1.18763899e+00 1.68269113e-01 9.09060180e-01 8.06475498e+00
 2.73553329e+02 9.96143699e-01 5.11973619e-01 3.44673932e-01
 1.40000000e+01 5.70000000e+01]
  - 27: [1.13938274e+00 1.62701741e-01 8.88105154e-01 8.06497723e+00
 2.73615468e+02 9.96147871e-01 4.87083912e-01 3.34977061e-01
 1.40000000e+01 5.70000000e+01]
  - 28: [1.21491822e+00 1.71097413e-01 9.18372214e-01 8.06456060e+00
 2.73512419e+02 9.96129513e-01 5.66022158e-01 3.49301726e-01
 2.00000000e+00 5.70000000e+01]
  - 29: [1.20104151e+00 1.69688672e-01 9.13847864e-01 8.06466542e+00
 2.73533713e+02 9.96137500e-01 5.38259864e-01 3.47016633e-01
 2.00000000e+00 5.70000000e+01]
  - 30: [1.00186928e+00 1.43226460e-01 7.91576564e-01 8.06471053e+00
 2.73707413e+02 9.95870590e-01 3.69608879e-01 2.93397754e-01
 8.80000000e+01 5.70000000e+01]
  - 31: [1.20958983e+00 1.70563951e-01 9.16685522e-01 8.06460240e+00
 2.73520699e+02 9.96132791e-01 5.55310845e-01 3.48440468e-01
 2.00000000e+00 5.70000000e+01]
  - 32: [1.11669615e+00 1.59851730e-01 8.76090169e-01 8.06502632e+00
 2.73639712e+02 9.96136725e-01 4.68210816e-01 3.29649270e-01
 1.40000000e+01 5.70000000e+01]
  - 33: [1.13928073e+00 1.62689254e-01 8.88054490e-01 8.06497789e+00
 2.73615595e+02 9.96147692e-01 4.87009287e-01 3.34954321e-01
 1.40000000e+01 5.70000000e+01]
  - 34: [1.14551942e+00 1.63447797e-01 8.91110241e-01 8.06495733e+00
 2.73608314e+02 9.96149242e-01 4.91406679e-01 3.36329222e-01
 1.40000000e+01 5.70000000e+01]
  - 35: [1.09828526e+00 1.57435030e-01 8.65262747e-01 8.06503893e+00
 2.73656908e+02 9.96120512e-01 4.49835896e-01 3.24924678e-01
 1.40000000e+01 5.70000000e+01]
  - 36: [1.05466710e+00 1.51342630e-01 8.35593581e-01 8.06497060e+00
 2.73688328e+02 9.96046722e-01 3.98347020e-01 3.12172025e-01
 1.40000000e+01 5.70000000e+01]
  - 37: [9.95396241e-01 1.42167285e-01 7.85510838e-01 8.06466542e+00
 2.73708156e+02 9.95840311e-01 3.70393753e-01 2.90806234e-01
 8.80000000e+01 5.70000000e+01]
  - 38: [1.11511678e+00 1.59648016e-01 8.75199676e-01 8.06502765e+00
 2.73641304e+02 9.96135712e-01 4.66735125e-01 3.29258353e-01
 1.40000000e+01 5.70000000e+01]
  - 39: [1.11124992e+00 1.59146398e-01 8.72989237e-01 8.06503230e+00
 2.73645041e+02 9.96132731e-01 4.63039637e-01 3.28290075e-01
 1.40000000e+01 5.70000000e+01]
  - 40: [1.20257369e+00 1.69847310e-01 9.14368570e-01 8.06465414e+00
 2.73531399e+02 9.96136963e-01 5.41302919e-01 3.47275823e-01
 2.00000000e+00 5.70000000e+01]
  - 41: [1.17155689e+00 1.66491419e-01 9.02742445e-01 8.06484587e+00
 2.73575556e+02 9.96148705e-01 5.05945206e-01 3.41671884e-01
 1.40000000e+01 5.70000000e+01]
  - 42: [1.13982765e+00 1.62756190e-01 8.88326585e-01 8.06497657e+00
 2.73614980e+02 9.96147931e-01 4.87408638e-01 3.35076302e-01
 1.40000000e+01 5.70000000e+01]
  - 43: [1.21058804e+00 1.70664549e-01 9.17006314e-01 8.06459443e+00
 2.73519192e+02 9.96132135e-01 5.57313085e-01 3.48603278e-01
 2.00000000e+00 5.70000000e+01]
  - 44: [1.04837849e+00 1.50420770e-01 8.30833256e-01 8.06494804e+00
 2.73691746e+02 9.96031284e-01 3.90326262e-01 3.10139507e-01
 1.40000000e+01 5.70000000e+01]
  - 45: [1.10344887e+00 1.58122078e-01 8.68398607e-01 8.06503694e+00
 2.73652323e+02 9.96125638e-01 4.55239058e-01 3.26287419e-01
 1.40000000e+01 5.70000000e+01]
  - 46: [1.19236208e+00 1.68775856e-01 9.10795689e-01 8.06472314e+00
 2.73546514e+02 9.96141613e-01 5.21135449e-01 3.45515430e-01
 2.00000000e+00 5.70000000e+01]
  - 47: [1.19205674e+00 1.68743327e-01 9.10685062e-01 8.06472579e+00
 2.73546960e+02 9.96141851e-01 5.20537019e-01 3.45461518e-01
 2.00000000e+00 5.70000000e+01]
  - 48: [1.03628922e+00 1.48616195e-01 8.21327031e-01 8.06490027e+00
 2.73697414e+02 9.95997727e-01 3.74687076e-01 3.06085080e-01
 1.40000000e+01 5.70000000e+01]
  - 49: [1.14375687e+00 1.63234636e-01 8.90257716e-01 8.06496330e+00
 2.73610415e+02 9.96148944e-01 4.90200281e-01 3.35944593e-01
 1.40000000e+01 5.70000000e+01]
  - 50: [1.14534801e+00 1.63427144e-01 8.91027808e-01 8.06495799e+00
 2.73608568e+02 9.96149063e-01 4.91290569e-01 3.36291969e-01
 1.40000000e+01 5.70000000e+01]
  - 51: [1.11089084e+00 1.59099624e-01 8.72781754e-01 8.06503296e+00
 2.73645380e+02 9.96132553e-01 4.62690234e-01 3.28199297e-01
 1.40000000e+01 5.70000000e+01]
  - 52: [1.15429024e+00 1.64495304e-01 8.95228267e-01 8.06492482e+00
 2.73597741e+02 9.96149778e-01 4.96989012e-01 3.38198781e-01
 1.40000000e+01 5.70000000e+01]
  - 53: [1.17976827e+00 1.67409077e-01 9.06048179e-01 8.06480142e+00
 2.73564389e+02 9.96146619e-01 5.09289980e-01 3.43231648e-01
 1.40000000e+01 5.70000000e+01]
  - 54: [1.17697575e+00 1.67099237e-01 9.04942811e-01 8.06481668e+00
 2.73568232e+02 9.96147037e-01 5.08216143e-01 3.42707545e-01
 1.40000000e+01 5.70000000e+01]
  - 55: [1.12098163e+00 1.60401031e-01 8.78470719e-01 8.06501903e+00
 2.73635403e+02 9.96139765e-01 4.72112060e-01 3.30696404e-01
 1.40000000e+01 5.70000000e+01]
  - 56: [1.15605412e+00 1.64703280e-01 8.96031678e-01 8.06491819e+00
 2.73595555e+02 9.96149957e-01 4.98027086e-01 3.38566065e-01
 1.40000000e+01 5.70000000e+01]
  - 57: [1.18453217e+00 1.67931899e-01 9.07889187e-01 8.06477356e+00
 2.73557745e+02 9.96145070e-01 5.10973454e-01 3.44110608e-01
 1.40000000e+01 5.70000000e+01]
  - 58: [1.15915713e+00 1.65066928e-01 8.97424877e-01 8.06490558e+00
 2.73591669e+02 9.96150076e-01 4.99784231e-01 3.39205205e-01
 1.40000000e+01 5.70000000e+01]
  - 59: [1.13444619e+00 1.62093803e-01 8.85613143e-01 8.06499183e+00
 2.73621009e+02 9.96146023e-01 4.83359575e-01 3.33862424e-01
 1.40000000e+01 5.70000000e+01]
  - 60: [1.16371188e+00 1.65595502e-01 8.99424613e-01 8.06488568e+00
 2.73585874e+02 9.96149778e-01 5.02206087e-01 3.40127230e-01
 1.40000000e+01 5.70000000e+01]
  - 61: [1.21269914e+00 1.70876369e-01 9.17677283e-01 8.06457918e+00
 2.73515880e+02 9.96130824e-01 5.61554074e-01 3.48945439e-01
 2.00000000e+00 5.70000000e+01]
  - 62: [1.20288890e+00 1.69879884e-01 9.14474964e-01 8.06465215e+00
 2.73530932e+02 9.96136785e-01 5.41929960e-01 3.47328931e-01
 2.00000000e+00 5.70000000e+01]
  - 63: [1.19783178e+00 1.69353947e-01 9.12739575e-01 8.06468731e+00
 2.73538489e+02 9.96139348e-01 5.31903505e-01 3.46468210e-01
 2.00000000e+00 5.70000000e+01]
  - 64: [1.12967400e+00 1.61499634e-01 8.83139729e-01 8.06500244e+00
 2.73626231e+02 9.96144295e-01 4.79553223e-01 3.32761616e-01
 1.40000000e+01 5.70000000e+01]
  - 65: [1.02169377e+00 1.46378234e-01 8.09209883e-01 8.06482862e+00
 2.73702828e+02 9.95950103e-01 3.67245674e-01 3.00920129e-01
 8.80000000e+01 5.70000000e+01]
  - 66: [1.12301486e+00 1.60659879e-01 8.79581928e-01 8.06501637e+00
 2.73633280e+02 9.96141076e-01 4.73910332e-01 3.31186563e-01
 1.40000000e+01 5.70000000e+01]
  - 67: [1.21264798e+00 1.70871228e-01 9.17661190e-01 8.06457918e+00
 2.73515986e+02 9.96130884e-01 5.61450958e-01 3.48937154e-01
 2.00000000e+00 5.70000000e+01]
  - 68: [1.15591373e+00 1.64686784e-01 8.95968080e-01 8.06491951e+00
 2.73595746e+02 9.96150196e-01 4.97945309e-01 3.38536948e-01
 1.40000000e+01 5.70000000e+01]
  - 69: [1.07452019e+00 1.54180020e-01 8.49812984e-01 8.06501836e+00
 2.73675696e+02 9.96086895e-01 4.22869682e-01 3.18259925e-01
 1.40000000e+01 5.70000000e+01]
  - 70: [1.17426308e+00 1.66796088e-01 9.03850615e-01 8.06483128e+00
 2.73571926e+02 9.96147871e-01 5.07110596e-01 3.42192352e-01
 1.40000000e+01 5.70000000e+01]
  - 71: [1.16998241e+00 1.66313082e-01 9.02089298e-01 8.06485317e+00
 2.73577658e+02 9.96149004e-01 5.05238056e-01 3.41366142e-01
 1.40000000e+01 5.70000000e+01]
  - 72: [1.16211510e+00 1.65410891e-01 8.98729563e-01 8.06489099e+00
 2.73587912e+02 9.96149838e-01 5.01378059e-01 3.39805990e-01
 1.40000000e+01 5.70000000e+01]
  - 73: [1.18120666e+00 1.67567700e-01 9.06609833e-01 8.06479280e+00
 2.73562415e+02 9.96146262e-01 5.09817362e-01 3.43499005e-01
 1.40000000e+01 5.70000000e+01]
  - 74: [1.16441105e+00 1.65676057e-01 8.99726629e-01 8.06488103e+00
 2.73584961e+02 9.96149480e-01 5.02561331e-01 3.40267062e-01
 1.40000000e+01 5.70000000e+01]
  - 75: [1.18477407e+00 1.67958304e-01 9.07981217e-01 8.06477091e+00
 2.73557384e+02 9.96144831e-01 5.11054039e-01 3.44154865e-01
 1.40000000e+01 5.70000000e+01]
  - 76: [1.11689717e+00 1.59877628e-01 8.76202941e-01 8.06502632e+00
 2.73639479e+02 9.96137321e-01 4.68397141e-01 3.29698712e-01
 1.40000000e+01 5.70000000e+01]
  - 77: [1.01646083e+00 1.45559266e-01 8.04690063e-01 8.06480076e+00
 2.73704314e+02 9.95930552e-01 3.67861748e-01 2.98992962e-01
 8.80000000e+01 5.70000000e+01]
  - 78: [1.14414986e+00 1.63282275e-01 8.90448511e-01 8.06496264e+00
 2.73609948e+02 9.96149004e-01 4.90471840e-01 3.36030692e-01
 1.40000000e+01 5.70000000e+01]
  - 79: [1.01498902e+00 1.45327285e-01 8.03401589e-01 8.06479214e+00
 2.73704717e+02 9.95924950e-01 3.68037224e-01 2.98443615e-01
 8.80000000e+01 5.70000000e+01]
  - 80: [1.15330638e+00 1.64378941e-01 8.94776464e-01 8.06492880e+00
 2.73598972e+02 9.96149898e-01 4.96397972e-01 3.37992758e-01
 1.40000000e+01 5.70000000e+01]
  - 81: [1.20815401e+00 1.70418590e-01 9.16220129e-01 8.06461301e+00
 2.73522928e+02 9.96133566e-01 5.52434921e-01 3.48205060e-01
 2.00000000e+00 5.70000000e+01]
  - 82: [1.08517158e+00 1.55657738e-01 8.56945932e-01 8.06503163e+00
 2.73667756e+02 9.96103764e-01 4.35343623e-01 3.21328431e-01
 1.40000000e+01 5.70000000e+01]
  - 83: [1.08389548e+00 1.55482292e-01 8.56109202e-01 8.06503031e+00
 2.73668754e+02 9.96101737e-01 4.33879733e-01 3.20967853e-01
 1.40000000e+01 5.70000000e+01]
  - 84: [1.14653828e+00 1.63570628e-01 8.91599298e-01 8.06495401e+00
 2.73607146e+02 9.96149480e-01 4.92091417e-01 3.36550146e-01
 1.40000000e+01 5.70000000e+01]
  - 85: [1.12195222e+00 1.60524741e-01 8.79002631e-01 8.06501836e+00
 2.73634362e+02 9.96140420e-01 4.72974777e-01 3.30930948e-01
 1.40000000e+01 5.70000000e+01]
  - 86: [1.15934190e+00 1.65088490e-01 8.97507131e-01 8.06490425e+00
 2.73591457e+02 9.96150136e-01 4.99886274e-01 3.39242905e-01
 1.40000000e+01 5.70000000e+01]
  - 87: [1.18813805e+00 1.68322980e-01 9.09246027e-01 8.06475167e+00
 2.73552607e+02 9.96143520e-01 5.12877822e-01 3.44763666e-01
 2.00000000e+00 5.70000000e+01]
  - 88: [1.13578680e+00 1.62259579e-01 8.86296570e-01 8.06498785e+00
 2.73619523e+02 9.96146739e-01 4.84392643e-01 3.34167510e-01
 1.40000000e+01 5.70000000e+01]
  - 89: [1.19741597e+00 1.69310302e-01 9.12594259e-01 8.06468997e+00
 2.73539126e+02 9.96139467e-01 5.31081915e-01 3.46396625e-01
 2.00000000e+00 5.70000000e+01]
  - 90: [1.13526062e+00 1.62194595e-01 8.86028886e-01 8.06498984e+00
 2.73620096e+02 9.96146560e-01 4.83989000e-01 3.34048003e-01
 1.40000000e+01 5.70000000e+01]
  - 91: [1.16323504e+00 1.65540442e-01 8.99217606e-01 8.06488701e+00
 2.73586468e+02 9.96149719e-01 5.01961470e-01 3.40031534e-01
 1.40000000e+01 5.70000000e+01]
  - 92: [1.05758128e+00 1.51765972e-01 8.37757170e-01 8.06497789e+00
 2.73686630e+02 9.96053278e-01 4.02029157e-01 3.13096613e-01
 1.40000000e+01 5.70000000e+01]
  - 93: [1.05002768e+00 1.50663629e-01 8.32093775e-01 8.06495467e+00
 2.73690833e+02 9.96035397e-01 3.92439127e-01 3.10677618e-01
 1.40000000e+01 5.70000000e+01]
  - 94: [1.04205903e+00 1.49482831e-01 8.25922847e-01 8.06492482e+00
 2.73694845e+02 9.96014237e-01 3.82181048e-01 3.08044672e-01
 1.40000000e+01 5.70000000e+01]
  - 95: [1.19533647e+00 1.69091418e-01 9.11861181e-01 8.06470456e+00
 2.73542162e+02 9.96140480e-01 5.26980758e-01 3.46036345e-01
 2.00000000e+00 5.70000000e+01]
  - 96: [1.19712274e+00 1.69279546e-01 9.12491620e-01 8.06469196e+00
 2.73539551e+02 9.96139348e-01 5.30503154e-01 3.46346080e-01
 2.00000000e+00 5.70000000e+01]
  - 97: [1.02330755e+00 1.46629006e-01 8.10584962e-01 8.06483858e+00
 2.73702297e+02 9.95955527e-01 3.67056847e-01 3.01506251e-01
 8.80000000e+01 5.70000000e+01]
  - 98: [1.08042742e+00 1.55003324e-01 8.53811026e-01 8.06502699e+00
 2.73671387e+02 9.96096492e-01 4.29857731e-01 3.19978237e-01
 1.40000000e+01 5.70000000e+01]
  - 99: [1.14330458e+00 1.63179785e-01 8.90037537e-01 8.06496529e+00
 2.73610925e+02 9.96148646e-01 4.89885807e-01 3.35845500e-01
 1.40000000e+01 5.70000000e+01]
Updating sensitivity info in ERGOM_L4_observability_OC_NOV.pickle with model results...
Done
