Starting ppserver on r515c06n[01-02]:53782
Host names provided to parsac: r515c06n01:53782,r515c06n02:53782,
Starting parsac
Reading sensitivity samples from ERGOM_L4_observability_ARGO_NO3_NOV.pickle...
Reading configuration from L4_observability_ARGO_NO3_NOV.xml...
Starting Parallel Python server...
Giving Parallel Python 10 seconds to connect to: r515c06n01:53782, r515c06n02:53782
Running on:
   local: 0 cpus
   r515c06n02:53782: 48 cpus
   r515c06n01:53782: 48 cpus
Total number of cpus: 96
Starting model run...
Model run took 6.0 s.
 Processed /g100_scratch/usertrain/a08trb35/ERGOM_L4_NOV_ARGO_NO3_OBSERVABILITY/0000...
Starting model run...
Model run took 6.0 s.
 Processed /g100_scratch/usertrain/a08trb35/ERGOM_L4_NOV_ARGO_NO3_OBSERVABILITY/0001...
Starting model run...
Model run took 6.0 s.
 Processed /g100_scratch/usertrain/a08trb35/ERGOM_L4_NOV_ARGO_NO3_OBSERVABILITY/0002...
Starting model run...
Model run took 6.1 s.
 Processed /g100_scratch/usertrain/a08trb35/ERGOM_L4_NOV_ARGO_NO3_OBSERVABILITY/0003...
Starting model run...
Model run took 6.0 s.
 Processed /g100_scratch/usertrain/a08trb35/ERGOM_L4_NOV_ARGO_NO3_OBSERVABILITY/0004...
Starting model run...
Model run took 6.1 s.
 Processed /g100_scratch/usertrain/a08trb35/ERGOM_L4_NOV_ARGO_NO3_OBSERVABILITY/0005...
Starting model run...
Model run took 6.0 s.
 Processed /g100_scratch/usertrain/a08trb35/ERGOM_L4_NOV_ARGO_NO3_OBSERVABILITY/0006...
Starting model run...
Model run took 6.1 s.
 Processed /g100_scratch/usertrain/a08trb35/ERGOM_L4_NOV_ARGO_NO3_OBSERVABILITY/0007...
Starting model run...
Model run took 6.1 s.
 Processed /g100_scratch/usertrain/a08trb35/ERGOM_L4_NOV_ARGO_NO3_OBSERVABILITY/0008...
Starting model run...
Model run took 6.0 s.
 Processed /g100_scratch/usertrain/a08trb35/ERGOM_L4_NOV_ARGO_NO3_OBSERVABILITY/0009...
Starting model run...
Model run took 6.0 s.
 Processed /g100_scratch/usertrain/a08trb35/ERGOM_L4_NOV_ARGO_NO3_OBSERVABILITY/0010...
Starting model run...
Model run took 6.3 s.
 Processed /g100_scratch/usertrain/a08trb35/ERGOM_L4_NOV_ARGO_NO3_OBSERVABILITY/0011...
Starting model run...
Model run took 6.0 s.
 Processed /g100_scratch/usertrain/a08trb35/ERGOM_L4_NOV_ARGO_NO3_OBSERVABILITY/0012...
Starting model run...
Model run took 6.1 s.
 Processed /g100_scratch/usertrain/a08trb35/ERGOM_L4_NOV_ARGO_NO3_OBSERVABILITY/0013...
Starting model run...
Model run took 6.0 s.
 Processed /g100_scratch/usertrain/a08trb35/ERGOM_L4_NOV_ARGO_NO3_OBSERVABILITY/0014...
Starting model run...
Model run took 6.0 s.
 Processed /g100_scratch/usertrain/a08trb35/ERGOM_L4_NOV_ARGO_NO3_OBSERVABILITY/0015...
Starting model run...
Model run took 5.9 s.
 Processed /g100_scratch/usertrain/a08trb35/ERGOM_L4_NOV_ARGO_NO3_OBSERVABILITY/0016...
Starting model run...
Model run took 6.2 s.
 Processed /g100_scratch/usertrain/a08trb35/ERGOM_L4_NOV_ARGO_NO3_OBSERVABILITY/0017...
Starting model run...
Model run took 6.0 s.
 Processed /g100_scratch/usertrain/a08trb35/ERGOM_L4_NOV_ARGO_NO3_OBSERVABILITY/0018...
Starting model run...
Model run took 6.0 s.
 Processed /g100_scratch/usertrain/a08trb35/ERGOM_L4_NOV_ARGO_NO3_OBSERVABILITY/0019...
Starting model run...
Model run took 6.1 s.
 Processed /g100_scratch/usertrain/a08trb35/ERGOM_L4_NOV_ARGO_NO3_OBSERVABILITY/0020...
Starting model run...
Model run took 6.1 s.
 Processed /g100_scratch/usertrain/a08trb35/ERGOM_L4_NOV_ARGO_NO3_OBSERVABILITY/0021...
Starting model run...
Model run took 6.0 s.
 Processed /g100_scratch/usertrain/a08trb35/ERGOM_L4_NOV_ARGO_NO3_OBSERVABILITY/0022...
Starting model run...
Model run took 6.4 s.
 Processed /g100_scratch/usertrain/a08trb35/ERGOM_L4_NOV_ARGO_NO3_OBSERVABILITY/0023...
Starting model run...
Model run took 6.1 s.
 Processed /g100_scratch/usertrain/a08trb35/ERGOM_L4_NOV_ARGO_NO3_OBSERVABILITY/0024...
Starting model run...
Model run took 6.0 s.
 Processed /g100_scratch/usertrain/a08trb35/ERGOM_L4_NOV_ARGO_NO3_OBSERVABILITY/0025...
Starting model run...
Model run took 6.1 s.
 Processed /g100_scratch/usertrain/a08trb35/ERGOM_L4_NOV_ARGO_NO3_OBSERVABILITY/0026...
Starting model run...
Model run took 6.0 s.
 Processed /g100_scratch/usertrain/a08trb35/ERGOM_L4_NOV_ARGO_NO3_OBSERVABILITY/0027...
Starting model run...
Model run took 6.1 s.
 Processed /g100_scratch/usertrain/a08trb35/ERGOM_L4_NOV_ARGO_NO3_OBSERVABILITY/0028...
Starting model run...
Model run took 6.0 s.
 Processed /g100_scratch/usertrain/a08trb35/ERGOM_L4_NOV_ARGO_NO3_OBSERVABILITY/0029...
Starting model run...
Model run took 6.0 s.
 Processed /g100_scratch/usertrain/a08trb35/ERGOM_L4_NOV_ARGO_NO3_OBSERVABILITY/0030...
Starting model run...
Model run took 6.1 s.
 Processed /g100_scratch/usertrain/a08trb35/ERGOM_L4_NOV_ARGO_NO3_OBSERVABILITY/0031...
Starting model run...
Model run took 6.1 s.
 Processed /g100_scratch/usertrain/a08trb35/ERGOM_L4_NOV_ARGO_NO3_OBSERVABILITY/0032...
Starting model run...
Model run took 6.0 s.
 Processed /g100_scratch/usertrain/a08trb35/ERGOM_L4_NOV_ARGO_NO3_OBSERVABILITY/0033...
Starting model run...
Model run took 6.0 s.
 Processed /g100_scratch/usertrain/a08trb35/ERGOM_L4_NOV_ARGO_NO3_OBSERVABILITY/0034...
Starting model run...
Model run took 5.9 s.
 Processed /g100_scratch/usertrain/a08trb35/ERGOM_L4_NOV_ARGO_NO3_OBSERVABILITY/0035...
Starting model run...
Model run took 6.0 s.
 Processed /g100_scratch/usertrain/a08trb35/ERGOM_L4_NOV_ARGO_NO3_OBSERVABILITY/0036...
Starting model run...
Model run took 6.0 s.
 Processed /g100_scratch/usertrain/a08trb35/ERGOM_L4_NOV_ARGO_NO3_OBSERVABILITY/0037...
Starting model run...
Model run took 6.0 s.
 Processed /g100_scratch/usertrain/a08trb35/ERGOM_L4_NOV_ARGO_NO3_OBSERVABILITY/0038...
Starting model run...
Model run took 6.1 s.
 Processed /g100_scratch/usertrain/a08trb35/ERGOM_L4_NOV_ARGO_NO3_OBSERVABILITY/0039...
Starting model run...
Model run took 5.9 s.
 Processed /g100_scratch/usertrain/a08trb35/ERGOM_L4_NOV_ARGO_NO3_OBSERVABILITY/0040...
Starting model run...
Model run took 6.0 s.
 Processed /g100_scratch/usertrain/a08trb35/ERGOM_L4_NOV_ARGO_NO3_OBSERVABILITY/0041...
Starting model run...
Model run took 6.0 s.
 Processed /g100_scratch/usertrain/a08trb35/ERGOM_L4_NOV_ARGO_NO3_OBSERVABILITY/0042...
Starting model run...
Model run took 6.0 s.
 Processed /g100_scratch/usertrain/a08trb35/ERGOM_L4_NOV_ARGO_NO3_OBSERVABILITY/0043...
Starting model run...
Model run took 6.0 s.
 Processed /g100_scratch/usertrain/a08trb35/ERGOM_L4_NOV_ARGO_NO3_OBSERVABILITY/0044...
Starting model run...
Model run took 6.0 s.
 Processed /g100_scratch/usertrain/a08trb35/ERGOM_L4_NOV_ARGO_NO3_OBSERVABILITY/0045...
Starting model run...
Model run took 6.0 s.
 Processed /g100_scratch/usertrain/a08trb35/ERGOM_L4_NOV_ARGO_NO3_OBSERVABILITY/0046...
Starting model run...
Model run took 6.0 s.
 Processed /g100_scratch/usertrain/a08trb35/ERGOM_L4_NOV_ARGO_NO3_OBSERVABILITY/0047...
Starting model run...
Model run took 6.2 s.
 Processed /g100_scratch/usertrain/a08trb35/ERGOM_L4_NOV_ARGO_NO3_OBSERVABILITY/0048...
Starting model run...
Model run took 6.0 s.
 Processed /g100_scratch/usertrain/a08trb35/ERGOM_L4_NOV_ARGO_NO3_OBSERVABILITY/0049...
Starting model run...
Model run took 6.6 s.
 Processed /g100_scratch/usertrain/a08trb35/ERGOM_L4_NOV_ARGO_NO3_OBSERVABILITY/0050...
Starting model run...
Model run took 6.0 s.
 Processed /g100_scratch/usertrain/a08trb35/ERGOM_L4_NOV_ARGO_NO3_OBSERVABILITY/0051...
Starting model run...
Model run took 6.0 s.
 Processed /g100_scratch/usertrain/a08trb35/ERGOM_L4_NOV_ARGO_NO3_OBSERVABILITY/0052...
Starting model run...
Model run took 6.0 s.
 Processed /g100_scratch/usertrain/a08trb35/ERGOM_L4_NOV_ARGO_NO3_OBSERVABILITY/0053...
Starting model run...
Model run took 6.4 s.
 Processed /g100_scratch/usertrain/a08trb35/ERGOM_L4_NOV_ARGO_NO3_OBSERVABILITY/0054...
Starting model run...
Model run took 6.0 s.
 Processed /g100_scratch/usertrain/a08trb35/ERGOM_L4_NOV_ARGO_NO3_OBSERVABILITY/0055...
Starting model run...
Model run took 5.9 s.
 Processed /g100_scratch/usertrain/a08trb35/ERGOM_L4_NOV_ARGO_NO3_OBSERVABILITY/0056...
Starting model run...
Model run took 6.0 s.
 Processed /g100_scratch/usertrain/a08trb35/ERGOM_L4_NOV_ARGO_NO3_OBSERVABILITY/0057...
Starting model run...
Model run took 6.1 s.
 Processed /g100_scratch/usertrain/a08trb35/ERGOM_L4_NOV_ARGO_NO3_OBSERVABILITY/0058...
Starting model run...
Model run took 5.9 s.
 Processed /g100_scratch/usertrain/a08trb35/ERGOM_L4_NOV_ARGO_NO3_OBSERVABILITY/0059...
Starting model run...
Model run took 6.1 s.
 Processed /g100_scratch/usertrain/a08trb35/ERGOM_L4_NOV_ARGO_NO3_OBSERVABILITY/0060...
Starting model run...
Model run took 6.1 s.
 Processed /g100_scratch/usertrain/a08trb35/ERGOM_L4_NOV_ARGO_NO3_OBSERVABILITY/0061...
Starting model run...
Model run took 6.1 s.
 Processed /g100_scratch/usertrain/a08trb35/ERGOM_L4_NOV_ARGO_NO3_OBSERVABILITY/0062...
Starting model run...
Model run took 6.0 s.
 Processed /g100_scratch/usertrain/a08trb35/ERGOM_L4_NOV_ARGO_NO3_OBSERVABILITY/0063...
Starting model run...
Model run took 6.0 s.
 Processed /g100_scratch/usertrain/a08trb35/ERGOM_L4_NOV_ARGO_NO3_OBSERVABILITY/0064...
Starting model run...
Model run took 6.1 s.
 Processed /g100_scratch/usertrain/a08trb35/ERGOM_L4_NOV_ARGO_NO3_OBSERVABILITY/0065...
Starting model run...
Model run took 6.2 s.
 Processed /g100_scratch/usertrain/a08trb35/ERGOM_L4_NOV_ARGO_NO3_OBSERVABILITY/0066...
Starting model run...
Model run took 6.1 s.
 Processed /g100_scratch/usertrain/a08trb35/ERGOM_L4_NOV_ARGO_NO3_OBSERVABILITY/0067...
Starting model run...
Model run took 6.0 s.
 Processed /g100_scratch/usertrain/a08trb35/ERGOM_L4_NOV_ARGO_NO3_OBSERVABILITY/0068...
Starting model run...
Model run took 6.1 s.
 Processed /g100_scratch/usertrain/a08trb35/ERGOM_L4_NOV_ARGO_NO3_OBSERVABILITY/0069...
Starting model run...
Model run took 6.2 s.
 Processed /g100_scratch/usertrain/a08trb35/ERGOM_L4_NOV_ARGO_NO3_OBSERVABILITY/0070...
Starting model run...
Model run took 6.0 s.
 Processed /g100_scratch/usertrain/a08trb35/ERGOM_L4_NOV_ARGO_NO3_OBSERVABILITY/0071...
Starting model run...
Model run took 6.0 s.
 Processed /g100_scratch/usertrain/a08trb35/ERGOM_L4_NOV_ARGO_NO3_OBSERVABILITY/0072...
Starting model run...
Model run took 6.0 s.
 Processed /g100_scratch/usertrain/a08trb35/ERGOM_L4_NOV_ARGO_NO3_OBSERVABILITY/0073...
Starting model run...
Model run took 6.0 s.
 Processed /g100_scratch/usertrain/a08trb35/ERGOM_L4_NOV_ARGO_NO3_OBSERVABILITY/0074...
Starting model run...
Model run took 6.2 s.
 Processed /g100_scratch/usertrain/a08trb35/ERGOM_L4_NOV_ARGO_NO3_OBSERVABILITY/0075...
Starting model run...
Model run took 6.0 s.
 Processed /g100_scratch/usertrain/a08trb35/ERGOM_L4_NOV_ARGO_NO3_OBSERVABILITY/0076...
Starting model run...
Model run took 5.9 s.
 Processed /g100_scratch/usertrain/a08trb35/ERGOM_L4_NOV_ARGO_NO3_OBSERVABILITY/0077...
Starting model run...
Model run took 6.0 s.
 Processed /g100_scratch/usertrain/a08trb35/ERGOM_L4_NOV_ARGO_NO3_OBSERVABILITY/0078...
Starting model run...
Model run took 6.0 s.
 Processed /g100_scratch/usertrain/a08trb35/ERGOM_L4_NOV_ARGO_NO3_OBSERVABILITY/0079...
Starting model run...
Model run took 6.0 s.
 Processed /g100_scratch/usertrain/a08trb35/ERGOM_L4_NOV_ARGO_NO3_OBSERVABILITY/0080...
Starting model run...
Model run took 6.0 s.
 Processed /g100_scratch/usertrain/a08trb35/ERGOM_L4_NOV_ARGO_NO3_OBSERVABILITY/0081...
Starting model run...
Model run took 6.0 s.
 Processed /g100_scratch/usertrain/a08trb35/ERGOM_L4_NOV_ARGO_NO3_OBSERVABILITY/0082...
Starting model run...
Model run took 6.0 s.
 Processed /g100_scratch/usertrain/a08trb35/ERGOM_L4_NOV_ARGO_NO3_OBSERVABILITY/0083...
Starting model run...
Model run took 5.9 s.
 Processed /g100_scratch/usertrain/a08trb35/ERGOM_L4_NOV_ARGO_NO3_OBSERVABILITY/0084...
Starting model run...
Model run took 6.0 s.
 Processed /g100_scratch/usertrain/a08trb35/ERGOM_L4_NOV_ARGO_NO3_OBSERVABILITY/0085...
Starting model run...
Model run took 6.4 s.
 Processed /g100_scratch/usertrain/a08trb35/ERGOM_L4_NOV_ARGO_NO3_OBSERVABILITY/0086...
Starting model run...
Model run took 5.9 s.
 Processed /g100_scratch/usertrain/a08trb35/ERGOM_L4_NOV_ARGO_NO3_OBSERVABILITY/0087...
Starting model run...
Model run took 6.0 s.
 Processed /g100_scratch/usertrain/a08trb35/ERGOM_L4_NOV_ARGO_NO3_OBSERVABILITY/0088...
Starting model run...
Model run took 6.0 s.
 Processed /g100_scratch/usertrain/a08trb35/ERGOM_L4_NOV_ARGO_NO3_OBSERVABILITY/0089...
Starting model run...
Model run took 5.9 s.
 Processed /g100_scratch/usertrain/a08trb35/ERGOM_L4_NOV_ARGO_NO3_OBSERVABILITY/0090...
Starting model run...
Model run took 6.0 s.
 Processed /g100_scratch/usertrain/a08trb35/ERGOM_L4_NOV_ARGO_NO3_OBSERVABILITY/0091...
Starting model run...
Model run took 5.9 s.
 Processed /g100_scratch/usertrain/a08trb35/ERGOM_L4_NOV_ARGO_NO3_OBSERVABILITY/0092...
Starting model run...
Model run took 5.9 s.
 Processed /g100_scratch/usertrain/a08trb35/ERGOM_L4_NOV_ARGO_NO3_OBSERVABILITY/0093...
Starting model run...
Model run took 5.9 s.
 Processed /g100_scratch/usertrain/a08trb35/ERGOM_L4_NOV_ARGO_NO3_OBSERVABILITY/0094...
Starting model run...
Model run took 6.1 s.
 Processed /g100_scratch/usertrain/a08trb35/ERGOM_L4_NOV_ARGO_NO3_OBSERVABILITY/0095...
Starting model run...
Model run took 5.8 s.
 Processed /g100_scratch/usertrain/a08trb35/ERGOM_L4_NOV_ARGO_NO3_OBSERVABILITY/0096...
Starting model run...
Model run took 6.2 s.
 Processed /g100_scratch/usertrain/a08trb35/ERGOM_L4_NOV_ARGO_NO3_OBSERVABILITY/0097...
Starting model run...
Model run took 6.0 s.
 Processed /g100_scratch/usertrain/a08trb35/ERGOM_L4_NOV_ARGO_NO3_OBSERVABILITY/0098...
Starting model run...
Model run took 5.8 s.
 Processed /g100_scratch/usertrain/a08trb35/ERGOM_L4_NOV_ARGO_NO3_OBSERVABILITY/0099...
Retrieving value of target expression(s) for each ensemble member...
  - 0: [1.12263588e+00 1.60611331e-01 8.79305959e-01 8.06501571e+00
 2.73633662e+02 9.96140361e-01 4.73571062e-01 3.31089467e-01
 1.40000000e+01 5.70000000e+01]
  - 1: [1.12267901e+00 1.60617247e-01 8.79401684e-01 8.06501637e+00
 2.73633619e+02 9.96140778e-01 4.73616004e-01 3.31106097e-01
 1.40000000e+01 5.70000000e+01]
  - 2: [1.12265031e+00 1.60613254e-01 8.79337311e-01 8.06501637e+00
 2.73633662e+02 9.96140420e-01 4.73585844e-01 3.31094950e-01
 1.40000000e+01 5.70000000e+01]
  - 3: [1.12267901e+00 1.60617247e-01 8.79401684e-01 8.06501637e+00
 2.73633619e+02 9.96140778e-01 4.73616004e-01 3.31106097e-01
 1.40000000e+01 5.70000000e+01]
  - 4: [1.12265197e+00 1.60613522e-01 8.79341304e-01 8.06501637e+00
 2.73633662e+02 9.96140659e-01 4.73587632e-01 3.31095517e-01
 1.40000000e+01 5.70000000e+01]
  - 5: [1.12265952e+00 1.60614535e-01 8.79358232e-01 8.06501637e+00
 2.73633683e+02 9.96140420e-01 4.73595738e-01 3.31098527e-01
 1.40000000e+01 5.70000000e+01]
  - 6: [1.12267901e+00 1.60617247e-01 8.79401684e-01 8.06501637e+00
 2.73633640e+02 9.96140778e-01 4.73616004e-01 3.31106097e-01
 1.40000000e+01 5.70000000e+01]
  - 7: [1.12267610e+00 1.60616845e-01 8.79395783e-01 8.06501637e+00
 2.73633662e+02 9.96140778e-01 4.73613024e-01 3.31105053e-01
 1.40000000e+01 5.70000000e+01]
  - 8: [1.12267901e+00 1.60617247e-01 8.79401684e-01 8.06501637e+00
 2.73633619e+02 9.96140778e-01 4.73616004e-01 3.31106097e-01
 1.40000000e+01 5.70000000e+01]
  - 9: [1.12267362e+00 1.60616457e-01 8.79389703e-01 8.06501637e+00
 2.73633662e+02 9.96140718e-01 4.73610282e-01 3.31103891e-01
 1.40000000e+01 5.70000000e+01]
  - 10: [1.12266400e+00 1.60615191e-01 8.79368067e-01 8.06501637e+00
 2.73633640e+02 9.96140599e-01 4.73600268e-01 3.31100106e-01
 1.40000000e+01 5.70000000e+01]
  - 11: [1.12265081e+00 1.60613358e-01 8.79338861e-01 8.06501637e+00
 2.73633662e+02 9.96140420e-01 4.73586321e-01 3.31095189e-01
 1.40000000e+01 5.70000000e+01]
  - 12: [1.12265661e+00 1.60614163e-01 8.79351556e-01 8.06501637e+00
 2.73633662e+02 9.96140540e-01 4.73592401e-01 3.31097424e-01
 1.40000000e+01 5.70000000e+01]
  - 13: [1.12267901e+00 1.60617247e-01 8.79401684e-01 8.06501637e+00
 2.73633640e+02 9.96140778e-01 4.73616004e-01 3.31106097e-01
 1.40000000e+01 5.70000000e+01]
  - 14: [1.12256954e+00 1.60602137e-01 8.79162192e-01 8.06501505e+00
 2.73633640e+02 9.96139705e-01 4.73500371e-01 3.31064463e-01
 1.40000000e+01 5.70000000e+01]
  - 15: [1.12265579e+00 1.60614029e-01 8.79349768e-01 8.06501637e+00
 2.73633662e+02 9.96140420e-01 4.73591924e-01 3.31097037e-01
 1.40000000e+01 5.70000000e+01]
  - 16: [1.12261731e+00 1.60608739e-01 8.79265010e-01 8.06501505e+00
 2.73633640e+02 9.96140003e-01 4.73551154e-01 3.31082374e-01
 1.40000000e+01 5.70000000e+01]
  - 17: [1.12267901e+00 1.60617247e-01 8.79401684e-01 8.06501637e+00
 2.73633619e+02 9.96140778e-01 4.73616004e-01 3.31106097e-01
 1.40000000e+01 5.70000000e+01]
  - 18: [1.12267901e+00 1.60617247e-01 8.79401684e-01 8.06501637e+00
 2.73633640e+02 9.96140778e-01 4.73616004e-01 3.31106097e-01
 1.40000000e+01 5.70000000e+01]
  - 19: [1.12267901e+00 1.60617247e-01 8.79401684e-01 8.06501637e+00
 2.73633662e+02 9.96140778e-01 4.73616004e-01 3.31106097e-01
 1.40000000e+01 5.70000000e+01]
  - 20: [1.12267901e+00 1.60617247e-01 8.79401684e-01 8.06501637e+00
 2.73633640e+02 9.96140778e-01 4.73616004e-01 3.31106097e-01
 1.40000000e+01 5.70000000e+01]
  - 21: [1.12260760e+00 1.60607427e-01 8.79244030e-01 8.06501505e+00
 2.73633640e+02 9.96140122e-01 4.73540664e-01 3.31078678e-01
 1.40000000e+01 5.70000000e+01]
  - 22: [1.12267901e+00 1.60617247e-01 8.79401684e-01 8.06501637e+00
 2.73633640e+02 9.96140778e-01 4.73616004e-01 3.31106097e-01
 1.40000000e+01 5.70000000e+01]
  - 23: [1.12267901e+00 1.60617247e-01 8.79401684e-01 8.06501637e+00
 2.73633619e+02 9.96140778e-01 4.73616004e-01 3.31106097e-01
 1.40000000e+01 5.70000000e+01]
  - 24: [1.12267171e+00 1.60616234e-01 8.79385650e-01 8.06501637e+00
 2.73633662e+02 9.96140599e-01 4.73608255e-01 3.31103235e-01
 1.40000000e+01 5.70000000e+01]
  - 25: [1.12267884e+00 1.60617188e-01 8.79401147e-01 8.06501637e+00
 2.73633662e+02 9.96140778e-01 4.73615766e-01 3.31106007e-01
 1.40000000e+01 5.70000000e+01]
  - 26: [1.12267901e+00 1.60617247e-01 8.79401684e-01 8.06501637e+00
 2.73633619e+02 9.96140778e-01 4.73616004e-01 3.31106097e-01
 1.40000000e+01 5.70000000e+01]
  - 27: [1.12267204e+00 1.60616279e-01 8.79386246e-01 8.06501637e+00
 2.73633662e+02 9.96140718e-01 4.73608613e-01 3.31103355e-01
 1.40000000e+01 5.70000000e+01]
  - 28: [1.12261532e+00 1.60608515e-01 8.79260600e-01 8.06501505e+00
 2.73633640e+02 9.96140361e-01 4.73548770e-01 3.31081599e-01
 1.40000000e+01 5.70000000e+01]
  - 29: [1.12267901e+00 1.60617247e-01 8.79401684e-01 8.06501637e+00
 2.73633619e+02 9.96140778e-01 4.73616004e-01 3.31106097e-01
 1.40000000e+01 5.70000000e+01]
  - 30: [1.12266756e+00 1.60615623e-01 8.79376113e-01 8.06501637e+00
 2.73633662e+02 9.96140599e-01 4.73604083e-01 3.31101626e-01
 1.40000000e+01 5.70000000e+01]
  - 31: [1.12267718e+00 1.60616949e-01 8.79397869e-01 8.06501637e+00
 2.73633662e+02 9.96140659e-01 4.73613858e-01 3.31105471e-01
 1.40000000e+01 5.70000000e+01]
  - 32: [1.12267901e+00 1.60617247e-01 8.79401684e-01 8.06501637e+00
 2.73633640e+02 9.96140778e-01 4.73616004e-01 3.31106097e-01
 1.40000000e+01 5.70000000e+01]
  - 33: [1.12267901e+00 1.60617247e-01 8.79401684e-01 8.06501637e+00
 2.73633619e+02 9.96140778e-01 4.73616004e-01 3.31106097e-01
 1.40000000e+01 5.70000000e+01]
  - 34: [1.12264384e+00 1.60612434e-01 8.79323184e-01 8.06501571e+00
 2.73633662e+02 9.96140361e-01 4.73579049e-01 3.31092417e-01
 1.40000000e+01 5.70000000e+01]
  - 35: [1.12263273e+00 1.60610870e-01 8.79298925e-01 8.06501571e+00
 2.73633662e+02 9.96140242e-01 4.73567605e-01 3.31088215e-01
 1.40000000e+01 5.70000000e+01]
  - 36: [1.12259218e+00 1.60605282e-01 8.79210413e-01 8.06501505e+00
 2.73633640e+02 9.96140063e-01 4.73524213e-01 3.31072867e-01
 1.40000000e+01 5.70000000e+01]
  - 37: [1.12266798e+00 1.60615698e-01 8.79377007e-01 8.06501637e+00
 2.73633662e+02 9.96140599e-01 4.73604441e-01 3.31101716e-01
 1.40000000e+01 5.70000000e+01]
  - 38: [1.12265015e+00 1.60613269e-01 8.79337132e-01 8.06501637e+00
 2.73633662e+02 9.96140540e-01 4.73585844e-01 3.31094891e-01
 1.40000000e+01 5.70000000e+01]
  - 39: [1.12267901e+00 1.60617247e-01 8.79401684e-01 8.06501637e+00
 2.73633619e+02 9.96140778e-01 4.73616004e-01 3.31106097e-01
 1.40000000e+01 5.70000000e+01]
  - 40: [1.12266905e+00 1.60615876e-01 8.79379630e-01 8.06501637e+00
 2.73633662e+02 9.96140838e-01 4.73605633e-01 3.31102341e-01
 1.40000000e+01 5.70000000e+01]
  - 41: [1.12267901e+00 1.60617247e-01 8.79401684e-01 8.06501637e+00
 2.73633640e+02 9.96140778e-01 4.73616004e-01 3.31106097e-01
 1.40000000e+01 5.70000000e+01]
  - 42: [1.12267901e+00 1.60617247e-01 8.79401684e-01 8.06501637e+00
 2.73633640e+02 9.96140778e-01 4.73616004e-01 3.31106097e-01
 1.40000000e+01 5.70000000e+01]
  - 43: [1.12267901e+00 1.60617247e-01 8.79401684e-01 8.06501637e+00
 2.73633619e+02 9.96140778e-01 4.73616004e-01 3.31106097e-01
 1.40000000e+01 5.70000000e+01]
  - 44: [1.12267901e+00 1.60617247e-01 8.79401684e-01 8.06501637e+00
 2.73633619e+02 9.96140778e-01 4.73616004e-01 3.31106097e-01
 1.40000000e+01 5.70000000e+01]
  - 45: [1.12266905e+00 1.60615861e-01 8.79379690e-01 8.06501637e+00
 2.73633662e+02 9.96140599e-01 4.73605871e-01 3.31102341e-01
 1.40000000e+01 5.70000000e+01]
  - 46: [1.12265263e+00 1.60613596e-01 8.79342258e-01 8.06501637e+00
 2.73633662e+02 9.96140420e-01 4.73588347e-01 3.31095785e-01
 1.40000000e+01 5.70000000e+01]
  - 47: [1.12262759e+00 1.60610184e-01 8.79287362e-01 8.06501571e+00
 2.73633662e+02 9.96140182e-01 4.73561883e-01 3.31086278e-01
 1.40000000e+01 5.70000000e+01]
  - 48: [1.12267901e+00 1.60617247e-01 8.79401684e-01 8.06501637e+00
 2.73633619e+02 9.96140778e-01 4.73616004e-01 3.31106097e-01
 1.40000000e+01 5.70000000e+01]
  - 49: [1.12266798e+00 1.60615683e-01 8.79376769e-01 8.06501637e+00
 2.73633662e+02 9.96140718e-01 4.73604441e-01 3.31101686e-01
 1.40000000e+01 5.70000000e+01]
  - 50: [1.12267138e+00 1.60616219e-01 8.79385054e-01 8.06501637e+00
 2.73633662e+02 9.96140838e-01 4.73608255e-01 3.31103146e-01
 1.40000000e+01 5.70000000e+01]
  - 51: [1.12265297e+00 1.60613656e-01 8.79343510e-01 8.06501637e+00
 2.73633662e+02 9.96140420e-01 4.73588824e-01 3.31095934e-01
 1.40000000e+01 5.70000000e+01]
  - 52: [1.12267901e+00 1.60617247e-01 8.79401684e-01 8.06501637e+00
 2.73633619e+02 9.96140778e-01 4.73616004e-01 3.31106097e-01
 1.40000000e+01 5.70000000e+01]
  - 53: [1.12265529e+00 1.60613969e-01 8.79348576e-01 8.06501637e+00
 2.73633662e+02 9.96140420e-01 4.73591328e-01 3.31096798e-01
 1.40000000e+01 5.70000000e+01]
  - 54: [1.12262427e+00 1.60609692e-01 8.79279673e-01 8.06501571e+00
 2.73633662e+02 9.96140182e-01 4.73558307e-01 3.31084818e-01
 1.40000000e+01 5.70000000e+01]
  - 55: [1.12267901e+00 1.60617247e-01 8.79401684e-01 8.06501637e+00
 2.73633640e+02 9.96140778e-01 4.73616004e-01 3.31106097e-01
 1.40000000e+01 5.70000000e+01]
  - 56: [1.12267362e+00 1.60616472e-01 8.79389584e-01 8.06501637e+00
 2.73633662e+02 9.96140718e-01 4.73610044e-01 3.31103861e-01
 1.40000000e+01 5.70000000e+01]
  - 57: [1.12267901e+00 1.60617247e-01 8.79401684e-01 8.06501637e+00
 2.73633640e+02 9.96140778e-01 4.73616004e-01 3.31106097e-01
 1.40000000e+01 5.70000000e+01]
  - 58: [1.12265139e+00 1.60613403e-01 8.79339695e-01 8.06501637e+00
 2.73633662e+02 9.96140301e-01 4.73587036e-01 3.31095308e-01
 1.40000000e+01 5.70000000e+01]
  - 59: [1.12256722e+00 1.60601795e-01 8.79157007e-01 8.06501505e+00
 2.73633640e+02 9.96139586e-01 4.73497748e-01 3.31063569e-01
 1.40000000e+01 5.70000000e+01]
  - 60: [1.12261681e+00 1.60608664e-01 8.79263759e-01 8.06501505e+00
 2.73633662e+02 9.96140003e-01 4.73550558e-01 3.31082106e-01
 1.40000000e+01 5.70000000e+01]
  - 61: [1.12266524e+00 1.60615310e-01 8.79370630e-01 8.06501637e+00
 2.73633640e+02 9.96140480e-01 4.73601460e-01 3.31100643e-01
 1.40000000e+01 5.70000000e+01]
  - 62: [1.12262991e+00 1.60610467e-01 8.79292309e-01 8.06501571e+00
 2.73633640e+02 9.96140182e-01 4.73564267e-01 3.31087083e-01
 1.40000000e+01 5.70000000e+01]
  - 63: [1.12266922e+00 1.60615891e-01 8.79379869e-01 8.06501637e+00
 2.73633662e+02 9.96140718e-01 4.73605752e-01 3.31102401e-01
 1.40000000e+01 5.70000000e+01]
  - 64: [1.12266972e+00 1.60615936e-01 8.79381120e-01 8.06501637e+00
 2.73633662e+02 9.96140599e-01 4.73606348e-01 3.31102550e-01
 1.40000000e+01 5.70000000e+01]
  - 65: [1.12267901e+00 1.60617217e-01 8.79401505e-01 8.06501637e+00
 2.73633662e+02 9.96140778e-01 4.73615885e-01 3.31106067e-01
 1.40000000e+01 5.70000000e+01]
  - 66: [1.12267901e+00 1.60617247e-01 8.79401684e-01 8.06501637e+00
 2.73633619e+02 9.96140778e-01 4.73616004e-01 3.31106097e-01
 1.40000000e+01 5.70000000e+01]
  - 67: [1.12267901e+00 1.60617247e-01 8.79401684e-01 8.06501637e+00
 2.73633619e+02 9.96140778e-01 4.73616004e-01 3.31106097e-01
 1.40000000e+01 5.70000000e+01]
  - 68: [1.12264360e+00 1.60612345e-01 8.79322529e-01 8.06501571e+00
 2.73633662e+02 9.96140361e-01 4.73578811e-01 3.31092328e-01
 1.40000000e+01 5.70000000e+01]
  - 69: [1.12256680e+00 1.60601765e-01 8.79156470e-01 8.06501505e+00
 2.73633640e+02 9.96139586e-01 4.73497391e-01 3.31063449e-01
 1.40000000e+01 5.70000000e+01]
  - 70: [1.12267901e+00 1.60617247e-01 8.79401684e-01 8.06501637e+00
 2.73633619e+02 9.96140778e-01 4.73616004e-01 3.31106097e-01
 1.40000000e+01 5.70000000e+01]
  - 71: [1.12267901e+00 1.60617247e-01 8.79401684e-01 8.06501637e+00
 2.73633619e+02 9.96140778e-01 4.73616004e-01 3.31106097e-01
 1.40000000e+01 5.70000000e+01]
  - 72: [1.12267901e+00 1.60617247e-01 8.79401684e-01 8.06501637e+00
 2.73633619e+02 9.96140778e-01 4.73616004e-01 3.31106097e-01
 1.40000000e+01 5.70000000e+01]
  - 73: [1.12267901e+00 1.60617247e-01 8.79401684e-01 8.06501637e+00
 2.73633619e+02 9.96140778e-01 4.73616004e-01 3.31106097e-01
 1.40000000e+01 5.70000000e+01]
  - 74: [1.12263074e+00 1.60610572e-01 8.79294217e-01 8.06501571e+00
 2.73633640e+02 9.96140063e-01 4.73565221e-01 3.31087410e-01
 1.40000000e+01 5.70000000e+01]
  - 75: [1.12258579e+00 1.60604388e-01 8.79196823e-01 8.06501505e+00
 2.73633640e+02 9.96139765e-01 4.73517537e-01 3.31070453e-01
 1.40000000e+01 5.70000000e+01]
  - 76: [1.12267901e+00 1.60617247e-01 8.79401684e-01 8.06501637e+00
 2.73633619e+02 9.96140778e-01 4.73616004e-01 3.31106097e-01
 1.40000000e+01 5.70000000e+01]
  - 77: [1.12263754e+00 1.60611540e-01 8.79309058e-01 8.06501571e+00
 2.73633662e+02 9.96140480e-01 4.73572373e-01 3.31089973e-01
 1.40000000e+01 5.70000000e+01]
  - 78: [1.12263820e+00 1.60611644e-01 8.79310846e-01 8.06501571e+00
 2.73633662e+02 9.96140242e-01 4.73573446e-01 3.31090271e-01
 1.40000000e+01 5.70000000e+01]
  - 79: [1.12267901e+00 1.60617247e-01 8.79401684e-01 8.06501637e+00
 2.73633640e+02 9.96140778e-01 4.73616004e-01 3.31106097e-01
 1.40000000e+01 5.70000000e+01]
  - 80: [1.12267901e+00 1.60617232e-01 8.79401505e-01 8.06501637e+00
 2.73633662e+02 9.96140778e-01 4.73616004e-01 3.31106097e-01
 1.40000000e+01 5.70000000e+01]
  - 81: [1.12267901e+00 1.60617247e-01 8.79401684e-01 8.06501637e+00
 2.73633640e+02 9.96140778e-01 4.73616004e-01 3.31106097e-01
 1.40000000e+01 5.70000000e+01]
  - 82: [1.12267884e+00 1.60617217e-01 8.79401386e-01 8.06501637e+00
 2.73633662e+02 9.96140778e-01 4.73616004e-01 3.31106067e-01
 1.40000000e+01 5.70000000e+01]
  - 83: [1.12267901e+00 1.60617247e-01 8.79401684e-01 8.06501637e+00
 2.73633619e+02 9.96140778e-01 4.73616004e-01 3.31106097e-01
 1.40000000e+01 5.70000000e+01]
  - 84: [1.12267901e+00 1.60617247e-01 8.79401684e-01 8.06501637e+00
 2.73633619e+02 9.96140778e-01 4.73616004e-01 3.31106097e-01
 1.40000000e+01 5.70000000e+01]
  - 85: [1.12254201e+00 1.60598308e-01 8.79103541e-01 8.06501372e+00
 2.73633619e+02 9.96139228e-01 4.73470449e-01 3.31054240e-01
 1.40000000e+01 5.70000000e+01]
  - 86: [1.12264044e+00 1.60611928e-01 8.79315436e-01 8.06501571e+00
 2.73633640e+02 9.96140242e-01 4.73575354e-01 3.31091166e-01
 1.40000000e+01 5.70000000e+01]
  - 87: [1.12258604e+00 1.60604447e-01 8.79197299e-01 8.06501505e+00
 2.73633640e+02 9.96139884e-01 4.73517776e-01 3.31070513e-01
 1.40000000e+01 5.70000000e+01]
  - 88: [1.12267901e+00 1.60617247e-01 8.79401684e-01 8.06501637e+00
 2.73633640e+02 9.96140778e-01 4.73616004e-01 3.31106097e-01
 1.40000000e+01 5.70000000e+01]
  - 89: [1.12267901e+00 1.60617247e-01 8.79401684e-01 8.06501637e+00
 2.73633640e+02 9.96140778e-01 4.73616004e-01 3.31106097e-01
 1.40000000e+01 5.70000000e+01]
  - 90: [1.12267901e+00 1.60617247e-01 8.79401684e-01 8.06501637e+00
 2.73633619e+02 9.96140778e-01 4.73616004e-01 3.31106097e-01
 1.40000000e+01 5.70000000e+01]
  - 91: [1.12255445e+00 1.60600021e-01 8.79129767e-01 8.06501505e+00
 2.73633640e+02 9.96139407e-01 4.73483801e-01 3.31058800e-01
 1.40000000e+01 5.70000000e+01]
  - 92: [1.12258024e+00 1.60603613e-01 8.79184783e-01 8.06501505e+00
 2.73633640e+02 9.96139646e-01 4.73511577e-01 3.31068337e-01
 1.40000000e+01 5.70000000e+01]
  - 93: [1.12267851e+00 1.60617143e-01 8.79400849e-01 8.06501637e+00
 2.73633662e+02 9.96140659e-01 4.73615527e-01 3.31105977e-01
 1.40000000e+01 5.70000000e+01]
  - 94: [1.12267751e+00 1.60617009e-01 8.79399121e-01 8.06501637e+00
 2.73633662e+02 9.96140659e-01 4.73614573e-01 3.31105679e-01
 1.40000000e+01 5.70000000e+01]
  - 95: [1.12263505e+00 1.60611197e-01 8.79303753e-01 8.06501571e+00
 2.73633683e+02 9.96140361e-01 4.73569632e-01 3.31089079e-01
 1.40000000e+01 5.70000000e+01]
  - 96: [1.12267901e+00 1.60617247e-01 8.79401684e-01 8.06501637e+00
 2.73633619e+02 9.96140778e-01 4.73616004e-01 3.31106097e-01
 1.40000000e+01 5.70000000e+01]
  - 97: [1.12262543e+00 1.60609871e-01 8.79282475e-01 8.06501571e+00
 2.73633662e+02 9.96140420e-01 4.73559737e-01 3.31085354e-01
 1.40000000e+01 5.70000000e+01]
  - 98: [1.12265902e+00 1.60614476e-01 8.79356861e-01 8.06501637e+00
 2.73633662e+02 9.96140420e-01 4.73595023e-01 3.31098378e-01
 1.40000000e+01 5.70000000e+01]
  - 99: [1.12267901e+00 1.60617247e-01 8.79401684e-01 8.06501637e+00
 2.73633619e+02 9.96140778e-01 4.73616004e-01 3.31106097e-01
 1.40000000e+01 5.70000000e+01]
Updating sensitivity info in ERGOM_L4_observability_ARGO_NO3_NOV.pickle with model results...
Done
