Starting ppserver on r515c05n[03-04]:62438
Host names provided to parsac: r515c05n03:62438,r515c05n04:62438,
Starting parsac
Reading sensitivity samples from ERGOM_L4_observability_ARGO_CHL_NOV.pickle...
Reading configuration from L4_observability_ARGO_CHL_NOV.xml...
Starting Parallel Python server...
Giving Parallel Python 10 seconds to connect to: r515c05n03:62438, r515c05n04:62438
Running on:
   local: 0 cpus
   r515c05n04:62438: 48 cpus
   r515c05n03:62438: 48 cpus
Total number of cpus: 96
Starting model run...
Model run took 6.0 s.
 Processed /g100_scratch/usertrain/a08trb35/ERGOM_L4_NOV_ARGO_CHL_OBSERVABILITY/0000...
Starting model run...
Model run took 6.0 s.
 Processed /g100_scratch/usertrain/a08trb35/ERGOM_L4_NOV_ARGO_CHL_OBSERVABILITY/0001...
Starting model run...
Model run took 6.0 s.
 Processed /g100_scratch/usertrain/a08trb35/ERGOM_L4_NOV_ARGO_CHL_OBSERVABILITY/0002...
Starting model run...
Model run took 6.1 s.
 Processed /g100_scratch/usertrain/a08trb35/ERGOM_L4_NOV_ARGO_CHL_OBSERVABILITY/0003...
Starting model run...
Model run took 6.2 s.
 Processed /g100_scratch/usertrain/a08trb35/ERGOM_L4_NOV_ARGO_CHL_OBSERVABILITY/0004...
Starting model run...
Model run took 6.0 s.
 Processed /g100_scratch/usertrain/a08trb35/ERGOM_L4_NOV_ARGO_CHL_OBSERVABILITY/0005...
Starting model run...
Model run took 6.0 s.
 Processed /g100_scratch/usertrain/a08trb35/ERGOM_L4_NOV_ARGO_CHL_OBSERVABILITY/0006...
Starting model run...
Model run took 6.0 s.
 Processed /g100_scratch/usertrain/a08trb35/ERGOM_L4_NOV_ARGO_CHL_OBSERVABILITY/0007...
Starting model run...
Model run took 6.0 s.
 Processed /g100_scratch/usertrain/a08trb35/ERGOM_L4_NOV_ARGO_CHL_OBSERVABILITY/0008...
Starting model run...
Model run took 6.1 s.
 Processed /g100_scratch/usertrain/a08trb35/ERGOM_L4_NOV_ARGO_CHL_OBSERVABILITY/0009...
Starting model run...
Model run took 6.1 s.
 Processed /g100_scratch/usertrain/a08trb35/ERGOM_L4_NOV_ARGO_CHL_OBSERVABILITY/0010...
Starting model run...
Model run took 6.2 s.
 Processed /g100_scratch/usertrain/a08trb35/ERGOM_L4_NOV_ARGO_CHL_OBSERVABILITY/0011...
Starting model run...
Model run took 6.0 s.
 Processed /g100_scratch/usertrain/a08trb35/ERGOM_L4_NOV_ARGO_CHL_OBSERVABILITY/0012...
Starting model run...
Model run took 5.9 s.
 Processed /g100_scratch/usertrain/a08trb35/ERGOM_L4_NOV_ARGO_CHL_OBSERVABILITY/0013...
Starting model run...
Model run took 6.0 s.
 Processed /g100_scratch/usertrain/a08trb35/ERGOM_L4_NOV_ARGO_CHL_OBSERVABILITY/0014...
Starting model run...
Model run took 6.0 s.
 Processed /g100_scratch/usertrain/a08trb35/ERGOM_L4_NOV_ARGO_CHL_OBSERVABILITY/0015...
Starting model run...
Model run took 6.0 s.
 Processed /g100_scratch/usertrain/a08trb35/ERGOM_L4_NOV_ARGO_CHL_OBSERVABILITY/0016...
Starting model run...
Model run took 6.0 s.
 Processed /g100_scratch/usertrain/a08trb35/ERGOM_L4_NOV_ARGO_CHL_OBSERVABILITY/0017...
Starting model run...
Model run took 6.0 s.
 Processed /g100_scratch/usertrain/a08trb35/ERGOM_L4_NOV_ARGO_CHL_OBSERVABILITY/0018...
Starting model run...
Model run took 5.9 s.
 Processed /g100_scratch/usertrain/a08trb35/ERGOM_L4_NOV_ARGO_CHL_OBSERVABILITY/0019...
Starting model run...
Model run took 6.0 s.
 Processed /g100_scratch/usertrain/a08trb35/ERGOM_L4_NOV_ARGO_CHL_OBSERVABILITY/0020...
Starting model run...
Model run took 6.0 s.
 Processed /g100_scratch/usertrain/a08trb35/ERGOM_L4_NOV_ARGO_CHL_OBSERVABILITY/0021...
Starting model run...
Model run took 5.9 s.
 Processed /g100_scratch/usertrain/a08trb35/ERGOM_L4_NOV_ARGO_CHL_OBSERVABILITY/0022...
Starting model run...
Model run took 6.0 s.
 Processed /g100_scratch/usertrain/a08trb35/ERGOM_L4_NOV_ARGO_CHL_OBSERVABILITY/0023...
Starting model run...
Model run took 6.1 s.
 Processed /g100_scratch/usertrain/a08trb35/ERGOM_L4_NOV_ARGO_CHL_OBSERVABILITY/0024...
Starting model run...
Model run took 5.9 s.
 Processed /g100_scratch/usertrain/a08trb35/ERGOM_L4_NOV_ARGO_CHL_OBSERVABILITY/0025...
Starting model run...
Model run took 6.0 s.
 Processed /g100_scratch/usertrain/a08trb35/ERGOM_L4_NOV_ARGO_CHL_OBSERVABILITY/0026...
Starting model run...
Model run took 6.1 s.
 Processed /g100_scratch/usertrain/a08trb35/ERGOM_L4_NOV_ARGO_CHL_OBSERVABILITY/0027...
Starting model run...
Model run took 6.0 s.
 Processed /g100_scratch/usertrain/a08trb35/ERGOM_L4_NOV_ARGO_CHL_OBSERVABILITY/0028...
Starting model run...
Model run took 5.9 s.
 Processed /g100_scratch/usertrain/a08trb35/ERGOM_L4_NOV_ARGO_CHL_OBSERVABILITY/0029...
Starting model run...
Model run took 6.0 s.
 Processed /g100_scratch/usertrain/a08trb35/ERGOM_L4_NOV_ARGO_CHL_OBSERVABILITY/0030...
Starting model run...
Model run took 6.0 s.
 Processed /g100_scratch/usertrain/a08trb35/ERGOM_L4_NOV_ARGO_CHL_OBSERVABILITY/0031...
Starting model run...
Model run took 5.9 s.
 Processed /g100_scratch/usertrain/a08trb35/ERGOM_L4_NOV_ARGO_CHL_OBSERVABILITY/0032...
Starting model run...
Model run took 6.5 s.
 Processed /g100_scratch/usertrain/a08trb35/ERGOM_L4_NOV_ARGO_CHL_OBSERVABILITY/0033...
Starting model run...
Model run took 6.0 s.
 Processed /g100_scratch/usertrain/a08trb35/ERGOM_L4_NOV_ARGO_CHL_OBSERVABILITY/0034...
Starting model run...
Model run took 6.0 s.
 Processed /g100_scratch/usertrain/a08trb35/ERGOM_L4_NOV_ARGO_CHL_OBSERVABILITY/0035...
Starting model run...
Model run took 6.0 s.
 Processed /g100_scratch/usertrain/a08trb35/ERGOM_L4_NOV_ARGO_CHL_OBSERVABILITY/0036...
Starting model run...
Model run took 5.9 s.
 Processed /g100_scratch/usertrain/a08trb35/ERGOM_L4_NOV_ARGO_CHL_OBSERVABILITY/0037...
Starting model run...
Model run took 6.0 s.
 Processed /g100_scratch/usertrain/a08trb35/ERGOM_L4_NOV_ARGO_CHL_OBSERVABILITY/0038...
Starting model run...
Model run took 5.9 s.
 Processed /g100_scratch/usertrain/a08trb35/ERGOM_L4_NOV_ARGO_CHL_OBSERVABILITY/0039...
Starting model run...
Model run took 6.0 s.
 Processed /g100_scratch/usertrain/a08trb35/ERGOM_L4_NOV_ARGO_CHL_OBSERVABILITY/0040...
Starting model run...
Model run took 6.0 s.
 Processed /g100_scratch/usertrain/a08trb35/ERGOM_L4_NOV_ARGO_CHL_OBSERVABILITY/0041...
Starting model run...
Model run took 6.1 s.
 Processed /g100_scratch/usertrain/a08trb35/ERGOM_L4_NOV_ARGO_CHL_OBSERVABILITY/0042...
Starting model run...
Model run took 5.8 s.
 Processed /g100_scratch/usertrain/a08trb35/ERGOM_L4_NOV_ARGO_CHL_OBSERVABILITY/0043...
Starting model run...
Model run took 6.0 s.
 Processed /g100_scratch/usertrain/a08trb35/ERGOM_L4_NOV_ARGO_CHL_OBSERVABILITY/0044...
Starting model run...
Model run took 6.1 s.
 Processed /g100_scratch/usertrain/a08trb35/ERGOM_L4_NOV_ARGO_CHL_OBSERVABILITY/0045...
Starting model run...
Model run took 6.3 s.
 Processed /g100_scratch/usertrain/a08trb35/ERGOM_L4_NOV_ARGO_CHL_OBSERVABILITY/0046...
Starting model run...
Model run took 6.1 s.
 Processed /g100_scratch/usertrain/a08trb35/ERGOM_L4_NOV_ARGO_CHL_OBSERVABILITY/0047...
Starting model run...
Model run took 5.9 s.
 Processed /g100_scratch/usertrain/a08trb35/ERGOM_L4_NOV_ARGO_CHL_OBSERVABILITY/0048...
Starting model run...
Model run took 6.1 s.
 Processed /g100_scratch/usertrain/a08trb35/ERGOM_L4_NOV_ARGO_CHL_OBSERVABILITY/0049...
Starting model run...
Model run took 6.4 s.
 Processed /g100_scratch/usertrain/a08trb35/ERGOM_L4_NOV_ARGO_CHL_OBSERVABILITY/0050...
Starting model run...
Model run took 6.0 s.
 Processed /g100_scratch/usertrain/a08trb35/ERGOM_L4_NOV_ARGO_CHL_OBSERVABILITY/0051...
Starting model run...
Model run took 6.1 s.
 Processed /g100_scratch/usertrain/a08trb35/ERGOM_L4_NOV_ARGO_CHL_OBSERVABILITY/0052...
Starting model run...
Model run took 5.9 s.
 Processed /g100_scratch/usertrain/a08trb35/ERGOM_L4_NOV_ARGO_CHL_OBSERVABILITY/0053...
Starting model run...
Model run took 5.9 s.
 Processed /g100_scratch/usertrain/a08trb35/ERGOM_L4_NOV_ARGO_CHL_OBSERVABILITY/0054...
Starting model run...
Model run took 6.5 s.
 Processed /g100_scratch/usertrain/a08trb35/ERGOM_L4_NOV_ARGO_CHL_OBSERVABILITY/0055...
Starting model run...
Model run took 6.0 s.
 Processed /g100_scratch/usertrain/a08trb35/ERGOM_L4_NOV_ARGO_CHL_OBSERVABILITY/0056...
Starting model run...
Model run took 5.9 s.
 Processed /g100_scratch/usertrain/a08trb35/ERGOM_L4_NOV_ARGO_CHL_OBSERVABILITY/0057...
Starting model run...
Model run took 6.0 s.
 Processed /g100_scratch/usertrain/a08trb35/ERGOM_L4_NOV_ARGO_CHL_OBSERVABILITY/0058...
Starting model run...
Model run took 6.0 s.
 Processed /g100_scratch/usertrain/a08trb35/ERGOM_L4_NOV_ARGO_CHL_OBSERVABILITY/0059...
Starting model run...
Model run took 6.0 s.
 Processed /g100_scratch/usertrain/a08trb35/ERGOM_L4_NOV_ARGO_CHL_OBSERVABILITY/0060...
Starting model run...
Model run took 5.9 s.
 Processed /g100_scratch/usertrain/a08trb35/ERGOM_L4_NOV_ARGO_CHL_OBSERVABILITY/0061...
Starting model run...
Model run took 6.0 s.
 Processed /g100_scratch/usertrain/a08trb35/ERGOM_L4_NOV_ARGO_CHL_OBSERVABILITY/0062...
Starting model run...
Model run took 6.0 s.
 Processed /g100_scratch/usertrain/a08trb35/ERGOM_L4_NOV_ARGO_CHL_OBSERVABILITY/0063...
Starting model run...
Model run took 6.0 s.
 Processed /g100_scratch/usertrain/a08trb35/ERGOM_L4_NOV_ARGO_CHL_OBSERVABILITY/0064...
Starting model run...
Model run took 6.1 s.
 Processed /g100_scratch/usertrain/a08trb35/ERGOM_L4_NOV_ARGO_CHL_OBSERVABILITY/0065...
Starting model run...
Model run took 5.9 s.
 Processed /g100_scratch/usertrain/a08trb35/ERGOM_L4_NOV_ARGO_CHL_OBSERVABILITY/0066...
Starting model run...
Model run took 6.0 s.
 Processed /g100_scratch/usertrain/a08trb35/ERGOM_L4_NOV_ARGO_CHL_OBSERVABILITY/0067...
Starting model run...
Model run took 6.1 s.
 Processed /g100_scratch/usertrain/a08trb35/ERGOM_L4_NOV_ARGO_CHL_OBSERVABILITY/0068...
Starting model run...
Model run took 6.0 s.
 Processed /g100_scratch/usertrain/a08trb35/ERGOM_L4_NOV_ARGO_CHL_OBSERVABILITY/0069...
Starting model run...
Model run took 6.0 s.
 Processed /g100_scratch/usertrain/a08trb35/ERGOM_L4_NOV_ARGO_CHL_OBSERVABILITY/0070...
Starting model run...
Model run took 6.1 s.
 Processed /g100_scratch/usertrain/a08trb35/ERGOM_L4_NOV_ARGO_CHL_OBSERVABILITY/0071...
Starting model run...
Model run took 6.0 s.
 Processed /g100_scratch/usertrain/a08trb35/ERGOM_L4_NOV_ARGO_CHL_OBSERVABILITY/0072...
Starting model run...
Model run took 6.0 s.
 Processed /g100_scratch/usertrain/a08trb35/ERGOM_L4_NOV_ARGO_CHL_OBSERVABILITY/0073...
Starting model run...
Model run took 6.2 s.
 Processed /g100_scratch/usertrain/a08trb35/ERGOM_L4_NOV_ARGO_CHL_OBSERVABILITY/0074...
Starting model run...
Model run took 6.0 s.
 Processed /g100_scratch/usertrain/a08trb35/ERGOM_L4_NOV_ARGO_CHL_OBSERVABILITY/0075...
Starting model run...
Model run took 6.0 s.
 Processed /g100_scratch/usertrain/a08trb35/ERGOM_L4_NOV_ARGO_CHL_OBSERVABILITY/0076...
Starting model run...
Model run took 6.0 s.
 Processed /g100_scratch/usertrain/a08trb35/ERGOM_L4_NOV_ARGO_CHL_OBSERVABILITY/0077...
Starting model run...
Model run took 6.1 s.
 Processed /g100_scratch/usertrain/a08trb35/ERGOM_L4_NOV_ARGO_CHL_OBSERVABILITY/0078...
Starting model run...
Model run took 6.0 s.
 Processed /g100_scratch/usertrain/a08trb35/ERGOM_L4_NOV_ARGO_CHL_OBSERVABILITY/0079...
Starting model run...
Model run took 6.0 s.
 Processed /g100_scratch/usertrain/a08trb35/ERGOM_L4_NOV_ARGO_CHL_OBSERVABILITY/0080...
Starting model run...
Model run took 6.4 s.
 Processed /g100_scratch/usertrain/a08trb35/ERGOM_L4_NOV_ARGO_CHL_OBSERVABILITY/0081...
Starting model run...
Model run took 6.1 s.
 Processed /g100_scratch/usertrain/a08trb35/ERGOM_L4_NOV_ARGO_CHL_OBSERVABILITY/0082...
Starting model run...
Model run took 6.1 s.
 Processed /g100_scratch/usertrain/a08trb35/ERGOM_L4_NOV_ARGO_CHL_OBSERVABILITY/0083...
Starting model run...
Model run took 5.9 s.
 Processed /g100_scratch/usertrain/a08trb35/ERGOM_L4_NOV_ARGO_CHL_OBSERVABILITY/0084...
Starting model run...
Model run took 6.5 s.
 Processed /g100_scratch/usertrain/a08trb35/ERGOM_L4_NOV_ARGO_CHL_OBSERVABILITY/0085...
Starting model run...
Model run took 6.1 s.
 Processed /g100_scratch/usertrain/a08trb35/ERGOM_L4_NOV_ARGO_CHL_OBSERVABILITY/0086...
Starting model run...
Model run took 6.0 s.
 Processed /g100_scratch/usertrain/a08trb35/ERGOM_L4_NOV_ARGO_CHL_OBSERVABILITY/0087...
Starting model run...
Model run took 6.0 s.
 Processed /g100_scratch/usertrain/a08trb35/ERGOM_L4_NOV_ARGO_CHL_OBSERVABILITY/0088...
Starting model run...
Model run took 5.9 s.
 Processed /g100_scratch/usertrain/a08trb35/ERGOM_L4_NOV_ARGO_CHL_OBSERVABILITY/0089...
Starting model run...
Model run took 6.0 s.
 Processed /g100_scratch/usertrain/a08trb35/ERGOM_L4_NOV_ARGO_CHL_OBSERVABILITY/0090...
Starting model run...
Model run took 6.1 s.
 Processed /g100_scratch/usertrain/a08trb35/ERGOM_L4_NOV_ARGO_CHL_OBSERVABILITY/0091...
Starting model run...
Model run took 6.2 s.
 Processed /g100_scratch/usertrain/a08trb35/ERGOM_L4_NOV_ARGO_CHL_OBSERVABILITY/0092...
Starting model run...
Model run took 6.0 s.
 Processed /g100_scratch/usertrain/a08trb35/ERGOM_L4_NOV_ARGO_CHL_OBSERVABILITY/0093...
Starting model run...
Model run took 6.0 s.
 Processed /g100_scratch/usertrain/a08trb35/ERGOM_L4_NOV_ARGO_CHL_OBSERVABILITY/0094...
Starting model run...
Model run took 6.2 s.
 Processed /g100_scratch/usertrain/a08trb35/ERGOM_L4_NOV_ARGO_CHL_OBSERVABILITY/0095...
Starting model run...
Model run took 5.9 s.
 Processed /g100_scratch/usertrain/a08trb35/ERGOM_L4_NOV_ARGO_CHL_OBSERVABILITY/0096...
Starting model run...
Model run took 5.8 s.
 Processed /g100_scratch/usertrain/a08trb35/ERGOM_L4_NOV_ARGO_CHL_OBSERVABILITY/0097...
Starting model run...
Model run took 5.9 s.
 Processed /g100_scratch/usertrain/a08trb35/ERGOM_L4_NOV_ARGO_CHL_OBSERVABILITY/0098...
Starting model run...
Model run took 6.0 s.
 Processed /g100_scratch/usertrain/a08trb35/ERGOM_L4_NOV_ARGO_CHL_OBSERVABILITY/0099...
Retrieving value of target expression(s) for each ensemble member...
  - 0: [1.18111154e+00 1.67557225e-01 9.06572938e-01 8.06479346e+00
 2.73562542e+02 9.96146083e-01 5.09783268e-01 3.43481451e-01
 1.40000000e+01 5.70000000e+01]
  - 1: [1.17375175e+00 1.66738719e-01 9.03642714e-01 8.06483327e+00
 2.73572605e+02 9.96148229e-01 5.06895304e-01 3.42094451e-01
 1.40000000e+01 5.70000000e+01]
  - 2: [1.04299802e+00 1.49622917e-01 8.26660573e-01 8.06492946e+00
 2.73694378e+02 9.96016741e-01 3.83395910e-01 3.08359325e-01
 1.40000000e+01 5.70000000e+01]
  - 3: [1.11056975e+00 1.59057751e-01 8.72595906e-01 8.06503296e+00
 2.73645699e+02 9.96132195e-01 4.62377667e-01 3.28118145e-01
 1.40000000e+01 5.70000000e+01]
  - 4: [1.21417211e+00 1.71023265e-01 9.18139756e-01 8.06456657e+00
 2.73513587e+02 9.96130109e-01 5.64518690e-01 3.49182308e-01
 2.00000000e+00 5.70000000e+01]
  - 5: [1.05188154e+00 1.50935680e-01 8.33500385e-01 8.06495998e+00
 2.73689856e+02 9.96040046e-01 3.94806266e-01 3.11278254e-01
 1.40000000e+01 5.70000000e+01]
  - 6: [1.03819996e+00 1.48904294e-01 8.22860897e-01 8.06490956e+00
 2.73696586e+02 9.96003270e-01 3.77173901e-01 3.06739092e-01
 1.40000000e+01 5.70000000e+01]
  - 7: [1.14532230e+00 1.63424030e-01 8.91015232e-01 8.06495799e+00
 2.73608590e+02 9.96149063e-01 4.91273165e-01 3.36286366e-01
 1.40000000e+01 5.70000000e+01]
  - 8: [1.16851011e+00 1.66145667e-01 9.01472688e-01 8.06486180e+00
 2.73579590e+02 9.96149242e-01 5.04557133e-01 3.41078490e-01
 1.40000000e+01 5.70000000e+01]
  - 9: [1.02121196e+00 1.46303207e-01 8.08797896e-01 8.06482663e+00
 2.73702955e+02 9.95948255e-01 3.67301941e-01 3.00744385e-01
 8.80000000e+01 5.70000000e+01]
  - 10: [1.18959062e+00 1.68479353e-01 9.09783840e-01 8.06474172e+00
 2.73550526e+02 9.96142685e-01 5.15711665e-01 3.45023781e-01
 2.00000000e+00 5.70000000e+01]
  - 11: [1.05080439e+00 1.50777727e-01 8.32684457e-01 8.06495733e+00
 2.73690430e+02 9.96037364e-01 3.93431664e-01 3.10929805e-01
 1.40000000e+01 5.70000000e+01]
  - 12: [1.01958764e+00 1.46049693e-01 8.07402134e-01 8.06481867e+00
 2.73703465e+02 9.95942175e-01 3.67493629e-01 3.00149411e-01
 8.80000000e+01 5.70000000e+01]
  - 13: [1.09420528e+00 1.56887025e-01 8.62729609e-01 8.06503760e+00
 2.73660411e+02 9.96115804e-01 4.45440412e-01 3.23826879e-01
 1.40000000e+01 5.70000000e+01]
  - 14: [1.06256410e+00 1.52484328e-01 8.41395497e-01 8.06499249e+00
 2.73683636e+02 9.96063888e-01 4.08266783e-01 3.14652443e-01
 1.40000000e+01 5.70000000e+01]
  - 15: [1.14363720e+00 1.63220137e-01 8.90199602e-01 8.06496396e+00
 2.73610543e+02 9.96148884e-01 4.90117073e-01 3.35918337e-01
 1.40000000e+01 5.70000000e+01]
  - 16: [1.17320998e+00 1.66677743e-01 9.03421462e-01 8.06483659e+00
 2.73573327e+02 9.96148109e-01 5.06664753e-01 3.41990560e-01
 1.40000000e+01 5.70000000e+01]
  - 17: [1.19893514e+00 1.69469386e-01 9.13123190e-01 8.06468068e+00
 2.73536855e+02 9.96138752e-01 5.34085512e-01 3.46657604e-01
 2.00000000e+00 5.70000000e+01]
  - 18: [1.20210449e+00 1.69798791e-01 9.14209604e-01 8.06465680e+00
 2.73532099e+02 9.96137023e-01 5.40370226e-01 3.47196579e-01
 2.00000000e+00 5.70000000e+01]
  - 19: [1.06264098e+00 1.52495369e-01 8.41451168e-01 8.06499315e+00
 2.73683551e+02 9.96064067e-01 4.08362269e-01 3.14676255e-01
 1.40000000e+01 5.70000000e+01]
  - 20: [1.01064375e+00 1.44638091e-01 7.99553514e-01 8.06476693e+00
 2.73705779e+02 9.95907784e-01 3.68554115e-01 2.96802312e-01
 8.80000000e+01 5.70000000e+01]
  - 21: [1.16052412e+00 1.65226191e-01 8.98030818e-01 8.06489961e+00
 2.73589929e+02 9.96150076e-01 5.00530720e-01 3.39483827e-01
 1.40000000e+01 5.70000000e+01]
  - 22: [1.09078399e+00 1.56424046e-01 8.60567570e-01 8.06503694e+00
 2.73663256e+02 9.96111274e-01 4.41673398e-01 3.22891653e-01
 1.40000000e+01 5.70000000e+01]
  - 23: [1.13184614e+00 1.61770925e-01 8.84273469e-01 8.06499713e+00
 2.73623896e+02 9.96145308e-01 4.81310606e-01 3.33265454e-01
 1.40000000e+01 5.70000000e+01]
  - 24: [1.13662065e+00 1.62362427e-01 8.86718988e-01 8.06498519e+00
 2.73618589e+02 9.96146917e-01 4.85027075e-01 3.34356368e-01
 1.40000000e+01 5.70000000e+01]
  - 25: [1.06423759e+00 1.52724043e-01 8.42600107e-01 8.06499647e+00
 2.73682596e+02 9.96067405e-01 4.10343289e-01 3.15168083e-01
 1.40000000e+01 5.70000000e+01]
  - 26: [1.18839131e+00 1.68350279e-01 9.09340322e-01 8.06474901e+00
 2.73552267e+02 9.96143460e-01 5.13371468e-01 3.44809115e-01
 2.00000000e+00 5.70000000e+01]
  - 27: [1.18226093e+00 1.67683512e-01 9.07018483e-01 8.06478683e+00
 2.73560908e+02 9.96145666e-01 5.10193348e-01 3.43693972e-01
 1.40000000e+01 5.70000000e+01]
  - 28: [1.17914797e+00 1.67340472e-01 9.05804336e-01 8.06480474e+00
 2.73565239e+02 9.96146441e-01 5.09057045e-01 3.43115926e-01
 1.40000000e+01 5.70000000e+01]
  - 29: [1.17555104e+00 1.66940317e-01 9.04371440e-01 8.06482597e+00
 2.73570185e+02 9.96147633e-01 5.07643223e-01 3.42437744e-01
 1.40000000e+01 5.70000000e+01]
  - 30: [1.04067064e+00 1.49275213e-01 8.24826777e-01 8.06491951e+00
 2.73695461e+02 9.96010363e-01 3.80382180e-01 3.07577312e-01
 1.40000000e+01 5.70000000e+01]
  - 31: [1.10211090e+00 1.57944679e-01 8.67593348e-01 8.06503760e+00
 2.73653533e+02 9.96124446e-01 4.53856587e-01 3.25937033e-01
 1.40000000e+01 5.70000000e+01]
  - 32: [1.17108959e+00 1.66438550e-01 9.02549326e-01 8.06484853e+00
 2.73576172e+02 9.96148705e-01 5.05737782e-01 3.41581464e-01
 1.40000000e+01 5.70000000e+01]
  - 33: [1.04910676e+00 1.50528088e-01 8.31390977e-01 8.06495136e+00
 2.73691321e+02 9.96033072e-01 3.91260028e-01 3.10377568e-01
 1.40000000e+01 5.70000000e+01]
  - 34: [1.20844136e+00 1.70447722e-01 9.16313648e-01 8.06461102e+00
 2.73522503e+02 9.96133566e-01 5.53010345e-01 3.48252267e-01
 2.00000000e+00 5.70000000e+01]
  - 35: [1.14921843e+00 1.63892314e-01 8.92872214e-01 8.06494472e+00
 2.73603940e+02 9.96149719e-01 4.93846655e-01 3.37126642e-01
 1.40000000e+01 5.70000000e+01]
  - 36: [1.16538943e+00 1.65788591e-01 9.00147259e-01 8.06487573e+00
 2.73583687e+02 9.96149480e-01 5.03051281e-01 3.40462118e-01
 1.40000000e+01 5.70000000e+01]
  - 37: [1.18874749e+00 1.68388665e-01 9.09472167e-01 8.06474702e+00
 2.73551758e+02 9.96143162e-01 5.14066339e-01 3.44873041e-01
 2.00000000e+00 5.70000000e+01]
  - 38: [1.14625707e+00 1.63536772e-01 8.91464472e-01 8.06495534e+00
 2.73607464e+02 9.96149421e-01 4.91903543e-01 3.36489379e-01
 1.40000000e+01 5.70000000e+01]
  - 39: [1.13164172e+00 1.61745399e-01 8.84167135e-01 8.06499780e+00
 2.73624108e+02 9.96145248e-01 4.81146812e-01 3.33218336e-01
 1.40000000e+01 5.70000000e+01]
  - 40: [1.18605216e+00 1.68097258e-01 9.08465028e-01 8.06476361e+00
 2.73555579e+02 9.96144235e-01 5.11472225e-01 3.44387114e-01
 1.40000000e+01 5.70000000e+01]
  - 41: [1.19936777e+00 1.69514552e-01 9.13272917e-01 8.06467670e+00
 2.73536197e+02 9.96138513e-01 5.34941912e-01 3.46731573e-01
 2.00000000e+00 5.70000000e+01]
  - 42: [1.08573723e+00 1.55735329e-01 8.57315063e-01 8.06503296e+00
 2.73667311e+02 9.96104300e-01 4.35989738e-01 3.21487725e-01
 1.40000000e+01 5.70000000e+01]
  - 43: [1.03255960e+00 1.48050666e-01 8.18298161e-01 8.06488435e+00
 2.73698943e+02 9.95986223e-01 3.69820476e-01 3.04793984e-01
 1.40000000e+01 5.70000000e+01]
  - 44: [1.04595582e+00 1.50062576e-01 8.28965902e-01 8.06494008e+00
 2.73692935e+02 9.96024847e-01 3.87212753e-01 3.09342742e-01
 1.40000000e+01 5.70000000e+01]
  - 45: [1.10267548e+00 1.58019617e-01 8.67933869e-01 8.06503760e+00
 2.73653023e+02 9.96124983e-01 4.54441190e-01 3.26085091e-01
 1.40000000e+01 5.70000000e+01]
  - 46: [9.98544030e-01 1.42684326e-01 7.88480341e-01 8.06468731e+00
 2.73707796e+02 9.95855391e-01 3.70010376e-01 2.92075247e-01
 8.80000000e+01 5.70000000e+01]
  - 47: [1.02049313e+00 1.46191135e-01 8.08181345e-01 8.06482265e+00
 2.73703189e+02 9.95945632e-01 3.67385864e-01 3.00481588e-01
 8.80000000e+01 5.70000000e+01]
  - 48: [9.98324270e-01 1.42648324e-01 7.88274169e-01 8.06468599e+00
 2.73707880e+02 9.95854318e-01 3.70038033e-01 2.91987091e-01
 8.80000000e+01 5.70000000e+01]
  - 49: [1.18293256e+00 1.67757139e-01 9.07277226e-01 8.06478285e+00
 2.73560016e+02 9.96145427e-01 5.10428429e-01 3.43817621e-01
 1.40000000e+01 5.70000000e+01]
  - 50: [1.13251388e+00 1.61854014e-01 8.84619236e-01 8.06499581e+00
 2.73623174e+02 9.96145427e-01 4.81842518e-01 3.33419532e-01
 1.40000000e+01 5.70000000e+01]
  - 51: [1.06683872e+00 1.53095096e-01 8.44455123e-01 8.06500244e+00
 2.73680898e+02 9.96072710e-01 4.13551092e-01 3.15962344e-01
 1.40000000e+01 5.70000000e+01]
  - 52: [1.21237564e+00 1.70843989e-01 9.17575002e-01 8.06458183e+00
 2.73516389e+02 9.96131301e-01 5.60903192e-01 3.48893166e-01
 2.00000000e+00 5.70000000e+01]
  - 53: [1.02955893e+00 1.47592515e-01 8.15828085e-01 8.06486976e+00
 2.73700110e+02 9.95976627e-01 3.66329193e-01 3.03741008e-01
 8.80000000e+01 5.70000000e+01]
  - 54: [1.08880002e+00 1.56154126e-01 8.59298229e-01 8.06503495e+00
 2.73664848e+02 9.96108890e-01 4.39456820e-01 3.22343260e-01
 1.40000000e+01 5.70000000e+01]
  - 55: [9.96638422e-01 1.42371759e-01 7.86687076e-01 8.06467471e+00
 2.73708050e+02 9.95846331e-01 3.70243073e-01 2.91308910e-01
 8.80000000e+01 5.70000000e+01]
  - 56: [1.04436029e+00 1.49825752e-01 8.27725768e-01 8.06493345e+00
 2.73693742e+02 9.96020675e-01 3.85155797e-01 3.08813751e-01
 1.40000000e+01 5.70000000e+01]
  - 57: [1.15942864e+00 1.65098578e-01 8.97545636e-01 8.06490359e+00
 2.73591330e+02 9.96150017e-01 4.99933720e-01 3.39260608e-01
 1.40000000e+01 5.70000000e+01]
  - 58: [1.07611673e+00 1.54403448e-01 8.50903869e-01 8.06501969e+00
 2.73674571e+02 9.96089578e-01 4.24774647e-01 3.18728536e-01
 1.40000000e+01 5.70000000e+01]
  - 59: [1.16940357e+00 1.66247308e-01 9.01847422e-01 8.06485649e+00
 2.73578443e+02 9.96148884e-01 5.04972935e-01 3.41253281e-01
 1.40000000e+01 5.70000000e+01]
  - 60: [9.87210647e-01 1.40805230e-01 7.77611256e-01 8.06460505e+00
 2.73708623e+02 9.95799482e-01 3.71392250e-01 2.87427753e-01
 8.80000000e+01 5.70000000e+01]
  - 61: [1.03240569e+00 1.48027211e-01 8.18172276e-01 8.06488369e+00
 2.73699028e+02 9.95985687e-01 3.69619489e-01 3.04740310e-01
 1.40000000e+01 5.70000000e+01]
  - 62: [1.13245102e+00 1.61846176e-01 8.84586692e-01 8.06499581e+00
 2.73623217e+02 9.96145487e-01 4.81792927e-01 3.33405018e-01
 1.40000000e+01 5.70000000e+01]
  - 63: [1.18108426e+00 1.67554229e-01 9.06562448e-01 8.06479346e+00
 2.73562585e+02 9.96146083e-01 5.09773254e-01 3.43476295e-01
 1.40000000e+01 5.70000000e+01]
  - 64: [1.01333286e+00 1.45065412e-01 8.01942885e-01 8.06478218e+00
 2.73705142e+02 9.95918572e-01 3.68233681e-01 2.97821492e-01
 8.80000000e+01 5.70000000e+01]
  - 65: [1.17162083e+00 1.66498601e-01 9.02768850e-01 8.06484587e+00
 2.73575493e+02 9.96148527e-01 5.05973339e-01 3.41684341e-01
 1.40000000e+01 5.70000000e+01]
  - 66: [1.20236513e+00 1.69825748e-01 9.14297938e-01 8.06465547e+00
 2.73531738e+02 9.96136844e-01 5.40888548e-01 3.47240657e-01
 2.00000000e+00 5.70000000e+01]
  - 67: [1.18240680e+00 1.67699531e-01 9.07074809e-01 8.06478484e+00
 2.73560717e+02 9.96145606e-01 5.10244846e-01 3.43720824e-01
 1.40000000e+01 5.70000000e+01]
  - 68: [1.20786103e+00 1.70388833e-01 9.16124761e-01 8.06461500e+00
 2.73523353e+02 9.96134043e-01 5.51848650e-01 3.48156720e-01
 2.00000000e+00 5.70000000e+01]
  - 69: [1.10705036e+00 1.58597022e-01 8.70539725e-01 8.06503561e+00
 2.73649011e+02 9.96129096e-01 4.58896041e-01 3.27220231e-01
 1.40000000e+01 5.70000000e+01]
  - 70: [1.20330628e+00 1.69922873e-01 9.14615631e-01 8.06464817e+00
 2.73530316e+02 9.96136546e-01 5.42760134e-01 3.47399056e-01
 2.00000000e+00 5.70000000e+01]
  - 71: [1.04536579e+00 1.49975061e-01 8.28508198e-01 8.06493809e+00
 2.73693253e+02 9.96023238e-01 3.86452556e-01 3.09147418e-01
 1.40000000e+01 5.70000000e+01]
  - 72: [1.09223076e+00 1.56620204e-01 8.61486018e-01 8.06503694e+00
 2.73662046e+02 9.96113241e-01 4.43275213e-01 3.23288769e-01
 1.40000000e+01 5.70000000e+01]
  - 73: [1.08050197e+00 1.55013651e-01 8.53860855e-01 8.06502632e+00
 2.73671344e+02 9.96096671e-01 4.29944992e-01 3.19999725e-01
 1.40000000e+01 5.70000000e+01]
  - 74: [1.07893687e+00 1.54796511e-01 8.52812171e-01 8.06502500e+00
 2.73672512e+02 9.96094286e-01 4.28110361e-01 3.19548666e-01
 1.40000000e+01 5.70000000e+01]
  - 75: [1.17570313e+00 1.66957304e-01 9.04432654e-01 8.06482464e+00
 2.73569973e+02 9.96147573e-01 5.07705212e-01 3.42466623e-01
 1.40000000e+01 5.70000000e+01]
  - 76: [1.14396585e+00 1.63259953e-01 8.90359223e-01 8.06496330e+00
 2.73610182e+02 9.96148884e-01 4.90344763e-01 3.35990369e-01
 1.40000000e+01 5.70000000e+01]
  - 77: [1.00161237e+00 1.43184751e-01 7.91339040e-01 8.06470921e+00
 2.73707435e+02 9.95869339e-01 3.69640350e-01 2.93296248e-01
 8.80000000e+01 5.70000000e+01]
  - 78: [1.21220456e+00 1.70826912e-01 9.17520761e-01 8.06458249e+00
 2.73516644e+02 9.96131301e-01 5.60559511e-01 3.48865598e-01
 2.00000000e+00 5.70000000e+01]
  - 79: [1.11727250e+00 1.59925908e-01 8.76413405e-01 8.06502566e+00
 2.73639139e+02 9.96137321e-01 4.68744159e-01 3.29791248e-01
 1.40000000e+01 5.70000000e+01]
  - 80: [9.87586726e-01 1.40868366e-01 7.77979910e-01 8.06460903e+00
 2.73708602e+02 9.95801449e-01 3.71346474e-01 2.87585497e-01
 8.80000000e+01 5.70000000e+01]
  - 81: [1.01329679e+00 1.45059645e-01 8.01910877e-01 8.06478152e+00
 2.73705142e+02 9.95918393e-01 3.68238449e-01 2.97807872e-01
 8.80000000e+01 5.70000000e+01]
  - 82: [9.95750013e-01 1.42225564e-01 7.85846353e-01 8.06466807e+00
 2.73708135e+02 9.95842099e-01 3.70351791e-01 2.90949643e-01
 8.80000000e+01 5.70000000e+01]
  - 83: [1.21118803e+00 1.70724943e-01 9.17197943e-01 8.06458913e+00
 2.73518257e+02 9.96132076e-01 5.58517456e-01 3.48700970e-01
 2.00000000e+00 5.70000000e+01]
  - 84: [1.07049784e+00 1.53613925e-01 8.47029865e-01 8.06501040e+00
 2.73678477e+02 9.96079504e-01 4.18020368e-01 3.17065865e-01
 1.40000000e+01 5.70000000e+01]
  - 85: [1.10475723e+00 1.58295006e-01 8.69180739e-01 8.06503628e+00
 2.73651112e+02 9.96126950e-01 4.56578255e-01 3.26627821e-01
 1.40000000e+01 5.70000000e+01]
  - 86: [1.08255279e+00 1.55297264e-01 8.55223775e-01 8.06502898e+00
 2.73669794e+02 9.96099830e-01 4.32330012e-01 3.20586413e-01
 1.40000000e+01 5.70000000e+01]
  - 87: [1.04211757e+00 1.49491593e-01 8.25968862e-01 8.06492615e+00
 2.73694803e+02 9.96014535e-01 3.82256866e-01 3.08064342e-01
 1.40000000e+01 5.70000000e+01]
  - 88: [1.11524051e+00 1.59664035e-01 8.75269771e-01 8.06502765e+00
 2.73641177e+02 9.96136069e-01 4.66851473e-01 3.29289138e-01
 1.40000000e+01 5.70000000e+01]
  - 89: [1.17427569e+00 1.66797504e-01 9.03855681e-01 8.06483128e+00
 2.73571905e+02 9.96147871e-01 5.07116079e-01 3.42194736e-01
 1.40000000e+01 5.70000000e+01]
  - 90: [1.17732438e+00 1.67138100e-01 9.05082047e-01 8.06481469e+00
 2.73567786e+02 9.96147215e-01 5.08353949e-01 3.42773467e-01
 1.40000000e+01 5.70000000e+01]
  - 91: [1.13651110e+00 1.62348971e-01 8.86663675e-01 8.06498586e+00
 2.73618695e+02 9.96146977e-01 4.84944105e-01 3.34331661e-01
 1.40000000e+01 5.70000000e+01]
  - 92: [1.11913648e+00 1.60165146e-01 8.77452254e-01 8.06502234e+00
 2.73637292e+02 9.96138394e-01 4.70450997e-01 3.30247939e-01
 1.40000000e+01 5.70000000e+01]
  - 93: [1.02826939e+00 1.47394791e-01 8.14757288e-01 8.06486445e+00
 2.73700599e+02 9.95972455e-01 3.66478920e-01 3.03284675e-01
 8.80000000e+01 5.70000000e+01]
  - 94: [1.06759710e+00 1.53202921e-01 8.44992280e-01 8.06500377e+00
 2.73680431e+02 9.96074080e-01 4.14481759e-01 3.16192567e-01
 1.40000000e+01 5.70000000e+01]
  - 95: [1.11711859e+00 1.59906119e-01 8.76327157e-01 8.06502566e+00
 2.73639288e+02 9.96137202e-01 4.68601942e-01 3.29753309e-01
 1.40000000e+01 5.70000000e+01]
  - 96: [1.19315479e+00 1.68860286e-01 9.11081731e-01 8.06471850e+00
 2.73545389e+02 9.96141493e-01 5.22690952e-01 3.45654905e-01
 2.00000000e+00 5.70000000e+01]
  - 97: [1.19694842e+00 1.69261217e-01 9.12430406e-01 8.06469329e+00
 2.73539806e+02 9.96139586e-01 5.30159056e-01 3.46315891e-01
 2.00000000e+00 5.70000000e+01]
  - 98: [1.03377674e+00 1.48235679e-01 8.19291651e-01 8.06489032e+00
 2.73698454e+02 9.95990098e-01 3.71410251e-01 3.05217415e-01
 1.40000000e+01 5.70000000e+01]
  - 99: [1.07656670e+00 1.54466301e-01 8.51209998e-01 8.06502168e+00
 2.73674210e+02 9.96090412e-01 4.25309062e-01 3.18859994e-01
 1.40000000e+01 5.70000000e+01]
Updating sensitivity info in ERGOM_L4_observability_ARGO_CHL_NOV.pickle with model results...
Done
