Starting ppserver on r513c01n03,r513c02n03:52151
Host names provided to parsac: r513c01n03:52151,r513c02n03:52151,
Starting parsac
Reading sensitivity samples from ERGOM_L4_observability_ARGO_O2_NOV.pickle...
Reading configuration from L4_observability_ARGO_O2_NOV.xml...
Starting Parallel Python server...
Giving Parallel Python 10 seconds to connect to: r513c01n03:52151, r513c02n03:52151
Running on:
   local: 0 cpus
   r513c01n03:52151: 48 cpus
   r513c02n03:52151: 48 cpus
Total number of cpus: 96
Starting model run...
Model run took 5.8 s.
 Processed /g100_scratch/usertrain/a08trb35/ERGOM_L4_NOV_ARGO_O2_OBSERVABILITY/0000...
Starting model run...
Model run took 6.0 s.
 Processed /g100_scratch/usertrain/a08trb35/ERGOM_L4_NOV_ARGO_O2_OBSERVABILITY/0001...
Starting model run...
Model run took 5.9 s.
 Processed /g100_scratch/usertrain/a08trb35/ERGOM_L4_NOV_ARGO_O2_OBSERVABILITY/0002...
Starting model run...
Model run took 5.9 s.
 Processed /g100_scratch/usertrain/a08trb35/ERGOM_L4_NOV_ARGO_O2_OBSERVABILITY/0003...
Starting model run...
Model run took 6.1 s.
 Processed /g100_scratch/usertrain/a08trb35/ERGOM_L4_NOV_ARGO_O2_OBSERVABILITY/0004...
Starting model run...
Model run took 7.6 s.
 Processed /g100_scratch/usertrain/a08trb35/ERGOM_L4_NOV_ARGO_O2_OBSERVABILITY/0005...
Starting model run...
Model run took 6.0 s.
 Processed /g100_scratch/usertrain/a08trb35/ERGOM_L4_NOV_ARGO_O2_OBSERVABILITY/0006...
Starting model run...
Model run took 9.1 s.
 Processed /g100_scratch/usertrain/a08trb35/ERGOM_L4_NOV_ARGO_O2_OBSERVABILITY/0007...
Starting model run...
Model run took 6.7 s.
 Processed /g100_scratch/usertrain/a08trb35/ERGOM_L4_NOV_ARGO_O2_OBSERVABILITY/0008...
Starting model run...
Model run took 6.0 s.
 Processed /g100_scratch/usertrain/a08trb35/ERGOM_L4_NOV_ARGO_O2_OBSERVABILITY/0009...
Starting model run...
Model run took 8.7 s.
 Processed /g100_scratch/usertrain/a08trb35/ERGOM_L4_NOV_ARGO_O2_OBSERVABILITY/0010...
Starting model run...
Model run took 9.4 s.
 Processed /g100_scratch/usertrain/a08trb35/ERGOM_L4_NOV_ARGO_O2_OBSERVABILITY/0011...
Starting model run...
Model run took 5.9 s.
 Processed /g100_scratch/usertrain/a08trb35/ERGOM_L4_NOV_ARGO_O2_OBSERVABILITY/0012...
Starting model run...
Model run took 6.1 s.
 Processed /g100_scratch/usertrain/a08trb35/ERGOM_L4_NOV_ARGO_O2_OBSERVABILITY/0013...
Starting model run...
Model run took 7.2 s.
 Processed /g100_scratch/usertrain/a08trb35/ERGOM_L4_NOV_ARGO_O2_OBSERVABILITY/0014...
Starting model run...
Model run took 5.9 s.
 Processed /g100_scratch/usertrain/a08trb35/ERGOM_L4_NOV_ARGO_O2_OBSERVABILITY/0015...
Starting model run...
Model run took 5.9 s.
 Processed /g100_scratch/usertrain/a08trb35/ERGOM_L4_NOV_ARGO_O2_OBSERVABILITY/0016...
Starting model run...
Model run took 9.1 s.
 Processed /g100_scratch/usertrain/a08trb35/ERGOM_L4_NOV_ARGO_O2_OBSERVABILITY/0017...
Starting model run...
Model run took 6.0 s.
 Processed /g100_scratch/usertrain/a08trb35/ERGOM_L4_NOV_ARGO_O2_OBSERVABILITY/0018...
Starting model run...
Model run took 8.2 s.
 Processed /g100_scratch/usertrain/a08trb35/ERGOM_L4_NOV_ARGO_O2_OBSERVABILITY/0019...
Starting model run...
Model run took 8.8 s.
 Processed /g100_scratch/usertrain/a08trb35/ERGOM_L4_NOV_ARGO_O2_OBSERVABILITY/0020...
Starting model run...
Model run took 5.9 s.
 Processed /g100_scratch/usertrain/a08trb35/ERGOM_L4_NOV_ARGO_O2_OBSERVABILITY/0021...
Starting model run...
Model run took 8.2 s.
 Processed /g100_scratch/usertrain/a08trb35/ERGOM_L4_NOV_ARGO_O2_OBSERVABILITY/0022...
Starting model run...
Model run took 9.1 s.
 Processed /g100_scratch/usertrain/a08trb35/ERGOM_L4_NOV_ARGO_O2_OBSERVABILITY/0023...
Starting model run...
Model run took 8.7 s.
 Processed /g100_scratch/usertrain/a08trb35/ERGOM_L4_NOV_ARGO_O2_OBSERVABILITY/0024...
Starting model run...
Model run took 5.9 s.
 Processed /g100_scratch/usertrain/a08trb35/ERGOM_L4_NOV_ARGO_O2_OBSERVABILITY/0025...
Starting model run...
Model run took 6.0 s.
 Processed /g100_scratch/usertrain/a08trb35/ERGOM_L4_NOV_ARGO_O2_OBSERVABILITY/0026...
Starting model run...
Model run took 8.1 s.
 Processed /g100_scratch/usertrain/a08trb35/ERGOM_L4_NOV_ARGO_O2_OBSERVABILITY/0027...
Starting model run...
Model run took 12.4 s.
 Processed /g100_scratch/usertrain/a08trb35/ERGOM_L4_NOV_ARGO_O2_OBSERVABILITY/0028...
Starting model run...
Model run took 6.2 s.
 Processed /g100_scratch/usertrain/a08trb35/ERGOM_L4_NOV_ARGO_O2_OBSERVABILITY/0029...
Starting model run...
Model run took 6.0 s.
 Processed /g100_scratch/usertrain/a08trb35/ERGOM_L4_NOV_ARGO_O2_OBSERVABILITY/0030...
Starting model run...
Model run took 7.5 s.
 Processed /g100_scratch/usertrain/a08trb35/ERGOM_L4_NOV_ARGO_O2_OBSERVABILITY/0031...
Starting model run...
Model run took 12.3 s.
 Processed /g100_scratch/usertrain/a08trb35/ERGOM_L4_NOV_ARGO_O2_OBSERVABILITY/0032...
Starting model run...
Model run took 7.6 s.
 Processed /g100_scratch/usertrain/a08trb35/ERGOM_L4_NOV_ARGO_O2_OBSERVABILITY/0033...
Starting model run...
Model run took 11.0 s.
 Processed /g100_scratch/usertrain/a08trb35/ERGOM_L4_NOV_ARGO_O2_OBSERVABILITY/0034...
Starting model run...
Model run took 6.0 s.
 Processed /g100_scratch/usertrain/a08trb35/ERGOM_L4_NOV_ARGO_O2_OBSERVABILITY/0035...
Starting model run...
Model run took 7.1 s.
 Processed /g100_scratch/usertrain/a08trb35/ERGOM_L4_NOV_ARGO_O2_OBSERVABILITY/0036...
Starting model run...
Model run took 9.2 s.
 Processed /g100_scratch/usertrain/a08trb35/ERGOM_L4_NOV_ARGO_O2_OBSERVABILITY/0037...
Starting model run...
Model run took 5.9 s.
 Processed /g100_scratch/usertrain/a08trb35/ERGOM_L4_NOV_ARGO_O2_OBSERVABILITY/0038...
Starting model run...
Model run took 5.9 s.
 Processed /g100_scratch/usertrain/a08trb35/ERGOM_L4_NOV_ARGO_O2_OBSERVABILITY/0039...
Starting model run...
Model run took 6.0 s.
 Processed /g100_scratch/usertrain/a08trb35/ERGOM_L4_NOV_ARGO_O2_OBSERVABILITY/0040...
Starting model run...
Model run took 7.7 s.
 Processed /g100_scratch/usertrain/a08trb35/ERGOM_L4_NOV_ARGO_O2_OBSERVABILITY/0041...
Starting model run...
Model run took 6.0 s.
 Processed /g100_scratch/usertrain/a08trb35/ERGOM_L4_NOV_ARGO_O2_OBSERVABILITY/0042...
Starting model run...
Model run took 8.0 s.
 Processed /g100_scratch/usertrain/a08trb35/ERGOM_L4_NOV_ARGO_O2_OBSERVABILITY/0043...
Starting model run...
Model run took 6.0 s.
 Processed /g100_scratch/usertrain/a08trb35/ERGOM_L4_NOV_ARGO_O2_OBSERVABILITY/0044...
Starting model run...
Model run took 9.1 s.
 Processed /g100_scratch/usertrain/a08trb35/ERGOM_L4_NOV_ARGO_O2_OBSERVABILITY/0045...
Starting model run...
Model run took 8.7 s.
 Processed /g100_scratch/usertrain/a08trb35/ERGOM_L4_NOV_ARGO_O2_OBSERVABILITY/0046...
Starting model run...
Model run took 6.0 s.
 Processed /g100_scratch/usertrain/a08trb35/ERGOM_L4_NOV_ARGO_O2_OBSERVABILITY/0047...
Starting model run...
Model run took 7.2 s.
 Processed /g100_scratch/usertrain/a08trb35/ERGOM_L4_NOV_ARGO_O2_OBSERVABILITY/0048...
Starting model run...
Model run took 5.8 s.
 Processed /g100_scratch/usertrain/a08trb35/ERGOM_L4_NOV_ARGO_O2_OBSERVABILITY/0049...
Starting model run...
Model run took 6.8 s.
 Processed /g100_scratch/usertrain/a08trb35/ERGOM_L4_NOV_ARGO_O2_OBSERVABILITY/0050...
Starting model run...
Model run took 9.3 s.
 Processed /g100_scratch/usertrain/a08trb35/ERGOM_L4_NOV_ARGO_O2_OBSERVABILITY/0051...
Starting model run...
Model run took 5.9 s.
 Processed /g100_scratch/usertrain/a08trb35/ERGOM_L4_NOV_ARGO_O2_OBSERVABILITY/0052...
Starting model run...
Model run took 8.2 s.
 Processed /g100_scratch/usertrain/a08trb35/ERGOM_L4_NOV_ARGO_O2_OBSERVABILITY/0053...
Starting model run...
Model run took 8.1 s.
 Processed /g100_scratch/usertrain/a08trb35/ERGOM_L4_NOV_ARGO_O2_OBSERVABILITY/0054...
Starting model run...
Model run took 5.9 s.
 Processed /g100_scratch/usertrain/a08trb35/ERGOM_L4_NOV_ARGO_O2_OBSERVABILITY/0055...
Starting model run...
Model run took 5.9 s.
 Processed /g100_scratch/usertrain/a08trb35/ERGOM_L4_NOV_ARGO_O2_OBSERVABILITY/0056...
Starting model run...
Model run took 5.9 s.
 Processed /g100_scratch/usertrain/a08trb35/ERGOM_L4_NOV_ARGO_O2_OBSERVABILITY/0057...
Starting model run...
Model run took 5.9 s.
 Processed /g100_scratch/usertrain/a08trb35/ERGOM_L4_NOV_ARGO_O2_OBSERVABILITY/0058...
Starting model run...
Model run took 7.6 s.
 Processed /g100_scratch/usertrain/a08trb35/ERGOM_L4_NOV_ARGO_O2_OBSERVABILITY/0059...
Starting model run...
Model run took 6.8 s.
 Processed /g100_scratch/usertrain/a08trb35/ERGOM_L4_NOV_ARGO_O2_OBSERVABILITY/0060...
Starting model run...
Model run took 9.1 s.
 Processed /g100_scratch/usertrain/a08trb35/ERGOM_L4_NOV_ARGO_O2_OBSERVABILITY/0061...
Starting model run...
Model run took 5.9 s.
 Processed /g100_scratch/usertrain/a08trb35/ERGOM_L4_NOV_ARGO_O2_OBSERVABILITY/0062...
Starting model run...
Model run took 6.0 s.
 Processed /g100_scratch/usertrain/a08trb35/ERGOM_L4_NOV_ARGO_O2_OBSERVABILITY/0063...
Starting model run...
Model run took 9.3 s.
 Processed /g100_scratch/usertrain/a08trb35/ERGOM_L4_NOV_ARGO_O2_OBSERVABILITY/0064...
Starting model run...
Model run took 8.1 s.
 Processed /g100_scratch/usertrain/a08trb35/ERGOM_L4_NOV_ARGO_O2_OBSERVABILITY/0065...
Starting model run...
Model run took 6.6 s.
 Processed /g100_scratch/usertrain/a08trb35/ERGOM_L4_NOV_ARGO_O2_OBSERVABILITY/0066...
Starting model run...
Model run took 5.8 s.
 Processed /g100_scratch/usertrain/a08trb35/ERGOM_L4_NOV_ARGO_O2_OBSERVABILITY/0067...
Starting model run...
Model run took 8.2 s.
 Processed /g100_scratch/usertrain/a08trb35/ERGOM_L4_NOV_ARGO_O2_OBSERVABILITY/0068...
Starting model run...
Model run took 7.7 s.
 Processed /g100_scratch/usertrain/a08trb35/ERGOM_L4_NOV_ARGO_O2_OBSERVABILITY/0069...
Starting model run...
Model run took 6.0 s.
 Processed /g100_scratch/usertrain/a08trb35/ERGOM_L4_NOV_ARGO_O2_OBSERVABILITY/0070...
Starting model run...
Model run took 7.7 s.
 Processed /g100_scratch/usertrain/a08trb35/ERGOM_L4_NOV_ARGO_O2_OBSERVABILITY/0071...
Starting model run...
Model run took 8.2 s.
 Processed /g100_scratch/usertrain/a08trb35/ERGOM_L4_NOV_ARGO_O2_OBSERVABILITY/0072...
Starting model run...
Model run took 8.2 s.
 Processed /g100_scratch/usertrain/a08trb35/ERGOM_L4_NOV_ARGO_O2_OBSERVABILITY/0073...
Starting model run...
Model run took 6.8 s.
 Processed /g100_scratch/usertrain/a08trb35/ERGOM_L4_NOV_ARGO_O2_OBSERVABILITY/0074...
Starting model run...
Model run took 8.2 s.
 Processed /g100_scratch/usertrain/a08trb35/ERGOM_L4_NOV_ARGO_O2_OBSERVABILITY/0075...
Starting model run...
Model run took 8.7 s.
 Processed /g100_scratch/usertrain/a08trb35/ERGOM_L4_NOV_ARGO_O2_OBSERVABILITY/0076...
Starting model run...
Model run took 8.4 s.
 Processed /g100_scratch/usertrain/a08trb35/ERGOM_L4_NOV_ARGO_O2_OBSERVABILITY/0077...
Starting model run...
Model run took 6.0 s.
 Processed /g100_scratch/usertrain/a08trb35/ERGOM_L4_NOV_ARGO_O2_OBSERVABILITY/0078...
Starting model run...
Model run took 6.1 s.
 Processed /g100_scratch/usertrain/a08trb35/ERGOM_L4_NOV_ARGO_O2_OBSERVABILITY/0079...
Starting model run...
Model run took 10.0 s.
 Processed /g100_scratch/usertrain/a08trb35/ERGOM_L4_NOV_ARGO_O2_OBSERVABILITY/0080...
Starting model run...
Model run took 7.7 s.
 Processed /g100_scratch/usertrain/a08trb35/ERGOM_L4_NOV_ARGO_O2_OBSERVABILITY/0081...
Starting model run...
Model run took 5.9 s.
 Processed /g100_scratch/usertrain/a08trb35/ERGOM_L4_NOV_ARGO_O2_OBSERVABILITY/0082...
Starting model run...
Model run took 7.7 s.
 Processed /g100_scratch/usertrain/a08trb35/ERGOM_L4_NOV_ARGO_O2_OBSERVABILITY/0083...
Starting model run...
Model run took 5.9 s.
 Processed /g100_scratch/usertrain/a08trb35/ERGOM_L4_NOV_ARGO_O2_OBSERVABILITY/0084...
Starting model run...
Model run took 6.0 s.
 Processed /g100_scratch/usertrain/a08trb35/ERGOM_L4_NOV_ARGO_O2_OBSERVABILITY/0085...
Starting model run...
Model run took 6.0 s.
 Processed /g100_scratch/usertrain/a08trb35/ERGOM_L4_NOV_ARGO_O2_OBSERVABILITY/0086...
Starting model run...
Model run took 5.9 s.
 Processed /g100_scratch/usertrain/a08trb35/ERGOM_L4_NOV_ARGO_O2_OBSERVABILITY/0087...
Starting model run...
Model run took 6.0 s.
 Processed /g100_scratch/usertrain/a08trb35/ERGOM_L4_NOV_ARGO_O2_OBSERVABILITY/0088...
Starting model run...
Model run took 8.1 s.
 Processed /g100_scratch/usertrain/a08trb35/ERGOM_L4_NOV_ARGO_O2_OBSERVABILITY/0089...
Starting model run...
Model run took 6.1 s.
 Processed /g100_scratch/usertrain/a08trb35/ERGOM_L4_NOV_ARGO_O2_OBSERVABILITY/0090...
Starting model run...
Model run took 7.5 s.
 Processed /g100_scratch/usertrain/a08trb35/ERGOM_L4_NOV_ARGO_O2_OBSERVABILITY/0091...
Starting model run...
Model run took 5.8 s.
 Processed /g100_scratch/usertrain/a08trb35/ERGOM_L4_NOV_ARGO_O2_OBSERVABILITY/0092...
Starting model run...
Model run took 9.1 s.
 Processed /g100_scratch/usertrain/a08trb35/ERGOM_L4_NOV_ARGO_O2_OBSERVABILITY/0093...
Starting model run...
Model run took 5.8 s.
 Processed /g100_scratch/usertrain/a08trb35/ERGOM_L4_NOV_ARGO_O2_OBSERVABILITY/0094...
Starting model run...
Model run took 5.9 s.
 Processed /g100_scratch/usertrain/a08trb35/ERGOM_L4_NOV_ARGO_O2_OBSERVABILITY/0095...
Starting model run...
Model run took 5.9 s.
 Processed /g100_scratch/usertrain/a08trb35/ERGOM_L4_NOV_ARGO_O2_OBSERVABILITY/0096...
Starting model run...
Model run took 6.1 s.
 Processed /g100_scratch/usertrain/a08trb35/ERGOM_L4_NOV_ARGO_O2_OBSERVABILITY/0097...
Starting model run...
Model run took 5.9 s.
 Processed /g100_scratch/usertrain/a08trb35/ERGOM_L4_NOV_ARGO_O2_OBSERVABILITY/0098...
Starting model run...
Model run took 5.9 s.
 Processed /g100_scratch/usertrain/a08trb35/ERGOM_L4_NOV_ARGO_O2_OBSERVABILITY/0099...
Retrieving value of target expression(s) for each ensemble member...
  - 0: [1.12267735e+00 1.60616994e-01 8.79398167e-01 8.06501637e+00
 2.88054772e+02 9.96140778e-01 4.73613977e-01 3.31105500e-01
 1.40000000e+01 5.70000000e+01]
  - 1: [1.12267735e+00 1.60616994e-01 8.79398167e-01 8.06501637e+00
 2.69511613e+02 9.96140778e-01 4.73613977e-01 3.31105500e-01
 1.40000000e+01 5.70000000e+01]
  - 2: [1.12267735e+00 1.60616994e-01 8.79398167e-01 8.06501637e+00
 2.90267514e+02 9.96140778e-01 4.73613977e-01 3.31105500e-01
 1.40000000e+01 5.70000000e+01]
  - 3: [1.12267735e+00 1.60616994e-01 8.79398167e-01 8.06501637e+00
 2.62558933e+02 9.96140778e-01 4.73613977e-01 3.31105500e-01
 1.40000000e+01 5.70000000e+01]
  - 4: [1.12267735e+00 1.60616994e-01 8.79398167e-01 8.06501637e+00
 2.81719514e+02 9.96140778e-01 4.73613977e-01 3.31105500e-01
 1.40000000e+01 5.70000000e+01]
  - 5: [1.12267735e+00 1.60616994e-01 8.79398167e-01 8.06501637e+00
 2.79748747e+02 9.96140778e-01 4.73613977e-01 3.31105500e-01
 1.40000000e+01 5.70000000e+01]
  - 6: [1.12267735e+00 1.60616994e-01 8.79398167e-01 8.06501637e+00
 2.56010509e+02 9.96140778e-01 4.73613977e-01 3.31105500e-01
 1.40000000e+01 5.70000000e+01]
  - 7: [1.12267735e+00 1.60616994e-01 8.79398167e-01 8.06501637e+00
 2.61198730e+02 9.96140778e-01 4.73613977e-01 3.31105500e-01
 1.40000000e+01 5.70000000e+01]
  - 8: [1.12267735e+00 1.60616994e-01 8.79398167e-01 8.06501637e+00
 2.75366636e+02 9.96140778e-01 4.73613977e-01 3.31105500e-01
 1.40000000e+01 5.70000000e+01]
  - 9: [1.12267735e+00 1.60616994e-01 8.79398167e-01 8.06501637e+00
 2.79233632e+02 9.96140778e-01 4.73613977e-01 3.31105500e-01
 1.40000000e+01 5.70000000e+01]
  - 10: [1.12267735e+00 1.60616994e-01 8.79398167e-01 8.06501637e+00
 2.74483398e+02 9.96140778e-01 4.73613977e-01 3.31105500e-01
 1.40000000e+01 5.70000000e+01]
  - 11: [1.12267735e+00 1.60616994e-01 8.79398167e-01 8.06501637e+00
 2.68978813e+02 9.96140778e-01 4.73613977e-01 3.31105500e-01
 1.40000000e+01 5.70000000e+01]
  - 12: [1.12267735e+00 1.60616994e-01 8.79398167e-01 8.06501637e+00
 2.60770805e+02 9.96140778e-01 4.73613977e-01 3.31105500e-01
 1.40000000e+01 5.70000000e+01]
  - 13: [1.12267735e+00 1.60616994e-01 8.79398167e-01 8.06501637e+00
 2.54494459e+02 9.96140778e-01 4.73613977e-01 3.31105500e-01
 1.40000000e+01 5.70000000e+01]
  - 14: [1.12267735e+00 1.60616994e-01 8.79398167e-01 8.06501637e+00
 2.62348463e+02 9.96140778e-01 4.73613977e-01 3.31105500e-01
 1.40000000e+01 5.70000000e+01]
  - 15: [1.12267735e+00 1.60616994e-01 8.79398167e-01 8.06501637e+00
 2.74542969e+02 9.96140778e-01 4.73613977e-01 3.31105500e-01
 1.40000000e+01 5.70000000e+01]
  - 16: [1.12267735e+00 1.60616994e-01 8.79398167e-01 8.06501637e+00
 2.81509978e+02 9.96140778e-01 4.73613977e-01 3.31105500e-01
 1.40000000e+01 5.70000000e+01]
  - 17: [1.12267735e+00 1.60616994e-01 8.79398167e-01 8.06501637e+00
 2.55267069e+02 9.96140778e-01 4.73613977e-01 3.31105500e-01
 1.40000000e+01 5.70000000e+01]
  - 18: [1.12267735e+00 1.60616994e-01 8.79398167e-01 8.06501637e+00
 2.91170538e+02 9.96140778e-01 4.73613977e-01 3.31105500e-01
 1.40000000e+01 5.70000000e+01]
  - 19: [1.12267735e+00 1.60616994e-01 8.79398167e-01 8.06501637e+00
 2.72952870e+02 9.96140778e-01 4.73613977e-01 3.31105500e-01
 1.40000000e+01 5.70000000e+01]
  - 20: [1.12267735e+00 1.60616994e-01 8.79398167e-01 8.06501637e+00
 2.54306089e+02 9.96140778e-01 4.73613977e-01 3.31105500e-01
 1.40000000e+01 5.70000000e+01]
  - 21: [1.12267735e+00 1.60616994e-01 8.79398167e-01 8.06501637e+00
 2.79718453e+02 9.96140778e-01 4.73613977e-01 3.31105500e-01
 1.40000000e+01 5.70000000e+01]
  - 22: [1.12267735e+00 1.60616994e-01 8.79398167e-01 8.06501637e+00
 2.58746242e+02 9.96140778e-01 4.73613977e-01 3.31105500e-01
 1.40000000e+01 5.70000000e+01]
  - 23: [1.12267735e+00 1.60616994e-01 8.79398167e-01 8.06501637e+00
 2.60123471e+02 9.96140778e-01 4.73613977e-01 3.31105500e-01
 1.40000000e+01 5.70000000e+01]
  - 24: [1.12267735e+00 1.60616994e-01 8.79398167e-01 8.06501637e+00
 2.81752760e+02 9.96140778e-01 4.73613977e-01 3.31105500e-01
 1.40000000e+01 5.70000000e+01]
  - 25: [1.12267735e+00 1.60616994e-01 8.79398167e-01 8.06501637e+00
 2.81846000e+02 9.96140778e-01 4.73613977e-01 3.31105500e-01
 1.40000000e+01 5.70000000e+01]
  - 26: [1.12267735e+00 1.60616994e-01 8.79398167e-01 8.06501637e+00
 2.62138948e+02 9.96140778e-01 4.73613977e-01 3.31105500e-01
 1.40000000e+01 5.70000000e+01]
  - 27: [1.12267735e+00 1.60616994e-01 8.79398167e-01 8.06501637e+00
 2.57511082e+02 9.96140778e-01 4.73613977e-01 3.31105500e-01
 1.40000000e+01 5.70000000e+01]
  - 28: [1.12267735e+00 1.60616994e-01 8.79398167e-01 8.06501637e+00
 2.54411218e+02 9.96140778e-01 4.73613977e-01 3.31105500e-01
 1.40000000e+01 5.70000000e+01]
  - 29: [1.12267735e+00 1.60616994e-01 8.79398167e-01 8.06501637e+00
 2.55045368e+02 9.96140778e-01 4.73613977e-01 3.31105500e-01
 1.40000000e+01 5.70000000e+01]
  - 30: [1.12267735e+00 1.60616994e-01 8.79398167e-01 8.06501637e+00
 2.76189453e+02 9.96140778e-01 4.73613977e-01 3.31105500e-01
 1.40000000e+01 5.70000000e+01]
  - 31: [1.12267735e+00 1.60616994e-01 8.79398167e-01 8.06501637e+00
 2.69521909e+02 9.96140778e-01 4.73613977e-01 3.31105500e-01
 1.40000000e+01 5.70000000e+01]
  - 32: [1.12267735e+00 1.60616994e-01 8.79398167e-01 8.06501637e+00
 2.79687734e+02 9.96140778e-01 4.73613977e-01 3.31105500e-01
 1.40000000e+01 5.70000000e+01]
  - 33: [1.12267735e+00 1.60616994e-01 8.79398167e-01 8.06501637e+00
 2.79079462e+02 9.96140778e-01 4.73613977e-01 3.31105500e-01
 1.40000000e+01 5.70000000e+01]
  - 34: [1.12267735e+00 1.60616994e-01 8.79398167e-01 8.06501637e+00
 2.75267345e+02 9.96140778e-01 4.73613977e-01 3.31105500e-01
 1.40000000e+01 5.70000000e+01]
  - 35: [1.12267735e+00 1.60616994e-01 8.79398167e-01 8.06501637e+00
 2.82156292e+02 9.96140778e-01 4.73613977e-01 3.31105500e-01
 1.40000000e+01 5.70000000e+01]
  - 36: [1.12267735e+00 1.60616994e-01 8.79398167e-01 8.06501637e+00
 2.85982570e+02 9.96140778e-01 4.73613977e-01 3.31105500e-01
 1.40000000e+01 5.70000000e+01]
  - 37: [1.12267735e+00 1.60616994e-01 8.79398167e-01 8.06501637e+00
 2.75423340e+02 9.96140778e-01 4.73613977e-01 3.31105500e-01
 1.40000000e+01 5.70000000e+01]
  - 38: [1.12267735e+00 1.60616994e-01 8.79398167e-01 8.06501637e+00
 2.65149711e+02 9.96140778e-01 4.73613977e-01 3.31105500e-01
 1.40000000e+01 5.70000000e+01]
  - 39: [1.12267735e+00 1.60616994e-01 8.79398167e-01 8.06501637e+00
 2.76347444e+02 9.96140778e-01 4.73613977e-01 3.31105500e-01
 1.40000000e+01 5.70000000e+01]
  - 40: [1.12267735e+00 1.60616994e-01 8.79398167e-01 8.06501637e+00
 2.71551078e+02 9.96140778e-01 4.73613977e-01 3.31105500e-01
 1.40000000e+01 5.70000000e+01]
  - 41: [1.12267735e+00 1.60616994e-01 8.79398167e-01 8.06501637e+00
 2.71975926e+02 9.96140778e-01 4.73613977e-01 3.31105500e-01
 1.40000000e+01 5.70000000e+01]
  - 42: [1.12267735e+00 1.60616994e-01 8.79398167e-01 8.06501637e+00
 2.62136103e+02 9.96140778e-01 4.73613977e-01 3.31105500e-01
 1.40000000e+01 5.70000000e+01]
  - 43: [1.12267735e+00 1.60616994e-01 8.79398167e-01 8.06501637e+00
 2.60957456e+02 9.96140778e-01 4.73613977e-01 3.31105500e-01
 1.40000000e+01 5.70000000e+01]
  - 44: [1.12267735e+00 1.60616994e-01 8.79398167e-01 8.06501637e+00
 2.92365914e+02 9.96140778e-01 4.73613977e-01 3.31105500e-01
 1.40000000e+01 5.70000000e+01]
  - 45: [1.12267735e+00 1.60616994e-01 8.79398167e-01 8.06501637e+00
 2.64880138e+02 9.96140778e-01 4.73613977e-01 3.31105500e-01
 1.40000000e+01 5.70000000e+01]
  - 46: [1.12267735e+00 1.60616994e-01 8.79398167e-01 8.06501637e+00
 2.77011698e+02 9.96140778e-01 4.73613977e-01 3.31105500e-01
 1.40000000e+01 5.70000000e+01]
  - 47: [1.12267735e+00 1.60616994e-01 8.79398167e-01 8.06501637e+00
 2.78840926e+02 9.96140778e-01 4.73613977e-01 3.31105500e-01
 1.40000000e+01 5.70000000e+01]
  - 48: [1.12267735e+00 1.60616994e-01 8.79398167e-01 8.06501637e+00
 2.89879947e+02 9.96140778e-01 4.73613977e-01 3.31105500e-01
 1.40000000e+01 5.70000000e+01]
  - 49: [1.12267735e+00 1.60616994e-01 8.79398167e-01 8.06501637e+00
 2.88031866e+02 9.96140778e-01 4.73613977e-01 3.31105500e-01
 1.40000000e+01 5.70000000e+01]
  - 50: [1.12267735e+00 1.60616994e-01 8.79398167e-01 8.06501637e+00
 2.85399011e+02 9.96140778e-01 4.73613977e-01 3.31105500e-01
 1.40000000e+01 5.70000000e+01]
  - 51: [1.12267735e+00 1.60616994e-01 8.79398167e-01 8.06501637e+00
 2.89058042e+02 9.96140778e-01 4.73613977e-01 3.31105500e-01
 1.40000000e+01 5.70000000e+01]
  - 52: [1.12267735e+00 1.60616994e-01 8.79398167e-01 8.06501637e+00
 2.57427480e+02 9.96140778e-01 4.73613977e-01 3.31105500e-01
 1.40000000e+01 5.70000000e+01]
  - 53: [1.12267735e+00 1.60616994e-01 8.79398167e-01 8.06501637e+00
 2.76329675e+02 9.96140778e-01 4.73613977e-01 3.31105500e-01
 1.40000000e+01 5.70000000e+01]
  - 54: [1.12267735e+00 1.60616994e-01 8.79398167e-01 8.06501637e+00
 2.68721552e+02 9.96140778e-01 4.73613977e-01 3.31105500e-01
 1.40000000e+01 5.70000000e+01]
  - 55: [1.12267735e+00 1.60616994e-01 8.79398167e-01 8.06501637e+00
 2.57764033e+02 9.96140778e-01 4.73613977e-01 3.31105500e-01
 1.40000000e+01 5.70000000e+01]
  - 56: [1.12267735e+00 1.60616994e-01 8.79398167e-01 8.06501637e+00
 2.83490192e+02 9.96140778e-01 4.73613977e-01 3.31105500e-01
 1.40000000e+01 5.70000000e+01]
  - 57: [1.12267735e+00 1.60616994e-01 8.79398167e-01 8.06501637e+00
 2.68768427e+02 9.96140778e-01 4.73613977e-01 3.31105500e-01
 1.40000000e+01 5.70000000e+01]
  - 58: [1.12267735e+00 1.60616994e-01 8.79398167e-01 8.06501637e+00
 2.64508577e+02 9.96140778e-01 4.73613977e-01 3.31105500e-01
 1.40000000e+01 5.70000000e+01]
  - 59: [1.12267735e+00 1.60616994e-01 8.79398167e-01 8.06501637e+00
 2.62602666e+02 9.96140778e-01 4.73613977e-01 3.31105500e-01
 1.40000000e+01 5.70000000e+01]
  - 60: [1.12267735e+00 1.60616994e-01 8.79398167e-01 8.06501637e+00
 2.64322308e+02 9.96140778e-01 4.73613977e-01 3.31105500e-01
 1.40000000e+01 5.70000000e+01]
  - 61: [1.12267735e+00 1.60616994e-01 8.79398167e-01 8.06501637e+00
 2.57383471e+02 9.96140778e-01 4.73613977e-01 3.31105500e-01
 1.40000000e+01 5.70000000e+01]
  - 62: [1.12267735e+00 1.60616994e-01 8.79398167e-01 8.06501637e+00
 2.87666844e+02 9.96140778e-01 4.73613977e-01 3.31105500e-01
 1.40000000e+01 5.70000000e+01]
  - 63: [1.12267735e+00 1.60616994e-01 8.79398167e-01 8.06501637e+00
 2.92211086e+02 9.96140778e-01 4.73613977e-01 3.31105500e-01
 1.40000000e+01 5.70000000e+01]
  - 64: [1.12267735e+00 1.60616994e-01 8.79398167e-01 8.06501637e+00
 2.87386082e+02 9.96140778e-01 4.73613977e-01 3.31105500e-01
 1.40000000e+01 5.70000000e+01]
  - 65: [1.12267735e+00 1.60616994e-01 8.79398167e-01 8.06501637e+00
 2.71589101e+02 9.96140778e-01 4.73613977e-01 3.31105500e-01
 1.40000000e+01 5.70000000e+01]
  - 66: [1.12267735e+00 1.60616994e-01 8.79398167e-01 8.06501637e+00
 2.66433615e+02 9.96140778e-01 4.73613977e-01 3.31105500e-01
 1.40000000e+01 5.70000000e+01]
  - 67: [1.12267735e+00 1.60616994e-01 8.79398167e-01 8.06501637e+00
 2.85579675e+02 9.96140778e-01 4.73613977e-01 3.31105500e-01
 1.40000000e+01 5.70000000e+01]
  - 68: [1.12267735e+00 1.60616994e-01 8.79398167e-01 8.06501637e+00
 2.84301291e+02 9.96140778e-01 4.73613977e-01 3.31105500e-01
 1.40000000e+01 5.70000000e+01]
  - 69: [1.12267735e+00 1.60616994e-01 8.79398167e-01 8.06501637e+00
 2.65222699e+02 9.96140778e-01 4.73613977e-01 3.31105500e-01
 1.40000000e+01 5.70000000e+01]
  - 70: [1.12267735e+00 1.60616994e-01 8.79398167e-01 8.06501637e+00
 2.74207456e+02 9.96140778e-01 4.73613977e-01 3.31105500e-01
 1.40000000e+01 5.70000000e+01]
  - 71: [1.12267735e+00 1.60616994e-01 8.79398167e-01 8.06501637e+00
 2.79166249e+02 9.96140778e-01 4.73613977e-01 3.31105500e-01
 1.40000000e+01 5.70000000e+01]
  - 72: [1.12267735e+00 1.60616994e-01 8.79398167e-01 8.06501637e+00
 2.90538574e+02 9.96140778e-01 4.73613977e-01 3.31105500e-01
 1.40000000e+01 5.70000000e+01]
  - 73: [1.12267735e+00 1.60616994e-01 8.79398167e-01 8.06501637e+00
 2.83810271e+02 9.96140778e-01 4.73613977e-01 3.31105500e-01
 1.40000000e+01 5.70000000e+01]
  - 74: [1.12267735e+00 1.60616994e-01 8.79398167e-01 8.06501637e+00
 2.87041822e+02 9.96140778e-01 4.73613977e-01 3.31105500e-01
 1.40000000e+01 5.70000000e+01]
  - 75: [1.12267735e+00 1.60616994e-01 8.79398167e-01 8.06501637e+00
 2.91212466e+02 9.96140778e-01 4.73613977e-01 3.31105500e-01
 1.40000000e+01 5.70000000e+01]
  - 76: [1.12267735e+00 1.60616994e-01 8.79398167e-01 8.06501637e+00
 2.65034626e+02 9.96140778e-01 4.73613977e-01 3.31105500e-01
 1.40000000e+01 5.70000000e+01]
  - 77: [1.12267735e+00 1.60616994e-01 8.79398167e-01 8.06501637e+00
 2.84422002e+02 9.96140778e-01 4.73613977e-01 3.31105500e-01
 1.40000000e+01 5.70000000e+01]
  - 78: [1.12267735e+00 1.60616994e-01 8.79398167e-01 8.06501637e+00
 2.71050251e+02 9.96140778e-01 4.73613977e-01 3.31105500e-01
 1.40000000e+01 5.70000000e+01]
  - 79: [1.12267735e+00 1.60616994e-01 8.79398167e-01 8.06501637e+00
 2.80723654e+02 9.96140778e-01 4.73613977e-01 3.31105500e-01
 1.40000000e+01 5.70000000e+01]
  - 80: [1.12267735e+00 1.60616994e-01 8.79398167e-01 8.06501637e+00
 2.86619077e+02 9.96140778e-01 4.73613977e-01 3.31105500e-01
 1.40000000e+01 5.70000000e+01]
  - 81: [1.12267735e+00 1.60616994e-01 8.79398167e-01 8.06501637e+00
 2.67434507e+02 9.96140778e-01 4.73613977e-01 3.31105500e-01
 1.40000000e+01 5.70000000e+01]
  - 82: [1.12267735e+00 1.60616994e-01 8.79398167e-01 8.06501637e+00
 2.59343283e+02 9.96140778e-01 4.73613977e-01 3.31105500e-01
 1.40000000e+01 5.70000000e+01]
  - 83: [1.12267735e+00 1.60616994e-01 8.79398167e-01 8.06501637e+00
 2.65001529e+02 9.96140778e-01 4.73613977e-01 3.31105500e-01
 1.40000000e+01 5.70000000e+01]
  - 84: [1.12267735e+00 1.60616994e-01 8.79398167e-01 8.06501637e+00
 2.84152344e+02 9.96140778e-01 4.73613977e-01 3.31105500e-01
 1.40000000e+01 5.70000000e+01]
  - 85: [1.12267735e+00 1.60616994e-01 8.79398167e-01 8.06501637e+00
 2.89404000e+02 9.96140778e-01 4.73613977e-01 3.31105500e-01
 1.40000000e+01 5.70000000e+01]
  - 86: [1.12267735e+00 1.60616994e-01 8.79398167e-01 8.06501637e+00
 2.80489215e+02 9.96140778e-01 4.73613977e-01 3.31105500e-01
 1.40000000e+01 5.70000000e+01]
  - 87: [1.12267735e+00 1.60616994e-01 8.79398167e-01 8.06501637e+00
 2.88515689e+02 9.96140778e-01 4.73613977e-01 3.31105500e-01
 1.40000000e+01 5.70000000e+01]
  - 88: [1.12267735e+00 1.60616994e-01 8.79398167e-01 8.06501637e+00
 2.57293139e+02 9.96140778e-01 4.73613977e-01 3.31105500e-01
 1.40000000e+01 5.70000000e+01]
  - 89: [1.12267735e+00 1.60616994e-01 8.79398167e-01 8.06501637e+00
 2.85485076e+02 9.96140778e-01 4.73613977e-01 3.31105500e-01
 1.40000000e+01 5.70000000e+01]
  - 90: [1.12267735e+00 1.60616994e-01 8.79398167e-01 8.06501637e+00
 2.85161536e+02 9.96140778e-01 4.73613977e-01 3.31105500e-01
 1.40000000e+01 5.70000000e+01]
  - 91: [1.12267735e+00 1.60616994e-01 8.79398167e-01 8.06501637e+00
 2.58937649e+02 9.96140778e-01 4.73613977e-01 3.31105500e-01
 1.40000000e+01 5.70000000e+01]
  - 92: [1.12267735e+00 1.60616994e-01 8.79398167e-01 8.06501637e+00
 2.82840417e+02 9.96140778e-01 4.73613977e-01 3.31105500e-01
 1.40000000e+01 5.70000000e+01]
  - 93: [1.12267735e+00 1.60616994e-01 8.79398167e-01 8.06501637e+00
 2.55870521e+02 9.96140778e-01 4.73613977e-01 3.31105500e-01
 1.40000000e+01 5.70000000e+01]
  - 94: [1.12267735e+00 1.60616994e-01 8.79398167e-01 8.06501637e+00
 2.77568211e+02 9.96140778e-01 4.73613977e-01 3.31105500e-01
 1.40000000e+01 5.70000000e+01]
  - 95: [1.12267735e+00 1.60616994e-01 8.79398167e-01 8.06501637e+00
 2.80933127e+02 9.96140778e-01 4.73613977e-01 3.31105500e-01
 1.40000000e+01 5.70000000e+01]
  - 96: [1.12267735e+00 1.60616994e-01 8.79398167e-01 8.06501637e+00
 2.83694421e+02 9.96140778e-01 4.73613977e-01 3.31105500e-01
 1.40000000e+01 5.70000000e+01]
  - 97: [1.12267735e+00 1.60616994e-01 8.79398167e-01 8.06501637e+00
 2.82062097e+02 9.96140778e-01 4.73613977e-01 3.31105500e-01
 1.40000000e+01 5.70000000e+01]
  - 98: [1.12267735e+00 1.60616994e-01 8.79398167e-01 8.06501637e+00
 2.85227157e+02 9.96140778e-01 4.73613977e-01 3.31105500e-01
 1.40000000e+01 5.70000000e+01]
  - 99: [1.12267735e+00 1.60616994e-01 8.79398167e-01 8.06501637e+00
 2.57001720e+02 9.96140778e-01 4.73613977e-01 3.31105500e-01
 1.40000000e+01 5.70000000e+01]
Updating sensitivity info in ERGOM_L4_observability_ARGO_O2_NOV.pickle with model results...
Done
