Starting ppserver on r515c05n[03-04]:59353
Host names provided to parsac: r515c05n03:59353,r515c05n04:59353,
Starting parsac
Reading sensitivity samples from ERGOM_L4_observability_OC_JUN.pickle...
Reading configuration from L4_observability_OC_JUN.xml...
Starting Parallel Python server...
Giving Parallel Python 10 seconds to connect to: r515c05n03:59353, r515c05n04:59353
Running on:
   local: 0 cpus
   r515c05n04:59353: 48 cpus
   r515c05n03:59353: 48 cpus
Total number of cpus: 96
Starting model run...
Model run took 6.4 s.
 Processed /g100_scratch/usertrain/a08trb35/ERGOM_L4_JUN_OC_OBSERVABILITY/0000...
Starting model run...
Model run took 8.2 s.
 Processed /g100_scratch/usertrain/a08trb35/ERGOM_L4_JUN_OC_OBSERVABILITY/0001...
Starting model run...
Model run took 6.4 s.
 Processed /g100_scratch/usertrain/a08trb35/ERGOM_L4_JUN_OC_OBSERVABILITY/0002...
Starting model run...
Model run took 8.4 s.
 Processed /g100_scratch/usertrain/a08trb35/ERGOM_L4_JUN_OC_OBSERVABILITY/0003...
Starting model run...
Model run took 6.4 s.
 Processed /g100_scratch/usertrain/a08trb35/ERGOM_L4_JUN_OC_OBSERVABILITY/0004...
Starting model run...
Model run took 8.2 s.
 Processed /g100_scratch/usertrain/a08trb35/ERGOM_L4_JUN_OC_OBSERVABILITY/0005...
Starting model run...
Model run took 6.4 s.
 Processed /g100_scratch/usertrain/a08trb35/ERGOM_L4_JUN_OC_OBSERVABILITY/0006...
Starting model run...
Model run took 8.2 s.
 Processed /g100_scratch/usertrain/a08trb35/ERGOM_L4_JUN_OC_OBSERVABILITY/0007...
Starting model run...
Model run took 6.5 s.
 Processed /g100_scratch/usertrain/a08trb35/ERGOM_L4_JUN_OC_OBSERVABILITY/0008...
Starting model run...
Model run took 8.2 s.
 Processed /g100_scratch/usertrain/a08trb35/ERGOM_L4_JUN_OC_OBSERVABILITY/0009...
Starting model run...
Model run took 6.4 s.
 Processed /g100_scratch/usertrain/a08trb35/ERGOM_L4_JUN_OC_OBSERVABILITY/0010...
Starting model run...
Model run took 8.2 s.
 Processed /g100_scratch/usertrain/a08trb35/ERGOM_L4_JUN_OC_OBSERVABILITY/0011...
Starting model run...
Model run took 6.5 s.
 Processed /g100_scratch/usertrain/a08trb35/ERGOM_L4_JUN_OC_OBSERVABILITY/0012...
Starting model run...
Model run took 8.3 s.
 Processed /g100_scratch/usertrain/a08trb35/ERGOM_L4_JUN_OC_OBSERVABILITY/0013...
Starting model run...
Model run took 6.4 s.
 Processed /g100_scratch/usertrain/a08trb35/ERGOM_L4_JUN_OC_OBSERVABILITY/0014...
Starting model run...
Model run took 8.2 s.
 Processed /g100_scratch/usertrain/a08trb35/ERGOM_L4_JUN_OC_OBSERVABILITY/0015...
Starting model run...
Model run took 6.4 s.
 Processed /g100_scratch/usertrain/a08trb35/ERGOM_L4_JUN_OC_OBSERVABILITY/0016...
Starting model run...
Model run took 8.3 s.
 Processed /g100_scratch/usertrain/a08trb35/ERGOM_L4_JUN_OC_OBSERVABILITY/0017...
Starting model run...
Model run took 8.2 s.
 Processed /g100_scratch/usertrain/a08trb35/ERGOM_L4_JUN_OC_OBSERVABILITY/0018...
Starting model run...
Model run took 6.4 s.
 Processed /g100_scratch/usertrain/a08trb35/ERGOM_L4_JUN_OC_OBSERVABILITY/0019...
Starting model run...
Model run took 8.2 s.
 Processed /g100_scratch/usertrain/a08trb35/ERGOM_L4_JUN_OC_OBSERVABILITY/0020...
Starting model run...
Model run took 6.5 s.
 Processed /g100_scratch/usertrain/a08trb35/ERGOM_L4_JUN_OC_OBSERVABILITY/0021...
Starting model run...
Model run took 8.2 s.
 Processed /g100_scratch/usertrain/a08trb35/ERGOM_L4_JUN_OC_OBSERVABILITY/0022...
Starting model run...
Model run took 6.5 s.
 Processed /g100_scratch/usertrain/a08trb35/ERGOM_L4_JUN_OC_OBSERVABILITY/0023...
Starting model run...
Model run took 8.4 s.
 Processed /g100_scratch/usertrain/a08trb35/ERGOM_L4_JUN_OC_OBSERVABILITY/0024...
Starting model run...
Model run took 6.4 s.
 Processed /g100_scratch/usertrain/a08trb35/ERGOM_L4_JUN_OC_OBSERVABILITY/0025...
Starting model run...
Model run took 8.2 s.
 Processed /g100_scratch/usertrain/a08trb35/ERGOM_L4_JUN_OC_OBSERVABILITY/0026...
Starting model run...
Model run took 6.4 s.
 Processed /g100_scratch/usertrain/a08trb35/ERGOM_L4_JUN_OC_OBSERVABILITY/0027...
Starting model run...
Model run took 8.2 s.
 Processed /g100_scratch/usertrain/a08trb35/ERGOM_L4_JUN_OC_OBSERVABILITY/0028...
Starting model run...
Model run took 6.4 s.
 Processed /g100_scratch/usertrain/a08trb35/ERGOM_L4_JUN_OC_OBSERVABILITY/0029...
Starting model run...
Model run took 8.2 s.
 Processed /g100_scratch/usertrain/a08trb35/ERGOM_L4_JUN_OC_OBSERVABILITY/0030...
Starting model run...
Model run took 6.5 s.
 Processed /g100_scratch/usertrain/a08trb35/ERGOM_L4_JUN_OC_OBSERVABILITY/0031...
Starting model run...
Model run took 6.4 s.
 Processed /g100_scratch/usertrain/a08trb35/ERGOM_L4_JUN_OC_OBSERVABILITY/0032...
Starting model run...
Model run took 8.2 s.
 Processed /g100_scratch/usertrain/a08trb35/ERGOM_L4_JUN_OC_OBSERVABILITY/0033...
Starting model run...
Model run took 8.2 s.
 Processed /g100_scratch/usertrain/a08trb35/ERGOM_L4_JUN_OC_OBSERVABILITY/0034...
Starting model run...
Model run took 6.4 s.
 Processed /g100_scratch/usertrain/a08trb35/ERGOM_L4_JUN_OC_OBSERVABILITY/0035...
Starting model run...
Model run took 6.4 s.
 Processed /g100_scratch/usertrain/a08trb35/ERGOM_L4_JUN_OC_OBSERVABILITY/0036...
Starting model run...
Model run took 8.2 s.
 Processed /g100_scratch/usertrain/a08trb35/ERGOM_L4_JUN_OC_OBSERVABILITY/0037...
Starting model run...
Model run took 8.2 s.
 Processed /g100_scratch/usertrain/a08trb35/ERGOM_L4_JUN_OC_OBSERVABILITY/0038...
Starting model run...
Model run took 6.4 s.
 Processed /g100_scratch/usertrain/a08trb35/ERGOM_L4_JUN_OC_OBSERVABILITY/0039...
Starting model run...
Model run took 8.2 s.
 Processed /g100_scratch/usertrain/a08trb35/ERGOM_L4_JUN_OC_OBSERVABILITY/0040...
Starting model run...
Model run took 6.4 s.
 Processed /g100_scratch/usertrain/a08trb35/ERGOM_L4_JUN_OC_OBSERVABILITY/0041...
Starting model run...
Model run took 8.2 s.
 Processed /g100_scratch/usertrain/a08trb35/ERGOM_L4_JUN_OC_OBSERVABILITY/0042...
Starting model run...
Model run took 6.4 s.
 Processed /g100_scratch/usertrain/a08trb35/ERGOM_L4_JUN_OC_OBSERVABILITY/0043...
Starting model run...
Model run took 6.4 s.
 Processed /g100_scratch/usertrain/a08trb35/ERGOM_L4_JUN_OC_OBSERVABILITY/0044...
Starting model run...
Model run took 8.2 s.
 Processed /g100_scratch/usertrain/a08trb35/ERGOM_L4_JUN_OC_OBSERVABILITY/0045...
Starting model run...
Model run took 6.4 s.
 Processed /g100_scratch/usertrain/a08trb35/ERGOM_L4_JUN_OC_OBSERVABILITY/0046...
Starting model run...
Model run took 8.2 s.
 Processed /g100_scratch/usertrain/a08trb35/ERGOM_L4_JUN_OC_OBSERVABILITY/0047...
Starting model run...
Model run took 6.4 s.
 Processed /g100_scratch/usertrain/a08trb35/ERGOM_L4_JUN_OC_OBSERVABILITY/0048...
Starting model run...
Model run took 8.2 s.
 Processed /g100_scratch/usertrain/a08trb35/ERGOM_L4_JUN_OC_OBSERVABILITY/0049...
Starting model run...
Model run took 6.4 s.
 Processed /g100_scratch/usertrain/a08trb35/ERGOM_L4_JUN_OC_OBSERVABILITY/0050...
Starting model run...
Model run took 8.2 s.
 Processed /g100_scratch/usertrain/a08trb35/ERGOM_L4_JUN_OC_OBSERVABILITY/0051...
Starting model run...
Model run took 6.4 s.
 Processed /g100_scratch/usertrain/a08trb35/ERGOM_L4_JUN_OC_OBSERVABILITY/0052...
Starting model run...
Model run took 8.2 s.
 Processed /g100_scratch/usertrain/a08trb35/ERGOM_L4_JUN_OC_OBSERVABILITY/0053...
Starting model run...
Model run took 6.4 s.
 Processed /g100_scratch/usertrain/a08trb35/ERGOM_L4_JUN_OC_OBSERVABILITY/0054...
Starting model run...
Model run took 8.2 s.
 Processed /g100_scratch/usertrain/a08trb35/ERGOM_L4_JUN_OC_OBSERVABILITY/0055...
Starting model run...
Model run took 6.4 s.
 Processed /g100_scratch/usertrain/a08trb35/ERGOM_L4_JUN_OC_OBSERVABILITY/0056...
Starting model run...
Model run took 8.2 s.
 Processed /g100_scratch/usertrain/a08trb35/ERGOM_L4_JUN_OC_OBSERVABILITY/0057...
Starting model run...
Model run took 6.4 s.
 Processed /g100_scratch/usertrain/a08trb35/ERGOM_L4_JUN_OC_OBSERVABILITY/0058...
Starting model run...
Model run took 8.2 s.
 Processed /g100_scratch/usertrain/a08trb35/ERGOM_L4_JUN_OC_OBSERVABILITY/0059...
Starting model run...
Model run took 6.4 s.
 Processed /g100_scratch/usertrain/a08trb35/ERGOM_L4_JUN_OC_OBSERVABILITY/0060...
Starting model run...
Model run took 8.2 s.
 Processed /g100_scratch/usertrain/a08trb35/ERGOM_L4_JUN_OC_OBSERVABILITY/0061...
Starting model run...
Model run took 6.4 s.
 Processed /g100_scratch/usertrain/a08trb35/ERGOM_L4_JUN_OC_OBSERVABILITY/0062...
Starting model run...
Model run took 8.2 s.
 Processed /g100_scratch/usertrain/a08trb35/ERGOM_L4_JUN_OC_OBSERVABILITY/0063...
Starting model run...
Model run took 6.4 s.
 Processed /g100_scratch/usertrain/a08trb35/ERGOM_L4_JUN_OC_OBSERVABILITY/0064...
Starting model run...
Model run took 8.2 s.
 Processed /g100_scratch/usertrain/a08trb35/ERGOM_L4_JUN_OC_OBSERVABILITY/0065...
Starting model run...
Model run took 6.4 s.
 Processed /g100_scratch/usertrain/a08trb35/ERGOM_L4_JUN_OC_OBSERVABILITY/0066...
Starting model run...
Model run took 8.2 s.
 Processed /g100_scratch/usertrain/a08trb35/ERGOM_L4_JUN_OC_OBSERVABILITY/0067...
Starting model run...
Model run took 6.4 s.
 Processed /g100_scratch/usertrain/a08trb35/ERGOM_L4_JUN_OC_OBSERVABILITY/0068...
Starting model run...
Model run took 8.2 s.
 Processed /g100_scratch/usertrain/a08trb35/ERGOM_L4_JUN_OC_OBSERVABILITY/0069...
Starting model run...
Model run took 6.4 s.
 Processed /g100_scratch/usertrain/a08trb35/ERGOM_L4_JUN_OC_OBSERVABILITY/0070...
Starting model run...
Model run took 8.2 s.
 Processed /g100_scratch/usertrain/a08trb35/ERGOM_L4_JUN_OC_OBSERVABILITY/0071...
Starting model run...
Model run took 6.6 s.
 Processed /g100_scratch/usertrain/a08trb35/ERGOM_L4_JUN_OC_OBSERVABILITY/0072...
Starting model run...
Model run took 8.2 s.
 Processed /g100_scratch/usertrain/a08trb35/ERGOM_L4_JUN_OC_OBSERVABILITY/0073...
Starting model run...
Model run took 6.5 s.
 Processed /g100_scratch/usertrain/a08trb35/ERGOM_L4_JUN_OC_OBSERVABILITY/0074...
Starting model run...
Model run took 8.2 s.
 Processed /g100_scratch/usertrain/a08trb35/ERGOM_L4_JUN_OC_OBSERVABILITY/0075...
Starting model run...
Model run took 6.4 s.
 Processed /g100_scratch/usertrain/a08trb35/ERGOM_L4_JUN_OC_OBSERVABILITY/0076...
Starting model run...
Model run took 8.2 s.
 Processed /g100_scratch/usertrain/a08trb35/ERGOM_L4_JUN_OC_OBSERVABILITY/0077...
Starting model run...
Model run took 6.4 s.
 Processed /g100_scratch/usertrain/a08trb35/ERGOM_L4_JUN_OC_OBSERVABILITY/0078...
Starting model run...
Model run took 8.2 s.
 Processed /g100_scratch/usertrain/a08trb35/ERGOM_L4_JUN_OC_OBSERVABILITY/0079...
Starting model run...
Model run took 6.4 s.
 Processed /g100_scratch/usertrain/a08trb35/ERGOM_L4_JUN_OC_OBSERVABILITY/0080...
Starting model run...
Model run took 8.2 s.
 Processed /g100_scratch/usertrain/a08trb35/ERGOM_L4_JUN_OC_OBSERVABILITY/0081...
Starting model run...
Model run took 6.4 s.
 Processed /g100_scratch/usertrain/a08trb35/ERGOM_L4_JUN_OC_OBSERVABILITY/0082...
Starting model run...
Model run took 8.2 s.
 Processed /g100_scratch/usertrain/a08trb35/ERGOM_L4_JUN_OC_OBSERVABILITY/0083...
Starting model run...
Model run took 6.4 s.
 Processed /g100_scratch/usertrain/a08trb35/ERGOM_L4_JUN_OC_OBSERVABILITY/0084...
Starting model run...
Model run took 8.2 s.
 Processed /g100_scratch/usertrain/a08trb35/ERGOM_L4_JUN_OC_OBSERVABILITY/0085...
Starting model run...
Model run took 6.4 s.
 Processed /g100_scratch/usertrain/a08trb35/ERGOM_L4_JUN_OC_OBSERVABILITY/0086...
Starting model run...
Model run took 8.2 s.
 Processed /g100_scratch/usertrain/a08trb35/ERGOM_L4_JUN_OC_OBSERVABILITY/0087...
Starting model run...
Model run took 6.4 s.
 Processed /g100_scratch/usertrain/a08trb35/ERGOM_L4_JUN_OC_OBSERVABILITY/0088...
Starting model run...
Model run took 8.2 s.
 Processed /g100_scratch/usertrain/a08trb35/ERGOM_L4_JUN_OC_OBSERVABILITY/0089...
Starting model run...
Model run took 6.4 s.
 Processed /g100_scratch/usertrain/a08trb35/ERGOM_L4_JUN_OC_OBSERVABILITY/0090...
Starting model run...
Model run took 8.2 s.
 Processed /g100_scratch/usertrain/a08trb35/ERGOM_L4_JUN_OC_OBSERVABILITY/0091...
Starting model run...
Model run took 6.4 s.
 Processed /g100_scratch/usertrain/a08trb35/ERGOM_L4_JUN_OC_OBSERVABILITY/0092...
Starting model run...
Model run took 8.2 s.
 Processed /g100_scratch/usertrain/a08trb35/ERGOM_L4_JUN_OC_OBSERVABILITY/0093...
Starting model run...
Model run took 6.4 s.
 Processed /g100_scratch/usertrain/a08trb35/ERGOM_L4_JUN_OC_OBSERVABILITY/0094...
Starting model run...
Model run took 8.2 s.
 Processed /g100_scratch/usertrain/a08trb35/ERGOM_L4_JUN_OC_OBSERVABILITY/0095...
Starting model run...
Model run took 5.8 s.
 Processed /g100_scratch/usertrain/a08trb35/ERGOM_L4_JUN_OC_OBSERVABILITY/0096...
Starting model run...
Model run took 5.9 s.
 Processed /g100_scratch/usertrain/a08trb35/ERGOM_L4_JUN_OC_OBSERVABILITY/0097...
Starting model run...
Model run took 5.9 s.
 Processed /g100_scratch/usertrain/a08trb35/ERGOM_L4_JUN_OC_OBSERVABILITY/0098...
Starting model run...
Model run took 5.7 s.
 Processed /g100_scratch/usertrain/a08trb35/ERGOM_L4_JUN_OC_OBSERVABILITY/0099...
Retrieving value of target expression(s) for each ensemble member...
  - 0: [  1.40280334   0.2437617    1.94942224   8.00414641 210.66325577
   0.52260524   0.91284704   0.69021887   0.          50.        ]
  - 1: [  1.39143189   0.24338491   1.94391537   8.00445955 210.92815897
   0.5257749    0.83265305   0.68827361  76.          50.        ]
  - 2: [  1.39030324   0.24334319   1.94339359   8.00449139 210.95503567
   0.52610916   0.83235359   0.68807268  76.          50.        ]
  - 3: [  1.39781637   0.24360667   1.94696176   8.00428308 210.77836277
   0.52395946   0.86165321   0.68937844   0.          50.        ]
  - 4: [  1.39128138   0.2433794    1.94384551   8.00446353 210.93172554
   0.52581918   0.83261204   0.68824691  76.          50.        ]
  - 5: [  1.39987083   0.24367251   1.94796836   8.00422602 210.73074474
   0.52339619   0.88275039   0.68972605   0.          50.        ]
  - 6: [  1.38819952   0.24326351   1.94243526   8.00455044 211.00541355
   0.5267446    0.83179092   0.68769318  76.          50.        ]
  - 7: [  1.38410137   0.24310173   1.94063795   8.00466786 211.10515031
   0.52804065   0.83066845   0.68692833  76.          50.        ]
  - 8: [  1.39129821   0.24338004   1.9438535    8.00446353 210.93134341
   0.52581424   0.83261681   0.68824989  76.          50.        ]
  - 9: [  1.38956095   0.24331538   1.94305325   8.00451196 210.97271994
   0.52633154   0.83215618   0.68793958  76.          50.        ]
  - 10: [  1.39484439   0.24350655   1.94552577   8.00436468 210.84767748
   0.52479023   0.83354568   0.68886983  76.          50.        ]
  - 11: [  1.39509831   0.2435153    1.94564748   8.00435672 210.84173319
   0.52471817   0.83366573   0.68891364   0.          50.        ]
  - 12: [  1.40143137   0.24372071   1.94873965   8.00418423 210.69478176
   0.5229736    0.89876628   0.68998891   0.          50.        ]
  - 13: [  1.39562341   0.24353334   1.94589925   8.00434212 210.82944124
   0.52457017   0.83908343   0.68900412   0.          50.        ]
  - 14: [  1.39518671   0.24351837   1.94568968   8.00435473 210.83965268
   0.52469331   0.83457792   0.68892878   0.          50.        ]
  - 15: [  1.39114803   0.24337451   1.94378364   8.00446751 210.93488876
   0.52585858   0.83257771   0.68822318  76.          50.        ]
  - 16: [  1.38640959   0.24319388   1.94163799   8.00460152 211.04867952
   0.52730012   0.83130455   0.6873638   76.          50.        ]
  - 17: [  1.39492217   0.24350925   1.94556308   8.00436202 210.84585173
   0.52476811   0.83356762   0.6888833   76.          50.        ]
  - 18: [  1.3874379    0.24323411   1.94209409   8.00457167 211.02377717
   0.52697921   0.83158493   0.68755364  76.          50.        ]
  - 19: [  1.38093277   0.24297144   1.93932652   8.00476141 211.18397588
   0.52910924   0.82977676   0.68630636  76.          50.        ]
  - 20: [  1.38006219   0.24293497   1.93897963   8.00478728 211.20592731
   0.52941495   0.8295269    0.68612987  76.          50.        ]
  - 21: [  1.39685142   0.24357478   1.94649255   8.00430829 210.80080248
   0.52422678   0.8517319    0.68921435   0.          50.        ]
  - 22: [  1.39423586   0.24348535   1.94523573   8.00437994 210.86196501
   0.52496332   0.83338833   0.68876439  76.          50.        ]
  - 23: [  1.38589494   0.24317354   1.94141209   8.00461612 211.06122622
   0.52746278   0.83116436   0.6872676   76.          50.        ]
  - 24: [  1.39487358   0.24350755   1.94553983   8.00436335 210.8469769
   0.52478182   0.83355331   0.68887496  76.          50.        ]
  - 25: [  1.38688552   0.24321251   1.9418484    8.00458825 211.03717306
   0.52715093   0.83143425   0.68745208  76.          50.        ]
  - 26: [  1.38828029   0.24326663   1.94247174   8.00454845 211.00346043
   0.52671999   0.83181286   0.68770784  76.          50.        ]
  - 27: [  1.38236908   0.24303104   1.93991137   8.00471828 211.14801291
   0.52861655   0.83018398   0.68659192  76.          50.        ]
  - 28: [  1.39221772   0.24341358   1.94428253   8.00443633 210.90954059
   0.52554506   0.83285904   0.68841219  76.          50.        ]
  - 29: [  1.39526002   0.24352089   1.94572484   8.00435274 210.83795431
   0.52467251   0.83533466   0.68894142   0.          50.        ]
  - 30: [  1.38543187   0.24315514   1.94121003   8.00463005 211.07249915
   0.52761024   0.83103752   0.68718082  76.          50.        ]
  - 31: [  1.39708212   0.24358246   1.94660449   8.00430165 210.79543139
   0.52416271   0.85410488   0.68925369   0.          50.        ]
  - 32: [  1.3826964    0.24304447   1.94004691   8.00470966 211.13988196
   0.5285064    0.83027744   0.68665618  76.          50.        ]
  - 33: [  1.39432725   0.24348857   1.94527936   8.00437861 210.85984205
   0.52493721   0.83341217   0.68878037  76.          50.        ]
  - 34: [  1.39133918   0.24338154   1.94387257   8.0044622  210.93036685
   0.5258022    0.8326273    0.68825704  76.          50.        ]
  - 35: [  1.39793678   0.24361062   1.94702053   8.0042791  210.77553923
   0.52392626   0.86289072   0.68939906   0.          50.        ]
  - 36: [  1.38907383   0.24329695   1.94283128   8.00452523 210.98439623
   0.52647859   0.83202457   0.68785173  76.          50.        ]
  - 37: [  1.3948822    0.24350789   1.945544     8.00436335 210.84676461
   0.5247795    0.83355713   0.68887633  76.          50.        ]
  - 38: [  1.38917575   0.2433008    1.94287777   8.00452257 210.98197605
   0.52644771   0.83205223   0.6878702   76.          50.        ]
  - 39: [  1.39305612   0.24344373   1.94467676   8.00441443 210.88971213
   0.52530211   0.83307934   0.68855906  76.          50.        ]
  - 40: [  1.39125691   0.24337851   1.94383419   8.00446419 210.93229874
   0.52582645   0.83260727   0.6882425   76.          50.        ]
  - 41: [  1.39854481   0.24363032   1.94731748   8.00426185 210.76144276
   0.52375883   0.86913693   0.68950212   0.          50.        ]
  - 42: [  1.39457172   0.24349709   1.94539571   8.00437197 210.85408882
   0.52486759   0.83347607   0.68882275  76.          50.        ]
  - 43: [  1.37717131   0.24281229   1.93788242   8.00487485 211.28001868
   0.53047609   0.82867718   0.68552285  76.          50.        ]
  - 44: [  1.37613512   0.24276781   1.93751109   8.00490736 211.30704399
   0.53087544   0.82836437   0.68529636  76.          50.        ]
  - 45: [  1.38947329   0.24331208   1.94301295   8.00451395 210.97482167
   0.52635789   0.83213234   0.68792391  76.          50.        ]
  - 46: [  1.38216201   0.2430225    1.93982601   8.00472492 211.15321416
   0.52868682   0.83012581   0.68655121  76.          50.        ]
  - 47: [  1.39161284   0.24339157   1.94399989   8.00445358 210.92387058
   0.52572173   0.83270073   0.68830562  76.          50.        ]
  - 48: [  1.38461179   0.24312229   1.94085598   8.00465327 211.0926036
   0.52787435   0.8308115    0.68702573  76.          50.        ]
  - 49: [  1.40027751   0.24368525   1.94816887   8.00421474 210.72136124
   0.52328575   0.88692403   0.68979472   0.          50.        ]
  - 50: [  1.39954924   0.24366239   1.94781029   8.00423531 210.73819633
   0.52348387   0.87945044   0.68967199   0.          50.        ]
  - 51: [  1.38640172   0.24319355   1.94163442   8.00460152 211.04887058
   0.52730256   0.8313036    0.68736207  76.          50.        ]
  - 52: [  1.37986888   0.24292685   1.93890393   8.00479325 211.21085258
   0.52948368   0.82946968   0.68609053  76.          50.        ]
  - 53: [  1.38961129   0.24331729   1.94307613   8.00450997 210.97155231
   0.5263164    0.83216858   0.68794876  76.          50.        ]
  - 54: [  1.38541769   0.2431546    1.94120395   8.00463005 211.07288128
   0.52761489   0.83103466   0.68717802  76.          50.        ]
  - 55: [  1.37631823   0.24277566   1.93757582   8.00490139 211.30228855
   0.53080416   0.82842064   0.68533671  76.          50.        ]
  - 56: [  1.37787603   0.24284242   1.93814182   8.00485229 211.26178244
   0.53021061   0.82888603   0.68567383  76.          50.        ]
  - 57: [  1.40302559   0.2437682    1.94953322   8.00414044 210.6581819
   0.52254581   0.91512883   0.69025606   0.          50.        ]
  - 58: [  1.40238239   0.24374925   1.94921279   8.00415702 210.67291525
   0.52271807   0.90852332   0.69014829   0.          50.        ]
  - 59: [  1.3877386    0.24324574   1.94222844   8.00456304 211.01653787
   0.52688622   0.83166504   0.68760908  76.          50.        ]
  - 60: [  1.37976497   0.2429225    1.9388634    8.0047959  211.21346382
   0.52952081   0.82944012   0.68606895  76.          50.        ]
  - 61: [  1.38770551   0.24324447   1.94221365   8.00456437 211.01732337
   0.52689648   0.83165741   0.68760294  76.          50.        ]
  - 62: [  1.3992827    0.24365394   1.94767916   8.00424128 210.74437415
   0.52355671   0.87671256   0.68962705   0.          50.        ]
  - 63: [  1.39385273   0.24347197   1.94505346   8.00439121 210.87096637
   0.52507275   0.83328724   0.68869805  76.          50.        ]
  - 64: [  1.38609355   0.24318144   1.94149899   8.00460948 211.0564071
   0.52739984   0.83121872   0.68730468  76.          50.        ]
  - 65: [  1.38422576   0.2431068    1.94069088   8.00466521 211.10209324
   0.52800006   0.83070564   0.68695205  76.          50.        ]
  - 66: [  1.39289209   0.24343783   1.94459951   8.00441841 210.89361838
   0.52534944   0.83303547   0.6885305   76.          50.        ]
  - 67: [  1.40086564   0.24370341   1.94845927   8.00419882 210.70779552
   0.5231263    0.89296019   0.6898939    0.          50.        ]
  - 68: [  1.3904433    0.2433484    1.94345784   8.00448741 210.95170262
   0.52606732   0.83238983   0.68809789  76.          50.        ]
  - 69: [  1.39665438   0.24356821   1.94639683   8.00431359 210.80536685
   0.52428156   0.84970438   0.68918061   0.          50.        ]
  - 70: [  1.39697597   0.24357893   1.94655311   8.00430563 210.79787279
   0.52419215   0.85301292   0.68923551   0.          50.        ]
  - 71: [  1.39402688   0.2434781    1.94513619   8.00438591 210.86686906
   0.52502298   0.83333492   0.68872815  76.          50.        ]
  - 72: [  1.39741931   0.24359363   1.94676852   8.00429236 210.78759766
   0.52406925   0.85757089   0.68931091   0.          50.        ]
  - 73: [  1.3848493    0.24313189   1.94095826   8.00464663 211.08678668
   0.5277974    0.8308754    0.68707097  76.          50.        ]
  - 74: [  1.38841886   0.24327193   1.94253445   8.00454447 211.00014861
   0.52667767   0.8318491    0.68773299  76.          50.        ]
  - 75: [  1.37964895   0.24291761   1.93881786   8.00480055 211.21641474
   0.52956235   0.82940578   0.68604517  76.          50.        ]
  - 76: [  1.3781803    0.24285538   1.93825579   8.00484367 211.25396994
   0.53009737   0.82897568   0.6857385   76.          50.        ]
  - 77: [  1.39822338   0.24361993   1.94716036   8.00427113 210.76891559
   0.52384722   0.86583519   0.68944758   0.          50.        ]
  - 78: [  1.38699382   0.2432168    1.9418962    8.00458493 211.03454059
   0.52711719   0.83146381   0.68747175  76.          50.        ]
  - 79: [  1.39134167   0.24338163   1.94387352   8.0044622  210.93030316
   0.52580154   0.83262825   0.68825734  76.          50.        ]
  - 80: [  1.38862311   0.24327978   1.94262683   8.00453783 210.99522334
   0.52661538   0.83190441   0.68777025  76.          50.        ]
  - 81: [  1.38066358   0.2429602    1.9392184    8.00476937 211.19076936
   0.52920324   0.82969856   0.68625212  76.          50.        ]
  - 82: [  1.40057439   0.24369441   1.9483155    8.00420612 210.71450408
   0.52320516   0.88997078   0.68984479   0.          50.        ]
  - 83: [  1.38383799   0.24309108   1.94052625   8.00467649 211.1116678
   0.52812696   0.83059692   0.68687755  76.          50.        ]
  - 84: [  1.38366069   0.24308385   1.94045126   8.00468113 211.11601987
   0.52818537   0.83054733   0.68684345  76.          50.        ]
  - 85: [  1.39369898   0.24346651   1.9449805    8.00439586 210.87459664
   0.52511686   0.83324623   0.68867105  76.          50.        ]
  - 86: [  1.38044249   0.24295096   1.93913043   8.00477666 211.19633152
   0.52928084   0.82963467   0.68620729  76.          50.        ]
  - 87: [  1.39828524   0.24362195   1.94719052   8.00426848 210.76747198
   0.52383024   0.86647093   0.68945825   0.          50.        ]
  - 88: [  1.39772266   0.24360359   1.94691634   8.00428507 210.78052819
   0.52398539   0.86068928   0.68936241   0.          50.        ]
  - 89: [  1.40246698   0.24375176   1.94925475   8.00415503 210.67096213
   0.52269542   0.90939212   0.69016242   0.          50.        ]
  - 90: [  1.39295893   0.24344023   1.94463098   8.00441642 210.89200493
   0.52533019   0.83305359   0.68854189  76.          50.        ]
  - 91: [  1.38856009   0.24327736   1.9425981    8.00454115 210.99675187
   0.52663457   0.8318882    0.6877588   76.          50.        ]
  - 92: [  1.38477981   0.24312904   1.94092846   8.00464796 211.08848505
   0.52781987   0.83085728   0.68705767  76.          50.        ]
  - 93: [  1.39672868   0.24357066   1.94643307   8.00431227 210.80366848
   0.52426076   0.85046887   0.68919301   0.          50.        ]
  - 94: [  1.40288776   0.24376419   1.94946456   8.00414442 210.66130265
   0.52258265   0.91371322   0.69023281   0.          50.        ]
  - 95: [  1.37916507   0.2428972    1.93863046   8.00481448 211.22872792
   0.52973676   0.82926464   0.68594497  76.          50.        ]
  - 96: [  1.37766448   0.24283339   1.93806386   8.00485959 211.26723845
   0.53028983   0.82882309   0.68562895  76.          50.        ]
  - 97: [  1.39446856   0.24349354   1.94534647   8.00437463 210.85648777
   0.52489704   0.83344936   0.68880481  76.          50.        ]
  - 98: [  1.37756256   0.24282907   1.93802595   8.00486291 211.26989215
   0.53032815   0.82879257   0.68560702  76.          50.        ]
  - 99: [  1.37829416   0.24286024   1.93829882   8.00484035 211.25101902
   0.53005517   0.82901001   0.6857627   76.          50.        ]
Updating sensitivity info in ERGOM_L4_observability_OC_JUN.pickle with model results...
Done
