Starting ppserver on r513c01n03,r513c02n03:55650
Host names provided to parsac: r513c01n03:55650,r513c02n03:55650,
Starting parsac
Reading sensitivity samples from ERGOM_L4_observability_ARGO_POC_NOV.pickle...
Reading configuration from L4_observability_ARGO_POC_NOV.xml...
Starting Parallel Python server...
Giving Parallel Python 10 seconds to connect to: r513c01n03:55650, r513c02n03:55650
Running on:
   local: 0 cpus
   r513c02n03:55650: 48 cpus
Total number of cpus: 48
Starting model run...
Model run took 6.3 s.
 Processed /g100_scratch/usertrain/a08trb35/ERGOM_L4_NOV_ARGO_POC_OBSERVABILITY/0000...
Starting model run...
Model run took 6.1 s.
 Processed /g100_scratch/usertrain/a08trb35/ERGOM_L4_NOV_ARGO_POC_OBSERVABILITY/0001...
Starting model run...
Model run took 5.9 s.
 Processed /g100_scratch/usertrain/a08trb35/ERGOM_L4_NOV_ARGO_POC_OBSERVABILITY/0002...
Starting model run...
Model run took 6.5 s.
 Processed /g100_scratch/usertrain/a08trb35/ERGOM_L4_NOV_ARGO_POC_OBSERVABILITY/0003...
Starting model run...
Model run took 6.0 s.
 Processed /g100_scratch/usertrain/a08trb35/ERGOM_L4_NOV_ARGO_POC_OBSERVABILITY/0004...
Starting model run...
Model run took 5.9 s.
 Processed /g100_scratch/usertrain/a08trb35/ERGOM_L4_NOV_ARGO_POC_OBSERVABILITY/0005...
Starting model run...
Model run took 6.4 s.
 Processed /g100_scratch/usertrain/a08trb35/ERGOM_L4_NOV_ARGO_POC_OBSERVABILITY/0006...
Starting model run...
Model run took 5.9 s.
 Processed /g100_scratch/usertrain/a08trb35/ERGOM_L4_NOV_ARGO_POC_OBSERVABILITY/0007...
Starting model run...
Model run took 5.9 s.
 Processed /g100_scratch/usertrain/a08trb35/ERGOM_L4_NOV_ARGO_POC_OBSERVABILITY/0008...
Starting model run...
Model run took 6.1 s.
 Processed /g100_scratch/usertrain/a08trb35/ERGOM_L4_NOV_ARGO_POC_OBSERVABILITY/0009...
Starting model run...
Model run took 6.0 s.
 Processed /g100_scratch/usertrain/a08trb35/ERGOM_L4_NOV_ARGO_POC_OBSERVABILITY/0010...
Starting model run...
Model run took 6.1 s.
 Processed /g100_scratch/usertrain/a08trb35/ERGOM_L4_NOV_ARGO_POC_OBSERVABILITY/0011...
Starting model run...
Model run took 6.1 s.
 Processed /g100_scratch/usertrain/a08trb35/ERGOM_L4_NOV_ARGO_POC_OBSERVABILITY/0012...
Starting model run...
Model run took 6.2 s.
 Processed /g100_scratch/usertrain/a08trb35/ERGOM_L4_NOV_ARGO_POC_OBSERVABILITY/0013...
Starting model run...
Model run took 6.0 s.
 Processed /g100_scratch/usertrain/a08trb35/ERGOM_L4_NOV_ARGO_POC_OBSERVABILITY/0014...
Starting model run...
Model run took 6.0 s.
 Processed /g100_scratch/usertrain/a08trb35/ERGOM_L4_NOV_ARGO_POC_OBSERVABILITY/0015...
Starting model run...
Model run took 5.9 s.
 Processed /g100_scratch/usertrain/a08trb35/ERGOM_L4_NOV_ARGO_POC_OBSERVABILITY/0016...
Starting model run...
Model run took 6.0 s.
 Processed /g100_scratch/usertrain/a08trb35/ERGOM_L4_NOV_ARGO_POC_OBSERVABILITY/0017...
Starting model run...
Model run took 6.0 s.
 Processed /g100_scratch/usertrain/a08trb35/ERGOM_L4_NOV_ARGO_POC_OBSERVABILITY/0018...
Starting model run...
Model run took 6.1 s.
 Processed /g100_scratch/usertrain/a08trb35/ERGOM_L4_NOV_ARGO_POC_OBSERVABILITY/0019...
Starting model run...
Model run took 6.3 s.
 Processed /g100_scratch/usertrain/a08trb35/ERGOM_L4_NOV_ARGO_POC_OBSERVABILITY/0020...
Starting model run...
Model run took 6.0 s.
 Processed /g100_scratch/usertrain/a08trb35/ERGOM_L4_NOV_ARGO_POC_OBSERVABILITY/0021...
Starting model run...
Model run took 6.0 s.
 Processed /g100_scratch/usertrain/a08trb35/ERGOM_L4_NOV_ARGO_POC_OBSERVABILITY/0022...
Starting model run...
Model run took 5.9 s.
 Processed /g100_scratch/usertrain/a08trb35/ERGOM_L4_NOV_ARGO_POC_OBSERVABILITY/0023...
Starting model run...
Model run took 6.0 s.
 Processed /g100_scratch/usertrain/a08trb35/ERGOM_L4_NOV_ARGO_POC_OBSERVABILITY/0024...
Starting model run...
Model run took 6.0 s.
 Processed /g100_scratch/usertrain/a08trb35/ERGOM_L4_NOV_ARGO_POC_OBSERVABILITY/0025...
Starting model run...
Model run took 5.9 s.
 Processed /g100_scratch/usertrain/a08trb35/ERGOM_L4_NOV_ARGO_POC_OBSERVABILITY/0026...
Starting model run...
Model run took 6.5 s.
 Processed /g100_scratch/usertrain/a08trb35/ERGOM_L4_NOV_ARGO_POC_OBSERVABILITY/0027...
Starting model run...
Model run took 6.1 s.
 Processed /g100_scratch/usertrain/a08trb35/ERGOM_L4_NOV_ARGO_POC_OBSERVABILITY/0028...
Starting model run...
Model run took 6.0 s.
 Processed /g100_scratch/usertrain/a08trb35/ERGOM_L4_NOV_ARGO_POC_OBSERVABILITY/0029...
Starting model run...
Model run took 5.9 s.
 Processed /g100_scratch/usertrain/a08trb35/ERGOM_L4_NOV_ARGO_POC_OBSERVABILITY/0030...
Starting model run...
Model run took 6.0 s.
 Processed /g100_scratch/usertrain/a08trb35/ERGOM_L4_NOV_ARGO_POC_OBSERVABILITY/0031...
Starting model run...
Model run took 6.0 s.
 Processed /g100_scratch/usertrain/a08trb35/ERGOM_L4_NOV_ARGO_POC_OBSERVABILITY/0032...
Starting model run...
Model run took 6.0 s.
 Processed /g100_scratch/usertrain/a08trb35/ERGOM_L4_NOV_ARGO_POC_OBSERVABILITY/0033...
Starting model run...
Model run took 6.0 s.
 Processed /g100_scratch/usertrain/a08trb35/ERGOM_L4_NOV_ARGO_POC_OBSERVABILITY/0034...
Starting model run...
Model run took 6.0 s.
 Processed /g100_scratch/usertrain/a08trb35/ERGOM_L4_NOV_ARGO_POC_OBSERVABILITY/0035...
Starting model run...
Model run took 6.0 s.
 Processed /g100_scratch/usertrain/a08trb35/ERGOM_L4_NOV_ARGO_POC_OBSERVABILITY/0036...
Starting model run...
Model run took 6.1 s.
 Processed /g100_scratch/usertrain/a08trb35/ERGOM_L4_NOV_ARGO_POC_OBSERVABILITY/0037...
Starting model run...
Model run took 6.1 s.
 Processed /g100_scratch/usertrain/a08trb35/ERGOM_L4_NOV_ARGO_POC_OBSERVABILITY/0038...
Starting model run...
Model run took 6.0 s.
 Processed /g100_scratch/usertrain/a08trb35/ERGOM_L4_NOV_ARGO_POC_OBSERVABILITY/0039...
Starting model run...
Model run took 6.1 s.
 Processed /g100_scratch/usertrain/a08trb35/ERGOM_L4_NOV_ARGO_POC_OBSERVABILITY/0040...
Starting model run...
Model run took 6.0 s.
 Processed /g100_scratch/usertrain/a08trb35/ERGOM_L4_NOV_ARGO_POC_OBSERVABILITY/0041...
Starting model run...
Model run took 6.1 s.
 Processed /g100_scratch/usertrain/a08trb35/ERGOM_L4_NOV_ARGO_POC_OBSERVABILITY/0042...
Starting model run...
Model run took 6.1 s.
 Processed /g100_scratch/usertrain/a08trb35/ERGOM_L4_NOV_ARGO_POC_OBSERVABILITY/0043...
Starting model run...
Model run took 6.1 s.
 Processed /g100_scratch/usertrain/a08trb35/ERGOM_L4_NOV_ARGO_POC_OBSERVABILITY/0044...
Starting model run...
Model run took 6.0 s.
 Processed /g100_scratch/usertrain/a08trb35/ERGOM_L4_NOV_ARGO_POC_OBSERVABILITY/0045...
Starting model run...
Model run took 6.1 s.
 Processed /g100_scratch/usertrain/a08trb35/ERGOM_L4_NOV_ARGO_POC_OBSERVABILITY/0046...
Starting model run...
Model run took 6.2 s.
 Processed /g100_scratch/usertrain/a08trb35/ERGOM_L4_NOV_ARGO_POC_OBSERVABILITY/0047...
Starting model run...
Model run took 6.1 s.
 Processed /g100_scratch/usertrain/a08trb35/ERGOM_L4_NOV_ARGO_POC_OBSERVABILITY/0048...
Starting model run...
Model run took 6.1 s.
 Processed /g100_scratch/usertrain/a08trb35/ERGOM_L4_NOV_ARGO_POC_OBSERVABILITY/0049...
Starting model run...
Model run took 6.0 s.
 Processed /g100_scratch/usertrain/a08trb35/ERGOM_L4_NOV_ARGO_POC_OBSERVABILITY/0050...
Starting model run...
Model run took 6.0 s.
 Processed /g100_scratch/usertrain/a08trb35/ERGOM_L4_NOV_ARGO_POC_OBSERVABILITY/0051...
Starting model run...
Model run took 6.1 s.
 Processed /g100_scratch/usertrain/a08trb35/ERGOM_L4_NOV_ARGO_POC_OBSERVABILITY/0052...
Starting model run...
Model run took 6.0 s.
 Processed /g100_scratch/usertrain/a08trb35/ERGOM_L4_NOV_ARGO_POC_OBSERVABILITY/0053...
Starting model run...
Model run took 6.1 s.
 Processed /g100_scratch/usertrain/a08trb35/ERGOM_L4_NOV_ARGO_POC_OBSERVABILITY/0054...
Starting model run...
Model run took 6.0 s.
 Processed /g100_scratch/usertrain/a08trb35/ERGOM_L4_NOV_ARGO_POC_OBSERVABILITY/0055...
Starting model run...
Model run took 6.4 s.
 Processed /g100_scratch/usertrain/a08trb35/ERGOM_L4_NOV_ARGO_POC_OBSERVABILITY/0056...
Starting model run...
Model run took 6.1 s.
 Processed /g100_scratch/usertrain/a08trb35/ERGOM_L4_NOV_ARGO_POC_OBSERVABILITY/0057...
Starting model run...
Model run took 6.0 s.
 Processed /g100_scratch/usertrain/a08trb35/ERGOM_L4_NOV_ARGO_POC_OBSERVABILITY/0058...
Starting model run...
Model run took 6.0 s.
 Processed /g100_scratch/usertrain/a08trb35/ERGOM_L4_NOV_ARGO_POC_OBSERVABILITY/0059...
Starting model run...
Model run took 6.3 s.
 Processed /g100_scratch/usertrain/a08trb35/ERGOM_L4_NOV_ARGO_POC_OBSERVABILITY/0060...
Starting model run...
Model run took 6.1 s.
 Processed /g100_scratch/usertrain/a08trb35/ERGOM_L4_NOV_ARGO_POC_OBSERVABILITY/0061...
Starting model run...
Model run took 6.2 s.
 Processed /g100_scratch/usertrain/a08trb35/ERGOM_L4_NOV_ARGO_POC_OBSERVABILITY/0062...
Starting model run...
Model run took 6.3 s.
 Processed /g100_scratch/usertrain/a08trb35/ERGOM_L4_NOV_ARGO_POC_OBSERVABILITY/0063...
Starting model run...
Model run took 6.1 s.
 Processed /g100_scratch/usertrain/a08trb35/ERGOM_L4_NOV_ARGO_POC_OBSERVABILITY/0064...
Starting model run...
Model run took 6.2 s.
 Processed /g100_scratch/usertrain/a08trb35/ERGOM_L4_NOV_ARGO_POC_OBSERVABILITY/0065...
Starting model run...
Model run took 6.1 s.
 Processed /g100_scratch/usertrain/a08trb35/ERGOM_L4_NOV_ARGO_POC_OBSERVABILITY/0066...
Starting model run...
Model run took 6.3 s.
 Processed /g100_scratch/usertrain/a08trb35/ERGOM_L4_NOV_ARGO_POC_OBSERVABILITY/0067...
Starting model run...
Model run took 6.1 s.
 Processed /g100_scratch/usertrain/a08trb35/ERGOM_L4_NOV_ARGO_POC_OBSERVABILITY/0068...
Starting model run...
Model run took 6.0 s.
 Processed /g100_scratch/usertrain/a08trb35/ERGOM_L4_NOV_ARGO_POC_OBSERVABILITY/0069...
Starting model run...
Model run took 6.1 s.
 Processed /g100_scratch/usertrain/a08trb35/ERGOM_L4_NOV_ARGO_POC_OBSERVABILITY/0070...
Starting model run...
Model run took 6.1 s.
 Processed /g100_scratch/usertrain/a08trb35/ERGOM_L4_NOV_ARGO_POC_OBSERVABILITY/0071...
Starting model run...
Model run took 6.5 s.
 Processed /g100_scratch/usertrain/a08trb35/ERGOM_L4_NOV_ARGO_POC_OBSERVABILITY/0072...
Starting model run...
Model run took 6.1 s.
 Processed /g100_scratch/usertrain/a08trb35/ERGOM_L4_NOV_ARGO_POC_OBSERVABILITY/0073...
Starting model run...
Model run took 6.1 s.
 Processed /g100_scratch/usertrain/a08trb35/ERGOM_L4_NOV_ARGO_POC_OBSERVABILITY/0074...
Starting model run...
Model run took 6.2 s.
 Processed /g100_scratch/usertrain/a08trb35/ERGOM_L4_NOV_ARGO_POC_OBSERVABILITY/0075...
Starting model run...
Model run took 6.2 s.
 Processed /g100_scratch/usertrain/a08trb35/ERGOM_L4_NOV_ARGO_POC_OBSERVABILITY/0076...
Starting model run...
Model run took 6.0 s.
 Processed /g100_scratch/usertrain/a08trb35/ERGOM_L4_NOV_ARGO_POC_OBSERVABILITY/0077...
Starting model run...
Model run took 6.1 s.
 Processed /g100_scratch/usertrain/a08trb35/ERGOM_L4_NOV_ARGO_POC_OBSERVABILITY/0078...
Starting model run...
Model run took 6.1 s.
 Processed /g100_scratch/usertrain/a08trb35/ERGOM_L4_NOV_ARGO_POC_OBSERVABILITY/0079...
Starting model run...
Model run took 6.1 s.
 Processed /g100_scratch/usertrain/a08trb35/ERGOM_L4_NOV_ARGO_POC_OBSERVABILITY/0080...
Starting model run...
Model run took 6.1 s.
 Processed /g100_scratch/usertrain/a08trb35/ERGOM_L4_NOV_ARGO_POC_OBSERVABILITY/0081...
Starting model run...
Model run took 6.1 s.
 Processed /g100_scratch/usertrain/a08trb35/ERGOM_L4_NOV_ARGO_POC_OBSERVABILITY/0082...
Starting model run...
Model run took 6.0 s.
 Processed /g100_scratch/usertrain/a08trb35/ERGOM_L4_NOV_ARGO_POC_OBSERVABILITY/0083...
Starting model run...
Model run took 6.0 s.
 Processed /g100_scratch/usertrain/a08trb35/ERGOM_L4_NOV_ARGO_POC_OBSERVABILITY/0084...
Starting model run...
Model run took 6.0 s.
 Processed /g100_scratch/usertrain/a08trb35/ERGOM_L4_NOV_ARGO_POC_OBSERVABILITY/0085...
Starting model run...
Model run took 6.2 s.
 Processed /g100_scratch/usertrain/a08trb35/ERGOM_L4_NOV_ARGO_POC_OBSERVABILITY/0086...
Starting model run...
Model run took 6.1 s.
 Processed /g100_scratch/usertrain/a08trb35/ERGOM_L4_NOV_ARGO_POC_OBSERVABILITY/0087...
Starting model run...
Model run took 6.0 s.
 Processed /g100_scratch/usertrain/a08trb35/ERGOM_L4_NOV_ARGO_POC_OBSERVABILITY/0088...
Starting model run...
Model run took 6.1 s.
 Processed /g100_scratch/usertrain/a08trb35/ERGOM_L4_NOV_ARGO_POC_OBSERVABILITY/0089...
Starting model run...
Model run took 6.1 s.
 Processed /g100_scratch/usertrain/a08trb35/ERGOM_L4_NOV_ARGO_POC_OBSERVABILITY/0090...
Starting model run...
Model run took 6.2 s.
 Processed /g100_scratch/usertrain/a08trb35/ERGOM_L4_NOV_ARGO_POC_OBSERVABILITY/0091...
Starting model run...
Model run took 6.1 s.
 Processed /g100_scratch/usertrain/a08trb35/ERGOM_L4_NOV_ARGO_POC_OBSERVABILITY/0092...
Starting model run...
Model run took 6.1 s.
 Processed /g100_scratch/usertrain/a08trb35/ERGOM_L4_NOV_ARGO_POC_OBSERVABILITY/0093...
Starting model run...
Model run took 6.2 s.
 Processed /g100_scratch/usertrain/a08trb35/ERGOM_L4_NOV_ARGO_POC_OBSERVABILITY/0094...
Starting model run...
Model run took 6.5 s.
 Processed /g100_scratch/usertrain/a08trb35/ERGOM_L4_NOV_ARGO_POC_OBSERVABILITY/0095...
Starting model run...
Model run took 5.9 s.
 Processed /g100_scratch/usertrain/a08trb35/ERGOM_L4_NOV_ARGO_POC_OBSERVABILITY/0096...
Starting model run...
Model run took 6.1 s.
 Processed /g100_scratch/usertrain/a08trb35/ERGOM_L4_NOV_ARGO_POC_OBSERVABILITY/0097...
Starting model run...
Model run took 5.9 s.
 Processed /g100_scratch/usertrain/a08trb35/ERGOM_L4_NOV_ARGO_POC_OBSERVABILITY/0098...
Starting model run...
Model run took 5.9 s.
 Processed /g100_scratch/usertrain/a08trb35/ERGOM_L4_NOV_ARGO_POC_OBSERVABILITY/0099...
Retrieving value of target expression(s) for each ensemble member...
  - 0: [1.40184900e+00 1.54822335e-01 7.92162836e-01 8.06080627e+00
 2.73082159e+02 9.94860590e-01 4.41069603e-01 3.14459294e-01
 1.40000000e+01 5.70000000e+01]
  - 1: [1.06540182e+00 1.61888018e-01 8.98857176e-01 8.06590337e+00
 2.73749130e+02 9.96387959e-01 4.81065989e-01 3.34626943e-01
 1.40000000e+01 5.70000000e+01]
  - 2: [1.38079005e+00 1.55235872e-01 7.98341691e-01 8.06111941e+00
 2.73123174e+02 9.94961381e-01 4.43322420e-01 3.15686166e-01
 1.40000000e+01 5.70000000e+01]
  - 3: [1.35700259e+00 1.55707687e-01 8.05395067e-01 8.06147169e+00
 2.73169625e+02 9.95074272e-01 4.45904016e-01 3.17077577e-01
 1.40000000e+01 5.70000000e+01]
  - 4: [1.25554698e+00 1.57775432e-01 8.36391807e-01 8.06299093e+00
 2.73368971e+02 9.95546877e-01 4.57378387e-01 3.23078394e-01
 1.40000000e+01 5.70000000e+01]
  - 5: [1.11747236e+00 1.60731345e-01 8.81142557e-01 8.06509665e+00
 2.73644064e+02 9.96163547e-01 4.74279523e-01 3.31423879e-01
 1.40000000e+01 5.70000000e+01]
  - 6: [9.64542969e-01 1.64193422e-01 9.34602499e-01 8.06748432e+00
 2.73954547e+02 9.96810138e-01 4.94895935e-01 3.40923309e-01
 1.40000000e+01 5.70000000e+01]
  - 7: [9.41046010e-01 1.64742857e-01 9.43217993e-01 8.06785716e+00
 2.74002824e+02 9.96906221e-01 4.98252153e-01 3.42408210e-01
 1.40000000e+01 5.70000000e+01]
  - 8: [1.04045802e+00 1.62450209e-01 9.07517254e-01 8.06629214e+00
 2.73799656e+02 9.96493757e-01 4.84400988e-01 3.36172581e-01
 1.40000000e+01 5.70000000e+01]
  - 9: [9.71253105e-01 1.64037392e-01 9.32162762e-01 8.06737817e+00
 2.73940791e+02 9.96782541e-01 4.93947029e-01 3.40500474e-01
 1.40000000e+01 5.70000000e+01]
  - 10: [8.57390196e-01 1.66736931e-01 9.74841595e-01 8.06919794e+00
 2.74176185e+02 9.97240424e-01 5.10629654e-01 3.47754031e-01
 1.40000000e+01 5.70000000e+01]
  - 11: [8.58758180e-01 1.66703865e-01 9.74312007e-01 8.06917605e+00
 2.74173340e+02 9.97235239e-01 5.10421753e-01 3.47665817e-01
 1.40000000e+01 5.70000000e+01]
  - 12: [1.35128088e+00 1.55821949e-01 8.07103336e-01 8.06155727e+00
 2.73180791e+02 9.95101511e-01 4.46530938e-01 3.17413062e-01
 1.40000000e+01 5.70000000e+01]
  - 13: [1.36091133e+00 1.55629843e-01 8.04230511e-01 8.06141397e+00
 2.73161961e+02 9.95056033e-01 4.45477366e-01 3.16848367e-01
 1.40000000e+01 5.70000000e+01]
  - 14: [1.16215698e+00 1.59756973e-01 8.66317391e-01 8.06441000e+00
 2.73554560e+02 9.95967209e-01 4.68640089e-01 3.28700006e-01
 1.40000000e+01 5.70000000e+01]
  - 15: [1.26158548e+00 1.57649860e-01 8.34504008e-01 8.06290005e+00
 2.73357040e+02 9.95519221e-01 4.56673741e-01 3.22718114e-01
 1.40000000e+01 5.70000000e+01]
  - 16: [1.28305311e+00 1.57206044e-01 8.27837765e-01 8.06257696e+00
 2.73314687e+02 9.95420456e-01 4.54191804e-01 3.21440667e-01
 1.40000000e+01 5.70000000e+01]
  - 17: [9.54781823e-01 1.64421126e-01 9.38167989e-01 8.06764022e+00
 2.73974609e+02 9.96850073e-01 4.96284008e-01 3.41539323e-01
 1.40000000e+01 5.70000000e+01]
  - 18: [1.20840330e+00 1.58766404e-01 8.51324081e-01 8.06370478e+00
 2.73462424e+02 9.95760798e-01 4.62976217e-01 3.25904220e-01
 1.40000000e+01 5.70000000e+01]
  - 19: [8.97748698e-01 1.65767461e-01 9.59395468e-01 8.06854779e+00
 2.74092285e+02 9.97080564e-01 5.04574060e-01 3.45163375e-01
 1.40000000e+01 5.70000000e+01]
  - 20: [1.31452013e+00 1.56562656e-01 8.18190694e-01 8.06210526e+00
 2.73252802e+02 9.95274425e-01 4.50615764e-01 3.19577187e-01
 1.40000000e+01 5.70000000e+01]
  - 21: [1.07127895e+00 1.61756337e-01 8.96833599e-01 8.06581248e+00
 2.73737220e+02 9.96362925e-01 4.80288148e-01 3.34263831e-01
 1.40000000e+01 5.70000000e+01]
  - 22: [1.36180388e+00 1.55612066e-01 8.03964972e-01 8.06140070e+00
 2.73160220e+02 9.95051563e-01 4.45379853e-01 3.16796273e-01
 1.40000000e+01 5.70000000e+01]
  - 23: [1.05535739e+00 1.62113771e-01 9.02330577e-01 8.06605994e+00
 2.73769404e+02 9.96430695e-01 4.82402325e-01 3.35248381e-01
 1.40000000e+01 5.70000000e+01]
  - 24: [8.65611698e-01 1.66538298e-01 9.71665561e-01 8.06906526e+00
 2.74159052e+02 9.97208059e-01 5.09383202e-01 3.47224504e-01
 1.40000000e+01 5.70000000e+01]
  - 25: [1.29654486e+00 1.56929135e-01 8.23683560e-01 8.06237461e+00
 2.73288150e+02 9.95358109e-01 4.52649474e-01 3.20640355e-01
 1.40000000e+01 5.70000000e+01]
  - 26: [1.36480124e+00 1.55552462e-01 8.03073883e-01 8.06135559e+00
 2.73154361e+02 9.95037496e-01 4.45053339e-01 3.16620767e-01
 1.40000000e+01 5.70000000e+01]
  - 27: [1.31238705e+00 1.56606004e-01 8.18840086e-01 8.06213711e+00
 2.73257006e+02 9.95284200e-01 4.50856090e-01 3.19703043e-01
 1.40000000e+01 5.70000000e+01]
  - 28: [1.31053410e+00 1.56643659e-01 8.19404602e-01 8.06216431e+00
 2.73260636e+02 9.95292962e-01 4.51065183e-01 3.19812536e-01
 1.40000000e+01 5.70000000e+01]
  - 29: [1.33709742e+00 1.56106338e-01 8.11358273e-01 8.06176758e+00
 2.73208539e+02 9.95168328e-01 4.48095679e-01 3.18246275e-01
 1.40000000e+01 5.70000000e+01]
  - 30: [1.33573905e+00 1.56133652e-01 8.11767161e-01 8.06178814e+00
 2.73211192e+02 9.95174766e-01 4.48246121e-01 3.18326294e-01
 1.40000000e+01 5.70000000e+01]
  - 31: [1.24039832e+00 1.58091769e-01 8.41152012e-01 8.06322048e+00
 2.73398947e+02 9.95616019e-01 4.59158301e-01 3.23983848e-01
 1.40000000e+01 5.70000000e+01]
  - 32: [9.74348400e-01 1.63965553e-01 9.31040406e-01 8.06732974e+00
 2.73934464e+02 9.96769965e-01 4.93510485e-01 3.40305686e-01
 1.40000000e+01 5.70000000e+01]
  - 33: [9.22288646e-01 1.65184781e-01 9.50177729e-01 8.06815703e+00
 2.74041504e+02 9.96982157e-01 5.00968933e-01 3.43598813e-01
 1.40000000e+01 5.70000000e+01]
  - 34: [1.07575541e+00 1.61656186e-01 8.95296276e-01 8.06574216e+00
 2.73728155e+02 9.96343553e-01 4.79697824e-01 3.33987474e-01
 1.40000000e+01 5.70000000e+01]
  - 35: [8.54352702e-01 1.66810438e-01 9.76018846e-01 8.06924704e+00
 2.74182511e+02 9.97252405e-01 5.11091948e-01 3.47949803e-01
 1.40000000e+01 5.70000000e+01]
  - 36: [9.99979517e-01 1.63373664e-01 9.21819687e-01 8.06692571e+00
 2.73882048e+02 9.96663749e-01 4.89931583e-01 3.38696837e-01
 1.40000000e+01 5.70000000e+01]
  - 37: [1.15049362e+00 1.60009667e-01 8.70154262e-01 8.06458846e+00
 2.73577891e+02 9.96018827e-01 4.70095873e-01 3.29408705e-01
 1.40000000e+01 5.70000000e+01]
  - 38: [8.63006011e-01 1.66601196e-01 9.72670436e-01 8.06910772e+00
 2.74164487e+02 9.97218430e-01 5.09777546e-01 3.47392112e-01
 1.40000000e+01 5.70000000e+01]
  - 39: [9.45903446e-01 1.64628923e-01 9.41427708e-01 8.06778087e+00
 2.73992846e+02 9.96886551e-01 4.97554302e-01 3.42100680e-01
 1.40000000e+01 5.70000000e+01]
  - 40: [1.16983986e+00 1.59591183e-01 8.63802195e-01 8.06429324e+00
 2.73539190e+02 9.95933294e-01 4.67687011e-01 3.28233808e-01
 1.40000000e+01 5.70000000e+01]
  - 41: [1.31090919e+00 1.56636029e-01 8.19290340e-01 8.06215834e+00
 2.73259893e+02 9.95291054e-01 4.51022506e-01 3.19790453e-01
 1.40000000e+01 5.70000000e+01]
  - 42: [1.08655532e+00 1.61415353e-01 8.91602397e-01 8.06557431e+00
 2.73706352e+02 9.96297181e-01 4.78280902e-01 3.33321959e-01
 1.40000000e+01 5.70000000e+01]
  - 43: [1.36054080e+00 1.55637205e-01 8.04340839e-01 8.06141928e+00
 2.73162683e+02 9.95057523e-01 4.45517659e-01 3.16870242e-01
 1.40000000e+01 5.70000000e+01]
  - 44: [1.21459264e+00 1.58635244e-01 8.49343657e-01 8.06361190e+00
 2.73450110e+02 9.95733082e-01 4.62231517e-01 3.25531870e-01
 1.40000000e+01 5.70000000e+01]
  - 45: [1.08355829e+00 1.61482096e-01 8.92625391e-01 8.06562075e+00
 2.73712402e+02 9.96310174e-01 4.78672862e-01 3.33506554e-01
 1.40000000e+01 5.70000000e+01]
  - 46: [1.00130521e+00 1.63343206e-01 9.21346188e-01 8.06690515e+00
 2.73879310e+02 9.96658266e-01 4.89748001e-01 3.38613838e-01
 1.40000000e+01 5.70000000e+01]
  - 47: [1.16078111e+00 1.59786746e-01 8.66768897e-01 8.06443190e+00
 2.73557320e+02 9.95973527e-01 4.68811035e-01 3.28783512e-01
 1.40000000e+01 5.70000000e+01]
  - 48: [9.26489623e-01 1.65085584e-01 9.48612630e-01 8.06808870e+00
 2.74032821e+02 9.96965230e-01 5.00357866e-01 3.43331814e-01
 1.40000000e+01 5.70000000e+01]
  - 49: [1.18304054e+00 1.59307465e-01 8.59503627e-01 8.06409089e+00
 2.73512865e+02 9.95874643e-01 4.66060758e-01 3.27434540e-01
 1.40000000e+01 5.70000000e+01]
  - 50: [1.20047387e+00 1.58934951e-01 8.53870213e-01 8.06382619e+00
 2.73478176e+02 9.95796502e-01 4.63935256e-01 3.26381862e-01
 1.40000000e+01 5.70000000e+01]
  - 51: [1.11799447e+00 1.60719842e-01 8.80967438e-01 8.06508869e+00
 2.73643045e+02 9.96161163e-01 4.74212766e-01 3.31391931e-01
 1.40000000e+01 5.70000000e+01]
  - 52: [1.05479166e+00 1.62126511e-01 9.02526855e-01 8.06606790e+00
 2.73770572e+02 9.96433139e-01 4.82477903e-01 3.35283428e-01
 1.40000000e+01 5.70000000e+01]
  - 53: [1.39546701e+00 1.54947236e-01 7.94028997e-01 8.06090181e+00
 2.73094599e+02 9.94891107e-01 4.41749215e-01 3.14830631e-01
 1.40000000e+01 5.70000000e+01]
  - 54: [8.69466616e-01 1.66445404e-01 9.70181525e-01 8.06900356e+00
 2.74151028e+02 9.97192979e-01 5.08800983e-01 3.46976459e-01
 1.40000000e+01 5.70000000e+01]
  - 55: [1.07742691e+00 1.61618859e-01 8.94723237e-01 8.06571562e+00
 2.73724779e+02 9.96336639e-01 4.79478002e-01 3.33884478e-01
 1.40000000e+01 5.70000000e+01]
  - 56: [1.10924414e+00 1.60912603e-01 8.83909881e-01 8.06522403e+00
 2.73660623e+02 9.96199250e-01 4.75336671e-01 3.31928074e-01
 1.40000000e+01 5.70000000e+01]
  - 57: [1.15590867e+00 1.59892231e-01 8.68370116e-01 8.06450554e+00
 2.73567043e+02 9.95994806e-01 4.69418526e-01 3.29079449e-01
 1.40000000e+01 5.70000000e+01]
  - 58: [1.01080422e+00 1.63125351e-01 9.17964160e-01 8.06675588e+00
 2.73859969e+02 9.96618450e-01 4.88437891e-01 3.38019878e-01
 1.40000000e+01 5.70000000e+01]
  - 59: [1.28641319e+00 1.57136917e-01 8.26800644e-01 8.06252587e+00
 2.73308084e+02 9.95404780e-01 4.53806520e-01 3.21241289e-01
 1.40000000e+01 5.70000000e+01]
  - 60: [1.21965184e+00 1.58528209e-01 8.47729504e-01 8.06353428e+00
 2.73440069e+02 9.95710015e-01 4.61624742e-01 3.25227916e-01
 1.40000000e+01 5.70000000e+01]
  - 61: [1.15085784e+00 1.60001755e-01 8.70034039e-01 8.06458316e+00
 2.73577170e+02 9.96017039e-01 4.70050216e-01 3.29386622e-01
 1.40000000e+01 5.70000000e+01]
  - 62: [1.11180563e+00 1.60856113e-01 8.83047283e-01 8.06518422e+00
 2.73655486e+02 9.96188104e-01 4.75006819e-01 3.31770897e-01
 1.40000000e+01 5.70000000e+01]
  - 63: [1.01849448e+00 1.62949577e-01 9.15238857e-01 8.06663447e+00
 2.73844302e+02 9.96586502e-01 4.87383366e-01 3.37539852e-01
 1.40000000e+01 5.70000000e+01]
  - 64: [9.53463015e-01 1.64451942e-01 9.38651025e-01 8.06766012e+00
 2.73977284e+02 9.96855617e-01 4.96472359e-01 3.41622651e-01
 1.40000000e+01 5.70000000e+01]
  - 65: [9.94330862e-01 1.63503632e-01 9.23840642e-01 8.06701328e+00
 2.73893555e+02 9.96687233e-01 4.90715027e-01 3.39050680e-01
 1.40000000e+01 5.70000000e+01]
  - 66: [1.34684380e+00 1.55910715e-01 8.08431268e-01 8.06162229e+00
 2.73189453e+02 9.95122552e-01 4.47018981e-01 3.17673534e-01
 1.40000000e+01 5.70000000e+01]
  - 67: [9.15220178e-01 1.65352136e-01 9.52819586e-01 8.06826915e+00
 2.74056152e+02 9.97010708e-01 5.02001524e-01 3.44048619e-01
 1.40000000e+01 5.70000000e+01]
  - 68: [1.12145714e+00 1.60643786e-01 8.79806757e-01 8.06503561e+00
 2.73636061e+02 9.96146202e-01 4.73769903e-01 3.31180096e-01
 1.40000000e+01 5.70000000e+01]
  - 69: [1.28413880e+00 1.57183707e-01 8.27502370e-01 8.06256037e+00
 2.73312585e+02 9.95415449e-01 4.54067111e-01 3.21376264e-01
 1.40000000e+01 5.70000000e+01]
  - 70: [1.10804856e+00 1.60938993e-01 8.84313166e-01 8.06524127e+00
 2.73663065e+02 9.96204257e-01 4.75490451e-01 3.32001299e-01
 1.40000000e+01 5.70000000e+01]
  - 71: [1.34854043e+00 1.55876741e-01 8.07923257e-01 8.06159840e+00
 2.73186141e+02 9.95114446e-01 4.46832299e-01 3.17573965e-01
 1.40000000e+01 5.70000000e+01]
  - 72: [1.39286207e+00 1.54998332e-01 7.94792175e-01 8.06093962e+00
 2.73099652e+02 9.94903564e-01 4.42027092e-01 3.14982325e-01
 1.40000000e+01 5.70000000e+01]
  - 73: [1.38824421e+00 1.55089051e-01 7.96147645e-01 8.06100862e+00
 2.73108653e+02 9.94925797e-01 4.42521214e-01 3.15251350e-01
 1.40000000e+01 5.70000000e+01]
  - 74: [9.17588773e-01 1.65296003e-01 9.51932967e-01 8.06823067e+00
 2.74051227e+02 9.97001112e-01 5.01655102e-01 3.43897820e-01
 1.40000000e+01 5.70000000e+01]
  - 75: [1.22303208e+00 1.58456862e-01 8.46653342e-01 8.06348320e+00
 2.73433381e+02 9.95694757e-01 4.61220384e-01 3.25024784e-01
 1.40000000e+01 5.70000000e+01]
  - 76: [9.39089817e-01 1.64788827e-01 9.43940341e-01 8.06788834e+00
 2.74006836e+02 9.96914148e-01 4.98534203e-01 3.42532218e-01
 1.40000000e+01 5.70000000e+01]
  - 77: [9.92709699e-01 1.63540974e-01 9.24421728e-01 8.06704048e+00
 2.73896888e+02 9.96693969e-01 4.90940571e-01 3.39152247e-01
 1.40000000e+01 5.70000000e+01]
  - 78: [1.03999627e+00 1.62460655e-01 9.07678545e-01 8.06629878e+00
 2.73800569e+02 9.96496022e-01 4.84463215e-01 3.36201280e-01
 1.40000000e+01 5.70000000e+01]
  - 79: [1.31554504e+00 1.56541854e-01 8.17878962e-01 8.06208934e+00
 2.73250785e+02 9.95269477e-01 4.50500727e-01 3.19516569e-01
 1.40000000e+01 5.70000000e+01]
  - 80: [9.37186200e-01 1.64833590e-01 9.44644153e-01 8.06792019e+00
 2.74010785e+02 9.96921897e-01 4.98808384e-01 3.42652947e-01
 1.40000000e+01 5.70000000e+01]
  - 81: [1.16394167e+00 1.59718424e-01 8.65732193e-01 8.06438347e+00
 2.73550972e+02 9.95959282e-01 4.68418121e-01 3.28591615e-01
 1.40000000e+01 5.70000000e+01]
  - 82: [1.24745618e+00 1.57944158e-01 8.38929892e-01 8.06311367e+00
 2.73384978e+02 9.95584011e-01 4.58326697e-01 3.23561728e-01
 1.40000000e+01 5.70000000e+01]
  - 83: [9.17722039e-01 1.65292844e-01 9.51883256e-01 8.06822802e+00
 2.74050951e+02 9.97000396e-01 5.01635790e-01 3.43889326e-01
 1.40000000e+01 5.70000000e+01]
  - 84: [9.02511182e-01 1.65653989e-01 9.57596600e-01 8.06847149e+00
 2.74082435e+02 9.97061551e-01 5.03869772e-01 3.44859153e-01
 1.40000000e+01 5.70000000e+01]
  - 85: [1.06552298e+00 1.61885262e-01 8.98815513e-01 8.06590138e+00
 2.73748832e+02 9.96387184e-01 4.81049895e-01 3.34619522e-01
 1.40000000e+01 5.70000000e+01]
  - 86: [1.36199429e+00 1.55608252e-01 8.03908408e-01 8.06139672e+00
 2.73159859e+02 9.95050669e-01 4.45359111e-01 3.16785067e-01
 1.40000000e+01 5.70000000e+01]
  - 87: [1.20299820e+00 1.58881247e-01 8.53058517e-01 8.06378638e+00
 2.73473187e+02 9.95785117e-01 4.63629365e-01 3.26229811e-01
 1.40000000e+01 5.70000000e+01]
  - 88: [1.06242213e+00 1.61954880e-01 8.99885654e-01 8.06594981e+00
 2.73755095e+02 9.96400595e-01 4.81461525e-01 3.34811181e-01
 1.40000000e+01 5.70000000e+01]
  - 89: [1.20375658e+00 1.58865139e-01 8.52815032e-01 8.06377577e+00
 2.73471658e+02 9.95781720e-01 4.63537574e-01 3.26184064e-01
 1.40000000e+01 5.70000000e+01]
  - 90: [1.34291906e+00 1.55989379e-01 8.09608400e-01 8.06168133e+00
 2.73197159e+02 9.95140851e-01 4.47451472e-01 3.17904145e-01
 1.40000000e+01 5.70000000e+01]
  - 91: [1.26305107e+00 1.57619432e-01 8.34046721e-01 8.06287882e+00
 2.73354174e+02 9.95512486e-01 4.56503272e-01 3.22630763e-01
 1.40000000e+01 5.70000000e+01]
  - 92: [9.10776055e-01 1.65457532e-01 9.54486072e-01 8.06834014e+00
 2.74065324e+02 9.97028470e-01 5.02653360e-01 3.44331801e-01
 1.40000000e+01 5.70000000e+01]
  - 93: [9.96492883e-01 1.63453862e-01 9.23066437e-01 8.06698144e+00
 2.73889139e+02 9.96678233e-01 4.90414858e-01 3.38915259e-01
 1.40000000e+01 5.70000000e+01]
  - 94: [1.36756797e+00 1.55497521e-01 8.02252471e-01 8.06131512e+00
 2.73148968e+02 9.95024323e-01 4.44752574e-01 3.16458791e-01
 1.40000000e+01 5.70000000e+01]
  - 95: [1.16477460e+00 1.59700438e-01 8.65459383e-01 8.06437020e+00
 2.73549338e+02 9.95955706e-01 4.68314767e-01 3.28541130e-01
 1.40000000e+01 5.70000000e+01]
  - 96: [1.06031235e+00 1.62002325e-01 9.00614917e-01 8.06598166e+00
 2.73759383e+02 9.96409714e-01 4.81742144e-01 3.34941775e-01
 1.40000000e+01 5.70000000e+01]
  - 97: [1.06603747e+00 1.61873773e-01 8.98638189e-01 8.06589276e+00
 2.73747813e+02 9.96385336e-01 4.80981946e-01 3.34587693e-01
 1.40000000e+01 5.70000000e+01]
  - 98: [1.16538620e+00 1.59687251e-01 8.65258992e-01 8.06436091e+00
 2.73548128e+02 9.95953023e-01 4.68238711e-01 3.28503966e-01
 1.40000000e+01 5.70000000e+01]
  - 99: [1.28183431e+00 1.57231137e-01 8.28214407e-01 8.06259487e+00
 2.73317128e+02 9.95425999e-01 4.54331636e-01 3.21513116e-01
 1.40000000e+01 5.70000000e+01]
Updating sensitivity info in ERGOM_L4_observability_ARGO_POC_NOV.pickle with model results...
Done
