Starting ppserver on r515c06n02,r515n012:49951
Host names provided to parsac: r515c06n02:49951,r515n012:49951,
Starting parsac
Reading sensitivity samples from ERGOM_L4_observability_ARGO_PO4_NOV.pickle...
Reading configuration from L4_observability_ARGO_PO4_NOV.xml...
Starting Parallel Python server...
Giving Parallel Python 10 seconds to connect to: r515c06n02:49951, r515n012:49951
Running on:
   local: 0 cpus
   r515n012:49951: 48 cpus
   r515c06n02:49951: 48 cpus
Total number of cpus: 96
Starting model run...
Model run took 6.3 s.
 Processed /g100_scratch/usertrain/a08trb35/ERGOM_L4_NOV_ARGO_PO4_OBSERVABILITY/0000...
Starting model run...
Model run took 6.0 s.
 Processed /g100_scratch/usertrain/a08trb35/ERGOM_L4_NOV_ARGO_PO4_OBSERVABILITY/0001...
Starting model run...
Model run took 6.2 s.
 Processed /g100_scratch/usertrain/a08trb35/ERGOM_L4_NOV_ARGO_PO4_OBSERVABILITY/0002...
Starting model run...
Model run took 5.9 s.
 Processed /g100_scratch/usertrain/a08trb35/ERGOM_L4_NOV_ARGO_PO4_OBSERVABILITY/0003...
Starting model run...
Model run took 6.1 s.
 Processed /g100_scratch/usertrain/a08trb35/ERGOM_L4_NOV_ARGO_PO4_OBSERVABILITY/0004...
Starting model run...
Model run took 5.9 s.
 Processed /g100_scratch/usertrain/a08trb35/ERGOM_L4_NOV_ARGO_PO4_OBSERVABILITY/0005...
Starting model run...
Model run took 6.2 s.
 Processed /g100_scratch/usertrain/a08trb35/ERGOM_L4_NOV_ARGO_PO4_OBSERVABILITY/0006...
Starting model run...
Model run took 5.9 s.
 Processed /g100_scratch/usertrain/a08trb35/ERGOM_L4_NOV_ARGO_PO4_OBSERVABILITY/0007...
Starting model run...
Model run took 6.2 s.
 Processed /g100_scratch/usertrain/a08trb35/ERGOM_L4_NOV_ARGO_PO4_OBSERVABILITY/0008...
Starting model run...
Model run took 6.0 s.
 Processed /g100_scratch/usertrain/a08trb35/ERGOM_L4_NOV_ARGO_PO4_OBSERVABILITY/0009...
Starting model run...
Model run took 6.6 s.
 Processed /g100_scratch/usertrain/a08trb35/ERGOM_L4_NOV_ARGO_PO4_OBSERVABILITY/0010...
Starting model run...
Model run took 6.2 s.
 Processed /g100_scratch/usertrain/a08trb35/ERGOM_L4_NOV_ARGO_PO4_OBSERVABILITY/0011...
Starting model run...
Model run took 6.2 s.
 Processed /g100_scratch/usertrain/a08trb35/ERGOM_L4_NOV_ARGO_PO4_OBSERVABILITY/0012...
Starting model run...
Model run took 5.9 s.
 Processed /g100_scratch/usertrain/a08trb35/ERGOM_L4_NOV_ARGO_PO4_OBSERVABILITY/0013...
Starting model run...
Model run took 6.3 s.
 Processed /g100_scratch/usertrain/a08trb35/ERGOM_L4_NOV_ARGO_PO4_OBSERVABILITY/0014...
Starting model run...
Model run took 5.9 s.
 Processed /g100_scratch/usertrain/a08trb35/ERGOM_L4_NOV_ARGO_PO4_OBSERVABILITY/0015...
Starting model run...
Model run took 6.2 s.
 Processed /g100_scratch/usertrain/a08trb35/ERGOM_L4_NOV_ARGO_PO4_OBSERVABILITY/0016...
Starting model run...
Model run took 5.9 s.
 Processed /g100_scratch/usertrain/a08trb35/ERGOM_L4_NOV_ARGO_PO4_OBSERVABILITY/0017...
Starting model run...
Model run took 6.2 s.
 Processed /g100_scratch/usertrain/a08trb35/ERGOM_L4_NOV_ARGO_PO4_OBSERVABILITY/0018...
Starting model run...
Model run took 6.7 s.
 Processed /g100_scratch/usertrain/a08trb35/ERGOM_L4_NOV_ARGO_PO4_OBSERVABILITY/0019...
Starting model run...
Model run took 6.2 s.
 Processed /g100_scratch/usertrain/a08trb35/ERGOM_L4_NOV_ARGO_PO4_OBSERVABILITY/0020...
Starting model run...
Model run took 5.9 s.
 Processed /g100_scratch/usertrain/a08trb35/ERGOM_L4_NOV_ARGO_PO4_OBSERVABILITY/0021...
Starting model run...
Model run took 6.1 s.
 Processed /g100_scratch/usertrain/a08trb35/ERGOM_L4_NOV_ARGO_PO4_OBSERVABILITY/0022...
Starting model run...
Model run took 5.9 s.
 Processed /g100_scratch/usertrain/a08trb35/ERGOM_L4_NOV_ARGO_PO4_OBSERVABILITY/0023...
Starting model run...
Model run took 6.2 s.
 Processed /g100_scratch/usertrain/a08trb35/ERGOM_L4_NOV_ARGO_PO4_OBSERVABILITY/0024...
Starting model run...
Model run took 6.1 s.
 Processed /g100_scratch/usertrain/a08trb35/ERGOM_L4_NOV_ARGO_PO4_OBSERVABILITY/0025...
Starting model run...
Model run took 6.2 s.
 Processed /g100_scratch/usertrain/a08trb35/ERGOM_L4_NOV_ARGO_PO4_OBSERVABILITY/0026...
Starting model run...
Model run took 6.2 s.
 Processed /g100_scratch/usertrain/a08trb35/ERGOM_L4_NOV_ARGO_PO4_OBSERVABILITY/0027...
Starting model run...
Model run took 6.2 s.
 Processed /g100_scratch/usertrain/a08trb35/ERGOM_L4_NOV_ARGO_PO4_OBSERVABILITY/0028...
Starting model run...
Model run took 6.0 s.
 Processed /g100_scratch/usertrain/a08trb35/ERGOM_L4_NOV_ARGO_PO4_OBSERVABILITY/0029...
Starting model run...
Model run took 6.2 s.
 Processed /g100_scratch/usertrain/a08trb35/ERGOM_L4_NOV_ARGO_PO4_OBSERVABILITY/0030...
Starting model run...
Model run took 5.9 s.
 Processed /g100_scratch/usertrain/a08trb35/ERGOM_L4_NOV_ARGO_PO4_OBSERVABILITY/0031...
Starting model run...
Model run took 6.3 s.
 Processed /g100_scratch/usertrain/a08trb35/ERGOM_L4_NOV_ARGO_PO4_OBSERVABILITY/0032...
Starting model run...
Model run took 6.1 s.
 Processed /g100_scratch/usertrain/a08trb35/ERGOM_L4_NOV_ARGO_PO4_OBSERVABILITY/0033...
Starting model run...
Model run took 6.1 s.
 Processed /g100_scratch/usertrain/a08trb35/ERGOM_L4_NOV_ARGO_PO4_OBSERVABILITY/0034...
Starting model run...
Model run took 6.3 s.
 Processed /g100_scratch/usertrain/a08trb35/ERGOM_L4_NOV_ARGO_PO4_OBSERVABILITY/0035...
Starting model run...
Model run took 6.5 s.
 Processed /g100_scratch/usertrain/a08trb35/ERGOM_L4_NOV_ARGO_PO4_OBSERVABILITY/0036...
Starting model run...
Model run took 6.0 s.
 Processed /g100_scratch/usertrain/a08trb35/ERGOM_L4_NOV_ARGO_PO4_OBSERVABILITY/0037...
Starting model run...
Model run took 6.1 s.
 Processed /g100_scratch/usertrain/a08trb35/ERGOM_L4_NOV_ARGO_PO4_OBSERVABILITY/0038...
Starting model run...
Model run took 7.5 s.
 Processed /g100_scratch/usertrain/a08trb35/ERGOM_L4_NOV_ARGO_PO4_OBSERVABILITY/0039...
Starting model run...
Model run took 6.2 s.
 Processed /g100_scratch/usertrain/a08trb35/ERGOM_L4_NOV_ARGO_PO4_OBSERVABILITY/0040...
Starting model run...
Model run took 6.2 s.
 Processed /g100_scratch/usertrain/a08trb35/ERGOM_L4_NOV_ARGO_PO4_OBSERVABILITY/0041...
Starting model run...
Model run took 6.3 s.
 Processed /g100_scratch/usertrain/a08trb35/ERGOM_L4_NOV_ARGO_PO4_OBSERVABILITY/0042...
Starting model run...
Model run took 6.0 s.
 Processed /g100_scratch/usertrain/a08trb35/ERGOM_L4_NOV_ARGO_PO4_OBSERVABILITY/0043...
Starting model run...
Model run took 6.3 s.
 Processed /g100_scratch/usertrain/a08trb35/ERGOM_L4_NOV_ARGO_PO4_OBSERVABILITY/0044...
Starting model run...
Model run took 5.9 s.
 Processed /g100_scratch/usertrain/a08trb35/ERGOM_L4_NOV_ARGO_PO4_OBSERVABILITY/0045...
Starting model run...
Model run took 6.2 s.
 Processed /g100_scratch/usertrain/a08trb35/ERGOM_L4_NOV_ARGO_PO4_OBSERVABILITY/0046...
Starting model run...
Model run took 6.3 s.
 Processed /g100_scratch/usertrain/a08trb35/ERGOM_L4_NOV_ARGO_PO4_OBSERVABILITY/0047...
Starting model run...
Model run took 6.1 s.
 Processed /g100_scratch/usertrain/a08trb35/ERGOM_L4_NOV_ARGO_PO4_OBSERVABILITY/0048...
Starting model run...
Model run took 6.0 s.
 Processed /g100_scratch/usertrain/a08trb35/ERGOM_L4_NOV_ARGO_PO4_OBSERVABILITY/0049...
Starting model run...
Model run took 6.3 s.
 Processed /g100_scratch/usertrain/a08trb35/ERGOM_L4_NOV_ARGO_PO4_OBSERVABILITY/0050...
Starting model run...
Model run took 6.8 s.
 Processed /g100_scratch/usertrain/a08trb35/ERGOM_L4_NOV_ARGO_PO4_OBSERVABILITY/0051...
Starting model run...
Model run took 6.1 s.
 Processed /g100_scratch/usertrain/a08trb35/ERGOM_L4_NOV_ARGO_PO4_OBSERVABILITY/0052...
Starting model run...
Model run took 6.1 s.
 Processed /g100_scratch/usertrain/a08trb35/ERGOM_L4_NOV_ARGO_PO4_OBSERVABILITY/0053...
Starting model run...
Model run took 6.2 s.
 Processed /g100_scratch/usertrain/a08trb35/ERGOM_L4_NOV_ARGO_PO4_OBSERVABILITY/0054...
Starting model run...
Model run took 7.1 s.
 Processed /g100_scratch/usertrain/a08trb35/ERGOM_L4_NOV_ARGO_PO4_OBSERVABILITY/0055...
Starting model run...
Model run took 6.2 s.
 Processed /g100_scratch/usertrain/a08trb35/ERGOM_L4_NOV_ARGO_PO4_OBSERVABILITY/0056...
Starting model run...
Model run took 6.0 s.
 Processed /g100_scratch/usertrain/a08trb35/ERGOM_L4_NOV_ARGO_PO4_OBSERVABILITY/0057...
Starting model run...
Model run took 6.3 s.
 Processed /g100_scratch/usertrain/a08trb35/ERGOM_L4_NOV_ARGO_PO4_OBSERVABILITY/0058...
Starting model run...
Model run took 6.0 s.
 Processed /g100_scratch/usertrain/a08trb35/ERGOM_L4_NOV_ARGO_PO4_OBSERVABILITY/0059...
Starting model run...
Model run took 6.1 s.
 Processed /g100_scratch/usertrain/a08trb35/ERGOM_L4_NOV_ARGO_PO4_OBSERVABILITY/0060...
Starting model run...
Model run took 5.9 s.
 Processed /g100_scratch/usertrain/a08trb35/ERGOM_L4_NOV_ARGO_PO4_OBSERVABILITY/0061...
Starting model run...
Model run took 6.1 s.
 Processed /g100_scratch/usertrain/a08trb35/ERGOM_L4_NOV_ARGO_PO4_OBSERVABILITY/0062...
Starting model run...
Model run took 6.0 s.
 Processed /g100_scratch/usertrain/a08trb35/ERGOM_L4_NOV_ARGO_PO4_OBSERVABILITY/0063...
Starting model run...
Model run took 6.3 s.
 Processed /g100_scratch/usertrain/a08trb35/ERGOM_L4_NOV_ARGO_PO4_OBSERVABILITY/0064...
Starting model run...
Model run took 6.0 s.
 Processed /g100_scratch/usertrain/a08trb35/ERGOM_L4_NOV_ARGO_PO4_OBSERVABILITY/0065...
Starting model run...
Model run took 6.3 s.
 Processed /g100_scratch/usertrain/a08trb35/ERGOM_L4_NOV_ARGO_PO4_OBSERVABILITY/0066...
Starting model run...
Model run took 6.4 s.
 Processed /g100_scratch/usertrain/a08trb35/ERGOM_L4_NOV_ARGO_PO4_OBSERVABILITY/0067...
Starting model run...
Model run took 6.6 s.
 Processed /g100_scratch/usertrain/a08trb35/ERGOM_L4_NOV_ARGO_PO4_OBSERVABILITY/0068...
Starting model run...
Model run took 6.1 s.
 Processed /g100_scratch/usertrain/a08trb35/ERGOM_L4_NOV_ARGO_PO4_OBSERVABILITY/0069...
Starting model run...
Model run took 6.2 s.
 Processed /g100_scratch/usertrain/a08trb35/ERGOM_L4_NOV_ARGO_PO4_OBSERVABILITY/0070...
Starting model run...
Model run took 6.0 s.
 Processed /g100_scratch/usertrain/a08trb35/ERGOM_L4_NOV_ARGO_PO4_OBSERVABILITY/0071...
Starting model run...
Model run took 6.3 s.
 Processed /g100_scratch/usertrain/a08trb35/ERGOM_L4_NOV_ARGO_PO4_OBSERVABILITY/0072...
Starting model run...
Model run took 6.6 s.
 Processed /g100_scratch/usertrain/a08trb35/ERGOM_L4_NOV_ARGO_PO4_OBSERVABILITY/0073...
Starting model run...
Model run took 6.1 s.
 Processed /g100_scratch/usertrain/a08trb35/ERGOM_L4_NOV_ARGO_PO4_OBSERVABILITY/0074...
Starting model run...
Model run took 6.0 s.
 Processed /g100_scratch/usertrain/a08trb35/ERGOM_L4_NOV_ARGO_PO4_OBSERVABILITY/0075...
Starting model run...
Model run took 6.3 s.
 Processed /g100_scratch/usertrain/a08trb35/ERGOM_L4_NOV_ARGO_PO4_OBSERVABILITY/0076...
Starting model run...
Model run took 6.0 s.
 Processed /g100_scratch/usertrain/a08trb35/ERGOM_L4_NOV_ARGO_PO4_OBSERVABILITY/0077...
Starting model run...
Model run took 6.2 s.
 Processed /g100_scratch/usertrain/a08trb35/ERGOM_L4_NOV_ARGO_PO4_OBSERVABILITY/0078...
Starting model run...
Model run took 6.2 s.
 Processed /g100_scratch/usertrain/a08trb35/ERGOM_L4_NOV_ARGO_PO4_OBSERVABILITY/0079...
Starting model run...
Model run took 6.1 s.
 Processed /g100_scratch/usertrain/a08trb35/ERGOM_L4_NOV_ARGO_PO4_OBSERVABILITY/0080...
Starting model run...
Model run took 5.9 s.
 Processed /g100_scratch/usertrain/a08trb35/ERGOM_L4_NOV_ARGO_PO4_OBSERVABILITY/0081...
Starting model run...
Model run took 6.3 s.
 Processed /g100_scratch/usertrain/a08trb35/ERGOM_L4_NOV_ARGO_PO4_OBSERVABILITY/0082...
Starting model run...
Model run took 6.0 s.
 Processed /g100_scratch/usertrain/a08trb35/ERGOM_L4_NOV_ARGO_PO4_OBSERVABILITY/0083...
Starting model run...
Model run took 6.2 s.
 Processed /g100_scratch/usertrain/a08trb35/ERGOM_L4_NOV_ARGO_PO4_OBSERVABILITY/0084...
Starting model run...
Model run took 5.9 s.
 Processed /g100_scratch/usertrain/a08trb35/ERGOM_L4_NOV_ARGO_PO4_OBSERVABILITY/0085...
Starting model run...
Model run took 6.2 s.
 Processed /g100_scratch/usertrain/a08trb35/ERGOM_L4_NOV_ARGO_PO4_OBSERVABILITY/0086...
Starting model run...
Model run took 6.0 s.
 Processed /g100_scratch/usertrain/a08trb35/ERGOM_L4_NOV_ARGO_PO4_OBSERVABILITY/0087...
Starting model run...
Model run took 6.8 s.
 Processed /g100_scratch/usertrain/a08trb35/ERGOM_L4_NOV_ARGO_PO4_OBSERVABILITY/0088...
Starting model run...
Model run took 6.1 s.
 Processed /g100_scratch/usertrain/a08trb35/ERGOM_L4_NOV_ARGO_PO4_OBSERVABILITY/0089...
Starting model run...
Model run took 6.3 s.
 Processed /g100_scratch/usertrain/a08trb35/ERGOM_L4_NOV_ARGO_PO4_OBSERVABILITY/0090...
Starting model run...
Model run took 5.9 s.
 Processed /g100_scratch/usertrain/a08trb35/ERGOM_L4_NOV_ARGO_PO4_OBSERVABILITY/0091...
Starting model run...
Model run took 6.3 s.
 Processed /g100_scratch/usertrain/a08trb35/ERGOM_L4_NOV_ARGO_PO4_OBSERVABILITY/0092...
Starting model run...
Model run took 5.9 s.
 Processed /g100_scratch/usertrain/a08trb35/ERGOM_L4_NOV_ARGO_PO4_OBSERVABILITY/0093...
Starting model run...
Model run took 6.2 s.
 Processed /g100_scratch/usertrain/a08trb35/ERGOM_L4_NOV_ARGO_PO4_OBSERVABILITY/0094...
Starting model run...
Model run took 5.9 s.
 Processed /g100_scratch/usertrain/a08trb35/ERGOM_L4_NOV_ARGO_PO4_OBSERVABILITY/0095...
Starting model run...
Model run took 5.9 s.
 Processed /g100_scratch/usertrain/a08trb35/ERGOM_L4_NOV_ARGO_PO4_OBSERVABILITY/0096...
Starting model run...
Model run took 5.8 s.
 Processed /g100_scratch/usertrain/a08trb35/ERGOM_L4_NOV_ARGO_PO4_OBSERVABILITY/0097...
Starting model run...
Model run took 5.9 s.
 Processed /g100_scratch/usertrain/a08trb35/ERGOM_L4_NOV_ARGO_PO4_OBSERVABILITY/0098...
Starting model run...
Model run took 5.8 s.
 Processed /g100_scratch/usertrain/a08trb35/ERGOM_L4_NOV_ARGO_PO4_OBSERVABILITY/0099...
Retrieving value of target expression(s) for each ensemble member...
  - 0: [1.12258646e+00 1.60604581e-01 8.79190803e-01 8.06501505e+00
 2.73633534e+02 9.96139765e-01 4.73519206e-01 3.31069618e-01
 1.40000000e+01 5.70000000e+01]
  - 1: [1.12267735e+00 1.60616994e-01 8.79398167e-01 8.06501637e+00
 2.73633662e+02 9.96140778e-01 4.73613977e-01 3.31105500e-01
 1.40000000e+01 5.70000000e+01]
  - 2: [1.12267735e+00 1.60616994e-01 8.79398167e-01 8.06501637e+00
 2.73633662e+02 9.96140778e-01 4.73613977e-01 3.31105500e-01
 1.40000000e+01 5.70000000e+01]
  - 3: [1.12267735e+00 1.60616994e-01 8.79398167e-01 8.06501637e+00
 2.73633662e+02 9.96140778e-01 4.73613977e-01 3.31105500e-01
 1.40000000e+01 5.70000000e+01]
  - 4: [1.12266997e+00 1.60615981e-01 8.79380286e-01 8.06501637e+00
 2.73633662e+02 9.96140599e-01 4.73606706e-01 3.31102371e-01
 1.40000000e+01 5.70000000e+01]
  - 5: [1.12267735e+00 1.60616994e-01 8.79398167e-01 8.06501637e+00
 2.73633662e+02 9.96140778e-01 4.73613977e-01 3.31105500e-01
 1.40000000e+01 5.70000000e+01]
  - 6: [1.12262319e+00 1.60609618e-01 8.79273117e-01 8.06501571e+00
 2.73633556e+02 9.96140301e-01 4.73557949e-01 3.31083924e-01
 1.40000000e+01 5.70000000e+01]
  - 7: [1.12267735e+00 1.60616994e-01 8.79398167e-01 8.06501637e+00
 2.73633662e+02 9.96140778e-01 4.73613977e-01 3.31105500e-01
 1.40000000e+01 5.70000000e+01]
  - 8: [1.12267735e+00 1.60616994e-01 8.79398167e-01 8.06501637e+00
 2.73633662e+02 9.96140778e-01 4.73613977e-01 3.31105500e-01
 1.40000000e+01 5.70000000e+01]
  - 9: [1.12267735e+00 1.60616994e-01 8.79398167e-01 8.06501637e+00
 2.73633662e+02 9.96140778e-01 4.73613977e-01 3.31105500e-01
 1.40000000e+01 5.70000000e+01]
  - 10: [1.12267735e+00 1.60616994e-01 8.79398167e-01 8.06501637e+00
 2.73633662e+02 9.96140778e-01 4.73613977e-01 3.31105500e-01
 1.40000000e+01 5.70000000e+01]
  - 11: [1.12267735e+00 1.60616994e-01 8.79398167e-01 8.06501637e+00
 2.73633662e+02 9.96140778e-01 4.73613977e-01 3.31105500e-01
 1.40000000e+01 5.70000000e+01]
  - 12: [1.12267735e+00 1.60616994e-01 8.79398167e-01 8.06501637e+00
 2.73633662e+02 9.96140778e-01 4.73613977e-01 3.31105500e-01
 1.40000000e+01 5.70000000e+01]
  - 13: [1.12267735e+00 1.60616994e-01 8.79398167e-01 8.06501637e+00
 2.73633662e+02 9.96140778e-01 4.73613977e-01 3.31105500e-01
 1.40000000e+01 5.70000000e+01]
  - 14: [1.12267735e+00 1.60616994e-01 8.79398167e-01 8.06501637e+00
 2.73633662e+02 9.96140778e-01 4.73613977e-01 3.31105500e-01
 1.40000000e+01 5.70000000e+01]
  - 15: [1.12263207e+00 1.60610825e-01 8.79293263e-01 8.06501571e+00
 2.73633556e+02 9.96140301e-01 4.73567247e-01 3.31087291e-01
 1.40000000e+01 5.70000000e+01]
  - 16: [1.12267735e+00 1.60616994e-01 8.79398167e-01 8.06501637e+00
 2.73633662e+02 9.96140778e-01 4.73613977e-01 3.31105500e-01
 1.40000000e+01 5.70000000e+01]
  - 17: [1.12267735e+00 1.60616994e-01 8.79398167e-01 8.06501637e+00
 2.73633662e+02 9.96140778e-01 4.73613977e-01 3.31105500e-01
 1.40000000e+01 5.70000000e+01]
  - 18: [1.12267735e+00 1.60616994e-01 8.79398167e-01 8.06501637e+00
 2.73633662e+02 9.96140778e-01 4.73613977e-01 3.31105500e-01
 1.40000000e+01 5.70000000e+01]
  - 19: [1.12267735e+00 1.60616994e-01 8.79398167e-01 8.06501637e+00
 2.73633662e+02 9.96140778e-01 4.73613977e-01 3.31105500e-01
 1.40000000e+01 5.70000000e+01]
  - 20: [1.12264335e+00 1.60612360e-01 8.79319131e-01 8.06501571e+00
 2.73633598e+02 9.96140242e-01 4.73579049e-01 3.31091881e-01
 1.40000000e+01 5.70000000e+01]
  - 21: [1.12267735e+00 1.60616994e-01 8.79398167e-01 8.06501637e+00
 2.73633662e+02 9.96140778e-01 4.73613977e-01 3.31105500e-01
 1.40000000e+01 5.70000000e+01]
  - 22: [1.12267735e+00 1.60616994e-01 8.79398167e-01 8.06501637e+00
 2.73633662e+02 9.96140778e-01 4.73613977e-01 3.31105500e-01
 1.40000000e+01 5.70000000e+01]
  - 23: [1.12261590e+00 1.60608634e-01 8.79256845e-01 8.06501505e+00
 2.73633556e+02 9.96140003e-01 4.73550439e-01 3.31081092e-01
 1.40000000e+01 5.70000000e+01]
  - 24: [1.12267735e+00 1.60616994e-01 8.79398167e-01 8.06501637e+00
 2.73633662e+02 9.96140778e-01 4.73613977e-01 3.31105500e-01
 1.40000000e+01 5.70000000e+01]
  - 25: [1.12267735e+00 1.60616994e-01 8.79398167e-01 8.06501637e+00
 2.73633662e+02 9.96140778e-01 4.73613977e-01 3.31105500e-01
 1.40000000e+01 5.70000000e+01]
  - 26: [1.12259442e+00 1.60605669e-01 8.79208744e-01 8.06501505e+00
 2.73633534e+02 9.96139824e-01 4.73527789e-01 3.31072778e-01
 1.40000000e+01 5.70000000e+01]
  - 27: [1.12267735e+00 1.60616994e-01 8.79398167e-01 8.06501637e+00
 2.73633662e+02 9.96140778e-01 4.73613977e-01 3.31105500e-01
 1.40000000e+01 5.70000000e+01]
  - 28: [1.12267378e+00 1.60616517e-01 8.79389167e-01 8.06501637e+00
 2.73633662e+02 9.96140718e-01 4.73610520e-01 3.31103802e-01
 1.40000000e+01 5.70000000e+01]
  - 29: [1.12267735e+00 1.60616994e-01 8.79398167e-01 8.06501637e+00
 2.73633662e+02 9.96140778e-01 4.73613977e-01 3.31105500e-01
 1.40000000e+01 5.70000000e+01]
  - 30: [1.12263920e+00 1.60611808e-01 8.79309475e-01 8.06501571e+00
 2.73633577e+02 9.96140361e-01 4.73574638e-01 3.31090152e-01
 1.40000000e+01 5.70000000e+01]
  - 31: [1.12267013e+00 1.60616010e-01 8.79380524e-01 8.06501637e+00
 2.73633662e+02 9.96140718e-01 4.73606706e-01 3.31102431e-01
 1.40000000e+01 5.70000000e+01]
  - 32: [1.12267080e+00 1.60616130e-01 8.79382432e-01 8.06501637e+00
 2.73633662e+02 9.96140718e-01 4.73607659e-01 3.31102759e-01
 1.40000000e+01 5.70000000e+01]
  - 33: [1.12265114e+00 1.60613462e-01 8.79337072e-01 8.06501637e+00
 2.73633598e+02 9.96140540e-01 4.73587275e-01 3.31094980e-01
 1.40000000e+01 5.70000000e+01]
  - 34: [1.12267735e+00 1.60616994e-01 8.79398167e-01 8.06501637e+00
 2.73633662e+02 9.96140778e-01 4.73613977e-01 3.31105500e-01
 1.40000000e+01 5.70000000e+01]
  - 35: [1.12267735e+00 1.60616994e-01 8.79398167e-01 8.06501637e+00
 2.73633662e+02 9.96140778e-01 4.73613977e-01 3.31105500e-01
 1.40000000e+01 5.70000000e+01]
  - 36: [1.12267735e+00 1.60616994e-01 8.79398167e-01 8.06501637e+00
 2.73633662e+02 9.96140778e-01 4.73613977e-01 3.31105500e-01
 1.40000000e+01 5.70000000e+01]
  - 37: [1.12267735e+00 1.60616994e-01 8.79398167e-01 8.06501637e+00
 2.73633662e+02 9.96140778e-01 4.73613977e-01 3.31105500e-01
 1.40000000e+01 5.70000000e+01]
  - 38: [1.12267735e+00 1.60616994e-01 8.79398167e-01 8.06501637e+00
 2.73633662e+02 9.96140778e-01 4.73613977e-01 3.31105500e-01
 1.40000000e+01 5.70000000e+01]
  - 39: [1.12267735e+00 1.60616994e-01 8.79398167e-01 8.06501637e+00
 2.73633662e+02 9.96140778e-01 4.73613977e-01 3.31105500e-01
 1.40000000e+01 5.70000000e+01]
  - 40: [1.12267602e+00 1.60616815e-01 8.79394293e-01 8.06501637e+00
 2.73633662e+02 9.96140778e-01 4.73612905e-01 3.31104815e-01
 1.40000000e+01 5.70000000e+01]
  - 41: [1.12267735e+00 1.60616994e-01 8.79398167e-01 8.06501637e+00
 2.73633662e+02 9.96140778e-01 4.73613977e-01 3.31105500e-01
 1.40000000e+01 5.70000000e+01]
  - 42: [1.12267735e+00 1.60616994e-01 8.79398167e-01 8.06501637e+00
 2.73633662e+02 9.96140778e-01 4.73613977e-01 3.31105500e-01
 1.40000000e+01 5.70000000e+01]
  - 43: [1.12263306e+00 1.60610989e-01 8.79295588e-01 8.06501571e+00
 2.73633556e+02 9.96140301e-01 4.73568201e-01 3.31087768e-01
 1.40000000e+01 5.70000000e+01]
  - 44: [1.12255080e+00 1.60599679e-01 8.79111886e-01 8.06501505e+00
 2.73633492e+02 9.96139288e-01 4.73481536e-01 3.31055999e-01
 1.40000000e+01 5.70000000e+01]
  - 45: [1.12267735e+00 1.60616994e-01 8.79398167e-01 8.06501637e+00
 2.73633662e+02 9.96140778e-01 4.73613977e-01 3.31105500e-01
 1.40000000e+01 5.70000000e+01]
  - 46: [1.12266416e+00 1.60615221e-01 8.79366755e-01 8.06501637e+00
 2.73633619e+02 9.96140599e-01 4.73600745e-01 3.31100017e-01
 1.40000000e+01 5.70000000e+01]
  - 47: [1.12267735e+00 1.60616994e-01 8.79398167e-01 8.06501637e+00
 2.73633662e+02 9.96140778e-01 4.73613977e-01 3.31105500e-01
 1.40000000e+01 5.70000000e+01]
  - 48: [1.12266300e+00 1.60615027e-01 8.79364073e-01 8.06501637e+00
 2.73633619e+02 9.96140599e-01 4.73599434e-01 3.31099600e-01
 1.40000000e+01 5.70000000e+01]
  - 49: [1.12267453e+00 1.60616592e-01 8.79390776e-01 8.06501637e+00
 2.73633662e+02 9.96140718e-01 4.73611474e-01 3.31104130e-01
 1.40000000e+01 5.70000000e+01]
  - 50: [1.12267735e+00 1.60616994e-01 8.79398167e-01 8.06501637e+00
 2.73633662e+02 9.96140778e-01 4.73613977e-01 3.31105500e-01
 1.40000000e+01 5.70000000e+01]
  - 51: [1.12266541e+00 1.60615370e-01 8.79369736e-01 8.06501637e+00
 2.73633619e+02 9.96140599e-01 4.73601937e-01 3.31100553e-01
 1.40000000e+01 5.70000000e+01]
  - 52: [1.12267735e+00 1.60616994e-01 8.79398167e-01 8.06501637e+00
 2.73633662e+02 9.96140778e-01 4.73613977e-01 3.31105500e-01
 1.40000000e+01 5.70000000e+01]
  - 53: [1.12267610e+00 1.60616815e-01 8.79394352e-01 8.06501637e+00
 2.73633662e+02 9.96140778e-01 4.73612905e-01 3.31104845e-01
 1.40000000e+01 5.70000000e+01]
  - 54: [1.12264799e+00 1.60613030e-01 8.79329503e-01 8.06501637e+00
 2.73633598e+02 9.96140480e-01 4.73584056e-01 3.31093669e-01
 1.40000000e+01 5.70000000e+01]
  - 55: [1.12267735e+00 1.60616994e-01 8.79398167e-01 8.06501637e+00
 2.73633662e+02 9.96140778e-01 4.73613977e-01 3.31105500e-01
 1.40000000e+01 5.70000000e+01]
  - 56: [1.12267735e+00 1.60616994e-01 8.79398167e-01 8.06501637e+00
 2.73633662e+02 9.96140778e-01 4.73613977e-01 3.31105500e-01
 1.40000000e+01 5.70000000e+01]
  - 57: [1.12261250e+00 1.60608187e-01 8.79249156e-01 8.06501505e+00
 2.73633556e+02 9.96140242e-01 4.73546743e-01 3.31079692e-01
 1.40000000e+01 5.70000000e+01]
  - 58: [1.12267735e+00 1.60616994e-01 8.79398167e-01 8.06501637e+00
 2.73633662e+02 9.96140778e-01 4.73613977e-01 3.31105500e-01
 1.40000000e+01 5.70000000e+01]
  - 59: [1.12267735e+00 1.60616994e-01 8.79398167e-01 8.06501637e+00
 2.73633662e+02 9.96140778e-01 4.73613977e-01 3.31105500e-01
 1.40000000e+01 5.70000000e+01]
  - 60: [1.12266565e+00 1.60615414e-01 8.79370213e-01 8.06501637e+00
 2.73633619e+02 9.96140599e-01 4.73602176e-01 3.31100553e-01
 1.40000000e+01 5.70000000e+01]
  - 61: [1.12267643e+00 1.60616875e-01 8.79395306e-01 8.06501637e+00
 2.73633662e+02 9.96140778e-01 4.73613381e-01 3.31105024e-01
 1.40000000e+01 5.70000000e+01]
  - 62: [1.12256896e+00 1.60602197e-01 8.79152238e-01 8.06501505e+00
 2.73633492e+02 9.96139586e-01 4.73500967e-01 3.31062883e-01
 1.40000000e+01 5.70000000e+01]
  - 63: [1.12259060e+00 1.60605162e-01 8.79200161e-01 8.06501505e+00
 2.73633534e+02 9.96139884e-01 4.73523498e-01 3.31071258e-01
 1.40000000e+01 5.70000000e+01]
  - 64: [1.12266449e+00 1.60615265e-01 8.79367411e-01 8.06501637e+00
 2.73633619e+02 9.96140838e-01 4.73600984e-01 3.31100166e-01
 1.40000000e+01 5.70000000e+01]
  - 65: [1.12267735e+00 1.60616994e-01 8.79398167e-01 8.06501637e+00
 2.73633662e+02 9.96140778e-01 4.73613977e-01 3.31105500e-01
 1.40000000e+01 5.70000000e+01]
  - 66: [1.12266292e+00 1.60615012e-01 8.79364014e-01 8.06501637e+00
 2.73633619e+02 9.96140599e-01 4.73599434e-01 3.31099540e-01
 1.40000000e+01 5.70000000e+01]
  - 67: [1.12267735e+00 1.60616994e-01 8.79398167e-01 8.06501637e+00
 2.73633662e+02 9.96140778e-01 4.73613977e-01 3.31105500e-01
 1.40000000e+01 5.70000000e+01]
  - 68: [1.12259235e+00 1.60605401e-01 8.79204154e-01 8.06501505e+00
 2.73633534e+02 9.96139884e-01 4.73525405e-01 3.31071883e-01
 1.40000000e+01 5.70000000e+01]
  - 69: [1.12265363e+00 1.60613760e-01 8.79342377e-01 8.06501637e+00
 2.73633598e+02 9.96140301e-01 4.73589778e-01 3.31095815e-01
 1.40000000e+01 5.70000000e+01]
  - 70: [1.12267735e+00 1.60616994e-01 8.79398167e-01 8.06501637e+00
 2.73633662e+02 9.96140778e-01 4.73613977e-01 3.31105500e-01
 1.40000000e+01 5.70000000e+01]
  - 71: [1.12257684e+00 1.60603285e-01 8.79169643e-01 8.06501505e+00
 2.73633513e+02 9.96139586e-01 4.73509312e-01 3.31065923e-01
 1.40000000e+01 5.70000000e+01]
  - 72: [1.12267735e+00 1.60616994e-01 8.79398167e-01 8.06501637e+00
 2.73633662e+02 9.96140778e-01 4.73613977e-01 3.31105500e-01
 1.40000000e+01 5.70000000e+01]
  - 73: [1.12267735e+00 1.60616994e-01 8.79398167e-01 8.06501637e+00
 2.73633662e+02 9.96140778e-01 4.73613977e-01 3.31105500e-01
 1.40000000e+01 5.70000000e+01]
  - 74: [1.12266706e+00 1.60615638e-01 8.79373729e-01 8.06501637e+00
 2.73633619e+02 9.96140838e-01 4.73603845e-01 3.31101149e-01
 1.40000000e+01 5.70000000e+01]
  - 75: [1.12267735e+00 1.60616994e-01 8.79398167e-01 8.06501637e+00
 2.73633662e+02 9.96140778e-01 4.73613977e-01 3.31105500e-01
 1.40000000e+01 5.70000000e+01]
  - 76: [1.12263472e+00 1.60611197e-01 8.79299521e-01 8.06501571e+00
 2.73633577e+02 9.96140242e-01 4.73569989e-01 3.31088513e-01
 1.40000000e+01 5.70000000e+01]
  - 77: [1.12267718e+00 1.60617009e-01 8.79397035e-01 8.06501637e+00
 2.73633662e+02 9.96141016e-01 4.73613977e-01 3.31105232e-01
 1.40000000e+01 5.70000000e+01]
  - 78: [1.12267735e+00 1.60616994e-01 8.79398167e-01 8.06501637e+00
 2.73633662e+02 9.96140778e-01 4.73613977e-01 3.31105500e-01
 1.40000000e+01 5.70000000e+01]
  - 79: [1.12264534e+00 1.60612658e-01 8.79323602e-01 8.06501571e+00
 2.73633598e+02 9.96140361e-01 4.73581195e-01 3.31092596e-01
 1.40000000e+01 5.70000000e+01]
  - 80: [1.12267735e+00 1.60616994e-01 8.79398167e-01 8.06501637e+00
 2.73633662e+02 9.96140778e-01 4.73613977e-01 3.31105500e-01
 1.40000000e+01 5.70000000e+01]
  - 81: [1.12265181e+00 1.60613552e-01 8.79338562e-01 8.06501637e+00
 2.73633598e+02 9.96140540e-01 4.73587990e-01 3.31095248e-01
 1.40000000e+01 5.70000000e+01]
  - 82: [1.12267735e+00 1.60616994e-01 8.79398167e-01 8.06501637e+00
 2.73633662e+02 9.96140778e-01 4.73613977e-01 3.31105500e-01
 1.40000000e+01 5.70000000e+01]
  - 83: [1.12264194e+00 1.60612196e-01 8.79315555e-01 8.06501571e+00
 2.73633577e+02 9.96140480e-01 4.73577619e-01 3.31091225e-01
 1.40000000e+01 5.70000000e+01]
  - 84: [1.12267735e+00 1.60616994e-01 8.79398167e-01 8.06501637e+00
 2.73633662e+02 9.96140778e-01 4.73613977e-01 3.31105500e-01
 1.40000000e+01 5.70000000e+01]
  - 85: [1.12267735e+00 1.60616994e-01 8.79398167e-01 8.06501637e+00
 2.73633662e+02 9.96140778e-01 4.73613977e-01 3.31105500e-01
 1.40000000e+01 5.70000000e+01]
  - 86: [1.12267735e+00 1.60616994e-01 8.79398167e-01 8.06501637e+00
 2.73633662e+02 9.96140778e-01 4.73613977e-01 3.31105500e-01
 1.40000000e+01 5.70000000e+01]
  - 87: [1.12267735e+00 1.60616994e-01 8.79398167e-01 8.06501637e+00
 2.73633662e+02 9.96140778e-01 4.73613977e-01 3.31105500e-01
 1.40000000e+01 5.70000000e+01]
  - 88: [1.12262958e+00 1.60610467e-01 8.79287481e-01 8.06501571e+00
 2.73633556e+02 9.96140063e-01 4.73564744e-01 3.31086367e-01
 1.40000000e+01 5.70000000e+01]
  - 89: [1.12267735e+00 1.60616994e-01 8.79398167e-01 8.06501637e+00
 2.73633662e+02 9.96140778e-01 4.73613977e-01 3.31105500e-01
 1.40000000e+01 5.70000000e+01]
  - 90: [1.12267735e+00 1.60616994e-01 8.79398167e-01 8.06501637e+00
 2.73633662e+02 9.96140778e-01 4.73613977e-01 3.31105500e-01
 1.40000000e+01 5.70000000e+01]
  - 91: [1.12263008e+00 1.60610572e-01 8.79289031e-01 8.06501571e+00
 2.73633556e+02 9.96140182e-01 4.73565340e-01 3.31086606e-01
 1.40000000e+01 5.70000000e+01]
  - 92: [1.12267735e+00 1.60616994e-01 8.79398167e-01 8.06501637e+00
 2.73633662e+02 9.96140778e-01 4.73613977e-01 3.31105500e-01
 1.40000000e+01 5.70000000e+01]
  - 93: [1.12267436e+00 1.60616606e-01 8.79390657e-01 8.06501637e+00
 2.73633662e+02 9.96140718e-01 4.73611236e-01 3.31104100e-01
 1.40000000e+01 5.70000000e+01]
  - 94: [1.12267735e+00 1.60616994e-01 8.79398167e-01 8.06501637e+00
 2.73633662e+02 9.96140778e-01 4.73613977e-01 3.31105500e-01
 1.40000000e+01 5.70000000e+01]
  - 95: [1.12266905e+00 1.60615876e-01 8.79378140e-01 8.06501637e+00
 2.73633662e+02 9.96140599e-01 4.73605752e-01 3.31102133e-01
 1.40000000e+01 5.70000000e+01]
  - 96: [1.12267735e+00 1.60616994e-01 8.79398167e-01 8.06501637e+00
 2.73633662e+02 9.96140778e-01 4.73613977e-01 3.31105500e-01
 1.40000000e+01 5.70000000e+01]
  - 97: [1.12267735e+00 1.60616994e-01 8.79398167e-01 8.06501637e+00
 2.73633662e+02 9.96140778e-01 4.73613977e-01 3.31105500e-01
 1.40000000e+01 5.70000000e+01]
  - 98: [1.12265869e+00 1.60614461e-01 8.79354239e-01 8.06501637e+00
 2.73633619e+02 9.96140420e-01 4.73595023e-01 3.31097871e-01
 1.40000000e+01 5.70000000e+01]
  - 99: [1.12267735e+00 1.60616994e-01 8.79398167e-01 8.06501637e+00
 2.73633662e+02 9.96140778e-01 4.73613977e-01 3.31105500e-01
 1.40000000e+01 5.70000000e+01]
Updating sensitivity info in ERGOM_L4_observability_ARGO_PO4_NOV.pickle with model results...
Done
