Starting ppserver on r512c07n[02-03]:50159
Host names provided to parsac: r512c07n02:50159,r512c07n03:50159,
Starting parsac
Reading sensitivity samples from ERGOM_Arkona_observability_ARGO_NO3_JUN.pickle...
Reading configuration from Arkona_observability_ARGO_NO3_JUN.xml...
Starting Parallel Python server...
Giving Parallel Python 10 seconds to connect to: r512c07n02:50159, r512c07n03:50159
Running on:
   local: 0 cpus
   r512c07n03:50159: 48 cpus
   r512c07n02:50159: 48 cpus
Total number of cpus: 96
Starting model run...
Model run took 4.9 s.
 Processed /g100_scratch/usertrain/a08trb35/ERGOM_Arkona_JUN_ARGO_NO3_OBSERVABILITY/0000...
Starting model run...
Model run took 3.5 s.
 Processed /g100_scratch/usertrain/a08trb35/ERGOM_Arkona_JUN_ARGO_NO3_OBSERVABILITY/0001...
Starting model run...
Model run took 4.9 s.
 Processed /g100_scratch/usertrain/a08trb35/ERGOM_Arkona_JUN_ARGO_NO3_OBSERVABILITY/0002...
Starting model run...
Model run took 3.7 s.
 Processed /g100_scratch/usertrain/a08trb35/ERGOM_Arkona_JUN_ARGO_NO3_OBSERVABILITY/0003...
Starting model run...
Model run took 4.9 s.
 Processed /g100_scratch/usertrain/a08trb35/ERGOM_Arkona_JUN_ARGO_NO3_OBSERVABILITY/0004...
Starting model run...
Model run took 3.8 s.
 Processed /g100_scratch/usertrain/a08trb35/ERGOM_Arkona_JUN_ARGO_NO3_OBSERVABILITY/0005...
Starting model run...
Model run took 4.9 s.
 Processed /g100_scratch/usertrain/a08trb35/ERGOM_Arkona_JUN_ARGO_NO3_OBSERVABILITY/0006...
Starting model run...
Model run took 3.7 s.
 Processed /g100_scratch/usertrain/a08trb35/ERGOM_Arkona_JUN_ARGO_NO3_OBSERVABILITY/0007...
Starting model run...
Model run took 4.9 s.
 Processed /g100_scratch/usertrain/a08trb35/ERGOM_Arkona_JUN_ARGO_NO3_OBSERVABILITY/0008...
Starting model run...
Model run took 3.5 s.
 Processed /g100_scratch/usertrain/a08trb35/ERGOM_Arkona_JUN_ARGO_NO3_OBSERVABILITY/0009...
Starting model run...
Model run took 4.9 s.
 Processed /g100_scratch/usertrain/a08trb35/ERGOM_Arkona_JUN_ARGO_NO3_OBSERVABILITY/0010...
Starting model run...
Model run took 3.7 s.
 Processed /g100_scratch/usertrain/a08trb35/ERGOM_Arkona_JUN_ARGO_NO3_OBSERVABILITY/0011...
Starting model run...
Model run took 4.9 s.
 Processed /g100_scratch/usertrain/a08trb35/ERGOM_Arkona_JUN_ARGO_NO3_OBSERVABILITY/0012...
Starting model run...
Model run took 3.5 s.
 Processed /g100_scratch/usertrain/a08trb35/ERGOM_Arkona_JUN_ARGO_NO3_OBSERVABILITY/0013...
Starting model run...
Model run took 4.9 s.
 Processed /g100_scratch/usertrain/a08trb35/ERGOM_Arkona_JUN_ARGO_NO3_OBSERVABILITY/0014...
Starting model run...
Model run took 3.4 s.
 Processed /g100_scratch/usertrain/a08trb35/ERGOM_Arkona_JUN_ARGO_NO3_OBSERVABILITY/0015...
Starting model run...
Model run took 4.9 s.
 Processed /g100_scratch/usertrain/a08trb35/ERGOM_Arkona_JUN_ARGO_NO3_OBSERVABILITY/0016...
Starting model run...
Model run took 3.6 s.
 Processed /g100_scratch/usertrain/a08trb35/ERGOM_Arkona_JUN_ARGO_NO3_OBSERVABILITY/0017...
Starting model run...
Model run took 4.9 s.
 Processed /g100_scratch/usertrain/a08trb35/ERGOM_Arkona_JUN_ARGO_NO3_OBSERVABILITY/0018...
Starting model run...
Model run took 3.8 s.
 Processed /g100_scratch/usertrain/a08trb35/ERGOM_Arkona_JUN_ARGO_NO3_OBSERVABILITY/0019...
Starting model run...
Model run took 4.9 s.
 Processed /g100_scratch/usertrain/a08trb35/ERGOM_Arkona_JUN_ARGO_NO3_OBSERVABILITY/0020...
Starting model run...
Model run took 3.5 s.
 Processed /g100_scratch/usertrain/a08trb35/ERGOM_Arkona_JUN_ARGO_NO3_OBSERVABILITY/0021...
Starting model run...
Model run took 4.9 s.
 Processed /g100_scratch/usertrain/a08trb35/ERGOM_Arkona_JUN_ARGO_NO3_OBSERVABILITY/0022...
Starting model run...
Model run took 3.4 s.
 Processed /g100_scratch/usertrain/a08trb35/ERGOM_Arkona_JUN_ARGO_NO3_OBSERVABILITY/0023...
Starting model run...
Model run took 4.9 s.
 Processed /g100_scratch/usertrain/a08trb35/ERGOM_Arkona_JUN_ARGO_NO3_OBSERVABILITY/0024...
Starting model run...
Model run took 3.5 s.
 Processed /g100_scratch/usertrain/a08trb35/ERGOM_Arkona_JUN_ARGO_NO3_OBSERVABILITY/0025...
Starting model run...
Model run took 4.9 s.
 Processed /g100_scratch/usertrain/a08trb35/ERGOM_Arkona_JUN_ARGO_NO3_OBSERVABILITY/0026...
Starting model run...
Model run took 3.7 s.
 Processed /g100_scratch/usertrain/a08trb35/ERGOM_Arkona_JUN_ARGO_NO3_OBSERVABILITY/0027...
Starting model run...
Model run took 4.9 s.
 Processed /g100_scratch/usertrain/a08trb35/ERGOM_Arkona_JUN_ARGO_NO3_OBSERVABILITY/0028...
Starting model run...
Model run took 3.4 s.
 Processed /g100_scratch/usertrain/a08trb35/ERGOM_Arkona_JUN_ARGO_NO3_OBSERVABILITY/0029...
Starting model run...
Model run took 4.9 s.
 Processed /g100_scratch/usertrain/a08trb35/ERGOM_Arkona_JUN_ARGO_NO3_OBSERVABILITY/0030...
Starting model run...
Model run took 3.5 s.
 Processed /g100_scratch/usertrain/a08trb35/ERGOM_Arkona_JUN_ARGO_NO3_OBSERVABILITY/0031...
Starting model run...
Model run took 4.9 s.
 Processed /g100_scratch/usertrain/a08trb35/ERGOM_Arkona_JUN_ARGO_NO3_OBSERVABILITY/0032...
Starting model run...
Model run took 3.8 s.
 Processed /g100_scratch/usertrain/a08trb35/ERGOM_Arkona_JUN_ARGO_NO3_OBSERVABILITY/0033...
Starting model run...
Model run took 4.9 s.
 Processed /g100_scratch/usertrain/a08trb35/ERGOM_Arkona_JUN_ARGO_NO3_OBSERVABILITY/0034...
Starting model run...
Model run took 3.5 s.
 Processed /g100_scratch/usertrain/a08trb35/ERGOM_Arkona_JUN_ARGO_NO3_OBSERVABILITY/0035...
Starting model run...
Model run took 4.9 s.
 Processed /g100_scratch/usertrain/a08trb35/ERGOM_Arkona_JUN_ARGO_NO3_OBSERVABILITY/0036...
Starting model run...
Model run took 3.7 s.
 Processed /g100_scratch/usertrain/a08trb35/ERGOM_Arkona_JUN_ARGO_NO3_OBSERVABILITY/0037...
Starting model run...
Model run took 3.7 s.
 Processed /g100_scratch/usertrain/a08trb35/ERGOM_Arkona_JUN_ARGO_NO3_OBSERVABILITY/0038...
Starting model run...
Model run took 4.9 s.
 Processed /g100_scratch/usertrain/a08trb35/ERGOM_Arkona_JUN_ARGO_NO3_OBSERVABILITY/0039...
Starting model run...
Model run took 4.9 s.
 Processed /g100_scratch/usertrain/a08trb35/ERGOM_Arkona_JUN_ARGO_NO3_OBSERVABILITY/0040...
Starting model run...
Model run took 3.4 s.
 Processed /g100_scratch/usertrain/a08trb35/ERGOM_Arkona_JUN_ARGO_NO3_OBSERVABILITY/0041...
Starting model run...
Model run took 3.5 s.
 Processed /g100_scratch/usertrain/a08trb35/ERGOM_Arkona_JUN_ARGO_NO3_OBSERVABILITY/0042...
Starting model run...
Model run took 5.0 s.
 Processed /g100_scratch/usertrain/a08trb35/ERGOM_Arkona_JUN_ARGO_NO3_OBSERVABILITY/0043...
Starting model run...
Model run took 3.8 s.
 Processed /g100_scratch/usertrain/a08trb35/ERGOM_Arkona_JUN_ARGO_NO3_OBSERVABILITY/0044...
Starting model run...
Model run took 4.9 s.
 Processed /g100_scratch/usertrain/a08trb35/ERGOM_Arkona_JUN_ARGO_NO3_OBSERVABILITY/0045...
Starting model run...
Model run took 5.2 s.
 Processed /g100_scratch/usertrain/a08trb35/ERGOM_Arkona_JUN_ARGO_NO3_OBSERVABILITY/0046...
Starting model run...
Model run took 3.4 s.
 Processed /g100_scratch/usertrain/a08trb35/ERGOM_Arkona_JUN_ARGO_NO3_OBSERVABILITY/0047...
Starting model run...
Model run took 3.4 s.
 Processed /g100_scratch/usertrain/a08trb35/ERGOM_Arkona_JUN_ARGO_NO3_OBSERVABILITY/0048...
Starting model run...
Model run took 4.9 s.
 Processed /g100_scratch/usertrain/a08trb35/ERGOM_Arkona_JUN_ARGO_NO3_OBSERVABILITY/0049...
Starting model run...
Model run took 3.4 s.
 Processed /g100_scratch/usertrain/a08trb35/ERGOM_Arkona_JUN_ARGO_NO3_OBSERVABILITY/0050...
Starting model run...
Model run took 4.9 s.
 Processed /g100_scratch/usertrain/a08trb35/ERGOM_Arkona_JUN_ARGO_NO3_OBSERVABILITY/0051...
Starting model run...
Model run took 3.4 s.
 Processed /g100_scratch/usertrain/a08trb35/ERGOM_Arkona_JUN_ARGO_NO3_OBSERVABILITY/0052...
Starting model run...
Model run took 4.9 s.
 Processed /g100_scratch/usertrain/a08trb35/ERGOM_Arkona_JUN_ARGO_NO3_OBSERVABILITY/0053...
Starting model run...
Model run took 4.9 s.
 Processed /g100_scratch/usertrain/a08trb35/ERGOM_Arkona_JUN_ARGO_NO3_OBSERVABILITY/0054...
Starting model run...
Model run took 3.4 s.
 Processed /g100_scratch/usertrain/a08trb35/ERGOM_Arkona_JUN_ARGO_NO3_OBSERVABILITY/0055...
Starting model run...
Model run took 4.9 s.
 Processed /g100_scratch/usertrain/a08trb35/ERGOM_Arkona_JUN_ARGO_NO3_OBSERVABILITY/0056...
Starting model run...
Model run took 3.4 s.
 Processed /g100_scratch/usertrain/a08trb35/ERGOM_Arkona_JUN_ARGO_NO3_OBSERVABILITY/0057...
Starting model run...
Model run took 5.0 s.
 Processed /g100_scratch/usertrain/a08trb35/ERGOM_Arkona_JUN_ARGO_NO3_OBSERVABILITY/0058...
Starting model run...
Model run took 3.4 s.
 Processed /g100_scratch/usertrain/a08trb35/ERGOM_Arkona_JUN_ARGO_NO3_OBSERVABILITY/0059...
Starting model run...
Model run took 4.9 s.
 Processed /g100_scratch/usertrain/a08trb35/ERGOM_Arkona_JUN_ARGO_NO3_OBSERVABILITY/0060...
Starting model run...
Model run took 3.5 s.
 Processed /g100_scratch/usertrain/a08trb35/ERGOM_Arkona_JUN_ARGO_NO3_OBSERVABILITY/0061...
Starting model run...
Model run took 4.9 s.
 Processed /g100_scratch/usertrain/a08trb35/ERGOM_Arkona_JUN_ARGO_NO3_OBSERVABILITY/0062...
Starting model run...
Model run took 3.4 s.
 Processed /g100_scratch/usertrain/a08trb35/ERGOM_Arkona_JUN_ARGO_NO3_OBSERVABILITY/0063...
Starting model run...
Model run took 4.9 s.
 Processed /g100_scratch/usertrain/a08trb35/ERGOM_Arkona_JUN_ARGO_NO3_OBSERVABILITY/0064...
Starting model run...
Model run took 3.6 s.
 Processed /g100_scratch/usertrain/a08trb35/ERGOM_Arkona_JUN_ARGO_NO3_OBSERVABILITY/0065...
Starting model run...
Model run took 4.9 s.
 Processed /g100_scratch/usertrain/a08trb35/ERGOM_Arkona_JUN_ARGO_NO3_OBSERVABILITY/0066...
Starting model run...
Model run took 3.4 s.
 Processed /g100_scratch/usertrain/a08trb35/ERGOM_Arkona_JUN_ARGO_NO3_OBSERVABILITY/0067...
Starting model run...
Model run took 4.9 s.
 Processed /g100_scratch/usertrain/a08trb35/ERGOM_Arkona_JUN_ARGO_NO3_OBSERVABILITY/0068...
Starting model run...
Model run took 3.9 s.
 Processed /g100_scratch/usertrain/a08trb35/ERGOM_Arkona_JUN_ARGO_NO3_OBSERVABILITY/0069...
Starting model run...
Model run took 4.9 s.
 Processed /g100_scratch/usertrain/a08trb35/ERGOM_Arkona_JUN_ARGO_NO3_OBSERVABILITY/0070...
Starting model run...
Model run took 3.4 s.
 Processed /g100_scratch/usertrain/a08trb35/ERGOM_Arkona_JUN_ARGO_NO3_OBSERVABILITY/0071...
Starting model run...
Model run took 4.9 s.
 Processed /g100_scratch/usertrain/a08trb35/ERGOM_Arkona_JUN_ARGO_NO3_OBSERVABILITY/0072...
Starting model run...
Model run took 3.4 s.
 Processed /g100_scratch/usertrain/a08trb35/ERGOM_Arkona_JUN_ARGO_NO3_OBSERVABILITY/0073...
Starting model run...
Model run took 4.9 s.
 Processed /g100_scratch/usertrain/a08trb35/ERGOM_Arkona_JUN_ARGO_NO3_OBSERVABILITY/0074...
Starting model run...
Model run took 3.4 s.
 Processed /g100_scratch/usertrain/a08trb35/ERGOM_Arkona_JUN_ARGO_NO3_OBSERVABILITY/0075...
Starting model run...
Model run took 5.0 s.
 Processed /g100_scratch/usertrain/a08trb35/ERGOM_Arkona_JUN_ARGO_NO3_OBSERVABILITY/0076...
Starting model run...
Model run took 3.6 s.
 Processed /g100_scratch/usertrain/a08trb35/ERGOM_Arkona_JUN_ARGO_NO3_OBSERVABILITY/0077...
Starting model run...
Model run took 4.9 s.
 Processed /g100_scratch/usertrain/a08trb35/ERGOM_Arkona_JUN_ARGO_NO3_OBSERVABILITY/0078...
Starting model run...
Model run took 3.3 s.
 Processed /g100_scratch/usertrain/a08trb35/ERGOM_Arkona_JUN_ARGO_NO3_OBSERVABILITY/0079...
Starting model run...
Model run took 4.9 s.
 Processed /g100_scratch/usertrain/a08trb35/ERGOM_Arkona_JUN_ARGO_NO3_OBSERVABILITY/0080...
Starting model run...
Model run took 3.3 s.
 Processed /g100_scratch/usertrain/a08trb35/ERGOM_Arkona_JUN_ARGO_NO3_OBSERVABILITY/0081...
Starting model run...
Model run took 4.9 s.
 Processed /g100_scratch/usertrain/a08trb35/ERGOM_Arkona_JUN_ARGO_NO3_OBSERVABILITY/0082...
Starting model run...
Model run took 3.6 s.
 Processed /g100_scratch/usertrain/a08trb35/ERGOM_Arkona_JUN_ARGO_NO3_OBSERVABILITY/0083...
Starting model run...
Model run took 4.9 s.
 Processed /g100_scratch/usertrain/a08trb35/ERGOM_Arkona_JUN_ARGO_NO3_OBSERVABILITY/0084...
Starting model run...
Model run took 3.3 s.
 Processed /g100_scratch/usertrain/a08trb35/ERGOM_Arkona_JUN_ARGO_NO3_OBSERVABILITY/0085...
Starting model run...
Model run took 3.4 s.
 Processed /g100_scratch/usertrain/a08trb35/ERGOM_Arkona_JUN_ARGO_NO3_OBSERVABILITY/0086...
Starting model run...
Model run took 4.9 s.
 Processed /g100_scratch/usertrain/a08trb35/ERGOM_Arkona_JUN_ARGO_NO3_OBSERVABILITY/0087...
Starting model run...
Model run took 4.9 s.
 Processed /g100_scratch/usertrain/a08trb35/ERGOM_Arkona_JUN_ARGO_NO3_OBSERVABILITY/0088...
Starting model run...
Model run took 3.4 s.
 Processed /g100_scratch/usertrain/a08trb35/ERGOM_Arkona_JUN_ARGO_NO3_OBSERVABILITY/0089...
Starting model run...
Model run took 3.4 s.
 Processed /g100_scratch/usertrain/a08trb35/ERGOM_Arkona_JUN_ARGO_NO3_OBSERVABILITY/0090...
Starting model run...
Model run took 5.0 s.
 Processed /g100_scratch/usertrain/a08trb35/ERGOM_Arkona_JUN_ARGO_NO3_OBSERVABILITY/0091...
Starting model run...
Model run took 3.6 s.
 Processed /g100_scratch/usertrain/a08trb35/ERGOM_Arkona_JUN_ARGO_NO3_OBSERVABILITY/0092...
Starting model run...
Model run took 4.9 s.
 Processed /g100_scratch/usertrain/a08trb35/ERGOM_Arkona_JUN_ARGO_NO3_OBSERVABILITY/0093...
Starting model run...
Model run took 4.9 s.
 Processed /g100_scratch/usertrain/a08trb35/ERGOM_Arkona_JUN_ARGO_NO3_OBSERVABILITY/0094...
Starting model run...
Model run took 3.4 s.
 Processed /g100_scratch/usertrain/a08trb35/ERGOM_Arkona_JUN_ARGO_NO3_OBSERVABILITY/0095...
Starting model run...
Model run took 3.4 s.
 Processed /g100_scratch/usertrain/a08trb35/ERGOM_Arkona_JUN_ARGO_NO3_OBSERVABILITY/0096...
Starting model run...
Model run took 3.4 s.
 Processed /g100_scratch/usertrain/a08trb35/ERGOM_Arkona_JUN_ARGO_NO3_OBSERVABILITY/0097...
Starting model run...
Model run took 3.3 s.
 Processed /g100_scratch/usertrain/a08trb35/ERGOM_Arkona_JUN_ARGO_NO3_OBSERVABILITY/0098...
Starting model run...
Model run took 3.5 s.
 Processed /g100_scratch/usertrain/a08trb35/ERGOM_Arkona_JUN_ARGO_NO3_OBSERVABILITY/0099...
Retrieving value of target expression(s) for each ensemble member...
  - 0: [4.30768054e-02 1.45681381e-01 2.25186735e-01 7.61830471e+00
 5.61799688e+01 5.26334830e-02 4.02829885e-01 3.53156656e-01
 3.00000000e+00 3.60000000e+01]
  - 1: [4.27560703e-02 1.45986974e-01 2.14746043e-01 7.61777795e+00
 5.63123885e+01 4.46409695e-02 4.02837217e-01 3.38924527e-01
 3.00000000e+00 3.60000000e+01]
  - 2: [4.24192574e-02 1.46170259e-01 2.05728173e-01 7.61729564e+00
 5.64235044e+01 3.95588726e-02 4.02843356e-01 3.22695404e-01
 3.00000000e+00 3.60000000e+01]
  - 3: [4.29325052e-02 1.45839304e-01 2.20157608e-01 7.61805194e+00
 5.62462424e+01 4.85373102e-02 4.02833521e-01 3.47059429e-01
 3.00000000e+00 3.60000000e+01]
  - 4: [4.29822880e-02 1.45806104e-01 2.21695006e-01 7.61813089e+00
 5.62262759e+01 4.97353598e-02 4.02832448e-01 3.49397689e-01
 3.00000000e+00 3.60000000e+01]
  - 5: [4.27550829e-02 1.45987779e-01 2.14716852e-01 7.61777662e+00
 5.63127441e+01 4.46209982e-02 4.02837217e-01 3.38879079e-01
 3.00000000e+00 3.60000000e+01]
  - 6: [4.26196871e-02 1.46072522e-01 2.10887447e-01 7.61757826e+00
 5.63594652e+01 4.22049090e-02 4.02839899e-01 3.32379371e-01
 3.00000000e+00 3.60000000e+01]
  - 7: [4.30177994e-02 1.45775676e-01 2.22870633e-01 7.61818927e+00
 5.62110596e+01 5.06676733e-02 4.02831614e-01 3.51051986e-01
 3.00000000e+00 3.60000000e+01]
  - 8: [4.27117970e-02 1.46019697e-01 2.13457808e-01 7.61771161e+00
 5.63280189e+01 4.37832586e-02 4.02838171e-01 3.36842775e-01
 3.00000000e+00 3.60000000e+01]
  - 9: [4.23375601e-02 1.46221399e-01 2.03739494e-01 7.61718153e+00
 5.64487252e+01 3.87277827e-02 4.02844548e-01 3.18763435e-01
 3.00000000e+00 3.60000000e+01]
  - 10: [4.30222205e-02 1.45770803e-01 2.23026559e-01 7.61819723e+00
 5.62090428e+01 5.07922955e-02 4.02831435e-01 3.51254910e-01
 3.00000000e+00 3.60000000e+01]
  - 11: [4.29629139e-02 1.45818651e-01 2.21095338e-01 7.61809971e+00
 5.62340778e+01 4.92609665e-02 4.02832925e-01 3.48480135e-01
 3.00000000e+00 3.60000000e+01]
  - 12: [4.20412447e-02 1.46598056e-01 1.96627930e-01 7.61676224e+00
 5.65406866e+01 3.60461622e-02 4.02802527e-01 3.07759047e-01
 3.00000000e+00 3.70000000e+01]
  - 13: [4.28502378e-02 1.45905629e-01 2.17596784e-01 7.61792191e+00
 5.62782035e+01 4.66642268e-02 4.02835131e-01 3.43262345e-01
 3.00000000e+00 3.60000000e+01]
  - 14: [4.30070913e-02 1.45786464e-01 2.22501799e-01 7.61817136e+00
 5.62158203e+01 5.03739491e-02 4.02831972e-01 3.50554645e-01
 3.00000000e+00 3.60000000e+01]
  - 15: [4.25320682e-02 1.46115318e-01 2.08559304e-01 7.61745287e+00
 5.63881358e+01 4.09102999e-02 4.02841508e-01 3.28089297e-01
 3.00000000e+00 3.60000000e+01]
  - 16: [4.29666146e-02 1.45816311e-01 2.21209064e-01 7.61810568e+00
 5.62326076e+01 4.93503660e-02 4.02832747e-01 3.48655939e-01
 3.00000000e+00 3.60000000e+01]
  - 17: [4.25597948e-02 1.46101832e-01 2.09285378e-01 7.61749268e+00
 5.63791716e+01 4.13003415e-02 4.02841091e-01 3.29445332e-01
 3.00000000e+00 3.60000000e+01]
  - 18: [4.29932449e-02 1.45798355e-01 2.22043574e-01 7.61814814e+00
 5.62217593e+01 5.00104688e-02 4.02832270e-01 3.49909902e-01
 3.00000000e+00 3.60000000e+01]
  - 19: [4.23509738e-02 1.46212056e-01 2.04062670e-01 7.61720077e+00
 5.64446225e+01 3.88591364e-02 4.02844489e-01 3.19410443e-01
 3.00000000e+00 3.60000000e+01]
  - 20: [4.28115259e-02 1.45939782e-01 2.16408938e-01 7.61786220e+00
 5.62925229e+01 4.58086841e-02 4.02836084e-01 3.41486543e-01
 3.00000000e+00 3.60000000e+01]
  - 21: [4.26251448e-02 1.46069661e-01 2.11035952e-01 7.61758556e+00
 5.63576501e+01 4.22920585e-02 4.02839839e-01 3.32644016e-01
 3.00000000e+00 3.60000000e+01]
  - 22: [4.29647591e-02 1.45817474e-01 2.21152082e-01 7.61810236e+00
 5.62333507e+01 4.93054017e-02 4.02832925e-01 3.48567843e-01
 3.00000000e+00 3.60000000e+01]
  - 23: [4.28723071e-02 1.45886272e-01 2.18281493e-01 7.61795575e+00
 5.62698550e+01 4.71608154e-02 4.02834713e-01 3.44276816e-01
 3.00000000e+00 3.60000000e+01]
  - 24: [4.30540520e-02 1.45723432e-01 2.24266067e-01 7.61825893e+00
 5.61929189e+01 5.18033914e-02 4.02830601e-01 3.52552652e-01
 3.00000000e+00 3.60000000e+01]
  - 25: [4.27130305e-02 1.46018922e-01 2.13493288e-01 7.61771426e+00
 5.63275943e+01 4.38063219e-02 4.02838111e-01 3.36902380e-01
 3.00000000e+00 3.60000000e+01]
  - 26: [4.24510189e-02 1.46153927e-01 2.06512034e-01 7.61734009e+00
 5.64136273e+01 3.99078876e-02 4.02842760e-01 3.24211925e-01
 3.00000000e+00 3.60000000e+01]
  - 27: [4.30283235e-02 1.45762131e-01 2.23257631e-01 7.61820918e+00
 5.62060547e+01 5.09797633e-02 4.02831376e-01 3.51520866e-01
 3.00000000e+00 3.60000000e+01]
  - 28: [4.21197596e-02 1.46473497e-01 1.98467895e-01 7.61687436e+00
 5.65164052e+01 3.66856009e-02 4.02825952e-01 3.08446467e-01
 3.00000000e+00 3.70000000e+01]
  - 29: [4.27283230e-02 1.46008268e-01 2.13935688e-01 7.61773682e+00
 5.63221701e+01 4.40967493e-02 4.02837813e-01 3.37635726e-01
 3.00000000e+00 3.60000000e+01]
  - 30: [4.23922668e-02 1.46185711e-01 2.05065235e-01 7.61725915e+00
 5.64318848e+01 3.92751694e-02 4.02843714e-01 3.21396649e-01
 3.00000000e+00 3.60000000e+01]
  - 31: [4.29736894e-02 1.45811871e-01 2.21426576e-01 7.61811630e+00
 5.62297629e+01 4.95228022e-02 4.02832687e-01 3.48992854e-01
 3.00000000e+00 3.60000000e+01]
  - 32: [4.30024655e-02 1.45790741e-01 2.22346023e-01 7.61816406e+00
 5.62178371e+01 5.02502583e-02 4.02831972e-01 3.50339890e-01
 3.00000000e+00 3.60000000e+01]
  - 33: [4.29410909e-02 1.45833224e-01 2.20422834e-01 7.61806521e+00
 5.62428032e+01 4.87395786e-02 4.02833223e-01 3.47456008e-01
 3.00000000e+00 3.60000000e+01]
  - 34: [4.28441426e-02 1.45911217e-01 2.17407122e-01 7.61791196e+00
 5.62805070e+01 4.65271361e-02 4.02835369e-01 3.42982084e-01
 3.00000000e+00 3.60000000e+01]
  - 35: [4.21127677e-02 1.46483913e-01 1.98302597e-01 7.61686441e+00
 5.65185600e+01 3.66269685e-02 4.02824283e-01 3.08394998e-01
 3.00000000e+00 3.70000000e+01]
  - 36: [4.29606023e-02 1.45820111e-01 2.21024081e-01 7.61809573e+00
 5.62350013e+01 4.92052659e-02 4.02832985e-01 3.48370224e-01
 3.00000000e+00 3.60000000e+01]
  - 37: [4.28624075e-02 1.45894766e-01 2.17974380e-01 7.61794049e+00
 5.62736233e+01 4.69379500e-02 4.02834892e-01 3.43821287e-01
 3.00000000e+00 3.60000000e+01]
  - 38: [4.30266391e-02 1.45764604e-01 2.23193109e-01 7.61820586e+00
 5.62068933e+01 5.09273000e-02 4.02831376e-01 3.51447850e-01
 3.00000000e+00 3.60000000e+01]
  - 39: [4.23474623e-02 1.46214396e-01 2.03978181e-01 7.61719679e+00
 5.64456946e+01 3.88246775e-02 4.02844429e-01 3.19241017e-01
 3.00000000e+00 3.60000000e+01]
  - 40: [4.20730891e-02 1.46545485e-01 1.97370276e-01 7.61680736e+00
 5.65308148e+01 3.63016017e-02 4.02813375e-01 3.08063269e-01
 3.00000000e+00 3.70000000e+01]
  - 41: [4.25453134e-02 1.46109059e-01 2.08903894e-01 7.61747211e+00
 5.63838740e+01 4.10927609e-02 4.02841210e-01 3.28734219e-01
 3.00000000e+00 3.60000000e+01]
  - 42: [4.29757393e-02 1.45810455e-01 2.21490502e-01 7.61811961e+00
 5.62289296e+01 4.95737083e-02 4.02832687e-01 3.49089503e-01
 3.00000000e+00 3.60000000e+01]
  - 43: [4.28560376e-02 1.45900369e-01 2.17776895e-01 7.61792987e+00
 5.62760275e+01 4.67948392e-02 4.02835011e-01 3.43528599e-01
 3.00000000e+00 3.60000000e+01]
  - 44: [4.30012034e-02 1.45791978e-01 2.22303480e-01 7.61816141e+00
 5.62183891e+01 5.02162911e-02 4.02832091e-01 3.50281268e-01
 3.00000000e+00 3.60000000e+01]
  - 45: [4.25559593e-02 1.46103770e-01 2.09183887e-01 7.61748737e+00
 5.63804295e+01 4.12444994e-02 4.02841091e-01 3.29256326e-01
 3.00000000e+00 3.60000000e+01]
  - 46: [4.25808404e-02 1.46091565e-01 2.09843695e-01 7.61752253e+00
 5.63722932e+01 4.16092724e-02 4.02840674e-01 3.30479205e-01
 3.00000000e+00 3.60000000e+01]
  - 47: [4.27178378e-02 1.46015629e-01 2.13632166e-01 7.61772156e+00
 5.63258853e+01 4.38970141e-02 4.02838051e-01 3.37134749e-01
 3.00000000e+00 3.60000000e+01]
  - 48: [4.28184556e-02 1.45933867e-01 2.16619477e-01 7.61787348e+00
 5.62899966e+01 4.59592715e-02 4.02835965e-01 3.41806799e-01
 3.00000000e+00 3.60000000e+01]
  - 49: [4.25258123e-02 1.46118239e-01 2.08397642e-01 7.61744425e+00
 5.63901473e+01 4.08259779e-02 4.02841568e-01 3.27785999e-01
 3.00000000e+00 3.60000000e+01]
  - 50: [4.24772734e-02 1.46141306e-01 2.07165018e-01 7.61737724e+00
 5.64054486e+01 4.02126722e-02 4.02842283e-01 3.25459272e-01
 3.00000000e+00 3.60000000e+01]
  - 51: [4.21891342e-02 1.46375149e-01 2.00132996e-01 7.61697189e+00
 5.64948306e+01 3.72989140e-02 4.02839124e-01 3.11577082e-01
 3.00000000e+00 3.60000000e+01]
  - 52: [4.22580190e-02 1.46294162e-01 2.01802924e-01 7.61706941e+00
 5.64733834e+01 3.79466154e-02 4.02844667e-01 3.14914137e-01
 3.00000000e+00 3.60000000e+01]
  - 53: [4.30225445e-02 1.45770401e-01 2.23038509e-01 7.61819790e+00
 5.62088888e+01 5.08019626e-02 4.02831435e-01 3.51269543e-01
 3.00000000e+00 3.60000000e+01]
  - 54: [4.29893447e-02 1.45801336e-01 2.21917689e-01 7.61814151e+00
 5.62233834e+01 4.99110892e-02 4.02832270e-01 3.49728793e-01
 3.00000000e+00 3.60000000e+01]
  - 55: [4.26098653e-02 1.46077558e-01 2.10621506e-01 7.61756366e+00
 5.63627081e+01 4.20500264e-02 4.02840137e-01 3.31902206e-01
 3.00000000e+00 3.60000000e+01]
  - 56: [4.26197441e-02 1.46072507e-01 2.10889086e-01 7.61757826e+00
 5.63594387e+01 4.22058627e-02 4.02839899e-01 3.32382381e-01
 3.00000000e+00 3.60000000e+01]
  - 57: [4.29794503e-02 1.45807967e-01 2.21606344e-01 7.61812625e+00
 5.62274223e+01 4.96652946e-02 4.02832508e-01 3.49264026e-01
 3.00000000e+00 3.60000000e+01]
  - 58: [4.29800386e-02 1.45807579e-01 2.21624687e-01 7.61812757e+00
 5.62271888e+01 4.96798605e-02 4.02832508e-01 3.49291712e-01
 3.00000000e+00 3.60000000e+01]
  - 59: [4.27869688e-02 1.45960838e-01 2.15665668e-01 7.61782505e+00
 5.63014234e+01 4.52809408e-02 4.02836561e-01 3.40344012e-01
 3.00000000e+00 3.60000000e+01]
  - 60: [4.30367252e-02 1.45749852e-01 2.23583207e-01 7.61822443e+00
 5.62018459e+01 5.12424260e-02 4.02831078e-01 3.51877213e-01
 3.00000000e+00 3.60000000e+01]
  - 61: [4.23441866e-02 1.46216676e-01 2.03899324e-01 7.61719148e+00
 5.64467030e+01 3.87926102e-02 4.02844489e-01 3.19082886e-01
 3.00000000e+00 3.60000000e+01]
  - 62: [4.20872103e-02 1.46523267e-01 1.97700083e-01 7.61682792e+00
 5.65264521e+01 3.64156477e-02 4.02817488e-01 3.08191389e-01
 3.00000000e+00 3.70000000e+01]
  - 63: [4.27665348e-02 1.45978197e-01 2.15055749e-01 7.61779453e+00
 5.63086840e+01 4.48543020e-02 4.02837098e-01 3.39404076e-01
 3.00000000e+00 3.60000000e+01]
  - 64: [4.29872974e-02 1.45802841e-01 2.21852243e-01 7.61813819e+00
 5.62242485e+01 4.98594604e-02 4.02832270e-01 3.49633634e-01
 3.00000000e+00 3.60000000e+01]
  - 65: [4.27576796e-02 1.45985633e-01 2.14793473e-01 7.61777994e+00
 5.63118260e+01 4.46734875e-02 4.02837217e-01 3.38998258e-01
 3.00000000e+00 3.60000000e+01]
  - 66: [4.25790263e-02 1.46092415e-01 2.09795520e-01 7.61751988e+00
 5.63728930e+01 4.15824689e-02 4.02840674e-01 3.30390424e-01
 3.00000000e+00 3.60000000e+01]
  - 67: [4.22534476e-02 1.46298915e-01 2.01692477e-01 7.61706344e+00
 5.64748004e+01 3.79022248e-02 4.02844489e-01 3.14692050e-01
 3.00000000e+00 3.60000000e+01]
  - 68: [4.29874710e-02 1.45802736e-01 2.21857712e-01 7.61813819e+00
 5.62241689e+01 4.98637706e-02 4.02832270e-01 3.49641770e-01
 3.00000000e+00 3.60000000e+01]
  - 69: [4.30929272e-02 1.45641401e-01 2.25855127e-01 7.61834252e+00
 5.61696512e+01 5.33273742e-02 4.02829289e-01 3.53361219e-01
 3.00000000e+00 3.60000000e+01]
  - 70: [4.29088992e-02 1.45855993e-01 2.19426721e-01 7.61801346e+00
 5.62556099e+01 4.79954407e-02 4.02833939e-01 3.45968664e-01
 3.00000000e+00 3.60000000e+01]
  - 71: [4.26598658e-02 1.46051019e-01 2.11989284e-01 7.61763598e+00
 5.63459791e+01 4.28631827e-02 4.02839124e-01 3.34324181e-01
 3.00000000e+00 3.60000000e+01]
  - 72: [4.30529325e-02 1.45725131e-01 2.24221691e-01 7.61825628e+00
 5.61935080e+01 5.17666228e-02 4.02830601e-01 3.52512479e-01
 3.00000000e+00 3.60000000e+01]
  - 73: [4.30749240e-02 1.45685479e-01 2.25109994e-01 7.61830073e+00
 5.61810940e+01 5.25590032e-02 4.02829945e-01 3.53122294e-01
 3.00000000e+00 3.60000000e+01]
  - 74: [4.30709072e-02 1.45693913e-01 2.24946767e-01 7.61829210e+00
 5.61834717e+01 5.24029508e-02 4.02830124e-01 3.53045374e-01
 3.00000000e+00 3.60000000e+01]
  - 75: [4.29314764e-02 1.45840034e-01 2.20125735e-01 7.61804929e+00
 5.62466510e+01 4.85131927e-02 4.02833521e-01 3.47011864e-01
 3.00000000e+00 3.60000000e+01]
  - 76: [4.26753189e-02 1.46042392e-01 2.12419823e-01 7.61765853e+00
 5.63407089e+01 4.31263857e-02 4.02838826e-01 3.35072577e-01
 3.00000000e+00 3.60000000e+01]
  - 77: [4.30778317e-02 1.45679042e-01 2.25228846e-01 7.61830803e+00
 5.61793478e+01 5.26746809e-02 4.02829766e-01 3.53175491e-01
 3.00000000e+00 3.60000000e+01]
  - 78: [4.26905518e-02 1.46033198e-01 2.12850451e-01 7.61768109e+00
 5.63354492e+01 4.33954559e-02 4.02838528e-01 3.35813165e-01
 3.00000000e+00 3.60000000e+01]
  - 79: [4.24365842e-02 1.46161184e-01 2.06155092e-01 7.61732019e+00
 5.64181174e+01 3.97465341e-02 4.02842999e-01 3.23523939e-01
 3.00000000e+00 3.60000000e+01]
  - 80: [4.25320838e-02 1.46115288e-01 2.08559707e-01 7.61745353e+00
 5.63881358e+01 4.09105085e-02 4.02841508e-01 3.28090131e-01
 3.00000000e+00 3.60000000e+01]
  - 81: [4.24391757e-02 1.46159872e-01 2.06218988e-01 7.61732284e+00
 5.64173106e+01 3.97751443e-02 4.02842999e-01 3.23647410e-01
 3.00000000e+00 3.60000000e+01]
  - 82: [4.29032238e-02 1.45860434e-01 2.19248891e-01 7.61800484e+00
 5.62578497e+01 4.78655733e-02 4.02833998e-01 3.45706403e-01
 3.00000000e+00 3.60000000e+01]
  - 83: [4.29807020e-02 1.45807162e-01 2.21645340e-01 7.61812757e+00
 5.62269234e+01 4.96961698e-02 4.02832508e-01 3.49322736e-01
 3.00000000e+00 3.60000000e+01]
  - 84: [4.26743886e-02 1.46042943e-01 2.12393671e-01 7.61765654e+00
 5.63410273e+01 4.31102142e-02 4.02838886e-01 3.35027367e-01
 3.00000000e+00 3.60000000e+01]
  - 85: [4.26653935e-02 1.46048054e-01 2.12142348e-01 7.61764394e+00
 5.63441056e+01 4.29560170e-02 4.02839065e-01 3.34591329e-01
 3.00000000e+00 3.60000000e+01]
  - 86: [4.21698093e-02 1.46401361e-01 1.99664980e-01 7.61694469e+00
 5.65008598e+01 3.71226035e-02 4.02836323e-01 3.10642660e-01
 3.00000000e+00 3.60000000e+01]
  - 87: [4.24078366e-02 1.46176636e-01 2.05447182e-01 7.61727905e+00
 5.64270497e+01 3.94374095e-02 4.02843475e-01 3.22146833e-01
 3.00000000e+00 3.60000000e+01]
  - 88: [4.29151317e-02 1.45851463e-01 2.19620958e-01 7.61802408e+00
 5.62531526e+01 4.81374189e-02 4.02833760e-01 3.46256852e-01
 3.00000000e+00 3.60000000e+01]
  - 89: [4.28319755e-02 1.45922184e-01 2.17031687e-01 7.61789405e+00
 5.62850342e+01 4.62555252e-02 4.02835608e-01 3.42425317e-01
 3.00000000e+00 3.60000000e+01]
  - 90: [4.25826389e-02 1.46090716e-01 2.09891587e-01 7.61752452e+00
 5.63717041e+01 4.16359715e-02 4.02840614e-01 3.30567658e-01
 3.00000000e+00 3.60000000e+01]
  - 91: [4.22375435e-02 1.46315962e-01 2.01307938e-01 7.61704155e+00
 5.64797469e+01 3.77496183e-02 4.02843595e-01 3.13917875e-01
 3.00000000e+00 3.60000000e+01]
  - 92: [4.21749690e-02 1.46394283e-01 1.99789330e-01 7.61695198e+00
 5.64992623e+01 3.71690802e-02 4.02837276e-01 3.10890943e-01
 3.00000000e+00 3.60000000e+01]
  - 93: [4.28859851e-02 1.45874694e-01 2.18708187e-01 7.61797830e+00
 5.62645901e+01 4.74716760e-02 4.02834296e-01 3.44910800e-01
 3.00000000e+00 3.60000000e+01]
  - 94: [4.23019425e-02 1.46250591e-01 2.02874407e-01 7.61713244e+00
 5.64596850e+01 3.83799076e-02 4.02845025e-01 3.17044646e-01
 3.00000000e+00 3.60000000e+01]
  - 95: [4.25052669e-02 1.46128073e-01 2.07871184e-01 7.61741572e+00
 5.63966595e+01 4.05581817e-02 4.02841926e-01 3.26798648e-01
 3.00000000e+00 3.60000000e+01]
  - 96: [4.26601171e-02 1.46050900e-01 2.11996093e-01 7.61763664e+00
 5.63459048e+01 4.28673439e-02 4.02839124e-01 3.34336191e-01
 3.00000000e+00 3.60000000e+01]
  - 97: [4.26882272e-02 1.46034613e-01 2.12784499e-01 7.61767644e+00
 5.63362559e+01 4.33538295e-02 4.02838588e-01 3.35700244e-01
 3.00000000e+00 3.60000000e+01]
  - 98: [4.29212425e-02 1.45847142e-01 2.19810218e-01 7.61803270e+00
 5.62507271e+01 4.82770316e-02 4.02833700e-01 3.46539408e-01
 3.00000000e+00 3.60000000e+01]
  - 99: [4.28620629e-02 1.45895034e-01 2.17963755e-01 7.61793982e+00
 5.62737559e+01 4.69302461e-02 4.02834892e-01 3.43805581e-01
 3.00000000e+00 3.60000000e+01]
Updating sensitivity info in ERGOM_Arkona_observability_ARGO_NO3_JUN.pickle with model results...
Done
