Starting ppserver on r513c07n[03-04]:64427
Host names provided to parsac: r513c07n03:64427,r513c07n04:64427,
Starting parsac
Reading sensitivity samples from ERGOM_Arkona_observability_ARGO_O2_JAN.pickle...
Reading configuration from Arkona_observability_ARGO_O2_JAN.xml...
Starting Parallel Python server...
Giving Parallel Python 10 seconds to connect to: r513c07n03:64427, r513c07n04:64427
Running on:
   local: 0 cpus
   r513c07n04:64427: 48 cpus
   r513c07n03:64427: 48 cpus
Total number of cpus: 96
Starting model run...
Model run took 3.3 s.
 Processed /g100_scratch/usertrain/a08trb35/ERGOM_Arkona_JAN_ARGO_O2_OBSERVABILITY/0000...
Starting model run...
Model run took 3.3 s.
 Processed /g100_scratch/usertrain/a08trb35/ERGOM_Arkona_JAN_ARGO_O2_OBSERVABILITY/0001...
Starting model run...
Model run took 3.1 s.
 Processed /g100_scratch/usertrain/a08trb35/ERGOM_Arkona_JAN_ARGO_O2_OBSERVABILITY/0002...
Starting model run...
Model run took 3.3 s.
 Processed /g100_scratch/usertrain/a08trb35/ERGOM_Arkona_JAN_ARGO_O2_OBSERVABILITY/0003...
Starting model run...
Model run took 3.3 s.
 Processed /g100_scratch/usertrain/a08trb35/ERGOM_Arkona_JAN_ARGO_O2_OBSERVABILITY/0004...
Starting model run...
Model run took 3.5 s.
 Processed /g100_scratch/usertrain/a08trb35/ERGOM_Arkona_JAN_ARGO_O2_OBSERVABILITY/0005...
Starting model run...
Model run took 3.3 s.
 Processed /g100_scratch/usertrain/a08trb35/ERGOM_Arkona_JAN_ARGO_O2_OBSERVABILITY/0006...
Starting model run...
Model run took 3.3 s.
 Processed /g100_scratch/usertrain/a08trb35/ERGOM_Arkona_JAN_ARGO_O2_OBSERVABILITY/0007...
Starting model run...
Model run took 3.2 s.
 Processed /g100_scratch/usertrain/a08trb35/ERGOM_Arkona_JAN_ARGO_O2_OBSERVABILITY/0008...
Starting model run...
Model run took 3.5 s.
 Processed /g100_scratch/usertrain/a08trb35/ERGOM_Arkona_JAN_ARGO_O2_OBSERVABILITY/0009...
Starting model run...
Model run took 3.4 s.
 Processed /g100_scratch/usertrain/a08trb35/ERGOM_Arkona_JAN_ARGO_O2_OBSERVABILITY/0010...
Starting model run...
Model run took 3.1 s.
 Processed /g100_scratch/usertrain/a08trb35/ERGOM_Arkona_JAN_ARGO_O2_OBSERVABILITY/0011...
Starting model run...
Model run took 3.2 s.
 Processed /g100_scratch/usertrain/a08trb35/ERGOM_Arkona_JAN_ARGO_O2_OBSERVABILITY/0012...
Starting model run...
Model run took 3.2 s.
 Processed /g100_scratch/usertrain/a08trb35/ERGOM_Arkona_JAN_ARGO_O2_OBSERVABILITY/0013...
Starting model run...
Model run took 3.3 s.
 Processed /g100_scratch/usertrain/a08trb35/ERGOM_Arkona_JAN_ARGO_O2_OBSERVABILITY/0014...
Starting model run...
Model run took 3.3 s.
 Processed /g100_scratch/usertrain/a08trb35/ERGOM_Arkona_JAN_ARGO_O2_OBSERVABILITY/0015...
Starting model run...
Model run took 3.3 s.
 Processed /g100_scratch/usertrain/a08trb35/ERGOM_Arkona_JAN_ARGO_O2_OBSERVABILITY/0016...
Starting model run...
Model run took 3.2 s.
 Processed /g100_scratch/usertrain/a08trb35/ERGOM_Arkona_JAN_ARGO_O2_OBSERVABILITY/0017...
Starting model run...
Model run took 3.1 s.
 Processed /g100_scratch/usertrain/a08trb35/ERGOM_Arkona_JAN_ARGO_O2_OBSERVABILITY/0018...
Starting model run...
Model run took 3.4 s.
 Processed /g100_scratch/usertrain/a08trb35/ERGOM_Arkona_JAN_ARGO_O2_OBSERVABILITY/0019...
Starting model run...
Model run took 3.2 s.
 Processed /g100_scratch/usertrain/a08trb35/ERGOM_Arkona_JAN_ARGO_O2_OBSERVABILITY/0020...
Starting model run...
Model run took 3.4 s.
 Processed /g100_scratch/usertrain/a08trb35/ERGOM_Arkona_JAN_ARGO_O2_OBSERVABILITY/0021...
Starting model run...
Model run took 3.2 s.
 Processed /g100_scratch/usertrain/a08trb35/ERGOM_Arkona_JAN_ARGO_O2_OBSERVABILITY/0022...
Starting model run...
Model run took 3.2 s.
 Processed /g100_scratch/usertrain/a08trb35/ERGOM_Arkona_JAN_ARGO_O2_OBSERVABILITY/0023...
Starting model run...
Model run took 3.2 s.
 Processed /g100_scratch/usertrain/a08trb35/ERGOM_Arkona_JAN_ARGO_O2_OBSERVABILITY/0024...
Starting model run...
Model run took 3.3 s.
 Processed /g100_scratch/usertrain/a08trb35/ERGOM_Arkona_JAN_ARGO_O2_OBSERVABILITY/0025...
Starting model run...
Model run took 3.2 s.
 Processed /g100_scratch/usertrain/a08trb35/ERGOM_Arkona_JAN_ARGO_O2_OBSERVABILITY/0026...
Starting model run...
Model run took 3.3 s.
 Processed /g100_scratch/usertrain/a08trb35/ERGOM_Arkona_JAN_ARGO_O2_OBSERVABILITY/0027...
Starting model run...
Model run took 3.4 s.
 Processed /g100_scratch/usertrain/a08trb35/ERGOM_Arkona_JAN_ARGO_O2_OBSERVABILITY/0028...
Starting model run...
Model run took 3.2 s.
 Processed /g100_scratch/usertrain/a08trb35/ERGOM_Arkona_JAN_ARGO_O2_OBSERVABILITY/0029...
Starting model run...
Model run took 3.2 s.
 Processed /g100_scratch/usertrain/a08trb35/ERGOM_Arkona_JAN_ARGO_O2_OBSERVABILITY/0030...
Starting model run...
Model run took 3.3 s.
 Processed /g100_scratch/usertrain/a08trb35/ERGOM_Arkona_JAN_ARGO_O2_OBSERVABILITY/0031...
Starting model run...
Model run took 3.2 s.
 Processed /g100_scratch/usertrain/a08trb35/ERGOM_Arkona_JAN_ARGO_O2_OBSERVABILITY/0032...
Starting model run...
Model run took 3.4 s.
 Processed /g100_scratch/usertrain/a08trb35/ERGOM_Arkona_JAN_ARGO_O2_OBSERVABILITY/0033...
Starting model run...
Model run took 3.3 s.
 Processed /g100_scratch/usertrain/a08trb35/ERGOM_Arkona_JAN_ARGO_O2_OBSERVABILITY/0034...
Starting model run...
Model run took 3.4 s.
 Processed /g100_scratch/usertrain/a08trb35/ERGOM_Arkona_JAN_ARGO_O2_OBSERVABILITY/0035...
Starting model run...
Model run took 3.2 s.
 Processed /g100_scratch/usertrain/a08trb35/ERGOM_Arkona_JAN_ARGO_O2_OBSERVABILITY/0036...
Starting model run...
Model run took 3.2 s.
 Processed /g100_scratch/usertrain/a08trb35/ERGOM_Arkona_JAN_ARGO_O2_OBSERVABILITY/0037...
Starting model run...
Model run took 3.3 s.
 Processed /g100_scratch/usertrain/a08trb35/ERGOM_Arkona_JAN_ARGO_O2_OBSERVABILITY/0038...
Starting model run...
Model run took 3.4 s.
 Processed /g100_scratch/usertrain/a08trb35/ERGOM_Arkona_JAN_ARGO_O2_OBSERVABILITY/0039...
Starting model run...
Model run took 3.3 s.
 Processed /g100_scratch/usertrain/a08trb35/ERGOM_Arkona_JAN_ARGO_O2_OBSERVABILITY/0040...
Starting model run...
Model run took 3.1 s.
 Processed /g100_scratch/usertrain/a08trb35/ERGOM_Arkona_JAN_ARGO_O2_OBSERVABILITY/0041...
Starting model run...
Model run took 3.3 s.
 Processed /g100_scratch/usertrain/a08trb35/ERGOM_Arkona_JAN_ARGO_O2_OBSERVABILITY/0042...
Starting model run...
Model run took 3.2 s.
 Processed /g100_scratch/usertrain/a08trb35/ERGOM_Arkona_JAN_ARGO_O2_OBSERVABILITY/0043...
Starting model run...
Model run took 3.2 s.
 Processed /g100_scratch/usertrain/a08trb35/ERGOM_Arkona_JAN_ARGO_O2_OBSERVABILITY/0044...
Starting model run...
Model run took 3.3 s.
 Processed /g100_scratch/usertrain/a08trb35/ERGOM_Arkona_JAN_ARGO_O2_OBSERVABILITY/0045...
Starting model run...
Model run took 3.1 s.
 Processed /g100_scratch/usertrain/a08trb35/ERGOM_Arkona_JAN_ARGO_O2_OBSERVABILITY/0046...
Starting model run...
Model run took 3.3 s.
 Processed /g100_scratch/usertrain/a08trb35/ERGOM_Arkona_JAN_ARGO_O2_OBSERVABILITY/0047...
Starting model run...
Model run took 3.1 s.
 Processed /g100_scratch/usertrain/a08trb35/ERGOM_Arkona_JAN_ARGO_O2_OBSERVABILITY/0048...
Starting model run...
Model run took 3.3 s.
 Processed /g100_scratch/usertrain/a08trb35/ERGOM_Arkona_JAN_ARGO_O2_OBSERVABILITY/0049...
Starting model run...
Model run took 3.1 s.
 Processed /g100_scratch/usertrain/a08trb35/ERGOM_Arkona_JAN_ARGO_O2_OBSERVABILITY/0050...
Starting model run...
Model run took 3.4 s.
 Processed /g100_scratch/usertrain/a08trb35/ERGOM_Arkona_JAN_ARGO_O2_OBSERVABILITY/0051...
Starting model run...
Model run took 3.1 s.
 Processed /g100_scratch/usertrain/a08trb35/ERGOM_Arkona_JAN_ARGO_O2_OBSERVABILITY/0052...
Starting model run...
Model run took 3.1 s.
 Processed /g100_scratch/usertrain/a08trb35/ERGOM_Arkona_JAN_ARGO_O2_OBSERVABILITY/0053...
Starting model run...
Model run took 3.6 s.
 Processed /g100_scratch/usertrain/a08trb35/ERGOM_Arkona_JAN_ARGO_O2_OBSERVABILITY/0054...
Starting model run...
Model run took 3.3 s.
 Processed /g100_scratch/usertrain/a08trb35/ERGOM_Arkona_JAN_ARGO_O2_OBSERVABILITY/0055...
Starting model run...
Model run took 3.3 s.
 Processed /g100_scratch/usertrain/a08trb35/ERGOM_Arkona_JAN_ARGO_O2_OBSERVABILITY/0056...
Starting model run...
Model run took 3.6 s.
 Processed /g100_scratch/usertrain/a08trb35/ERGOM_Arkona_JAN_ARGO_O2_OBSERVABILITY/0057...
Starting model run...
Model run took 3.4 s.
 Processed /g100_scratch/usertrain/a08trb35/ERGOM_Arkona_JAN_ARGO_O2_OBSERVABILITY/0058...
Starting model run...
Model run took 3.1 s.
 Processed /g100_scratch/usertrain/a08trb35/ERGOM_Arkona_JAN_ARGO_O2_OBSERVABILITY/0059...
Starting model run...
Model run took 3.3 s.
 Processed /g100_scratch/usertrain/a08trb35/ERGOM_Arkona_JAN_ARGO_O2_OBSERVABILITY/0060...
Starting model run...
Model run took 3.3 s.
 Processed /g100_scratch/usertrain/a08trb35/ERGOM_Arkona_JAN_ARGO_O2_OBSERVABILITY/0061...
Starting model run...
Model run took 3.1 s.
 Processed /g100_scratch/usertrain/a08trb35/ERGOM_Arkona_JAN_ARGO_O2_OBSERVABILITY/0062...
Starting model run...
Model run took 3.4 s.
 Processed /g100_scratch/usertrain/a08trb35/ERGOM_Arkona_JAN_ARGO_O2_OBSERVABILITY/0063...
Starting model run...
Model run took 3.4 s.
 Processed /g100_scratch/usertrain/a08trb35/ERGOM_Arkona_JAN_ARGO_O2_OBSERVABILITY/0064...
Starting model run...
Model run took 3.3 s.
 Processed /g100_scratch/usertrain/a08trb35/ERGOM_Arkona_JAN_ARGO_O2_OBSERVABILITY/0065...
Starting model run...
Model run took 3.2 s.
 Processed /g100_scratch/usertrain/a08trb35/ERGOM_Arkona_JAN_ARGO_O2_OBSERVABILITY/0066...
Starting model run...
Model run took 3.1 s.
 Processed /g100_scratch/usertrain/a08trb35/ERGOM_Arkona_JAN_ARGO_O2_OBSERVABILITY/0067...
Starting model run...
Model run took 3.1 s.
 Processed /g100_scratch/usertrain/a08trb35/ERGOM_Arkona_JAN_ARGO_O2_OBSERVABILITY/0068...
Starting model run...
Model run took 3.4 s.
 Processed /g100_scratch/usertrain/a08trb35/ERGOM_Arkona_JAN_ARGO_O2_OBSERVABILITY/0069...
Starting model run...
Model run took 3.2 s.
 Processed /g100_scratch/usertrain/a08trb35/ERGOM_Arkona_JAN_ARGO_O2_OBSERVABILITY/0070...
Starting model run...
Model run took 3.4 s.
 Processed /g100_scratch/usertrain/a08trb35/ERGOM_Arkona_JAN_ARGO_O2_OBSERVABILITY/0071...
Starting model run...
Model run took 3.1 s.
 Processed /g100_scratch/usertrain/a08trb35/ERGOM_Arkona_JAN_ARGO_O2_OBSERVABILITY/0072...
Starting model run...
Model run took 3.2 s.
 Processed /g100_scratch/usertrain/a08trb35/ERGOM_Arkona_JAN_ARGO_O2_OBSERVABILITY/0073...
Starting model run...
Model run took 3.2 s.
 Processed /g100_scratch/usertrain/a08trb35/ERGOM_Arkona_JAN_ARGO_O2_OBSERVABILITY/0074...
Starting model run...
Model run took 3.2 s.
 Processed /g100_scratch/usertrain/a08trb35/ERGOM_Arkona_JAN_ARGO_O2_OBSERVABILITY/0075...
Starting model run...
Model run took 3.2 s.
 Processed /g100_scratch/usertrain/a08trb35/ERGOM_Arkona_JAN_ARGO_O2_OBSERVABILITY/0076...
Starting model run...
Model run took 3.2 s.
 Processed /g100_scratch/usertrain/a08trb35/ERGOM_Arkona_JAN_ARGO_O2_OBSERVABILITY/0077...
Starting model run...
Model run took 3.1 s.
 Processed /g100_scratch/usertrain/a08trb35/ERGOM_Arkona_JAN_ARGO_O2_OBSERVABILITY/0078...
Starting model run...
Model run took 3.3 s.
 Processed /g100_scratch/usertrain/a08trb35/ERGOM_Arkona_JAN_ARGO_O2_OBSERVABILITY/0079...
Starting model run...
Model run took 3.3 s.
 Processed /g100_scratch/usertrain/a08trb35/ERGOM_Arkona_JAN_ARGO_O2_OBSERVABILITY/0080...
Starting model run...
Model run took 3.3 s.
 Processed /g100_scratch/usertrain/a08trb35/ERGOM_Arkona_JAN_ARGO_O2_OBSERVABILITY/0081...
Starting model run...
Model run took 3.3 s.
 Processed /g100_scratch/usertrain/a08trb35/ERGOM_Arkona_JAN_ARGO_O2_OBSERVABILITY/0082...
Starting model run...
Model run took 3.1 s.
 Processed /g100_scratch/usertrain/a08trb35/ERGOM_Arkona_JAN_ARGO_O2_OBSERVABILITY/0083...
Starting model run...
Model run took 3.2 s.
 Processed /g100_scratch/usertrain/a08trb35/ERGOM_Arkona_JAN_ARGO_O2_OBSERVABILITY/0084...
Starting model run...
Model run took 3.1 s.
 Processed /g100_scratch/usertrain/a08trb35/ERGOM_Arkona_JAN_ARGO_O2_OBSERVABILITY/0085...
Starting model run...
Model run took 3.3 s.
 Processed /g100_scratch/usertrain/a08trb35/ERGOM_Arkona_JAN_ARGO_O2_OBSERVABILITY/0086...
Starting model run...
Model run took 3.3 s.
 Processed /g100_scratch/usertrain/a08trb35/ERGOM_Arkona_JAN_ARGO_O2_OBSERVABILITY/0087...
Starting model run...
Model run took 3.5 s.
 Processed /g100_scratch/usertrain/a08trb35/ERGOM_Arkona_JAN_ARGO_O2_OBSERVABILITY/0088...
Starting model run...
Model run took 3.2 s.
 Processed /g100_scratch/usertrain/a08trb35/ERGOM_Arkona_JAN_ARGO_O2_OBSERVABILITY/0089...
Starting model run...
Model run took 3.1 s.
 Processed /g100_scratch/usertrain/a08trb35/ERGOM_Arkona_JAN_ARGO_O2_OBSERVABILITY/0090...
Starting model run...
Model run took 3.2 s.
 Processed /g100_scratch/usertrain/a08trb35/ERGOM_Arkona_JAN_ARGO_O2_OBSERVABILITY/0091...
Starting model run...
Model run took 3.3 s.
 Processed /g100_scratch/usertrain/a08trb35/ERGOM_Arkona_JAN_ARGO_O2_OBSERVABILITY/0092...
Starting model run...
Model run took 3.1 s.
 Processed /g100_scratch/usertrain/a08trb35/ERGOM_Arkona_JAN_ARGO_O2_OBSERVABILITY/0093...
Starting model run...
Model run took 3.4 s.
 Processed /g100_scratch/usertrain/a08trb35/ERGOM_Arkona_JAN_ARGO_O2_OBSERVABILITY/0094...
Starting model run...
Model run took 3.2 s.
 Processed /g100_scratch/usertrain/a08trb35/ERGOM_Arkona_JAN_ARGO_O2_OBSERVABILITY/0095...
Starting model run...
Model run took 3.1 s.
 Processed /g100_scratch/usertrain/a08trb35/ERGOM_Arkona_JAN_ARGO_O2_OBSERVABILITY/0096...
Starting model run...
Model run took 3.1 s.
 Processed /g100_scratch/usertrain/a08trb35/ERGOM_Arkona_JAN_ARGO_O2_OBSERVABILITY/0097...
Starting model run...
Model run took 3.0 s.
 Processed /g100_scratch/usertrain/a08trb35/ERGOM_Arkona_JAN_ARGO_O2_OBSERVABILITY/0098...
Starting model run...
Model run took 3.1 s.
 Processed /g100_scratch/usertrain/a08trb35/ERGOM_Arkona_JAN_ARGO_O2_OBSERVABILITY/0099...
Retrieving value of target expression(s) for each ensemble member...
  - 0: [4.48771159e-02 1.01775385e-01 2.49872968e-01 7.71596476e+00
 1.81376042e+02 8.79977524e-01 3.00433636e-01 2.44751215e-01
 3.30000000e+01 4.20000000e+01]
  - 1: [4.48771159e-02 1.01775385e-01 2.49872968e-01 7.71596476e+00
 1.80609234e+02 8.79977524e-01 3.00433636e-01 2.44751215e-01
 3.30000000e+01 4.20000000e+01]
  - 2: [4.48771159e-02 1.01775385e-01 2.49872968e-01 7.71596476e+00
 1.50192763e+02 8.79977524e-01 3.00433636e-01 2.44751215e-01
 3.30000000e+01 4.20000000e+01]
  - 3: [4.48771159e-02 1.01775385e-01 2.49872968e-01 7.71596476e+00
 2.06672700e+02 8.79977524e-01 3.00433636e-01 2.44751215e-01
 3.30000000e+01 4.20000000e+01]
  - 4: [4.48770894e-02 1.01775385e-01 2.49872968e-01 7.71596476e+00
 6.52657769e+01 8.79977524e-01 3.00433636e-01 2.44751215e-01
 3.30000000e+01 4.20000000e+01]
  - 5: [4.48771000e-02 1.01775385e-01 2.49872968e-01 7.71596476e+00
 7.77751628e+01 8.79977524e-01 3.00433636e-01 2.44751215e-01
 3.30000000e+01 4.20000000e+01]
  - 6: [4.48771159e-02 1.01775385e-01 2.49872968e-01 7.71596476e+00
 1.32329720e+02 8.79977524e-01 3.00433636e-01 2.44751215e-01
 3.30000000e+01 4.20000000e+01]
  - 7: [4.48771159e-02 1.01775385e-01 2.49872968e-01 7.71596476e+00
 1.36736013e+02 8.79977524e-01 3.00433636e-01 2.44751215e-01
 3.30000000e+01 4.20000000e+01]
  - 8: [4.48770788e-02 1.01775385e-01 2.49872968e-01 7.71596476e+00
 5.92842828e+01 8.79977524e-01 3.00433636e-01 2.44751215e-01
 3.30000000e+01 4.20000000e+01]
  - 9: [4.48770947e-02 1.01775385e-01 2.49872968e-01 7.71596476e+00
 7.38308811e+01 8.79977524e-01 3.00433636e-01 2.44751215e-01
 3.30000000e+01 4.20000000e+01]
  - 10: [4.48771053e-02 1.01775385e-01 2.49872968e-01 7.71596476e+00
 8.42725640e+01 8.79977524e-01 3.00433636e-01 2.44751215e-01
 3.30000000e+01 4.20000000e+01]
  - 11: [4.48771159e-02 1.01775385e-01 2.49872968e-01 7.71596476e+00
 1.90233919e+02 8.79977524e-01 3.00433636e-01 2.44751215e-01
 3.30000000e+01 4.20000000e+01]
  - 12: [4.48771053e-02 1.01775385e-01 2.49872968e-01 7.71596476e+00
 8.23239041e+01 8.79977524e-01 3.00433636e-01 2.44751215e-01
 3.30000000e+01 4.20000000e+01]
  - 13: [4.48771106e-02 1.01775385e-01 2.49872968e-01 7.71596476e+00
 1.20765961e+02 8.79977524e-01 3.00433636e-01 2.44751215e-01
 3.30000000e+01 4.20000000e+01]
  - 14: [4.48771159e-02 1.01775385e-01 2.49872968e-01 7.71596476e+00
 2.00937934e+02 8.79977524e-01 3.00433636e-01 2.44751215e-01
 3.30000000e+01 4.20000000e+01]
  - 15: [4.48770788e-02 1.01775385e-01 2.49872968e-01 7.71596476e+00
 5.64224447e+01 8.79977524e-01 3.00433636e-01 2.44751215e-01
 3.30000000e+01 4.20000000e+01]
  - 16: [4.48771159e-02 1.01775385e-01 2.49872968e-01 7.71596476e+00
 1.72196430e+02 8.79977524e-01 3.00433636e-01 2.44751215e-01
 3.30000000e+01 4.20000000e+01]
  - 17: [4.48771159e-02 1.01775385e-01 2.49872968e-01 7.71596476e+00
 1.42595779e+02 8.79977524e-01 3.00433636e-01 2.44751215e-01
 3.30000000e+01 4.20000000e+01]
  - 18: [4.48771159e-02 1.01775385e-01 2.49872968e-01 7.71596476e+00
 1.81801595e+02 8.79977524e-01 3.00433636e-01 2.44751215e-01
 3.30000000e+01 4.20000000e+01]
  - 19: [4.48771159e-02 1.01775385e-01 2.49872968e-01 7.71596476e+00
 1.28804839e+02 8.79977524e-01 3.00433636e-01 2.44751215e-01
 3.30000000e+01 4.20000000e+01]
  - 20: [4.48771053e-02 1.01775385e-01 2.49872968e-01 7.71596476e+00
 1.02213140e+02 8.79977524e-01 3.00433636e-01 2.44751215e-01
 3.30000000e+01 4.20000000e+01]
  - 21: [4.48771159e-02 1.01775385e-01 2.49872968e-01 7.71596476e+00
 1.44855794e+02 8.79977524e-01 3.00433636e-01 2.44751215e-01
 3.30000000e+01 4.20000000e+01]
  - 22: [4.48771159e-02 1.01775385e-01 2.49872968e-01 7.71596476e+00
 1.82429970e+02 8.79977524e-01 3.00433636e-01 2.44751215e-01
 3.30000000e+01 4.20000000e+01]
  - 23: [4.48771053e-02 1.01775385e-01 2.49872968e-01 7.71596476e+00
 8.22731500e+01 8.79977524e-01 3.00433636e-01 2.44751215e-01
 3.30000000e+01 4.20000000e+01]
  - 24: [4.48771053e-02 1.01775385e-01 2.49872968e-01 7.71596476e+00
 9.48246745e+01 8.79977524e-01 3.00433636e-01 2.44751215e-01
 3.30000000e+01 4.20000000e+01]
  - 25: [4.48771159e-02 1.01775385e-01 2.49872968e-01 7.71596476e+00
 1.67112174e+02 8.79977524e-01 3.00433636e-01 2.44751215e-01
 3.30000000e+01 4.20000000e+01]
  - 26: [4.48771159e-02 1.01775385e-01 2.49872968e-01 7.71596476e+00
 1.92420703e+02 8.79977524e-01 3.00433636e-01 2.44751215e-01
 3.30000000e+01 4.20000000e+01]
  - 27: [4.48771053e-02 1.01775385e-01 2.49872968e-01 7.71596476e+00
 8.68567925e+01 8.79977524e-01 3.00433636e-01 2.44751215e-01
 3.30000000e+01 4.20000000e+01]
  - 28: [4.48771159e-02 1.01775385e-01 2.49872968e-01 7.71596476e+00
 2.12788845e+02 8.79977524e-01 3.00433636e-01 2.44751215e-01
 3.30000000e+01 4.20000000e+01]
  - 29: [4.48771159e-02 1.01775385e-01 2.49872968e-01 7.71596476e+00
 1.46319683e+02 8.79977524e-01 3.00433636e-01 2.44751215e-01
 3.30000000e+01 4.20000000e+01]
  - 30: [4.48771159e-02 1.01775385e-01 2.49872968e-01 7.71596476e+00
 2.12188715e+02 8.79977524e-01 3.00433636e-01 2.44751215e-01
 3.30000000e+01 4.20000000e+01]
  - 31: [4.48771159e-02 1.01775385e-01 2.49872968e-01 7.71596476e+00
 1.87511697e+02 8.79977524e-01 3.00433636e-01 2.44751215e-01
 3.30000000e+01 4.20000000e+01]
  - 32: [4.48770841e-02 1.01775385e-01 2.49872968e-01 7.71596476e+00
 6.14777886e+01 8.79977524e-01 3.00433636e-01 2.44751215e-01
 3.30000000e+01 4.20000000e+01]
  - 33: [4.48771053e-02 1.01775385e-01 2.49872968e-01 7.71596476e+00
 8.85305773e+01 8.79977524e-01 3.00433636e-01 2.44751215e-01
 3.30000000e+01 4.20000000e+01]
  - 34: [4.48771159e-02 1.01775385e-01 2.49872968e-01 7.71596476e+00
 1.56978537e+02 8.79977524e-01 3.00433636e-01 2.44751215e-01
 3.30000000e+01 4.20000000e+01]
  - 35: [4.48771159e-02 1.01775385e-01 2.49872968e-01 7.71596476e+00
 1.56566591e+02 8.79977524e-01 3.00433636e-01 2.44751215e-01
 3.30000000e+01 4.20000000e+01]
  - 36: [4.48771053e-02 1.01775385e-01 2.49872968e-01 7.71596476e+00
 1.05640603e+02 8.79977524e-01 3.00433636e-01 2.44751215e-01
 3.30000000e+01 4.20000000e+01]
  - 37: [4.48771159e-02 1.01775385e-01 2.49872968e-01 7.71596476e+00
 1.59691124e+02 8.79977524e-01 3.00433636e-01 2.44751215e-01
 3.30000000e+01 4.20000000e+01]
  - 38: [4.48771053e-02 1.01775385e-01 2.49872968e-01 7.71596476e+00
 8.84865885e+01 8.79977524e-01 3.00433636e-01 2.44751215e-01
 3.30000000e+01 4.20000000e+01]
  - 39: [4.48771106e-02 1.01775385e-01 2.49872968e-01 7.71596476e+00
 1.07826910e+02 8.79977524e-01 3.00433636e-01 2.44751215e-01
 3.30000000e+01 4.20000000e+01]
  - 40: [4.48771159e-02 1.01775385e-01 2.49872968e-01 7.71596476e+00
 1.96510482e+02 8.79977524e-01 3.00433636e-01 2.44751215e-01
 3.30000000e+01 4.20000000e+01]
  - 41: [4.48771159e-02 1.01775385e-01 2.49872968e-01 7.71596476e+00
 1.60932042e+02 8.79977524e-01 3.00433636e-01 2.44751215e-01
 3.30000000e+01 4.20000000e+01]
  - 42: [4.48771159e-02 1.01775385e-01 2.49872968e-01 7.71596476e+00
 1.81457270e+02 8.79977524e-01 3.00433636e-01 2.44751215e-01
 3.30000000e+01 4.20000000e+01]
  - 43: [4.48771159e-02 1.01775385e-01 2.49872968e-01 7.71596476e+00
 1.78672298e+02 8.79977524e-01 3.00433636e-01 2.44751215e-01
 3.30000000e+01 4.20000000e+01]
  - 44: [4.48771159e-02 1.01775385e-01 2.49872968e-01 7.71596476e+00
 1.33124186e+02 8.79977524e-01 3.00433636e-01 2.44751215e-01
 3.30000000e+01 4.20000000e+01]
  - 45: [4.48771159e-02 1.01775385e-01 2.49872968e-01 7.71596476e+00
 2.10569922e+02 8.79977524e-01 3.00433636e-01 2.44751215e-01
 3.30000000e+01 4.20000000e+01]
  - 46: [4.48771159e-02 1.01775385e-01 2.49872968e-01 7.71596476e+00
 1.96764822e+02 8.79977524e-01 3.00433636e-01 2.44751215e-01
 3.30000000e+01 4.20000000e+01]
  - 47: [4.48771053e-02 1.01775385e-01 2.49872968e-01 7.71596476e+00
 1.03122743e+02 8.79977524e-01 3.00433636e-01 2.44751215e-01
 3.30000000e+01 4.20000000e+01]
  - 48: [4.48770682e-02 1.01775385e-01 2.49872968e-01 7.71596476e+00
 5.17125163e+01 8.79977524e-01 3.00433636e-01 2.44751215e-01
 3.30000000e+01 4.20000000e+01]
  - 49: [4.48771159e-02 1.01775385e-01 2.49872968e-01 7.71596476e+00
 1.54731196e+02 8.79977524e-01 3.00433636e-01 2.44751215e-01
 3.30000000e+01 4.20000000e+01]
  - 50: [4.48771053e-02 1.01775385e-01 2.49872968e-01 7.71596476e+00
 1.03329818e+02 8.79977524e-01 3.00433636e-01 2.44751215e-01
 3.30000000e+01 4.20000000e+01]
  - 51: [4.48771159e-02 1.01775385e-01 2.49872968e-01 7.71596476e+00
 1.46288737e+02 8.79977524e-01 3.00433636e-01 2.44751215e-01
 3.30000000e+01 4.20000000e+01]
  - 52: [4.48771159e-02 1.01775385e-01 2.49872968e-01 7.71596476e+00
 1.53086404e+02 8.79977524e-01 3.00433636e-01 2.44751215e-01
 3.30000000e+01 4.20000000e+01]
  - 53: [4.48771159e-02 1.01775385e-01 2.49872968e-01 7.71596476e+00
 1.34770204e+02 8.79977524e-01 3.00433636e-01 2.44751215e-01
 3.30000000e+01 4.20000000e+01]
  - 54: [4.48771053e-02 1.01775385e-01 2.49872968e-01 7.71596476e+00
 9.26063911e+01 8.79977524e-01 3.00433636e-01 2.44751215e-01
 3.30000000e+01 4.20000000e+01]
  - 55: [4.48770788e-02 1.01775385e-01 2.49872968e-01 7.71596476e+00
 5.97029297e+01 8.79977524e-01 3.00433636e-01 2.44751215e-01
 3.30000000e+01 4.20000000e+01]
  - 56: [4.48771106e-02 1.01775385e-01 2.49872968e-01 7.71596476e+00
 1.19284234e+02 8.79977524e-01 3.00433636e-01 2.44751215e-01
 3.30000000e+01 4.20000000e+01]
  - 57: [4.48771159e-02 1.01775385e-01 2.49872968e-01 7.71596476e+00
 1.90930794e+02 8.79977524e-01 3.00433636e-01 2.44751215e-01
 3.30000000e+01 4.20000000e+01]
  - 58: [4.48771159e-02 1.01775385e-01 2.49872968e-01 7.71596476e+00
 1.33084635e+02 8.79977524e-01 3.00433636e-01 2.44751215e-01
 3.30000000e+01 4.20000000e+01]
  - 59: [4.48771159e-02 1.01775385e-01 2.49872968e-01 7.71596476e+00
 1.35776107e+02 8.79977524e-01 3.00433636e-01 2.44751215e-01
 3.30000000e+01 4.20000000e+01]
  - 60: [4.48771159e-02 1.01775385e-01 2.49872968e-01 7.71596476e+00
 2.03306228e+02 8.79977524e-01 3.00433636e-01 2.44751215e-01
 3.30000000e+01 4.20000000e+01]
  - 61: [4.48771159e-02 1.01775385e-01 2.49872968e-01 7.71596476e+00
 1.84071181e+02 8.79977524e-01 3.00433636e-01 2.44751215e-01
 3.30000000e+01 4.20000000e+01]
  - 62: [4.48771159e-02 1.01775385e-01 2.49872968e-01 7.71596476e+00
 1.88522960e+02 8.79977524e-01 3.00433636e-01 2.44751215e-01
 3.30000000e+01 4.20000000e+01]
  - 63: [4.48771106e-02 1.01775385e-01 2.49872968e-01 7.71596476e+00
 1.24369661e+02 8.79977524e-01 3.00433636e-01 2.44751215e-01
 3.30000000e+01 4.20000000e+01]
  - 64: [4.48770894e-02 1.01775385e-01 2.49872968e-01 7.71596476e+00
 6.87944878e+01 8.79977524e-01 3.00433636e-01 2.44751215e-01
 3.30000000e+01 4.20000000e+01]
  - 65: [4.48771159e-02 1.01775385e-01 2.49872968e-01 7.71596476e+00
 1.96113954e+02 8.79977524e-01 3.00433636e-01 2.44751215e-01
 3.30000000e+01 4.20000000e+01]
  - 66: [4.48771159e-02 1.01775385e-01 2.49872968e-01 7.71596476e+00
 1.79116124e+02 8.79977524e-01 3.00433636e-01 2.44751215e-01
 3.30000000e+01 4.20000000e+01]
  - 67: [4.48770947e-02 1.01775385e-01 2.49872968e-01 7.71596476e+00
 7.36242242e+01 8.79977524e-01 3.00433636e-01 2.44751215e-01
 3.30000000e+01 4.20000000e+01]
  - 68: [4.48770788e-02 1.01775385e-01 2.49872968e-01 7.71596476e+00
 5.72434950e+01 8.79977524e-01 3.00433636e-01 2.44751215e-01
 3.30000000e+01 4.20000000e+01]
  - 69: [4.48770947e-02 1.01775385e-01 2.49872968e-01 7.71596476e+00
 7.16542155e+01 8.79977524e-01 3.00433636e-01 2.44751215e-01
 3.30000000e+01 4.20000000e+01]
  - 70: [4.48770894e-02 1.01775385e-01 2.49872968e-01 7.71596476e+00
 6.62513021e+01 8.79977524e-01 3.00433636e-01 2.44751215e-01
 3.30000000e+01 4.20000000e+01]
  - 71: [4.48771159e-02 1.01775385e-01 2.49872968e-01 7.71596476e+00
 1.27422786e+02 8.79977524e-01 3.00433636e-01 2.44751215e-01
 3.30000000e+01 4.20000000e+01]
  - 72: [4.48771159e-02 1.01775385e-01 2.49872968e-01 7.71596476e+00
 1.32068685e+02 8.79977524e-01 3.00433636e-01 2.44751215e-01
 3.30000000e+01 4.20000000e+01]
  - 73: [4.48771053e-02 1.01775385e-01 2.49872968e-01 7.71596476e+00
 8.84310330e+01 8.79977524e-01 3.00433636e-01 2.44751215e-01
 3.30000000e+01 4.20000000e+01]
  - 74: [4.48771159e-02 1.01775385e-01 2.49872968e-01 7.71596476e+00
 1.32625673e+02 8.79977524e-01 3.00433636e-01 2.44751215e-01
 3.30000000e+01 4.20000000e+01]
  - 75: [4.48771159e-02 1.01775385e-01 2.49872968e-01 7.71596476e+00
 1.86474653e+02 8.79977524e-01 3.00433636e-01 2.44751215e-01
 3.30000000e+01 4.20000000e+01]
  - 76: [4.48770682e-02 1.01775385e-01 2.49872968e-01 7.71596476e+00
 5.22013672e+01 8.79977524e-01 3.00433636e-01 2.44751215e-01
 3.30000000e+01 4.20000000e+01]
  - 77: [4.48771159e-02 1.01775385e-01 2.49872968e-01 7.71596476e+00
 1.35022244e+02 8.79977524e-01 3.00433636e-01 2.44751215e-01
 3.30000000e+01 4.20000000e+01]
  - 78: [4.48771106e-02 1.01775385e-01 2.49872968e-01 7.71596476e+00
 1.20996354e+02 8.79977524e-01 3.00433636e-01 2.44751215e-01
 3.30000000e+01 4.20000000e+01]
  - 79: [4.48771053e-02 1.01775385e-01 2.49872968e-01 7.71596476e+00
 8.11195150e+01 8.79977524e-01 3.00433636e-01 2.44751215e-01
 3.30000000e+01 4.20000000e+01]
  - 80: [4.48771159e-02 1.01775385e-01 2.49872968e-01 7.71596476e+00
 1.70682954e+02 8.79977524e-01 3.00433636e-01 2.44751215e-01
 3.30000000e+01 4.20000000e+01]
  - 81: [4.48771159e-02 1.01775385e-01 2.49872968e-01 7.71596476e+00
 1.63206044e+02 8.79977524e-01 3.00433636e-01 2.44751215e-01
 3.30000000e+01 4.20000000e+01]
  - 82: [4.48771159e-02 1.01775385e-01 2.49872968e-01 7.71596476e+00
 1.65887587e+02 8.79977524e-01 3.00433636e-01 2.44751215e-01
 3.30000000e+01 4.20000000e+01]
  - 83: [4.48771159e-02 1.01775385e-01 2.49872968e-01 7.71596476e+00
 1.86774436e+02 8.79977524e-01 3.00433636e-01 2.44751215e-01
 3.30000000e+01 4.20000000e+01]
  - 84: [4.48770947e-02 1.01775385e-01 2.49872968e-01 7.71596476e+00
 7.65817925e+01 8.79977524e-01 3.00433636e-01 2.44751215e-01
 3.30000000e+01 4.20000000e+01]
  - 85: [4.48771106e-02 1.01775385e-01 2.49872968e-01 7.71596476e+00
 1.16883767e+02 8.79977524e-01 3.00433636e-01 2.44751215e-01
 3.30000000e+01 4.20000000e+01]
  - 86: [4.48771159e-02 1.01775385e-01 2.49872968e-01 7.71596476e+00
 1.97007292e+02 8.79977524e-01 3.00433636e-01 2.44751215e-01
 3.30000000e+01 4.20000000e+01]
  - 87: [4.48771159e-02 1.01775385e-01 2.49872968e-01 7.71596476e+00
 1.37632020e+02 8.79977524e-01 3.00433636e-01 2.44751215e-01
 3.30000000e+01 4.20000000e+01]
  - 88: [4.48770682e-02 1.01775385e-01 2.49872968e-01 7.71596476e+00
 5.09150065e+01 8.79977524e-01 3.00433636e-01 2.44751215e-01
 3.30000000e+01 4.20000000e+01]
  - 89: [4.48771053e-02 1.01775385e-01 2.49872968e-01 7.71596476e+00
 1.02491786e+02 8.79977524e-01 3.00433636e-01 2.44751215e-01
 3.30000000e+01 4.20000000e+01]
  - 90: [4.48771053e-02 1.01775385e-01 2.49872968e-01 7.71596476e+00
 1.03754145e+02 8.79977524e-01 3.00433636e-01 2.44751215e-01
 3.30000000e+01 4.20000000e+01]
  - 91: [4.48771053e-02 1.01775385e-01 2.49872968e-01 7.71596476e+00
 8.54396701e+01 8.79977524e-01 3.00433636e-01 2.44751215e-01
 3.30000000e+01 4.20000000e+01]
  - 92: [4.48771159e-02 1.01775385e-01 2.49872968e-01 7.71596476e+00
 1.56518641e+02 8.79977524e-01 3.00433636e-01 2.44751215e-01
 3.30000000e+01 4.20000000e+01]
  - 93: [4.48770947e-02 1.01775385e-01 2.49872968e-01 7.71596476e+00
 7.56814887e+01 8.79977524e-01 3.00433636e-01 2.44751215e-01
 3.30000000e+01 4.20000000e+01]
  - 94: [4.48771106e-02 1.01775385e-01 2.49872968e-01 7.71596476e+00
 1.08148264e+02 8.79977524e-01 3.00433636e-01 2.44751215e-01
 3.30000000e+01 4.20000000e+01]
  - 95: [4.48771159e-02 1.01775385e-01 2.49872968e-01 7.71596476e+00
 1.92675998e+02 8.79977524e-01 3.00433636e-01 2.44751215e-01
 3.30000000e+01 4.20000000e+01]
  - 96: [4.48771159e-02 1.01775385e-01 2.49872968e-01 7.71596476e+00
 1.76750174e+02 8.79977524e-01 3.00433636e-01 2.44751215e-01
 3.30000000e+01 4.20000000e+01]
  - 97: [4.48771159e-02 1.01775385e-01 2.49872968e-01 7.71596476e+00
 2.04039952e+02 8.79977524e-01 3.00433636e-01 2.44751215e-01
 3.30000000e+01 4.20000000e+01]
  - 98: [4.48770788e-02 1.01775385e-01 2.49872968e-01 7.71596476e+00
 5.74418077e+01 8.79977524e-01 3.00433636e-01 2.44751215e-01
 3.30000000e+01 4.20000000e+01]
  - 99: [4.48771000e-02 1.01775385e-01 2.49872968e-01 7.71596476e+00
 8.07216417e+01 8.79977524e-01 3.00433636e-01 2.44751215e-01
 3.30000000e+01 4.20000000e+01]
Updating sensitivity info in ERGOM_Arkona_observability_ARGO_O2_JAN.pickle with model results...
Done
