Starting ppserver on r513c01n[03-04]:52769
Host names provided to parsac: r513c01n03:52769,r513c01n04:52769,
Starting parsac
Reading sensitivity samples from ERGOM_Arkona_observability_ARGO_PO4_JUN.pickle...
Reading configuration from Arkona_observability_ARGO_PO4_JUN.xml...
Starting Parallel Python server...
Giving Parallel Python 10 seconds to connect to: r513c01n03:52769, r513c01n04:52769
Running on:
   local: 0 cpus
   r513c01n04:52769: 48 cpus
   r513c01n03:52769: 48 cpus
Total number of cpus: 96
Starting model run...
Model run took 3.5 s.
 Processed /g100_scratch/usertrain/a08trb35/ERGOM_Arkona_JUN_ARGO_PO4_OBSERVABILITY/0000...
Starting model run...
Model run took 3.4 s.
 Processed /g100_scratch/usertrain/a08trb35/ERGOM_Arkona_JUN_ARGO_PO4_OBSERVABILITY/0001...
Starting model run...
Model run took 3.4 s.
 Processed /g100_scratch/usertrain/a08trb35/ERGOM_Arkona_JUN_ARGO_PO4_OBSERVABILITY/0002...
Starting model run...
Model run took 3.4 s.
 Processed /g100_scratch/usertrain/a08trb35/ERGOM_Arkona_JUN_ARGO_PO4_OBSERVABILITY/0003...
Starting model run...
Model run took 3.5 s.
 Processed /g100_scratch/usertrain/a08trb35/ERGOM_Arkona_JUN_ARGO_PO4_OBSERVABILITY/0004...
Starting model run...
Model run took 3.6 s.
 Processed /g100_scratch/usertrain/a08trb35/ERGOM_Arkona_JUN_ARGO_PO4_OBSERVABILITY/0005...
Starting model run...
Model run took 3.5 s.
 Processed /g100_scratch/usertrain/a08trb35/ERGOM_Arkona_JUN_ARGO_PO4_OBSERVABILITY/0006...
Starting model run...
Model run took 3.3 s.
 Processed /g100_scratch/usertrain/a08trb35/ERGOM_Arkona_JUN_ARGO_PO4_OBSERVABILITY/0007...
Starting model run...
Model run took 3.4 s.
 Processed /g100_scratch/usertrain/a08trb35/ERGOM_Arkona_JUN_ARGO_PO4_OBSERVABILITY/0008...
Starting model run...
Model run took 3.6 s.
 Processed /g100_scratch/usertrain/a08trb35/ERGOM_Arkona_JUN_ARGO_PO4_OBSERVABILITY/0009...
Starting model run...
Model run took 3.5 s.
 Processed /g100_scratch/usertrain/a08trb35/ERGOM_Arkona_JUN_ARGO_PO4_OBSERVABILITY/0010...
Starting model run...
Model run took 3.3 s.
 Processed /g100_scratch/usertrain/a08trb35/ERGOM_Arkona_JUN_ARGO_PO4_OBSERVABILITY/0011...
Starting model run...
Model run took 3.5 s.
 Processed /g100_scratch/usertrain/a08trb35/ERGOM_Arkona_JUN_ARGO_PO4_OBSERVABILITY/0012...
Starting model run...
Model run took 3.5 s.
 Processed /g100_scratch/usertrain/a08trb35/ERGOM_Arkona_JUN_ARGO_PO4_OBSERVABILITY/0013...
Starting model run...
Model run took 3.4 s.
 Processed /g100_scratch/usertrain/a08trb35/ERGOM_Arkona_JUN_ARGO_PO4_OBSERVABILITY/0014...
Starting model run...
Model run took 3.3 s.
 Processed /g100_scratch/usertrain/a08trb35/ERGOM_Arkona_JUN_ARGO_PO4_OBSERVABILITY/0015...
Starting model run...
Model run took 3.3 s.
 Processed /g100_scratch/usertrain/a08trb35/ERGOM_Arkona_JUN_ARGO_PO4_OBSERVABILITY/0016...
Starting model run...
Model run took 3.4 s.
 Processed /g100_scratch/usertrain/a08trb35/ERGOM_Arkona_JUN_ARGO_PO4_OBSERVABILITY/0017...
Starting model run...
Model run took 3.5 s.
 Processed /g100_scratch/usertrain/a08trb35/ERGOM_Arkona_JUN_ARGO_PO4_OBSERVABILITY/0018...
Starting model run...
Model run took 3.4 s.
 Processed /g100_scratch/usertrain/a08trb35/ERGOM_Arkona_JUN_ARGO_PO4_OBSERVABILITY/0019...
Starting model run...
Model run took 3.6 s.
 Processed /g100_scratch/usertrain/a08trb35/ERGOM_Arkona_JUN_ARGO_PO4_OBSERVABILITY/0020...
Starting model run...
Model run took 3.4 s.
 Processed /g100_scratch/usertrain/a08trb35/ERGOM_Arkona_JUN_ARGO_PO4_OBSERVABILITY/0021...
Starting model run...
Model run took 3.4 s.
 Processed /g100_scratch/usertrain/a08trb35/ERGOM_Arkona_JUN_ARGO_PO4_OBSERVABILITY/0022...
Starting model run...
Model run took 3.4 s.
 Processed /g100_scratch/usertrain/a08trb35/ERGOM_Arkona_JUN_ARGO_PO4_OBSERVABILITY/0023...
Starting model run...
Model run took 3.4 s.
 Processed /g100_scratch/usertrain/a08trb35/ERGOM_Arkona_JUN_ARGO_PO4_OBSERVABILITY/0024...
Starting model run...
Model run took 3.5 s.
 Processed /g100_scratch/usertrain/a08trb35/ERGOM_Arkona_JUN_ARGO_PO4_OBSERVABILITY/0025...
Starting model run...
Model run took 3.5 s.
 Processed /g100_scratch/usertrain/a08trb35/ERGOM_Arkona_JUN_ARGO_PO4_OBSERVABILITY/0026...
Starting model run...
Model run took 3.4 s.
 Processed /g100_scratch/usertrain/a08trb35/ERGOM_Arkona_JUN_ARGO_PO4_OBSERVABILITY/0027...
Starting model run...
Model run took 3.4 s.
 Processed /g100_scratch/usertrain/a08trb35/ERGOM_Arkona_JUN_ARGO_PO4_OBSERVABILITY/0028...
Starting model run...
Model run took 3.4 s.
 Processed /g100_scratch/usertrain/a08trb35/ERGOM_Arkona_JUN_ARGO_PO4_OBSERVABILITY/0029...
Starting model run...
Model run took 3.5 s.
 Processed /g100_scratch/usertrain/a08trb35/ERGOM_Arkona_JUN_ARGO_PO4_OBSERVABILITY/0030...
Starting model run...
Model run took 3.6 s.
 Processed /g100_scratch/usertrain/a08trb35/ERGOM_Arkona_JUN_ARGO_PO4_OBSERVABILITY/0031...
Starting model run...
Model run took 3.4 s.
 Processed /g100_scratch/usertrain/a08trb35/ERGOM_Arkona_JUN_ARGO_PO4_OBSERVABILITY/0032...
Starting model run...
Model run took 3.6 s.
 Processed /g100_scratch/usertrain/a08trb35/ERGOM_Arkona_JUN_ARGO_PO4_OBSERVABILITY/0033...
Starting model run...
Model run took 3.4 s.
 Processed /g100_scratch/usertrain/a08trb35/ERGOM_Arkona_JUN_ARGO_PO4_OBSERVABILITY/0034...
Starting model run...
Model run took 3.4 s.
 Processed /g100_scratch/usertrain/a08trb35/ERGOM_Arkona_JUN_ARGO_PO4_OBSERVABILITY/0035...
Starting model run...
Model run took 3.9 s.
 Processed /g100_scratch/usertrain/a08trb35/ERGOM_Arkona_JUN_ARGO_PO4_OBSERVABILITY/0036...
Starting model run...
Model run took 3.6 s.
 Processed /g100_scratch/usertrain/a08trb35/ERGOM_Arkona_JUN_ARGO_PO4_OBSERVABILITY/0037...
Starting model run...
Model run took 3.5 s.
 Processed /g100_scratch/usertrain/a08trb35/ERGOM_Arkona_JUN_ARGO_PO4_OBSERVABILITY/0038...
Starting model run...
Model run took 3.4 s.
 Processed /g100_scratch/usertrain/a08trb35/ERGOM_Arkona_JUN_ARGO_PO4_OBSERVABILITY/0039...
Starting model run...
Model run took 3.4 s.
 Processed /g100_scratch/usertrain/a08trb35/ERGOM_Arkona_JUN_ARGO_PO4_OBSERVABILITY/0040...
Starting model run...
Model run took 3.5 s.
 Processed /g100_scratch/usertrain/a08trb35/ERGOM_Arkona_JUN_ARGO_PO4_OBSERVABILITY/0041...
Starting model run...
Model run took 3.4 s.
 Processed /g100_scratch/usertrain/a08trb35/ERGOM_Arkona_JUN_ARGO_PO4_OBSERVABILITY/0042...
Starting model run...
Model run took 3.5 s.
 Processed /g100_scratch/usertrain/a08trb35/ERGOM_Arkona_JUN_ARGO_PO4_OBSERVABILITY/0043...
Starting model run...
Model run took 3.3 s.
 Processed /g100_scratch/usertrain/a08trb35/ERGOM_Arkona_JUN_ARGO_PO4_OBSERVABILITY/0044...
Starting model run...
Model run took 3.4 s.
 Processed /g100_scratch/usertrain/a08trb35/ERGOM_Arkona_JUN_ARGO_PO4_OBSERVABILITY/0045...
Starting model run...
Model run took 3.5 s.
 Processed /g100_scratch/usertrain/a08trb35/ERGOM_Arkona_JUN_ARGO_PO4_OBSERVABILITY/0046...
Starting model run...
Model run took 3.4 s.
 Processed /g100_scratch/usertrain/a08trb35/ERGOM_Arkona_JUN_ARGO_PO4_OBSERVABILITY/0047...
Starting model run...
Model run took 3.6 s.
 Processed /g100_scratch/usertrain/a08trb35/ERGOM_Arkona_JUN_ARGO_PO4_OBSERVABILITY/0048...
Starting model run...
Model run took 3.5 s.
 Processed /g100_scratch/usertrain/a08trb35/ERGOM_Arkona_JUN_ARGO_PO4_OBSERVABILITY/0049...
Starting model run...
Model run took 3.4 s.
 Processed /g100_scratch/usertrain/a08trb35/ERGOM_Arkona_JUN_ARGO_PO4_OBSERVABILITY/0050...
Starting model run...
Model run took 3.3 s.
 Processed /g100_scratch/usertrain/a08trb35/ERGOM_Arkona_JUN_ARGO_PO4_OBSERVABILITY/0051...
Starting model run...
Model run took 3.4 s.
 Processed /g100_scratch/usertrain/a08trb35/ERGOM_Arkona_JUN_ARGO_PO4_OBSERVABILITY/0052...
Starting model run...
Model run took 3.4 s.
 Processed /g100_scratch/usertrain/a08trb35/ERGOM_Arkona_JUN_ARGO_PO4_OBSERVABILITY/0053...
Starting model run...
Model run took 3.3 s.
 Processed /g100_scratch/usertrain/a08trb35/ERGOM_Arkona_JUN_ARGO_PO4_OBSERVABILITY/0054...
Starting model run...
Model run took 3.7 s.
 Processed /g100_scratch/usertrain/a08trb35/ERGOM_Arkona_JUN_ARGO_PO4_OBSERVABILITY/0055...
Starting model run...
Model run took 3.8 s.
 Processed /g100_scratch/usertrain/a08trb35/ERGOM_Arkona_JUN_ARGO_PO4_OBSERVABILITY/0056...
Starting model run...
Model run took 3.4 s.
 Processed /g100_scratch/usertrain/a08trb35/ERGOM_Arkona_JUN_ARGO_PO4_OBSERVABILITY/0057...
Starting model run...
Model run took 3.4 s.
 Processed /g100_scratch/usertrain/a08trb35/ERGOM_Arkona_JUN_ARGO_PO4_OBSERVABILITY/0058...
Starting model run...
Model run took 3.3 s.
 Processed /g100_scratch/usertrain/a08trb35/ERGOM_Arkona_JUN_ARGO_PO4_OBSERVABILITY/0059...
Starting model run...
Model run took 3.6 s.
 Processed /g100_scratch/usertrain/a08trb35/ERGOM_Arkona_JUN_ARGO_PO4_OBSERVABILITY/0060...
Starting model run...
Model run took 3.5 s.
 Processed /g100_scratch/usertrain/a08trb35/ERGOM_Arkona_JUN_ARGO_PO4_OBSERVABILITY/0061...
Starting model run...
Model run took 3.5 s.
 Processed /g100_scratch/usertrain/a08trb35/ERGOM_Arkona_JUN_ARGO_PO4_OBSERVABILITY/0062...
Starting model run...
Model run took 3.4 s.
 Processed /g100_scratch/usertrain/a08trb35/ERGOM_Arkona_JUN_ARGO_PO4_OBSERVABILITY/0063...
Starting model run...
Model run took 3.4 s.
 Processed /g100_scratch/usertrain/a08trb35/ERGOM_Arkona_JUN_ARGO_PO4_OBSERVABILITY/0064...
Starting model run...
Model run took 3.4 s.
 Processed /g100_scratch/usertrain/a08trb35/ERGOM_Arkona_JUN_ARGO_PO4_OBSERVABILITY/0065...
Starting model run...
Model run took 3.5 s.
 Processed /g100_scratch/usertrain/a08trb35/ERGOM_Arkona_JUN_ARGO_PO4_OBSERVABILITY/0066...
Starting model run...
Model run took 3.4 s.
 Processed /g100_scratch/usertrain/a08trb35/ERGOM_Arkona_JUN_ARGO_PO4_OBSERVABILITY/0067...
Starting model run...
Model run took 3.5 s.
 Processed /g100_scratch/usertrain/a08trb35/ERGOM_Arkona_JUN_ARGO_PO4_OBSERVABILITY/0068...
Starting model run...
Model run took 3.5 s.
 Processed /g100_scratch/usertrain/a08trb35/ERGOM_Arkona_JUN_ARGO_PO4_OBSERVABILITY/0069...
Starting model run...
Model run took 3.4 s.
 Processed /g100_scratch/usertrain/a08trb35/ERGOM_Arkona_JUN_ARGO_PO4_OBSERVABILITY/0070...
Starting model run...
Model run took 3.4 s.
 Processed /g100_scratch/usertrain/a08trb35/ERGOM_Arkona_JUN_ARGO_PO4_OBSERVABILITY/0071...
Starting model run...
Model run took 3.4 s.
 Processed /g100_scratch/usertrain/a08trb35/ERGOM_Arkona_JUN_ARGO_PO4_OBSERVABILITY/0072...
Starting model run...
Model run took 3.4 s.
 Processed /g100_scratch/usertrain/a08trb35/ERGOM_Arkona_JUN_ARGO_PO4_OBSERVABILITY/0073...
Starting model run...
Model run took 3.4 s.
 Processed /g100_scratch/usertrain/a08trb35/ERGOM_Arkona_JUN_ARGO_PO4_OBSERVABILITY/0074...
Starting model run...
Model run took 3.3 s.
 Processed /g100_scratch/usertrain/a08trb35/ERGOM_Arkona_JUN_ARGO_PO4_OBSERVABILITY/0075...
Starting model run...
Model run took 3.3 s.
 Processed /g100_scratch/usertrain/a08trb35/ERGOM_Arkona_JUN_ARGO_PO4_OBSERVABILITY/0076...
Starting model run...
Model run took 3.3 s.
 Processed /g100_scratch/usertrain/a08trb35/ERGOM_Arkona_JUN_ARGO_PO4_OBSERVABILITY/0077...
Starting model run...
Model run took 3.4 s.
 Processed /g100_scratch/usertrain/a08trb35/ERGOM_Arkona_JUN_ARGO_PO4_OBSERVABILITY/0078...
Starting model run...
Model run took 3.4 s.
 Processed /g100_scratch/usertrain/a08trb35/ERGOM_Arkona_JUN_ARGO_PO4_OBSERVABILITY/0079...
Starting model run...
Model run took 3.5 s.
 Processed /g100_scratch/usertrain/a08trb35/ERGOM_Arkona_JUN_ARGO_PO4_OBSERVABILITY/0080...
Starting model run...
Model run took 3.4 s.
 Processed /g100_scratch/usertrain/a08trb35/ERGOM_Arkona_JUN_ARGO_PO4_OBSERVABILITY/0081...
Starting model run...
Model run took 3.3 s.
 Processed /g100_scratch/usertrain/a08trb35/ERGOM_Arkona_JUN_ARGO_PO4_OBSERVABILITY/0082...
Starting model run...
Model run took 3.4 s.
 Processed /g100_scratch/usertrain/a08trb35/ERGOM_Arkona_JUN_ARGO_PO4_OBSERVABILITY/0083...
Starting model run...
Model run took 3.4 s.
 Processed /g100_scratch/usertrain/a08trb35/ERGOM_Arkona_JUN_ARGO_PO4_OBSERVABILITY/0084...
Starting model run...
Model run took 3.3 s.
 Processed /g100_scratch/usertrain/a08trb35/ERGOM_Arkona_JUN_ARGO_PO4_OBSERVABILITY/0085...
Starting model run...
Model run took 3.4 s.
 Processed /g100_scratch/usertrain/a08trb35/ERGOM_Arkona_JUN_ARGO_PO4_OBSERVABILITY/0086...
Starting model run...
Model run took 3.3 s.
 Processed /g100_scratch/usertrain/a08trb35/ERGOM_Arkona_JUN_ARGO_PO4_OBSERVABILITY/0087...
Starting model run...
Model run took 3.3 s.
 Processed /g100_scratch/usertrain/a08trb35/ERGOM_Arkona_JUN_ARGO_PO4_OBSERVABILITY/0088...
Starting model run...
Model run took 3.4 s.
 Processed /g100_scratch/usertrain/a08trb35/ERGOM_Arkona_JUN_ARGO_PO4_OBSERVABILITY/0089...
Starting model run...
Model run took 3.4 s.
 Processed /g100_scratch/usertrain/a08trb35/ERGOM_Arkona_JUN_ARGO_PO4_OBSERVABILITY/0090...
Starting model run...
Model run took 3.6 s.
 Processed /g100_scratch/usertrain/a08trb35/ERGOM_Arkona_JUN_ARGO_PO4_OBSERVABILITY/0091...
Starting model run...
Model run took 3.5 s.
 Processed /g100_scratch/usertrain/a08trb35/ERGOM_Arkona_JUN_ARGO_PO4_OBSERVABILITY/0092...
Starting model run...
Model run took 3.4 s.
 Processed /g100_scratch/usertrain/a08trb35/ERGOM_Arkona_JUN_ARGO_PO4_OBSERVABILITY/0093...
Starting model run...
Model run took 3.3 s.
 Processed /g100_scratch/usertrain/a08trb35/ERGOM_Arkona_JUN_ARGO_PO4_OBSERVABILITY/0094...
Starting model run...
Model run took 3.3 s.
 Processed /g100_scratch/usertrain/a08trb35/ERGOM_Arkona_JUN_ARGO_PO4_OBSERVABILITY/0095...
Starting model run...
Model run took 3.4 s.
 Processed /g100_scratch/usertrain/a08trb35/ERGOM_Arkona_JUN_ARGO_PO4_OBSERVABILITY/0096...
Starting model run...
Model run took 3.4 s.
 Processed /g100_scratch/usertrain/a08trb35/ERGOM_Arkona_JUN_ARGO_PO4_OBSERVABILITY/0097...
Starting model run...
Model run took 3.4 s.
 Processed /g100_scratch/usertrain/a08trb35/ERGOM_Arkona_JUN_ARGO_PO4_OBSERVABILITY/0098...
Starting model run...
Model run took 3.4 s.
 Processed /g100_scratch/usertrain/a08trb35/ERGOM_Arkona_JUN_ARGO_PO4_OBSERVABILITY/0099...
Retrieving value of target expression(s) for each ensemble member...
  - 0: [3.94515602e-02 1.41482651e-01 1.84722051e-01 7.61706344e+00
 5.66867888e+01 4.70924489e-02 3.95823359e-01 3.18471551e-01
 0.00000000e+00 3.60000000e+01]
  - 1: [3.95937303e-02 1.41668156e-01 1.86048895e-01 7.61709661e+00
 5.66708666e+01 4.69703078e-02 3.96028876e-01 3.20085704e-01
 0.00000000e+00 3.60000000e+01]
  - 2: [4.35276913e-02 1.47171706e-01 2.20785186e-01 7.61788144e+00
 5.62335683e+01 4.33386862e-02 4.06304538e-01 3.39717984e-01
 3.00000000e+00 3.60000000e+01]
  - 3: [3.81737015e-02 1.39897406e-01 1.72446907e-01 7.61675030e+00
 5.68322648e+01 4.80249673e-02 3.93996835e-01 3.02396595e-01
 0.00000000e+00 3.60000000e+01]
  - 4: [4.24408472e-02 1.45599380e-01 2.11398914e-01 7.61768043e+00
 5.63546567e+01 4.43327911e-02 4.01595771e-01 3.36696804e-01
 3.00000000e+00 3.60000000e+01]
  - 5: [4.89572027e-02 1.55236006e-01 2.65292734e-01 7.61873527e+00
 5.56281579e+01 3.93724255e-02 4.31246877e-01 3.43399018e-01
 4.00000000e+00 3.60000000e+01]
  - 6: [4.82944561e-02 1.54258803e-01 2.60004073e-01 7.61864306e+00
 5.57026473e+01 3.97807285e-02 4.28078949e-01 3.43891054e-01
 4.00000000e+00 3.60000000e+01]
  - 7: [4.74554922e-02 1.53011888e-01 2.53250301e-01 7.61852497e+00
 5.57968803e+01 4.03231345e-02 4.24050927e-01 3.44313711e-01
 4.00000000e+00 3.60000000e+01]
  - 8: [3.97287218e-02 1.41845867e-01 1.87303260e-01 7.61712779e+00
 5.66558254e+01 4.68484983e-02 3.96224082e-01 3.21575195e-01
 0.00000000e+00 3.60000000e+01]
  - 9: [3.86425671e-02 1.40459478e-01 1.77014351e-01 7.61686972e+00
 5.67785698e+01 4.77070957e-02 3.94661784e-01 3.08534861e-01
 0.00000000e+00 3.60000000e+01]
  - 10: [3.77068312e-02 1.39366880e-01 1.67846188e-01 7.61663155e+00
 5.68858218e+01 4.83489335e-02 3.93338084e-01 2.96070457e-01
 0.00000000e+00 3.60000000e+01]
  - 11: [3.77390747e-02 1.39402643e-01 1.68165371e-01 7.61663951e+00
 5.68821119e+01 4.83259819e-02 3.93383443e-01 2.96516806e-01
 0.00000000e+00 3.60000000e+01]
  - 12: [3.84379910e-02 1.40210882e-01 1.75029695e-01 7.61681797e+00
 5.68020020e+01 4.78452183e-02 3.94370914e-01 3.05880964e-01
 0.00000000e+00 3.60000000e+01]
  - 13: [4.66817669e-02 1.51856616e-01 2.46995971e-01 7.61841218e+00
 5.58836776e+01 4.08415645e-02 4.20325637e-01 3.44423741e-01
 4.00000000e+00 3.60000000e+01]
  - 14: [3.61318562e-02 1.37884617e-01 1.50885269e-01 7.61618772e+00
 5.70655836e+01 4.93679978e-02 3.91184092e-01 2.79188097e-01
 0.00000000e+00 3.50000000e+01]
  - 15: [4.25789771e-02 1.45797268e-01 2.12602600e-01 7.61770564e+00
 5.63392387e+01 4.42021228e-02 4.02196527e-01 3.37116003e-01
 3.00000000e+00 3.60000000e+01]
  - 16: [4.34375457e-02 1.47039920e-01 2.20013812e-01 7.61786618e+00
 5.62435940e+01 4.34192792e-02 4.05915499e-01 3.39491010e-01
 3.00000000e+00 3.60000000e+01]
  - 17: [3.78028414e-02 1.39473811e-01 1.68795988e-01 7.61665610e+00
 5.68747824e+01 4.82806042e-02 3.93473268e-01 2.97395885e-01
 0.00000000e+00 3.60000000e+01]
  - 18: [3.90220621e-02 1.40932366e-01 1.80658057e-01 7.61696194e+00
 5.67352507e+01 4.74407189e-02 3.95204067e-01 3.13339978e-01
 0.00000000e+00 3.60000000e+01]
  - 19: [3.90238529e-02 1.40934631e-01 1.80675134e-01 7.61696260e+00
 5.67350543e+01 4.74394038e-02 3.95206630e-01 3.13362122e-01
 0.00000000e+00 3.60000000e+01]
  - 20: [4.73139493e-02 1.52800694e-01 2.52108097e-01 7.61850506e+00
 5.58127760e+01 4.04172726e-02 4.23370063e-01 3.44354928e-01
 4.00000000e+00 3.60000000e+01]
  - 21: [4.32213752e-02 1.46725208e-01 2.18159214e-01 7.61782505e+00
 5.62676524e+01 4.36117128e-02 4.04981673e-01 3.38930696e-01
 3.00000000e+00 3.60000000e+01]
  - 22: [4.26161445e-02 1.45850614e-01 2.12926060e-01 7.61771293e+00
 5.63350936e+01 4.41672876e-02 4.02358115e-01 3.37227494e-01
 3.00000000e+00 3.60000000e+01]
  - 23: [4.35009728e-02 1.47132635e-01 2.20556736e-01 7.61787680e+00
 5.62365404e+01 4.33625653e-02 4.06189203e-01 3.39651078e-01
 3.00000000e+00 3.60000000e+01]
  - 24: [4.71962068e-02 1.52625054e-01 2.51157135e-01 7.61848781e+00
 5.58259861e+01 4.04954068e-02 4.22803342e-01 3.44382942e-01
 4.00000000e+00 3.60000000e+01]
  - 25: [4.78150378e-02 1.53547272e-01 2.56149501e-01 7.61857738e+00
 5.57565175e+01 4.00872305e-02 4.25778925e-01 3.44163626e-01
 4.00000000e+00 3.60000000e+01]
  - 26: [4.04253654e-02 1.42785490e-01 1.93655595e-01 7.61728171e+00
 5.65790591e+01 4.61824983e-02 3.97235751e-01 3.28323632e-01
 0.00000000e+00 3.60000000e+01]
  - 27: [3.81138584e-02 1.39827788e-01 1.71859890e-01 7.61673637e+00
 5.68391166e+01 4.80656661e-02 3.93912256e-01 3.01599920e-01
 0.00000000e+00 3.60000000e+01]
  - 28: [4.88843503e-02 1.55128941e-01 2.64713109e-01 7.61872532e+00
 5.56363578e+01 3.94166484e-02 4.30899441e-01 3.43457401e-01
 4.00000000e+00 3.60000000e+01]
  - 29: [3.98598236e-02 1.42019838e-01 1.88517377e-01 7.61715765e+00
 5.66412725e+01 4.67260480e-02 3.96413922e-01 3.22985351e-01
 0.00000000e+00 3.60000000e+01]
  - 30: [3.95763491e-02 1.41645476e-01 1.85887054e-01 7.61709329e+00
 5.66728038e+01 4.69854660e-02 3.96003723e-01 3.19892019e-01
 0.00000000e+00 3.60000000e+01]
  - 31: [4.81419045e-02 1.54032618e-01 2.58780241e-01 7.61862315e+00
 5.57197796e+01 3.98770049e-02 4.27347779e-01 3.43986273e-01
 4.00000000e+00 3.60000000e+01]
  - 32: [4.34474971e-02 1.47054479e-01 2.20099032e-01 7.61786751e+00
 5.62424847e+01 4.34103832e-02 4.05958533e-01 3.39516342e-01
 3.00000000e+00 3.60000000e+01]
  - 33: [3.77335522e-02 1.39396518e-01 1.68110713e-01 7.61663818e+00
 5.68827488e+01 4.83299196e-02 3.93375754e-01 2.96440423e-01
 0.00000000e+00 3.60000000e+01]
  - 34: [4.45500975e-02 1.48677200e-01 2.29446888e-01 7.61806322e+00
 5.61201278e+01 4.24564369e-02 4.10697699e-01 3.42006922e-01
 3.00000000e+00 3.60000000e+01]
  - 35: [4.21552399e-02 1.45192385e-01 2.08903506e-01 7.61762602e+00
 5.63865383e+01 4.46044207e-02 4.00351882e-01 3.35805774e-01
 3.00000000e+00 3.60000000e+01]
  - 36: [4.46484348e-02 1.48822859e-01 2.30269969e-01 7.61808047e+00
 5.61092476e+01 4.23749015e-02 4.11118269e-01 3.42198938e-01
 3.00000000e+00 3.60000000e+01]
  - 37: [4.81922056e-02 1.54107198e-01 2.59184152e-01 7.61862912e+00
 5.57141326e+01 3.98451984e-02 4.27588880e-01 3.43955606e-01
 4.00000000e+00 3.60000000e+01]
  - 38: [4.11680185e-02 1.43816784e-01 2.00199440e-01 7.61743429e+00
 5.64968474e+01 4.55030240e-02 3.98339391e-01 3.32419872e-01
 0.00000000e+00 3.60000000e+01]
  - 39: [4.53673238e-02 1.49891347e-01 2.36257434e-01 7.61820254e+00
 5.60298170e+01 4.17978317e-02 4.14182603e-01 3.43444794e-01
 3.00000000e+00 3.60000000e+01]
  - 40: [3.80558138e-02 1.39760777e-01 1.71289638e-01 7.61672045e+00
 5.68457615e+01 4.81051728e-02 3.93830240e-01 3.00824314e-01
 0.00000000e+00 3.60000000e+01]
  - 41: [4.84628729e-02 1.54507741e-01 2.61351883e-01 7.61866694e+00
 5.56837211e+01 3.96752208e-02 4.28885400e-01 3.43776256e-01
 4.00000000e+00 3.60000000e+01]
  - 42: [4.67362922e-02 1.51938006e-01 2.47438118e-01 7.61842014e+00
 5.58775741e+01 4.08043526e-02 4.20588613e-01 3.44426721e-01
 4.00000000e+00 3.60000000e+01]
  - 43: [4.87214482e-02 1.54889420e-01 2.63414890e-01 7.61870276e+00
 5.56546578e+01 3.95157114e-02 4.30121481e-01 3.43584359e-01
 4.00000000e+00 3.60000000e+01]
  - 44: [4.45695183e-02 1.48705930e-01 2.29609489e-01 7.61806654e+00
 5.61179730e+01 4.24402617e-02 4.10780668e-01 3.42045248e-01
 3.00000000e+00 3.60000000e+01]
  - 45: [4.81118223e-02 1.53988004e-01 2.58538544e-01 7.61861917e+00
 5.57231658e+01 3.98960821e-02 4.27203715e-01 3.44004005e-01
 4.00000000e+00 3.60000000e+01]
  - 46: [3.92133775e-02 1.41175315e-01 1.82478204e-01 7.61700838e+00
 5.67135753e+01 4.72927429e-02 3.95479381e-01 3.15671533e-01
 0.00000000e+00 3.60000000e+01]
  - 47: [3.71429428e-02 1.38766363e-01 1.62214741e-01 7.61648228e+00
 5.69507526e+01 4.87392470e-02 3.92549694e-01 2.88085878e-01
 0.00000000e+00 3.60000000e+01]
  - 48: [3.84157533e-02 1.40184179e-01 1.74813002e-01 7.61681200e+00
 5.68045495e+01 4.78603095e-02 3.94339323e-01 3.05590123e-01
 0.00000000e+00 3.60000000e+01]
  - 49: [4.65412295e-02 1.51646510e-01 2.45856121e-01 7.61839095e+00
 5.58994353e+01 4.09380607e-02 4.19648349e-01 3.44406605e-01
 4.00000000e+00 3.60000000e+01]
  - 50: [4.85297286e-02 1.54606521e-01 2.61885762e-01 7.61867689e+00
 5.56762058e+01 3.96336094e-02 4.29205239e-01 3.43728155e-01
 4.00000000e+00 3.60000000e+01]
  - 51: [4.70676007e-02 1.52432948e-01 2.50118434e-01 7.61846924e+00
 5.58404063e+01 4.05807979e-02 4.22184646e-01 3.44405651e-01
 4.00000000e+00 3.60000000e+01]
  - 52: [4.37238216e-02 1.47459030e-01 2.22459301e-01 7.61791727e+00
 5.62117708e+01 4.31644060e-02 4.07149851e-01 3.40198427e-01
 3.00000000e+00 3.60000000e+01]
  - 53: [4.55983203e-02 1.50234997e-01 2.38170981e-01 7.61824235e+00
 5.60043255e+01 4.16192301e-02 4.15165842e-01 3.43761444e-01
 3.00000000e+00 3.60000000e+01]
  - 54: [4.87414028e-02 1.54918775e-01 2.63574034e-01 7.61870608e+00
 5.56524234e+01 3.95035259e-02 4.30216908e-01 3.43568981e-01
 4.00000000e+00 3.60000000e+01]
  - 55: [4.52636377e-02 1.49736926e-01 2.35396862e-01 7.61818529e+00
 5.60412492e+01 4.18798402e-02 4.13741708e-01 3.43283594e-01
 3.00000000e+00 3.60000000e+01]
  - 56: [4.37401637e-02 1.47483021e-01 2.22598508e-01 7.61792059e+00
 5.62099556e+01 4.31500189e-02 4.07220125e-01 3.40237647e-01
 3.00000000e+00 3.60000000e+01]
  - 57: [3.79759540e-02 1.39669359e-01 1.70503974e-01 7.61670055e+00
 5.68549062e+01 4.81600799e-02 3.93717468e-01 2.99751610e-01
 0.00000000e+00 3.60000000e+01]
  - 58: [4.11611744e-02 1.43807277e-01 2.00138986e-01 7.61743297e+00
 5.64976117e+01 4.55092080e-02 3.98329079e-01 3.32391739e-01
 0.00000000e+00 3.60000000e+01]
  - 59: [4.87845981e-02 1.54982314e-01 2.63918489e-01 7.61871139e+00
 5.56475671e+01 3.94772217e-02 4.30423319e-01 3.43535662e-01
 4.00000000e+00 3.60000000e+01]
  - 60: [3.70835662e-02 1.38706222e-01 1.61612257e-01 7.61646636e+00
 5.69575885e+01 4.87747267e-02 3.92467380e-01 2.87229121e-01
 0.00000000e+00 3.60000000e+01]
  - 61: [4.49867249e-02 1.49324730e-01 2.33093634e-01 7.61813885e+00
 5.60718251e+01 4.21001948e-02 4.12562549e-01 3.42821121e-01
 3.00000000e+00 3.60000000e+01]
  - 62: [4.40493304e-02 1.47937566e-01 2.25226238e-01 7.61797499e+00
 5.61756326e+01 4.28817272e-02 4.08549786e-01 3.40954423e-01
 3.00000000e+00 3.60000000e+01]
  - 63: [4.21106453e-02 1.45129219e-01 2.08512843e-01 7.61761806e+00
 5.63915220e+01 4.46463898e-02 4.00157452e-01 3.35663646e-01
 3.00000000e+00 3.60000000e+01]
  - 64: [4.79258247e-02 1.53712064e-01 2.57041752e-01 7.61859264e+00
 5.57440716e+01 4.00153138e-02 4.26310718e-01 3.44107032e-01
 4.00000000e+00 3.60000000e+01]
  - 65: [4.28761969e-02 1.46225289e-01 2.15183109e-01 7.61776203e+00
 5.63061046e+01 4.39252034e-02 4.03486848e-01 3.37986201e-01
 3.00000000e+00 3.60000000e+01]
  - 66: [4.39561035e-02 1.47800401e-01 2.24435121e-01 7.61795906e+00
 5.61859768e+01 4.29618210e-02 4.08149123e-01 3.40744108e-01
 3.00000000e+00 3.60000000e+01]
  - 67: [4.92341933e-02 1.55642271e-01 2.67493695e-01 7.61877242e+00
 5.55970087e+01 3.92048284e-02 4.32566941e-01 3.43602210e-01
 4.00000000e+00 3.70000000e+01]
  - 68: [4.62497162e-02 1.51209936e-01 2.43490547e-01 7.61834650e+00
 5.59320652e+01 4.11424786e-02 4.18245018e-01 3.44325721e-01
 4.00000000e+00 3.60000000e+01]
  - 69: [3.66727321e-02 1.38327092e-01 1.57095119e-01 7.61634893e+00
 5.70042194e+01 4.90176752e-02 3.91909957e-01 2.84184843e-01
 0.00000000e+00 3.50000000e+01]
  - 70: [4.30477754e-02 1.46473408e-01 2.16664955e-01 7.61779387e+00
 5.62869873e+01 4.37681414e-02 4.04230416e-01 3.38464499e-01
 3.00000000e+00 3.60000000e+01]
  - 71: [4.44194545e-02 1.48483858e-01 2.28351206e-01 7.61804067e+00
 5.61346011e+01 4.25660685e-02 4.10138130e-01 3.41744274e-01
 3.00000000e+00 3.60000000e+01]
  - 72: [3.69726083e-02 1.38597712e-01 1.60451755e-01 7.61643584e+00
 5.69702414e+01 4.88399640e-02 3.92315447e-01 2.86554724e-01
 0.00000000e+00 3.50000000e+01]
  - 73: [4.20777901e-02 1.45082772e-01 2.08224833e-01 7.61761143e+00
 5.63951947e+01 4.46771719e-02 4.00014281e-01 3.35558504e-01
 3.00000000e+00 3.60000000e+01]
  - 74: [4.53672461e-02 1.49891227e-01 2.36256853e-01 7.61820254e+00
 5.60298170e+01 4.17978875e-02 4.14182305e-01 3.43444586e-01
 3.00000000e+00 3.60000000e+01]
  - 75: [3.60556867e-02 1.37827516e-01 1.49999350e-01 7.61616516e+00
 5.70742506e+01 4.94171157e-02 3.91082048e-01 2.78415024e-01
 0.00000000e+00 3.50000000e+01]
  - 76: [4.66887433e-02 1.51867032e-01 2.47052506e-01 7.61841351e+00
 5.58829027e+01 4.08368073e-02 4.20359254e-01 3.44424188e-01
 4.00000000e+00 3.60000000e+01]
  - 77: [4.12665320e-02 1.43953323e-01 2.01069400e-01 7.61745486e+00
 5.64858558e+01 4.54140119e-02 3.98487568e-01 3.32811743e-01
 0.00000000e+00 3.60000000e+01]
  - 78: [3.76172299e-02 1.39268205e-01 1.66958213e-01 7.61660833e+00
 5.68961288e+01 4.84129488e-02 3.93212199e-01 2.94823676e-01
 0.00000000e+00 3.60000000e+01]
  - 79: [4.88176501e-02 1.55030906e-01 2.64181852e-01 7.61871603e+00
 5.56438413e+01 3.94571386e-02 4.30581033e-01 3.43509972e-01
 4.00000000e+00 3.60000000e+01]
  - 80: [4.74669415e-02 1.53028965e-01 2.53342628e-01 7.61852696e+00
 5.57955959e+01 4.03155386e-02 4.24105942e-01 3.44309896e-01
 4.00000000e+00 3.60000000e+01]
  - 81: [4.16032957e-02 1.44418761e-01 2.04047158e-01 7.61751988e+00
 5.64482210e+01 4.51113731e-02 3.98996413e-01 3.33997816e-01
 0.00000000e+00 3.60000000e+01]
  - 82: [3.61183804e-02 1.37874469e-01 1.50728613e-01 7.61618374e+00
 5.70671174e+01 4.93765548e-02 3.91166031e-01 2.79053301e-01
 0.00000000e+00 3.50000000e+01]
  - 83: [4.08730636e-02 1.43408015e-01 1.97597727e-01 7.61737591e+00
 5.65296631e+01 4.57703099e-02 3.97897184e-01 3.31111103e-01
 0.00000000e+00 3.60000000e+01]
  - 84: [4.70096236e-02 1.52346313e-01 2.49649942e-01 7.61846128e+00
 5.58469132e+01 4.06195261e-02 4.21905458e-01 3.44413668e-01
 4.00000000e+00 3.60000000e+01]
  - 85: [4.66329222e-02 1.51783675e-01 2.46599630e-01 7.61840555e+00
 5.58891602e+01 4.08749692e-02 4.20090139e-01 3.44419658e-01
 4.00000000e+00 3.60000000e+01]
  - 86: [4.75562396e-02 1.53162122e-01 2.54062861e-01 7.61853956e+00
 5.57855755e+01 4.02565561e-02 4.24535155e-01 3.44277829e-01
 4.00000000e+00 3.60000000e+01]
  - 87: [4.53365523e-02 1.49845511e-01 2.36002117e-01 7.61819723e+00
 5.60332084e+01 4.18221392e-02 4.14051950e-01 3.43397319e-01
 3.00000000e+00 3.60000000e+01]
  - 88: [4.92051840e-02 1.55599818e-01 2.67263114e-01 7.61876844e+00
 5.56002834e+01 3.92222553e-02 4.32428658e-01 3.43529940e-01
 4.00000000e+00 3.70000000e+01]
  - 89: [4.88496138e-02 1.55077904e-01 2.64436513e-01 7.61872068e+00
 5.56402588e+01 3.94377410e-02 4.30733800e-01 3.43484789e-01
 4.00000000e+00 3.60000000e+01]
  - 90: [4.56208613e-02 1.50268644e-01 2.38356575e-01 7.61824633e+00
 5.60018364e+01 4.16020676e-02 4.15261865e-01 3.43789130e-01
 3.00000000e+00 3.60000000e+01]
  - 91: [4.21848349e-02 1.45234391e-01 2.09162652e-01 7.61763266e+00
 5.63832371e+01 4.45765592e-02 4.00480926e-01 3.35899532e-01
 3.00000000e+00 3.60000000e+01]
  - 92: [4.28396748e-02 1.46172523e-01 2.14866847e-01 7.61775539e+00
 5.63101700e+01 4.39589955e-02 4.03328419e-01 3.37882221e-01
 3.00000000e+00 3.60000000e+01]
  - 93: [3.96852597e-02 1.41788483e-01 1.86899826e-01 7.61711784e+00
 5.66606711e+01 4.68879379e-02 3.96161199e-01 3.21098238e-01
 0.00000000e+00 3.60000000e+01]
  - 94: [3.62307196e-02 1.37960270e-01 1.52031556e-01 7.61621824e+00
 5.70543319e+01 4.93058674e-02 3.91316891e-01 2.80152351e-01
 0.00000000e+00 3.50000000e+01]
  - 95: [4.56101013e-02 1.50252581e-01 2.38267958e-01 7.61824434e+00
 5.60030305e+01 4.16102633e-02 4.15216088e-01 3.43776077e-01
 3.00000000e+00 3.60000000e+01]
  - 96: [4.02230957e-02 1.42507717e-01 1.91849425e-01 7.61723858e+00
 5.66012706e+01 4.63759378e-02 3.96940589e-01 3.26637119e-01
 0.00000000e+00 3.60000000e+01]
  - 97: [4.12329098e-02 1.43906817e-01 2.00772166e-01 7.61744823e+00
 5.64896134e+01 4.54444215e-02 3.98436964e-01 3.32682669e-01
 0.00000000e+00 3.60000000e+01]
  - 98: [3.90505739e-02 1.40968442e-01 1.80930078e-01 7.61696857e+00
 5.67320132e+01 4.74195518e-02 3.95245016e-01 3.13693076e-01
 0.00000000e+00 3.60000000e+01]
  - 99: [3.65795493e-02 1.38246328e-01 1.56035468e-01 7.61632107e+00
 5.70147652e+01 4.90773730e-02 3.91784787e-01 2.83375978e-01
 0.00000000e+00 3.50000000e+01]
Updating sensitivity info in ERGOM_Arkona_observability_ARGO_PO4_JUN.pickle with model results...
Done
