Starting ppserver on r513c07n[01-02]:57389
Host names provided to parsac: r513c07n01:57389,r513c07n02:57389,
Starting parsac
Reading sensitivity samples from ERGOM_Arkona_observability_ARGO_NO3_JAN.pickle...
Reading configuration from Arkona_observability_ARGO_NO3_JAN.xml...
Starting Parallel Python server...
Giving Parallel Python 10 seconds to connect to: r513c07n01:57389, r513c07n02:57389
Running on:
   local: 0 cpus
   r513c07n01:57389: 48 cpus
   r513c07n02:57389: 48 cpus
Total number of cpus: 96
Starting model run...
Model run took 3.5 s.
 Processed /g100_scratch/usertrain/a08trb35/ERGOM_Arkona_JAN_ARGO_NO3_OBSERVABILITY/0000...
Starting model run...
Model run took 3.4 s.
 Processed /g100_scratch/usertrain/a08trb35/ERGOM_Arkona_JAN_ARGO_NO3_OBSERVABILITY/0001...
Starting model run...
Model run took 3.4 s.
 Processed /g100_scratch/usertrain/a08trb35/ERGOM_Arkona_JAN_ARGO_NO3_OBSERVABILITY/0002...
Starting model run...
Model run took 3.2 s.
 Processed /g100_scratch/usertrain/a08trb35/ERGOM_Arkona_JAN_ARGO_NO3_OBSERVABILITY/0003...
Starting model run...
Model run took 3.4 s.
 Processed /g100_scratch/usertrain/a08trb35/ERGOM_Arkona_JAN_ARGO_NO3_OBSERVABILITY/0004...
Starting model run...
Model run took 3.2 s.
 Processed /g100_scratch/usertrain/a08trb35/ERGOM_Arkona_JAN_ARGO_NO3_OBSERVABILITY/0005...
Starting model run...
Model run took 3.6 s.
 Processed /g100_scratch/usertrain/a08trb35/ERGOM_Arkona_JAN_ARGO_NO3_OBSERVABILITY/0006...
Starting model run...
Model run took 3.1 s.
 Processed /g100_scratch/usertrain/a08trb35/ERGOM_Arkona_JAN_ARGO_NO3_OBSERVABILITY/0007...
Starting model run...
Model run took 3.4 s.
 Processed /g100_scratch/usertrain/a08trb35/ERGOM_Arkona_JAN_ARGO_NO3_OBSERVABILITY/0008...
Starting model run...
Model run took 3.5 s.
 Processed /g100_scratch/usertrain/a08trb35/ERGOM_Arkona_JAN_ARGO_NO3_OBSERVABILITY/0009...
Starting model run...
Model run took 3.4 s.
 Processed /g100_scratch/usertrain/a08trb35/ERGOM_Arkona_JAN_ARGO_NO3_OBSERVABILITY/0010...
Starting model run...
Model run took 3.1 s.
 Processed /g100_scratch/usertrain/a08trb35/ERGOM_Arkona_JAN_ARGO_NO3_OBSERVABILITY/0011...
Starting model run...
Model run took 3.4 s.
 Processed /g100_scratch/usertrain/a08trb35/ERGOM_Arkona_JAN_ARGO_NO3_OBSERVABILITY/0012...
Starting model run...
Model run took 3.1 s.
 Processed /g100_scratch/usertrain/a08trb35/ERGOM_Arkona_JAN_ARGO_NO3_OBSERVABILITY/0013...
Starting model run...
Model run took 3.3 s.
 Processed /g100_scratch/usertrain/a08trb35/ERGOM_Arkona_JAN_ARGO_NO3_OBSERVABILITY/0014...
Starting model run...
Model run took 3.3 s.
 Processed /g100_scratch/usertrain/a08trb35/ERGOM_Arkona_JAN_ARGO_NO3_OBSERVABILITY/0015...
Starting model run...
Model run took 3.4 s.
 Processed /g100_scratch/usertrain/a08trb35/ERGOM_Arkona_JAN_ARGO_NO3_OBSERVABILITY/0016...
Starting model run...
Model run took 3.1 s.
 Processed /g100_scratch/usertrain/a08trb35/ERGOM_Arkona_JAN_ARGO_NO3_OBSERVABILITY/0017...
Starting model run...
Model run took 3.5 s.
 Processed /g100_scratch/usertrain/a08trb35/ERGOM_Arkona_JAN_ARGO_NO3_OBSERVABILITY/0018...
Starting model run...
Model run took 3.1 s.
 Processed /g100_scratch/usertrain/a08trb35/ERGOM_Arkona_JAN_ARGO_NO3_OBSERVABILITY/0019...
Starting model run...
Model run took 3.4 s.
 Processed /g100_scratch/usertrain/a08trb35/ERGOM_Arkona_JAN_ARGO_NO3_OBSERVABILITY/0020...
Starting model run...
Model run took 3.1 s.
 Processed /g100_scratch/usertrain/a08trb35/ERGOM_Arkona_JAN_ARGO_NO3_OBSERVABILITY/0021...
Starting model run...
Model run took 3.4 s.
 Processed /g100_scratch/usertrain/a08trb35/ERGOM_Arkona_JAN_ARGO_NO3_OBSERVABILITY/0022...
Starting model run...
Model run took 3.2 s.
 Processed /g100_scratch/usertrain/a08trb35/ERGOM_Arkona_JAN_ARGO_NO3_OBSERVABILITY/0023...
Starting model run...
Model run took 3.3 s.
 Processed /g100_scratch/usertrain/a08trb35/ERGOM_Arkona_JAN_ARGO_NO3_OBSERVABILITY/0024...
Starting model run...
Model run took 3.4 s.
 Processed /g100_scratch/usertrain/a08trb35/ERGOM_Arkona_JAN_ARGO_NO3_OBSERVABILITY/0025...
Starting model run...
Model run took 3.5 s.
 Processed /g100_scratch/usertrain/a08trb35/ERGOM_Arkona_JAN_ARGO_NO3_OBSERVABILITY/0026...
Starting model run...
Model run took 3.4 s.
 Processed /g100_scratch/usertrain/a08trb35/ERGOM_Arkona_JAN_ARGO_NO3_OBSERVABILITY/0027...
Starting model run...
Model run took 3.2 s.
 Processed /g100_scratch/usertrain/a08trb35/ERGOM_Arkona_JAN_ARGO_NO3_OBSERVABILITY/0028...
Starting model run...
Model run took 3.3 s.
 Processed /g100_scratch/usertrain/a08trb35/ERGOM_Arkona_JAN_ARGO_NO3_OBSERVABILITY/0029...
Starting model run...
Model run took 3.3 s.
 Processed /g100_scratch/usertrain/a08trb35/ERGOM_Arkona_JAN_ARGO_NO3_OBSERVABILITY/0030...
Starting model run...
Model run took 3.2 s.
 Processed /g100_scratch/usertrain/a08trb35/ERGOM_Arkona_JAN_ARGO_NO3_OBSERVABILITY/0031...
Starting model run...
Model run took 3.3 s.
 Processed /g100_scratch/usertrain/a08trb35/ERGOM_Arkona_JAN_ARGO_NO3_OBSERVABILITY/0032...
Starting model run...
Model run took 3.3 s.
 Processed /g100_scratch/usertrain/a08trb35/ERGOM_Arkona_JAN_ARGO_NO3_OBSERVABILITY/0033...
Starting model run...
Model run took 3.4 s.
 Processed /g100_scratch/usertrain/a08trb35/ERGOM_Arkona_JAN_ARGO_NO3_OBSERVABILITY/0034...
Starting model run...
Model run took 3.1 s.
 Processed /g100_scratch/usertrain/a08trb35/ERGOM_Arkona_JAN_ARGO_NO3_OBSERVABILITY/0035...
Starting model run...
Model run took 3.4 s.
 Processed /g100_scratch/usertrain/a08trb35/ERGOM_Arkona_JAN_ARGO_NO3_OBSERVABILITY/0036...
Starting model run...
Model run took 3.3 s.
 Processed /g100_scratch/usertrain/a08trb35/ERGOM_Arkona_JAN_ARGO_NO3_OBSERVABILITY/0037...
Starting model run...
Model run took 3.1 s.
 Processed /g100_scratch/usertrain/a08trb35/ERGOM_Arkona_JAN_ARGO_NO3_OBSERVABILITY/0038...
Starting model run...
Model run took 3.4 s.
 Processed /g100_scratch/usertrain/a08trb35/ERGOM_Arkona_JAN_ARGO_NO3_OBSERVABILITY/0039...
Starting model run...
Model run took 3.3 s.
 Processed /g100_scratch/usertrain/a08trb35/ERGOM_Arkona_JAN_ARGO_NO3_OBSERVABILITY/0040...
Starting model run...
Model run took 3.2 s.
 Processed /g100_scratch/usertrain/a08trb35/ERGOM_Arkona_JAN_ARGO_NO3_OBSERVABILITY/0041...
Starting model run...
Model run took 3.3 s.
 Processed /g100_scratch/usertrain/a08trb35/ERGOM_Arkona_JAN_ARGO_NO3_OBSERVABILITY/0042...
Starting model run...
Model run took 3.4 s.
 Processed /g100_scratch/usertrain/a08trb35/ERGOM_Arkona_JAN_ARGO_NO3_OBSERVABILITY/0043...
Starting model run...
Model run took 3.4 s.
 Processed /g100_scratch/usertrain/a08trb35/ERGOM_Arkona_JAN_ARGO_NO3_OBSERVABILITY/0044...
Starting model run...
Model run took 3.2 s.
 Processed /g100_scratch/usertrain/a08trb35/ERGOM_Arkona_JAN_ARGO_NO3_OBSERVABILITY/0045...
Starting model run...
Model run took 3.3 s.
 Processed /g100_scratch/usertrain/a08trb35/ERGOM_Arkona_JAN_ARGO_NO3_OBSERVABILITY/0046...
Starting model run...
Model run took 3.5 s.
 Processed /g100_scratch/usertrain/a08trb35/ERGOM_Arkona_JAN_ARGO_NO3_OBSERVABILITY/0047...
Starting model run...
Model run took 3.4 s.
 Processed /g100_scratch/usertrain/a08trb35/ERGOM_Arkona_JAN_ARGO_NO3_OBSERVABILITY/0048...
Starting model run...
Model run took 3.1 s.
 Processed /g100_scratch/usertrain/a08trb35/ERGOM_Arkona_JAN_ARGO_NO3_OBSERVABILITY/0049...
Starting model run...
Model run took 3.3 s.
 Processed /g100_scratch/usertrain/a08trb35/ERGOM_Arkona_JAN_ARGO_NO3_OBSERVABILITY/0050...
Starting model run...
Model run took 3.1 s.
 Processed /g100_scratch/usertrain/a08trb35/ERGOM_Arkona_JAN_ARGO_NO3_OBSERVABILITY/0051...
Starting model run...
Model run took 3.3 s.
 Processed /g100_scratch/usertrain/a08trb35/ERGOM_Arkona_JAN_ARGO_NO3_OBSERVABILITY/0052...
Starting model run...
Model run took 3.2 s.
 Processed /g100_scratch/usertrain/a08trb35/ERGOM_Arkona_JAN_ARGO_NO3_OBSERVABILITY/0053...
Starting model run...
Model run took 3.3 s.
 Processed /g100_scratch/usertrain/a08trb35/ERGOM_Arkona_JAN_ARGO_NO3_OBSERVABILITY/0054...
Starting model run...
Model run took 3.1 s.
 Processed /g100_scratch/usertrain/a08trb35/ERGOM_Arkona_JAN_ARGO_NO3_OBSERVABILITY/0055...
Starting model run...
Model run took 3.2 s.
 Processed /g100_scratch/usertrain/a08trb35/ERGOM_Arkona_JAN_ARGO_NO3_OBSERVABILITY/0056...
Starting model run...
Model run took 3.2 s.
 Processed /g100_scratch/usertrain/a08trb35/ERGOM_Arkona_JAN_ARGO_NO3_OBSERVABILITY/0057...
Starting model run...
Model run took 3.2 s.
 Processed /g100_scratch/usertrain/a08trb35/ERGOM_Arkona_JAN_ARGO_NO3_OBSERVABILITY/0058...
Starting model run...
Model run took 3.2 s.
 Processed /g100_scratch/usertrain/a08trb35/ERGOM_Arkona_JAN_ARGO_NO3_OBSERVABILITY/0059...
Starting model run...
Model run took 3.2 s.
 Processed /g100_scratch/usertrain/a08trb35/ERGOM_Arkona_JAN_ARGO_NO3_OBSERVABILITY/0060...
Starting model run...
Model run took 3.1 s.
 Processed /g100_scratch/usertrain/a08trb35/ERGOM_Arkona_JAN_ARGO_NO3_OBSERVABILITY/0061...
Starting model run...
Model run took 3.4 s.
 Processed /g100_scratch/usertrain/a08trb35/ERGOM_Arkona_JAN_ARGO_NO3_OBSERVABILITY/0062...
Starting model run...
Model run took 3.3 s.
 Processed /g100_scratch/usertrain/a08trb35/ERGOM_Arkona_JAN_ARGO_NO3_OBSERVABILITY/0063...
Starting model run...
Model run took 3.2 s.
 Processed /g100_scratch/usertrain/a08trb35/ERGOM_Arkona_JAN_ARGO_NO3_OBSERVABILITY/0064...
Starting model run...
Model run took 3.3 s.
 Processed /g100_scratch/usertrain/a08trb35/ERGOM_Arkona_JAN_ARGO_NO3_OBSERVABILITY/0065...
Starting model run...
Model run took 3.3 s.
 Processed /g100_scratch/usertrain/a08trb35/ERGOM_Arkona_JAN_ARGO_NO3_OBSERVABILITY/0066...
Starting model run...
Model run took 3.4 s.
 Processed /g100_scratch/usertrain/a08trb35/ERGOM_Arkona_JAN_ARGO_NO3_OBSERVABILITY/0067...
Starting model run...
Model run took 3.1 s.
 Processed /g100_scratch/usertrain/a08trb35/ERGOM_Arkona_JAN_ARGO_NO3_OBSERVABILITY/0068...
Starting model run...
Model run took 3.2 s.
 Processed /g100_scratch/usertrain/a08trb35/ERGOM_Arkona_JAN_ARGO_NO3_OBSERVABILITY/0069...
Starting model run...
Model run took 3.2 s.
 Processed /g100_scratch/usertrain/a08trb35/ERGOM_Arkona_JAN_ARGO_NO3_OBSERVABILITY/0070...
Starting model run...
Model run took 3.3 s.
 Processed /g100_scratch/usertrain/a08trb35/ERGOM_Arkona_JAN_ARGO_NO3_OBSERVABILITY/0071...
Starting model run...
Model run took 3.6 s.
 Processed /g100_scratch/usertrain/a08trb35/ERGOM_Arkona_JAN_ARGO_NO3_OBSERVABILITY/0072...
Starting model run...
Model run took 3.6 s.
 Processed /g100_scratch/usertrain/a08trb35/ERGOM_Arkona_JAN_ARGO_NO3_OBSERVABILITY/0073...
Starting model run...
Model run took 3.2 s.
 Processed /g100_scratch/usertrain/a08trb35/ERGOM_Arkona_JAN_ARGO_NO3_OBSERVABILITY/0074...
Starting model run...
Model run took 3.4 s.
 Processed /g100_scratch/usertrain/a08trb35/ERGOM_Arkona_JAN_ARGO_NO3_OBSERVABILITY/0075...
Starting model run...
Model run took 3.2 s.
 Processed /g100_scratch/usertrain/a08trb35/ERGOM_Arkona_JAN_ARGO_NO3_OBSERVABILITY/0076...
Starting model run...
Model run took 3.2 s.
 Processed /g100_scratch/usertrain/a08trb35/ERGOM_Arkona_JAN_ARGO_NO3_OBSERVABILITY/0077...
Starting model run...
Model run took 3.4 s.
 Processed /g100_scratch/usertrain/a08trb35/ERGOM_Arkona_JAN_ARGO_NO3_OBSERVABILITY/0078...
Starting model run...
Model run took 3.2 s.
 Processed /g100_scratch/usertrain/a08trb35/ERGOM_Arkona_JAN_ARGO_NO3_OBSERVABILITY/0079...
Starting model run...
Model run took 3.2 s.
 Processed /g100_scratch/usertrain/a08trb35/ERGOM_Arkona_JAN_ARGO_NO3_OBSERVABILITY/0080...
Starting model run...
Model run took 3.1 s.
 Processed /g100_scratch/usertrain/a08trb35/ERGOM_Arkona_JAN_ARGO_NO3_OBSERVABILITY/0081...
Starting model run...
Model run took 3.3 s.
 Processed /g100_scratch/usertrain/a08trb35/ERGOM_Arkona_JAN_ARGO_NO3_OBSERVABILITY/0082...
Starting model run...
Model run took 3.3 s.
 Processed /g100_scratch/usertrain/a08trb35/ERGOM_Arkona_JAN_ARGO_NO3_OBSERVABILITY/0083...
Starting model run...
Model run took 3.3 s.
 Processed /g100_scratch/usertrain/a08trb35/ERGOM_Arkona_JAN_ARGO_NO3_OBSERVABILITY/0084...
Starting model run...
Model run took 3.4 s.
 Processed /g100_scratch/usertrain/a08trb35/ERGOM_Arkona_JAN_ARGO_NO3_OBSERVABILITY/0085...
Starting model run...
Model run took 3.3 s.
 Processed /g100_scratch/usertrain/a08trb35/ERGOM_Arkona_JAN_ARGO_NO3_OBSERVABILITY/0086...
Starting model run...
Model run took 3.4 s.
 Processed /g100_scratch/usertrain/a08trb35/ERGOM_Arkona_JAN_ARGO_NO3_OBSERVABILITY/0087...
Starting model run...
Model run took 3.1 s.
 Processed /g100_scratch/usertrain/a08trb35/ERGOM_Arkona_JAN_ARGO_NO3_OBSERVABILITY/0088...
Starting model run...
Model run took 3.3 s.
 Processed /g100_scratch/usertrain/a08trb35/ERGOM_Arkona_JAN_ARGO_NO3_OBSERVABILITY/0089...
Starting model run...
Model run took 3.1 s.
 Processed /g100_scratch/usertrain/a08trb35/ERGOM_Arkona_JAN_ARGO_NO3_OBSERVABILITY/0090...
Starting model run...
Model run took 3.1 s.
 Processed /g100_scratch/usertrain/a08trb35/ERGOM_Arkona_JAN_ARGO_NO3_OBSERVABILITY/0091...
Starting model run...
Model run took 3.2 s.
 Processed /g100_scratch/usertrain/a08trb35/ERGOM_Arkona_JAN_ARGO_NO3_OBSERVABILITY/0092...
Starting model run...
Model run took 3.1 s.
 Processed /g100_scratch/usertrain/a08trb35/ERGOM_Arkona_JAN_ARGO_NO3_OBSERVABILITY/0093...
Starting model run...
Model run took 3.4 s.
 Processed /g100_scratch/usertrain/a08trb35/ERGOM_Arkona_JAN_ARGO_NO3_OBSERVABILITY/0094...
Starting model run...
Model run took 3.3 s.
 Processed /g100_scratch/usertrain/a08trb35/ERGOM_Arkona_JAN_ARGO_NO3_OBSERVABILITY/0095...
Starting model run...
Model run took 3.1 s.
 Processed /g100_scratch/usertrain/a08trb35/ERGOM_Arkona_JAN_ARGO_NO3_OBSERVABILITY/0096...
Starting model run...
Model run took 3.1 s.
 Processed /g100_scratch/usertrain/a08trb35/ERGOM_Arkona_JAN_ARGO_NO3_OBSERVABILITY/0097...
Starting model run...
Model run took 3.1 s.
 Processed /g100_scratch/usertrain/a08trb35/ERGOM_Arkona_JAN_ARGO_NO3_OBSERVABILITY/0098...
Starting model run...
Model run took 3.1 s.
 Processed /g100_scratch/usertrain/a08trb35/ERGOM_Arkona_JAN_ARGO_NO3_OBSERVABILITY/0099...
Retrieving value of target expression(s) for each ensemble member...
  - 0: [4.16657501e-02 1.00690491e-01 2.20598713e-01 7.71526218e+00
 1.31994260e+02 8.67019653e-01 2.66296953e-01 2.26634815e-01
 0.00000000e+00 4.10000000e+01]
  - 1: [5.04830837e-02 1.04963005e-01 2.99688518e-01 7.71712850e+00
 1.31287695e+02 8.97141516e-01 3.64847422e-01 2.73344338e-01
 3.30000000e+01 4.40000000e+01]
  - 2: [4.23796071e-02 1.00858256e-01 2.27154836e-01 7.71542155e+00
 1.31933127e+02 8.70138228e-01 2.70788193e-01 2.30771765e-01
 3.40000000e+01 4.20000000e+01]
  - 3: [4.61573707e-02 1.02398463e-01 2.61389703e-01 7.71623739e+00
 1.31621387e+02 8.84439826e-01 3.15439701e-01 2.51614302e-01
 3.30000000e+01 4.30000000e+01]
  - 4: [3.96096309e-02 1.00520141e-01 2.01553538e-01 7.71479831e+00
 1.32174360e+02 8.57181251e-01 2.65252113e-01 2.14352712e-01
 0.00000000e+00 4.00000000e+01]
  - 5: [3.87796111e-02 1.00611851e-01 1.93780899e-01 7.71460571e+00
 1.32248644e+02 8.52822304e-01 2.64819741e-01 2.09248558e-01
 0.00000000e+00 4.00000000e+01]
  - 6: [4.55655787e-02 1.02099836e-01 2.56077051e-01 7.71611192e+00
 1.31668924e+02 8.82422328e-01 3.08525801e-01 2.48463571e-01
 3.30000000e+01 4.30000000e+01]
  - 7: [5.10800256e-02 1.05351262e-01 3.04904103e-01 7.71724786e+00
 1.31243479e+02 8.98649395e-01 3.71515512e-01 2.76175469e-01
 3.30000000e+01 4.40000000e+01]
  - 8: [4.14289157e-02 1.00646012e-01 2.18417421e-01 7.71520928e+00
 1.32014714e+02 8.65952253e-01 2.66178876e-01 2.25247473e-01
 0.00000000e+00 4.10000000e+01]
  - 9: [4.32900826e-02 1.01138614e-01 2.35476181e-01 7.71562093e+00
 1.31856174e+02 8.73911262e-01 2.81591892e-01 2.35962600e-01
 3.30000000e+01 4.20000000e+01]
  - 10: [4.19787910e-02 1.00757957e-01 2.23477170e-01 7.71533203e+00
 1.31967383e+02 8.68404448e-01 2.66452283e-01 2.28457034e-01
 0.00000000e+00 4.10000000e+01]
  - 11: [4.98273955e-02 1.04543313e-01 2.93940961e-01 7.71699558e+00
 1.31336740e+02 8.95423591e-01 3.57483625e-01 2.70187974e-01
 3.30000000e+01 4.40000000e+01]
  - 12: [4.80708811e-02 1.03464760e-01 2.78444111e-01 7.71663615e+00
 1.31470812e+02 8.90474319e-01 3.37540627e-01 2.61501908e-01
 3.30000000e+01 4.30000000e+01]
  - 13: [4.74249893e-02 1.03089727e-01 2.72708356e-01 7.71650255e+00
 1.31521115e+02 8.88517082e-01 3.30123901e-01 2.58215100e-01
 3.30000000e+01 4.30000000e+01]
  - 14: [3.93597100e-02 1.00536659e-01 1.99219361e-01 7.71473931e+00
 1.32196647e+02 8.55892777e-01 2.65122563e-01 2.12824866e-01
 0.00000000e+00 4.00000000e+01]
  - 15: [4.37830236e-02 1.01317622e-01 2.39963442e-01 7.71572876e+00
 1.31814996e+02 8.75862420e-01 2.87473202e-01 2.38727659e-01
 3.30000000e+01 4.20000000e+01]
  - 16: [3.99590095e-02 1.00511670e-01 2.04808578e-01 7.71487766e+00
 1.32143359e+02 8.58947098e-01 2.65432715e-01 2.16475427e-01
 0.00000000e+00 4.00000000e+01]
  - 17: [4.96554375e-02 1.04434542e-01 2.92430460e-01 7.71696099e+00
 1.31349707e+02 8.94961596e-01 3.55545759e-01 2.69351929e-01
 3.30000000e+01 4.40000000e+01]
  - 18: [4.58409256e-02 1.02236621e-01 2.58551210e-01 7.71617093e+00
 1.31646766e+02 8.83370340e-01 3.11748981e-01 2.49935165e-01
 3.30000000e+01 4.30000000e+01]
  - 19: [4.79605834e-02 1.03399761e-01 2.77466059e-01 7.71661377e+00
 1.31479373e+02 8.90145600e-01 3.36277008e-01 2.60944307e-01
 3.30000000e+01 4.30000000e+01]
  - 20: [5.03785981e-02 1.04895659e-01 2.98773885e-01 7.71710748e+00
 1.31295464e+02 8.96872222e-01 3.63677025e-01 2.72844553e-01
 3.30000000e+01 4.40000000e+01]
  - 21: [3.92265161e-02 1.00549251e-01 1.97973296e-01 7.71470879e+00
 1.32208550e+02 8.55197608e-01 2.65053242e-01 2.12007523e-01
 0.00000000e+00 4.00000000e+01]
  - 22: [4.05741718e-02 1.00536369e-01 2.10518986e-01 7.71501668e+00
 1.32089149e+02 8.61960590e-01 2.65747756e-01 2.20179364e-01
 0.00000000e+00 4.10000000e+01]
  - 23: [3.90716500e-02 1.00567356e-01 1.96522415e-01 7.71467285e+00
 1.32222418e+02 8.54381919e-01 2.64972478e-01 2.11054295e-01
 0.00000000e+00 4.00000000e+01]
  - 24: [4.22378037e-02 1.00821078e-01 2.25854710e-01 7.71539035e+00
 1.31945204e+02 8.69529903e-01 2.69105673e-01 2.29954973e-01
 3.40000000e+01 4.10000000e+01]
  - 25: [4.62065432e-02 1.02424033e-01 2.61830300e-01 7.71624756e+00
 1.31617459e+02 8.84604156e-01 3.16012859e-01 2.51874089e-01
 3.30000000e+01 4.30000000e+01]
  - 26: [3.93074963e-02 1.00541279e-01 1.98731065e-01 7.71472711e+00
 1.32201313e+02 8.55620861e-01 2.65095383e-01 2.12504700e-01
 0.00000000e+00 4.00000000e+01]
  - 27: [4.32378319e-02 1.01120703e-01 2.34999806e-01 7.71560940e+00
 1.31860547e+02 8.73700798e-01 2.80966759e-01 2.35667542e-01
 3.30000000e+01 4.20000000e+01]
  - 28: [4.16553921e-02 1.00688428e-01 2.20503405e-01 7.71526015e+00
 1.31995161e+02 8.66973162e-01 2.66291827e-01 2.26574287e-01
 0.00000000e+00 4.10000000e+01]
  - 29: [4.06028191e-02 1.00538664e-01 2.10784361e-01 7.71502346e+00
 1.32086654e+02 8.62097979e-01 2.65762299e-01 2.20350832e-01
 0.00000000e+00 4.10000000e+01]
  - 30: [3.87057755e-02 1.00625306e-01 1.93086371e-01 7.71458876e+00
 1.32255273e+02 8.52423429e-01 2.64780849e-01 2.08790317e-01
 0.00000000e+00 4.00000000e+01]
  - 31: [4.85636393e-02 1.03759497e-01 2.82806337e-01 7.71673787e+00
 1.31432813e+02 8.91916394e-01 3.43168259e-01 2.63975084e-01
 3.30000000e+01 4.30000000e+01]
  - 32: [4.04155254e-02 1.00525439e-01 2.09048510e-01 7.71498074e+00
 1.32103082e+02 8.61195087e-01 2.65666932e-01 2.19228327e-01
 0.00000000e+00 4.10000000e+01]
  - 33: [4.15924072e-02 1.00676104e-01 2.19923556e-01 7.71524590e+00
 1.32000586e+02 8.66690993e-01 2.66260475e-01 2.26205930e-01
 0.00000000e+00 4.10000000e+01]
  - 34: [4.08494393e-02 1.00562528e-01 2.13067263e-01 7.71507975e+00
 1.32065072e+02 8.63270164e-01 2.65887529e-01 2.21821979e-01
 0.00000000e+00 4.10000000e+01]
  - 35: [4.07900068e-02 1.00556120e-01 2.12517425e-01 7.71506551e+00
 1.32070258e+02 8.62989426e-01 2.65857458e-01 2.21468136e-01
 0.00000000e+00 4.10000000e+01]
  - 36: [4.14440367e-02 1.00648679e-01 2.18556806e-01 7.71521335e+00
 1.32013401e+02 8.66020918e-01 2.66186476e-01 2.25336269e-01
 0.00000000e+00 4.10000000e+01]
  - 37: [4.67028883e-02 1.02688134e-01 2.66270429e-01 7.71635267e+00
 1.31577962e+02 8.86234581e-01 3.21778774e-01 2.54479289e-01
 3.30000000e+01 4.30000000e+01]
  - 38: [5.15721003e-02 1.05674699e-01 3.09191823e-01 7.71734687e+00
 1.31207368e+02 8.99853528e-01 3.76984596e-01 2.78479457e-01
 3.30000000e+01 4.40000000e+01]
  - 39: [4.53674210e-02 1.02003783e-01 2.54294068e-01 7.71606988e+00
 1.31684939e+02 8.81729662e-01 3.06201935e-01 2.47400537e-01
 3.30000000e+01 4.20000000e+01]
  - 40: [4.77714962e-02 1.03289232e-01 2.75787979e-01 7.71657444e+00
 1.31494054e+02 8.89576852e-01 3.34108114e-01 2.59984821e-01
 3.30000000e+01 4.30000000e+01]
  - 41: [4.35529550e-02 1.01231858e-01 2.37870708e-01 7.71567858e+00
 1.31834180e+02 8.74959528e-01 2.84731388e-01 2.37441078e-01
 3.30000000e+01 4.20000000e+01]
  - 42: [4.47888692e-02 1.01735696e-01 2.49075949e-01 7.71594577e+00
 1.31732031e+02 8.79656434e-01 2.99393415e-01 2.44271189e-01
 3.30000000e+01 4.20000000e+01]
  - 43: [5.05974770e-02 1.05036996e-01 3.00689369e-01 7.71715088e+00
 1.31279199e+02 8.97434711e-01 3.66128445e-01 2.73890018e-01
 3.30000000e+01 4.40000000e+01]
  - 44: [4.94801362e-02 1.04324304e-01 2.90888995e-01 7.71692573e+00
 1.31362956e+02 8.94486248e-01 3.53567123e-01 2.68497795e-01
 3.30000000e+01 4.30000000e+01]
  - 45: [4.85181014e-02 1.03731982e-01 2.82403648e-01 7.71672906e+00
 1.31436296e+02 8.91784906e-01 3.42649221e-01 2.63747692e-01
 3.30000000e+01 4.30000000e+01]
  - 46: [4.54797957e-02 1.02058008e-01 2.55305469e-01 7.71609361e+00
 1.31675857e+02 8.82123768e-01 3.07520151e-01 2.48003513e-01
 3.30000000e+01 4.20000000e+01]
  - 47: [4.53067621e-02 1.01974830e-01 2.53747791e-01 7.71605699e+00
 1.31689855e+02 8.81516039e-01 3.05490255e-01 2.47074485e-01
 3.30000000e+01 4.20000000e+01]
  - 48: [4.02259217e-02 1.00516401e-01 2.07289279e-01 7.71493802e+00
 1.32119781e+02 8.60269368e-01 2.65569925e-01 2.18087301e-01
 0.00000000e+00 4.10000000e+01]
  - 49: [4.74680954e-02 1.03114314e-01 2.73091733e-01 7.71651204e+00
 1.31517741e+02 8.88650000e-01 3.30620527e-01 2.58436054e-01
 3.30000000e+01 4.30000000e+01]
  - 50: [5.09889709e-02 1.05291717e-01 3.04109514e-01 7.71722955e+00
 1.31250184e+02 8.98422718e-01 3.70500803e-01 2.75746077e-01
 3.30000000e+01 4.40000000e+01]
  - 51: [4.92303212e-02 1.04168430e-01 2.88689792e-01 7.71687419e+00
 1.31381879e+02 8.93799961e-01 3.50741386e-01 2.67274737e-01
 3.30000000e+01 4.30000000e+01]
  - 52: [4.85525449e-02 1.03752799e-01 2.82708287e-01 7.71673584e+00
 1.31433670e+02 8.91884506e-01 3.43041658e-01 2.63919711e-01
 3.30000000e+01 4.30000000e+01]
  - 53: [4.48519919e-02 1.01764046e-01 2.49646097e-01 7.71595934e+00
 1.31726855e+02 8.79886329e-01 3.00137997e-01 2.44614705e-01
 3.30000000e+01 4.20000000e+01]
  - 54: [4.15923304e-02 1.00676112e-01 2.19922811e-01 7.71524590e+00
 1.32000586e+02 8.66690695e-01 2.66260415e-01 2.26205528e-01
 0.00000000e+00 4.10000000e+01]
  - 55: [4.67073017e-02 1.02690525e-01 2.66309947e-01 7.71635267e+00
 1.31577615e+02 8.86248767e-01 3.21829796e-01 2.54502267e-01
 3.30000000e+01 4.30000000e+01]
  - 56: [4.28699944e-02 1.01000689e-01 2.31642187e-01 7.71552938e+00
 1.31891515e+02 8.72198462e-01 2.76591539e-01 2.33581096e-01
 3.40000000e+01 4.20000000e+01]
  - 57: [4.83075672e-02 1.03605501e-01 2.80540764e-01 7.71668566e+00
 1.31452539e+02 8.91172528e-01 3.40247154e-01 2.62693554e-01
 3.30000000e+01 4.30000000e+01]
  - 58: [4.40712028e-02 1.01430438e-01 2.42580324e-01 7.71579115e+00
 1.31791081e+02 8.76974523e-01 2.90899754e-01 2.40329430e-01
 3.30000000e+01 4.20000000e+01]
  - 59: [3.85727512e-02 1.00651830e-01 1.91834033e-01 7.71455824e+00
 1.32267253e+02 8.51700246e-01 2.64710903e-01 2.07963124e-01
 0.00000000e+00 4.00000000e+01]
  - 60: [4.31995365e-02 1.01107724e-01 2.34650552e-01 7.71560126e+00
 1.31863759e+02 8.73546064e-01 2.80508280e-01 2.35451162e-01
 3.30000000e+01 4.20000000e+01]
  - 61: [4.17002731e-02 1.00697465e-01 2.20916361e-01 7.71527032e+00
 1.31991298e+02 8.67173672e-01 2.66314119e-01 2.26836398e-01
 0.00000000e+00 4.10000000e+01]
  - 62: [4.50657209e-02 1.01861678e-01 2.51574993e-01 7.71600545e+00
 1.31709429e+02 8.80658031e-01 3.02655458e-01 2.45774060e-01
 3.30000000e+01 4.20000000e+01]
  - 63: [3.85883252e-02 1.00648567e-01 1.91980705e-01 7.71456095e+00
 1.32265853e+02 8.51785123e-01 2.64719129e-01 2.08060026e-01
 0.00000000e+00 4.00000000e+01]
  - 64: [5.05425082e-02 1.05001442e-01 3.00208479e-01 7.71714003e+00
 1.31283268e+02 8.97294104e-01 3.65513086e-01 2.73628056e-01
 3.30000000e+01 4.40000000e+01]
  - 65: [4.67084991e-02 1.02691174e-01 2.66320586e-01 7.71635335e+00
 1.31577517e+02 8.86252642e-01 3.21843624e-01 2.54508644e-01
 3.30000000e+01 4.30000000e+01]
  - 66: [3.95373106e-02 1.00524031e-01 2.00878605e-01 7.71478000e+00
 1.32180783e+02 8.56810629e-01 2.65214711e-01 2.13911444e-01
 0.00000000e+00 4.00000000e+01]
  - 67: [4.95856603e-02 1.04390576e-01 2.91817158e-01 7.71694743e+00
 1.31354980e+02 8.94773066e-01 3.54758739e-01 2.69012272e-01
 3.30000000e+01 4.30000000e+01]
  - 68: [4.16677290e-02 1.00690879e-01 2.20616907e-01 7.71526286e+00
 1.31994097e+02 8.67028296e-01 2.66297907e-01 2.26646319e-01
 0.00000000e+00 4.10000000e+01]
  - 69: [4.32153543e-02 1.01113074e-01 2.34794825e-01 7.71560465e+00
 1.31862435e+02 8.73609960e-01 2.80697823e-01 2.35540628e-01
 3.30000000e+01 4.20000000e+01]
  - 70: [4.10394351e-02 1.00585759e-01 2.14823589e-01 7.71512248e+00
 1.32048503e+02 8.64160717e-01 2.65983433e-01 2.22949848e-01
 0.00000000e+00 4.10000000e+01]
  - 71: [4.55788877e-02 1.02106355e-01 2.56196707e-01 7.71611464e+00
 1.31667860e+02 8.82468462e-01 3.08681488e-01 2.48534948e-01
 3.30000000e+01 4.30000000e+01]
  - 72: [5.01486407e-02 1.04748040e-01 2.96759188e-01 7.71706000e+00
 1.31312630e+02 8.96273673e-01 3.61095905e-01 2.71740496e-01
 3.30000000e+01 4.40000000e+01]
  - 73: [4.56234349e-02 1.02128260e-01 2.56597370e-01 7.71612345e+00
 1.31664258e+02 8.82622957e-01 3.09203625e-01 2.48773620e-01
 3.30000000e+01 4.30000000e+01]
  - 74: [4.01068078e-02 1.00513116e-01 2.06182972e-01 7.71491089e+00
 1.32130284e+02 8.59681964e-01 2.65508860e-01 2.17368782e-01
 0.00000000e+00 4.00000000e+01]
  - 75: [4.09423484e-02 1.00573391e-01 2.13926375e-01 7.71510078e+00
 1.32056966e+02 8.63707066e-01 2.65934557e-01 2.22374007e-01
 0.00000000e+00 4.10000000e+01]
  - 76: [4.17836852e-02 1.00714765e-01 2.21683696e-01 7.71528795e+00
 1.31984125e+02 8.67544532e-01 2.66355604e-01 2.27322876e-01
 0.00000000e+00 4.10000000e+01]
  - 77: [4.65137800e-02 1.02586322e-01 2.64580160e-01 7.71631198e+00
 1.31592958e+02 8.85619521e-01 3.19584608e-01 2.53490269e-01
 3.30000000e+01 4.30000000e+01]
  - 78: [4.55995613e-02 1.02116510e-01 2.56382763e-01 7.71611938e+00
 1.31666178e+02 8.82540226e-01 3.08923721e-01 2.48645768e-01
 3.30000000e+01 4.30000000e+01]
  - 79: [4.05167076e-02 1.00532047e-01 2.09986553e-01 7.71500380e+00
 1.32094195e+02 8.61684263e-01 2.65718460e-01 2.19835326e-01
 0.00000000e+00 4.10000000e+01]
  - 80: [4.16289171e-02 1.00683197e-01 2.20259681e-01 7.71525404e+00
 1.31997428e+02 8.66854727e-01 2.66278625e-01 2.26419494e-01
 0.00000000e+00 4.10000000e+01]
  - 81: [4.61386893e-02 1.02388769e-01 2.61222243e-01 7.71623332e+00
 1.31622884e+02 8.84377241e-01 3.15222502e-01 2.51515567e-01
 3.30000000e+01 4.30000000e+01]
  - 82: [3.87198740e-02 1.00622676e-01 1.93219081e-01 7.71459147e+00
 1.32254015e+02 8.52499604e-01 2.64788270e-01 2.08877981e-01
 0.00000000e+00 4.00000000e+01]
  - 83: [5.07674959e-02 1.05147362e-01 3.02175552e-01 7.71718479e+00
 1.31266580e+02 8.97866547e-01 3.68029594e-01 2.74698198e-01
 3.30000000e+01 4.40000000e+01]
  - 84: [4.99373277e-02 1.04613155e-01 2.94905871e-01 7.71701796e+00
 1.31328483e+02 8.95716250e-01 3.58720541e-01 2.70720512e-01
 3.30000000e+01 4.40000000e+01]
  - 85: [5.09337531e-02 1.05255686e-01 3.03627610e-01 7.71721870e+00
 1.31254275e+02 8.98284853e-01 3.69885445e-01 2.75485486e-01
 3.30000000e+01 4.40000000e+01]
  - 86: [4.85357761e-02 1.03742674e-01 2.82559991e-01 7.71673245e+00
 1.31434950e+02 8.91836047e-01 3.42850685e-01 2.63836086e-01
 3.30000000e+01 4.30000000e+01]
  - 87: [5.01232889e-02 1.04731821e-01 2.96536982e-01 7.71705526e+00
 1.31314540e+02 8.96207154e-01 3.60811710e-01 2.71618485e-01
 3.30000000e+01 4.40000000e+01]
  - 88: [4.97507678e-02 1.04494780e-01 2.93267995e-01 7.71697998e+00
 1.31342524e+02 8.95218372e-01 3.56620550e-01 2.69815832e-01
 3.30000000e+01 4.40000000e+01]
  - 89: [4.32522403e-02 1.01125628e-01 2.35131174e-01 7.71561279e+00
 1.31859342e+02 8.73758912e-01 2.81139135e-01 2.35748976e-01
 3.30000000e+01 4.20000000e+01]
  - 90: [4.16257805e-02 1.00682572e-01 2.20230862e-01 7.71525336e+00
 1.31997711e+02 8.66840541e-01 2.66277075e-01 2.26401225e-01
 0.00000000e+00 4.10000000e+01]
  - 91: [4.67336602e-02 1.02704868e-01 2.66545355e-01 7.71635810e+00
 1.31575521e+02 8.86334062e-01 3.22135448e-01 2.54639834e-01
 3.30000000e+01 4.30000000e+01]
  - 92: [4.80966780e-02 1.03480011e-01 2.78672814e-01 7.71664157e+00
 1.31468826e+02 8.90550852e-01 3.37835789e-01 2.61632144e-01
 3.30000000e+01 4.30000000e+01]
  - 93: [4.87230354e-02 1.03856206e-01 2.84215093e-01 7.71677110e+00
 1.31420584e+02 8.92373562e-01 3.44982862e-01 2.64768869e-01
 3.30000000e+01 4.30000000e+01]
  - 94: [4.91721524e-02 1.04132310e-01 2.88177282e-01 7.71686266e+00
 1.31386306e+02 8.93638492e-01 3.50081921e-01 2.66988903e-01
 3.30000000e+01 4.30000000e+01]
  - 95: [4.83685970e-02 1.03642061e-01 2.81080931e-01 7.71669786e+00
 1.31447808e+02 8.91350865e-01 3.40943813e-01 2.62999713e-01
 3.30000000e+01 4.30000000e+01]
  - 96: [4.45008914e-02 1.01609275e-01 2.46472746e-01 7.71588406e+00
 1.31755632e+02 8.78595054e-01 2.95991898e-01 2.42697611e-01
 3.30000000e+01 4.20000000e+01]
  - 97: [4.34468084e-02 1.01193599e-01 2.36904249e-01 7.71565620e+00
 1.31843023e+02 8.74538422e-01 2.83464432e-01 2.36845210e-01
 3.30000000e+01 4.20000000e+01]
  - 98: [4.15910456e-02 1.00675836e-01 2.19911024e-01 7.71524590e+00
 1.32000705e+02 8.66684735e-01 2.66259760e-01 2.26198032e-01
 0.00000000e+00 4.10000000e+01]
  - 99: [4.77215873e-02 1.03260241e-01 2.75344819e-01 7.71656494e+00
 1.31497949e+02 8.89425635e-01 3.33534956e-01 2.59730756e-01
 3.30000000e+01 4.30000000e+01]
Updating sensitivity info in ERGOM_Arkona_observability_ARGO_NO3_JAN.pickle with model results...
Done
