Starting ppserver on r513c06n[01-02]:59544
Host names provided to parsac: r513c06n01:59544,r513c06n02:59544,
Starting parsac
Reading sensitivity samples from ERGOM_Arkona_observability_OC_JAN.pickle...
Reading configuration from Arkona_observability_OC_JAN.xml...
Starting Parallel Python server...
Giving Parallel Python 10 seconds to connect to: r513c06n01:59544, r513c06n02:59544
Running on:
   local: 0 cpus
   r513c06n02:59544: 48 cpus
   r513c06n01:59544: 48 cpus
Total number of cpus: 96
Starting model run...
Model run took 3.5 s.
 Processed /g100_scratch/usertrain/a08trb35/ERGOM_Arkona_JAN_OC_OBSERVABILITY/0000...
Starting model run...
Model run took 4.2 s.
 Processed /g100_scratch/usertrain/a08trb35/ERGOM_Arkona_JAN_OC_OBSERVABILITY/0001...
Starting model run...
Model run took 3.5 s.
 Processed /g100_scratch/usertrain/a08trb35/ERGOM_Arkona_JAN_OC_OBSERVABILITY/0002...
Starting model run...
Model run took 4.0 s.
 Processed /g100_scratch/usertrain/a08trb35/ERGOM_Arkona_JAN_OC_OBSERVABILITY/0003...
Starting model run...
Model run took 3.4 s.
 Processed /g100_scratch/usertrain/a08trb35/ERGOM_Arkona_JAN_OC_OBSERVABILITY/0004...
Starting model run...
Model run took 3.9 s.
 Processed /g100_scratch/usertrain/a08trb35/ERGOM_Arkona_JAN_OC_OBSERVABILITY/0005...
Starting model run...
Model run took 3.7 s.
 Processed /g100_scratch/usertrain/a08trb35/ERGOM_Arkona_JAN_OC_OBSERVABILITY/0006...
Starting model run...
Model run took 4.1 s.
 Processed /g100_scratch/usertrain/a08trb35/ERGOM_Arkona_JAN_OC_OBSERVABILITY/0007...
Starting model run...
Model run took 3.4 s.
 Processed /g100_scratch/usertrain/a08trb35/ERGOM_Arkona_JAN_OC_OBSERVABILITY/0008...
Starting model run...
Model run took 3.9 s.
 Processed /g100_scratch/usertrain/a08trb35/ERGOM_Arkona_JAN_OC_OBSERVABILITY/0009...
Starting model run...
Model run took 3.5 s.
 Processed /g100_scratch/usertrain/a08trb35/ERGOM_Arkona_JAN_OC_OBSERVABILITY/0010...
Starting model run...
Model run took 3.9 s.
 Processed /g100_scratch/usertrain/a08trb35/ERGOM_Arkona_JAN_OC_OBSERVABILITY/0011...
Starting model run...
Model run took 3.5 s.
 Processed /g100_scratch/usertrain/a08trb35/ERGOM_Arkona_JAN_OC_OBSERVABILITY/0012...
Starting model run...
Model run took 3.9 s.
 Processed /g100_scratch/usertrain/a08trb35/ERGOM_Arkona_JAN_OC_OBSERVABILITY/0013...
Starting model run...
Model run took 3.4 s.
 Processed /g100_scratch/usertrain/a08trb35/ERGOM_Arkona_JAN_OC_OBSERVABILITY/0014...
Starting model run...
Model run took 3.8 s.
 Processed /g100_scratch/usertrain/a08trb35/ERGOM_Arkona_JAN_OC_OBSERVABILITY/0015...
Starting model run...
Model run took 3.5 s.
 Processed /g100_scratch/usertrain/a08trb35/ERGOM_Arkona_JAN_OC_OBSERVABILITY/0016...
Starting model run...
Model run took 3.8 s.
 Processed /g100_scratch/usertrain/a08trb35/ERGOM_Arkona_JAN_OC_OBSERVABILITY/0017...
Starting model run...
Model run took 3.5 s.
 Processed /g100_scratch/usertrain/a08trb35/ERGOM_Arkona_JAN_OC_OBSERVABILITY/0018...
Starting model run...
Model run took 3.8 s.
 Processed /g100_scratch/usertrain/a08trb35/ERGOM_Arkona_JAN_OC_OBSERVABILITY/0019...
Starting model run...
Model run took 3.5 s.
 Processed /g100_scratch/usertrain/a08trb35/ERGOM_Arkona_JAN_OC_OBSERVABILITY/0020...
Starting model run...
Model run took 3.7 s.
 Processed /g100_scratch/usertrain/a08trb35/ERGOM_Arkona_JAN_OC_OBSERVABILITY/0021...
Starting model run...
Model run took 3.4 s.
 Processed /g100_scratch/usertrain/a08trb35/ERGOM_Arkona_JAN_OC_OBSERVABILITY/0022...
Starting model run...
Model run took 3.8 s.
 Processed /g100_scratch/usertrain/a08trb35/ERGOM_Arkona_JAN_OC_OBSERVABILITY/0023...
Starting model run...
Model run took 3.4 s.
 Processed /g100_scratch/usertrain/a08trb35/ERGOM_Arkona_JAN_OC_OBSERVABILITY/0024...
Starting model run...
Model run took 3.9 s.
 Processed /g100_scratch/usertrain/a08trb35/ERGOM_Arkona_JAN_OC_OBSERVABILITY/0025...
Starting model run...
Model run took 3.4 s.
 Processed /g100_scratch/usertrain/a08trb35/ERGOM_Arkona_JAN_OC_OBSERVABILITY/0026...
Starting model run...
Model run took 3.9 s.
 Processed /g100_scratch/usertrain/a08trb35/ERGOM_Arkona_JAN_OC_OBSERVABILITY/0027...
Starting model run...
Model run took 3.4 s.
 Processed /g100_scratch/usertrain/a08trb35/ERGOM_Arkona_JAN_OC_OBSERVABILITY/0028...
Starting model run...
Model run took 3.8 s.
 Processed /g100_scratch/usertrain/a08trb35/ERGOM_Arkona_JAN_OC_OBSERVABILITY/0029...
Starting model run...
Model run took 3.4 s.
 Processed /g100_scratch/usertrain/a08trb35/ERGOM_Arkona_JAN_OC_OBSERVABILITY/0030...
Starting model run...
Model run took 3.7 s.
 Processed /g100_scratch/usertrain/a08trb35/ERGOM_Arkona_JAN_OC_OBSERVABILITY/0031...
Starting model run...
Model run took 3.4 s.
 Processed /g100_scratch/usertrain/a08trb35/ERGOM_Arkona_JAN_OC_OBSERVABILITY/0032...
Starting model run...
Model run took 3.8 s.
 Processed /g100_scratch/usertrain/a08trb35/ERGOM_Arkona_JAN_OC_OBSERVABILITY/0033...
Starting model run...
Model run took 3.4 s.
 Processed /g100_scratch/usertrain/a08trb35/ERGOM_Arkona_JAN_OC_OBSERVABILITY/0034...
Starting model run...
Model run took 3.7 s.
 Processed /g100_scratch/usertrain/a08trb35/ERGOM_Arkona_JAN_OC_OBSERVABILITY/0035...
Starting model run...
Model run took 3.4 s.
 Processed /g100_scratch/usertrain/a08trb35/ERGOM_Arkona_JAN_OC_OBSERVABILITY/0036...
Starting model run...
Model run took 3.7 s.
 Processed /g100_scratch/usertrain/a08trb35/ERGOM_Arkona_JAN_OC_OBSERVABILITY/0037...
Starting model run...
Model run took 3.4 s.
 Processed /g100_scratch/usertrain/a08trb35/ERGOM_Arkona_JAN_OC_OBSERVABILITY/0038...
Starting model run...
Model run took 3.7 s.
 Processed /g100_scratch/usertrain/a08trb35/ERGOM_Arkona_JAN_OC_OBSERVABILITY/0039...
Starting model run...
Model run took 3.8 s.
 Processed /g100_scratch/usertrain/a08trb35/ERGOM_Arkona_JAN_OC_OBSERVABILITY/0040...
Starting model run...
Model run took 3.5 s.
 Processed /g100_scratch/usertrain/a08trb35/ERGOM_Arkona_JAN_OC_OBSERVABILITY/0041...
Starting model run...
Model run took 3.7 s.
 Processed /g100_scratch/usertrain/a08trb35/ERGOM_Arkona_JAN_OC_OBSERVABILITY/0042...
Starting model run...
Model run took 3.5 s.
 Processed /g100_scratch/usertrain/a08trb35/ERGOM_Arkona_JAN_OC_OBSERVABILITY/0043...
Starting model run...
Model run took 3.9 s.
 Processed /g100_scratch/usertrain/a08trb35/ERGOM_Arkona_JAN_OC_OBSERVABILITY/0044...
Starting model run...
Model run took 3.5 s.
 Processed /g100_scratch/usertrain/a08trb35/ERGOM_Arkona_JAN_OC_OBSERVABILITY/0045...
Starting model run...
Model run took 3.8 s.
 Processed /g100_scratch/usertrain/a08trb35/ERGOM_Arkona_JAN_OC_OBSERVABILITY/0046...
Starting model run...
Model run took 3.5 s.
 Processed /g100_scratch/usertrain/a08trb35/ERGOM_Arkona_JAN_OC_OBSERVABILITY/0047...
Starting model run...
Model run took 3.7 s.
 Processed /g100_scratch/usertrain/a08trb35/ERGOM_Arkona_JAN_OC_OBSERVABILITY/0048...
Starting model run...
Model run took 3.4 s.
 Processed /g100_scratch/usertrain/a08trb35/ERGOM_Arkona_JAN_OC_OBSERVABILITY/0049...
Starting model run...
Model run took 3.8 s.
 Processed /g100_scratch/usertrain/a08trb35/ERGOM_Arkona_JAN_OC_OBSERVABILITY/0050...
Starting model run...
Model run took 3.4 s.
 Processed /g100_scratch/usertrain/a08trb35/ERGOM_Arkona_JAN_OC_OBSERVABILITY/0051...
Starting model run...
Model run took 3.7 s.
 Processed /g100_scratch/usertrain/a08trb35/ERGOM_Arkona_JAN_OC_OBSERVABILITY/0052...
Starting model run...
Model run took 3.5 s.
 Processed /g100_scratch/usertrain/a08trb35/ERGOM_Arkona_JAN_OC_OBSERVABILITY/0053...
Starting model run...
Model run took 3.8 s.
 Processed /g100_scratch/usertrain/a08trb35/ERGOM_Arkona_JAN_OC_OBSERVABILITY/0054...
Starting model run...
Model run took 3.5 s.
 Processed /g100_scratch/usertrain/a08trb35/ERGOM_Arkona_JAN_OC_OBSERVABILITY/0055...
Starting model run...
Model run took 3.7 s.
 Processed /g100_scratch/usertrain/a08trb35/ERGOM_Arkona_JAN_OC_OBSERVABILITY/0056...
Starting model run...
Model run took 3.5 s.
 Processed /g100_scratch/usertrain/a08trb35/ERGOM_Arkona_JAN_OC_OBSERVABILITY/0057...
Starting model run...
Model run took 3.5 s.
 Processed /g100_scratch/usertrain/a08trb35/ERGOM_Arkona_JAN_OC_OBSERVABILITY/0058...
Starting model run...
Model run took 3.8 s.
 Processed /g100_scratch/usertrain/a08trb35/ERGOM_Arkona_JAN_OC_OBSERVABILITY/0059...
Starting model run...
Model run took 3.5 s.
 Processed /g100_scratch/usertrain/a08trb35/ERGOM_Arkona_JAN_OC_OBSERVABILITY/0060...
Starting model run...
Model run took 3.7 s.
 Processed /g100_scratch/usertrain/a08trb35/ERGOM_Arkona_JAN_OC_OBSERVABILITY/0061...
Starting model run...
Model run took 3.7 s.
 Processed /g100_scratch/usertrain/a08trb35/ERGOM_Arkona_JAN_OC_OBSERVABILITY/0062...
Starting model run...
Model run took 3.5 s.
 Processed /g100_scratch/usertrain/a08trb35/ERGOM_Arkona_JAN_OC_OBSERVABILITY/0063...
Starting model run...
Model run took 3.7 s.
 Processed /g100_scratch/usertrain/a08trb35/ERGOM_Arkona_JAN_OC_OBSERVABILITY/0064...
Starting model run...
Model run took 3.4 s.
 Processed /g100_scratch/usertrain/a08trb35/ERGOM_Arkona_JAN_OC_OBSERVABILITY/0065...
Starting model run...
Model run took 3.4 s.
 Processed /g100_scratch/usertrain/a08trb35/ERGOM_Arkona_JAN_OC_OBSERVABILITY/0066...
Starting model run...
Model run took 3.7 s.
 Processed /g100_scratch/usertrain/a08trb35/ERGOM_Arkona_JAN_OC_OBSERVABILITY/0067...
Starting model run...
Model run took 3.7 s.
 Processed /g100_scratch/usertrain/a08trb35/ERGOM_Arkona_JAN_OC_OBSERVABILITY/0068...
Starting model run...
Model run took 3.5 s.
 Processed /g100_scratch/usertrain/a08trb35/ERGOM_Arkona_JAN_OC_OBSERVABILITY/0069...
Starting model run...
Model run took 3.7 s.
 Processed /g100_scratch/usertrain/a08trb35/ERGOM_Arkona_JAN_OC_OBSERVABILITY/0070...
Starting model run...
Model run took 3.5 s.
 Processed /g100_scratch/usertrain/a08trb35/ERGOM_Arkona_JAN_OC_OBSERVABILITY/0071...
Starting model run...
Model run took 3.7 s.
 Processed /g100_scratch/usertrain/a08trb35/ERGOM_Arkona_JAN_OC_OBSERVABILITY/0072...
Starting model run...
Model run took 3.5 s.
 Processed /g100_scratch/usertrain/a08trb35/ERGOM_Arkona_JAN_OC_OBSERVABILITY/0073...
Starting model run...
Model run took 3.7 s.
 Processed /g100_scratch/usertrain/a08trb35/ERGOM_Arkona_JAN_OC_OBSERVABILITY/0074...
Starting model run...
Model run took 3.4 s.
 Processed /g100_scratch/usertrain/a08trb35/ERGOM_Arkona_JAN_OC_OBSERVABILITY/0075...
Starting model run...
Model run took 3.7 s.
 Processed /g100_scratch/usertrain/a08trb35/ERGOM_Arkona_JAN_OC_OBSERVABILITY/0076...
Starting model run...
Model run took 3.5 s.
 Processed /g100_scratch/usertrain/a08trb35/ERGOM_Arkona_JAN_OC_OBSERVABILITY/0077...
Starting model run...
Model run took 3.7 s.
 Processed /g100_scratch/usertrain/a08trb35/ERGOM_Arkona_JAN_OC_OBSERVABILITY/0078...
Starting model run...
Model run took 3.4 s.
 Processed /g100_scratch/usertrain/a08trb35/ERGOM_Arkona_JAN_OC_OBSERVABILITY/0079...
Starting model run...
Model run took 3.5 s.
 Processed /g100_scratch/usertrain/a08trb35/ERGOM_Arkona_JAN_OC_OBSERVABILITY/0080...
Starting model run...
Model run took 3.7 s.
 Processed /g100_scratch/usertrain/a08trb35/ERGOM_Arkona_JAN_OC_OBSERVABILITY/0081...
Starting model run...
Model run took 3.7 s.
 Processed /g100_scratch/usertrain/a08trb35/ERGOM_Arkona_JAN_OC_OBSERVABILITY/0082...
Starting model run...
Model run took 3.5 s.
 Processed /g100_scratch/usertrain/a08trb35/ERGOM_Arkona_JAN_OC_OBSERVABILITY/0083...
Starting model run...
Model run took 3.7 s.
 Processed /g100_scratch/usertrain/a08trb35/ERGOM_Arkona_JAN_OC_OBSERVABILITY/0084...
Starting model run...
Model run took 3.5 s.
 Processed /g100_scratch/usertrain/a08trb35/ERGOM_Arkona_JAN_OC_OBSERVABILITY/0085...
Starting model run...
Model run took 3.7 s.
 Processed /g100_scratch/usertrain/a08trb35/ERGOM_Arkona_JAN_OC_OBSERVABILITY/0086...
Starting model run...
Model run took 3.4 s.
 Processed /g100_scratch/usertrain/a08trb35/ERGOM_Arkona_JAN_OC_OBSERVABILITY/0087...
Starting model run...
Model run took 3.5 s.
 Processed /g100_scratch/usertrain/a08trb35/ERGOM_Arkona_JAN_OC_OBSERVABILITY/0088...
Starting model run...
Model run took 3.7 s.
 Processed /g100_scratch/usertrain/a08trb35/ERGOM_Arkona_JAN_OC_OBSERVABILITY/0089...
Starting model run...
Model run took 3.7 s.
 Processed /g100_scratch/usertrain/a08trb35/ERGOM_Arkona_JAN_OC_OBSERVABILITY/0090...
Starting model run...
Model run took 3.5 s.
 Processed /g100_scratch/usertrain/a08trb35/ERGOM_Arkona_JAN_OC_OBSERVABILITY/0091...
Starting model run...
Model run took 3.5 s.
 Processed /g100_scratch/usertrain/a08trb35/ERGOM_Arkona_JAN_OC_OBSERVABILITY/0092...
Starting model run...
Model run took 3.7 s.
 Processed /g100_scratch/usertrain/a08trb35/ERGOM_Arkona_JAN_OC_OBSERVABILITY/0093...
Starting model run...
Model run took 3.7 s.
 Processed /g100_scratch/usertrain/a08trb35/ERGOM_Arkona_JAN_OC_OBSERVABILITY/0094...
Starting model run...
Model run took 3.5 s.
 Processed /g100_scratch/usertrain/a08trb35/ERGOM_Arkona_JAN_OC_OBSERVABILITY/0095...
Starting model run...
Model run took 3.1 s.
 Processed /g100_scratch/usertrain/a08trb35/ERGOM_Arkona_JAN_OC_OBSERVABILITY/0096...
Starting model run...
Model run took 3.1 s.
 Processed /g100_scratch/usertrain/a08trb35/ERGOM_Arkona_JAN_OC_OBSERVABILITY/0097...
Starting model run...
Model run took 3.1 s.
 Processed /g100_scratch/usertrain/a08trb35/ERGOM_Arkona_JAN_OC_OBSERVABILITY/0098...
Starting model run...
Model run took 3.1 s.
 Processed /g100_scratch/usertrain/a08trb35/ERGOM_Arkona_JAN_OC_OBSERVABILITY/0099...
Retrieving value of target expression(s) for each ensemble member...
  - 0: [4.00548458e-02 9.89476442e-02 2.48257026e-01 7.71625434e+00
 1.32938151e+02 8.98278415e-01 2.84663439e-01 2.20020995e-01
 3.50000000e+01 4.30000000e+01]
  - 1: [4.09751018e-02 9.92897302e-02 2.48491630e-01 7.71620212e+00
 1.32702637e+02 8.94144833e-01 2.88170576e-01 2.25007161e-01
 3.50000000e+01 4.30000000e+01]
  - 2: [4.83890904e-02 1.04842208e-01 2.51613855e-01 7.71574368e+00
 1.30867925e+02 8.70924890e-01 3.27379704e-01 2.60685652e-01
 2.20000000e+01 4.20000000e+01]
  - 3: [4.04113213e-02 9.90656167e-02 2.48343602e-01 7.71623467e+00
 1.32846680e+02 8.96636426e-01 2.86086082e-01 2.21967950e-01
 3.50000000e+01 4.30000000e+01]
  - 4: [4.87406254e-02 1.05171718e-01 2.51812220e-01 7.71572130e+00
 1.30783105e+02 8.70172918e-01 3.31894845e-01 2.62190014e-01
 0.00000000e+00 4.20000000e+01]
  - 5: [3.99686575e-02 9.89220962e-02 2.48236865e-01 7.71626044e+00
 1.32960319e+02 8.98683667e-01 2.84305573e-01 2.19547287e-01
 3.50000000e+01 4.30000000e+01]
  - 6: [3.77089871e-02 9.87343490e-02 2.47825816e-01 7.71638387e+00
 1.33548416e+02 9.10474837e-01 2.81134844e-01 2.06730545e-01
 4.00000000e+01 4.30000000e+01]
  - 7: [4.00730848e-02 9.89532322e-02 2.48261318e-01 7.71625434e+00
 1.32933464e+02 8.98193240e-01 2.84738064e-01 2.20121071e-01
 3.50000000e+01 4.30000000e+01]
  - 8: [4.15256924e-02 9.95488316e-02 2.48649135e-01 7.71616889e+00
 1.32562706e+02 8.91830027e-01 2.90027857e-01 2.27928922e-01
 3.50000000e+01 4.30000000e+01]
  - 9: [4.24032847e-02 1.00033902e-01 2.48926118e-01 7.71611667e+00
 1.32341081e+02 8.88369024e-01 2.92693377e-01 2.32492447e-01
 3.50000000e+01 4.30000000e+01]
  - 10: [3.89553732e-02 9.87147465e-02 2.48024598e-01 7.71631741e+00
 1.33222352e+02 9.03683186e-01 2.82643795e-01 2.13894710e-01
 3.90000000e+01 4.30000000e+01]
  - 11: [5.09494676e-02 1.07290529e-01 2.53152609e-01 7.71558024e+00
 1.30253646e+02 8.65985632e-01 3.67704690e-01 2.71290094e-01
 0.00000000e+00 4.10000000e+01]
  - 12: [4.72145822e-02 1.03764646e-01 2.50982165e-01 7.71581828e+00
 1.31152441e+02 8.73627126e-01 3.17672729e-01 2.55542994e-01
 2.20000000e+01 4.20000000e+01]
  - 13: [5.24493270e-02 1.08754411e-01 2.54150838e-01 7.71548326e+00
 1.29897103e+02 8.63615572e-01 3.91676128e-01 2.77147800e-01
 0.00000000e+00 4.10000000e+01]
  - 14: [5.28255357e-02 1.09122351e-01 2.54411817e-01 7.71546021e+00
 1.29807986e+02 8.63074183e-01 3.97645950e-01 2.78577536e-01
 0.00000000e+00 4.10000000e+01]
  - 15: [4.12177510e-02 9.93993133e-02 2.48559505e-01 7.71618720e+00
 1.32640885e+02 8.93110871e-01 2.89010048e-01 2.26300374e-01
 3.50000000e+01 4.30000000e+01]
  - 16: [4.90338008e-02 1.05448566e-01 2.51980841e-01 7.71570299e+00
 1.30712489e+02 8.69564712e-01 3.36682647e-01 2.63432533e-01
 0.00000000e+00 4.20000000e+01]
  - 17: [5.23895052e-02 1.08695894e-01 2.54109710e-01 7.71548733e+00
 1.29911274e+02 8.63703549e-01 3.90725285e-01 2.76919097e-01
 0.00000000e+00 4.10000000e+01]
  - 18: [4.12942754e-02 9.94354188e-02 2.48581395e-01 7.71618313e+00
 1.32621430e+02 8.92789364e-01 2.89267778e-01 2.26706445e-01
 3.50000000e+01 4.30000000e+01]
  - 19: [5.21512614e-02 1.08462915e-01 2.53946990e-01 7.71550361e+00
 1.29967784e+02 8.64059031e-01 3.86934280e-01 2.76004046e-01
 0.00000000e+00 4.10000000e+01]
  - 20: [4.42677763e-02 1.01304017e-01 2.49617442e-01 7.71600274e+00
 1.31875510e+02 8.81871045e-01 2.98375607e-01 2.41811767e-01
 3.40000000e+01 4.20000000e+01]
  - 21: [3.90284644e-02 9.87236053e-02 2.48038426e-01 7.71631266e+00
 1.33203342e+02 9.03307617e-01 2.82772779e-01 2.14307547e-01
 3.90000000e+01 4.30000000e+01]
  - 22: [3.92468214e-02 9.87559035e-02 2.48081058e-01 7.71630113e+00
 1.33146712e+02 9.02199507e-01 2.83141375e-01 2.15536356e-01
 3.90000000e+01 4.30000000e+01]
  - 23: [5.00317574e-02 1.06402211e-01 2.52576381e-01 7.71563924e+00
 1.30472938e+02 8.67617726e-01 3.52900386e-01 2.67581344e-01
 0.00000000e+00 4.20000000e+01]
  - 24: [4.92631541e-02 1.05666295e-01 2.52114773e-01 7.71568807e+00
 1.30657335e+02 8.69100630e-01 3.40420753e-01 2.64396995e-01
 0.00000000e+00 4.20000000e+01]
  - 25: [4.41597647e-02 1.01222999e-01 2.49573663e-01 7.71600952e+00
 1.31902289e+02 8.82217944e-01 2.98061371e-01 2.41285175e-01
 3.40000000e+01 4.20000000e+01]
  - 26: [4.31515932e-02 1.00508563e-01 2.49186963e-01 7.71607123e+00
 1.32153396e+02 8.85626614e-01 2.94940710e-01 2.36292675e-01
 3.40000000e+01 4.30000000e+01]
  - 27: [3.99970611e-02 9.89303738e-02 2.48243481e-01 7.71625841e+00
 1.32953027e+02 8.98549557e-01 2.84424067e-01 2.19703630e-01
 3.50000000e+01 4.30000000e+01]
  - 28: [3.97242255e-02 9.88560021e-02 2.48181611e-01 7.71627401e+00
 1.33023275e+02 8.99849176e-01 2.83888102e-01 2.18197986e-01
 3.90000000e+01 4.30000000e+01]
  - 29: [4.37520133e-02 1.00924671e-01 2.49412432e-01 7.71603461e+00
 1.32003624e+02 8.83558691e-01 2.96842575e-01 2.39282072e-01
 3.40000000e+01 4.20000000e+01]
  - 30: [4.76293458e-02 1.04140587e-01 2.51199722e-01 7.71579251e+00
 1.31051747e+02 8.72638345e-01 3.21195602e-01 2.57379949e-01
 2.20000000e+01 4.20000000e+01]
  - 31: [5.02134217e-02 1.06577337e-01 2.52688318e-01 7.71562703e+00
 1.30429470e+02 8.67282927e-01 3.55839133e-01 2.68323392e-01
 0.00000000e+00 4.20000000e+01]
  - 32: [4.86136330e-02 1.05052374e-01 2.51740068e-01 7.71573012e+00
 1.30813737e+02 8.70441675e-01 3.29817593e-01 2.61648327e-01
 0.00000000e+00 4.20000000e+01]
  - 33: [4.16873932e-02 9.96318161e-02 2.48697788e-01 7.71616007e+00
 1.32521745e+02 8.91171336e-01 2.90542126e-01 2.28778526e-01
 3.50000000e+01 4.30000000e+01]
  - 34: [4.19652303e-02 9.97813195e-02 2.48783916e-01 7.71614244e+00
 1.32451497e+02 8.90062273e-01 2.91401625e-01 2.30229139e-01
 3.50000000e+01 4.30000000e+01]
  - 35: [3.92010132e-02 9.87484083e-02 2.48071939e-01 7.71630317e+00
 1.33158583e+02 9.02430236e-01 2.83066034e-01 2.15279132e-01
 3.90000000e+01 4.30000000e+01]
  - 36: [5.15866439e-02 1.07911289e-01 2.53568262e-01 7.71553887e+00
 1.30101899e+02 8.64935637e-01 3.77922177e-01 2.73809999e-01
 0.00000000e+00 4.10000000e+01]
  - 37: [4.23190170e-02 9.99837890e-02 2.48898163e-01 7.71612142e+00
 1.32362283e+02 8.88689637e-01 2.92450666e-01 2.32059374e-01
 3.50000000e+01 4.30000000e+01]
  - 38: [4.70362239e-02 1.03604726e-01 2.50890464e-01 7.71582981e+00
 1.31195812e+02 8.74064326e-01 3.16124439e-01 2.54746109e-01
 2.20000000e+01 4.20000000e+01]
  - 39: [4.77648682e-02 1.04264572e-01 2.51272142e-01 7.71578369e+00
 1.31018913e+02 8.72323573e-01 3.22324276e-01 2.57975161e-01
 2.20000000e+01 4.20000000e+01]
  - 40: [4.01940452e-02 9.89914164e-02 2.48290196e-01 7.71624688e+00
 1.32902387e+02 8.97630930e-01 2.85229206e-01 2.20783576e-01
 3.50000000e+01 4.30000000e+01]
  - 41: [4.51596896e-02 1.02001630e-01 2.49996245e-01 7.71594781e+00
 1.31655143e+02 8.79134715e-01 3.01390886e-01 2.46096373e-01
 3.30000000e+01 4.20000000e+01]
  - 42: [4.14927748e-02 9.95323211e-02 2.48639360e-01 7.71617093e+00
 1.32571061e+02 8.91965568e-01 2.89921045e-01 2.27755547e-01
 3.50000000e+01 4.30000000e+01]
  - 43: [4.93903531e-02 1.05787434e-01 2.52189875e-01 7.71567993e+00
 1.30626780e+02 8.68847549e-01 3.42491001e-01 2.64928937e-01
 0.00000000e+00 4.20000000e+01]
  - 44: [3.96261454e-02 9.88322273e-02 2.48160109e-01 7.71627943e+00
 1.33048589e+02 9.00323808e-01 2.83740044e-01 2.17654079e-01
 3.90000000e+01 4.30000000e+01]
  - 45: [4.64725494e-02 1.03106909e-01 2.50608265e-01 7.71586575e+00
 1.31333192e+02 8.75494778e-01 3.11233759e-01 2.52198905e-01
 2.30000000e+01 4.20000000e+01]
  - 46: [4.47227584e-02 1.01653799e-01 2.49806866e-01 7.71597426e+00
 1.31762923e+02 8.80447447e-01 2.99899101e-01 2.44011536e-01
 3.30000000e+01 4.20000000e+01]
  - 47: [4.33569829e-02 1.00647591e-01 2.49262467e-01 7.71605835e+00
 1.32102072e+02 8.84906173e-01 2.95605898e-01 2.37321198e-01
 3.40000000e+01 4.30000000e+01]
  - 48: [3.82669740e-02 9.86837521e-02 2.47906193e-01 7.71635471e+00
 1.33401910e+02 9.07341719e-01 2.81748772e-01 2.09966853e-01
 4.00000000e+01 4.30000000e+01]
  - 49: [4.11927303e-02 9.93876755e-02 2.48552367e-01 7.71618856e+00
 1.32647244e+02 8.93216372e-01 2.88924694e-01 2.26167381e-01
 3.50000000e+01 4.30000000e+01]
  - 50: [4.15856070e-02 9.95792300e-02 2.48667061e-01 7.71616550e+00
 1.32547537e+02 8.91585052e-01 2.90219545e-01 2.28244215e-01
 3.50000000e+01 4.30000000e+01]
  - 51: [4.98425537e-02 1.06220238e-01 2.52460986e-01 7.71565145e+00
 1.30518273e+02 8.67972493e-01 3.49835038e-01 2.66804248e-01
 0.00000000e+00 4.20000000e+01]
  - 52: [3.94130574e-02 9.87862498e-02 2.48114944e-01 7.71629164e+00
 1.33103668e+02 9.01369870e-01 2.83409119e-01 2.16467068e-01
 3.90000000e+01 4.30000000e+01]
  - 53: [3.75217252e-02 9.87677947e-02 2.47801974e-01 7.71639336e+00
 1.33597776e+02 9.11560357e-01 2.80897141e-01 2.05634072e-01
 4.00000000e+01 4.30000000e+01]
  - 54: [4.13865116e-02 9.94798616e-02 2.48608127e-01 7.71617771e+00
 1.32598014e+02 8.92404735e-01 2.89573908e-01 2.27194577e-01
 3.50000000e+01 4.30000000e+01]
  - 55: [4.46708202e-02 1.01613209e-01 2.49784872e-01 7.71597765e+00
 1.31775749e+02 8.80607009e-01 2.99716949e-01 2.43761957e-01
 3.30000000e+01 4.20000000e+01]
  - 56: [5.12870047e-02 1.07619077e-01 2.53371239e-01 7.71555854e+00
 1.30173210e+02 8.65421116e-01 3.73123765e-01 2.72630811e-01
 0.00000000e+00 4.10000000e+01]
  - 57: [5.27145863e-02 1.09013863e-01 2.54334420e-01 7.71546631e+00
 1.29834266e+02 8.63231838e-01 3.95887196e-01 2.78157532e-01
 0.00000000e+00 4.10000000e+01]
  - 58: [4.16133006e-02 9.95934159e-02 2.48675361e-01 7.71616347e+00
 1.32540495e+02 8.91472161e-01 2.90307999e-01 2.28389740e-01
 3.50000000e+01 4.30000000e+01]
  - 59: [5.08104536e-02 1.07155457e-01 2.53063619e-01 7.71559041e+00
 1.30286795e+02 8.66223633e-01 3.65468919e-01 2.70734519e-01
 0.00000000e+00 4.20000000e+01]
  - 60: [4.58715545e-02 1.02590658e-01 2.50320166e-01 7.71590237e+00
 1.31480230e+02 8.77105832e-01 3.06244850e-01 2.49435157e-01
 2.40000000e+01 4.20000000e+01]
  - 61: [5.10529465e-02 1.07391156e-01 2.53219277e-01 7.71557414e+00
 1.30228971e+02 8.65810513e-01 3.69367540e-01 2.71702498e-01
 0.00000000e+00 4.10000000e+01]
  - 62: [3.84514411e-02 9.86823514e-02 2.47935802e-01 7.71634454e+00
 1.33353668e+02 9.06338930e-01 2.81927109e-01 2.11026356e-01
 4.00000000e+01 4.30000000e+01]
  - 63: [4.98144733e-02 1.06193282e-01 2.52443939e-01 7.71565280e+00
 1.30525011e+02 8.68025839e-01 3.49379808e-01 2.66688466e-01
 0.00000000e+00 4.20000000e+01]
  - 64: [4.47487937e-02 1.01674214e-01 2.49817953e-01 7.71597290e+00
 1.31756478e+02 8.80367756e-01 2.99989939e-01 2.44136617e-01
 3.30000000e+01 4.20000000e+01]
  - 65: [5.21636539e-02 1.08475052e-01 2.53955424e-01 7.71550225e+00
 1.29964844e+02 8.64040434e-01 3.87131631e-01 2.76051730e-01
 0.00000000e+00 4.10000000e+01]
  - 66: [4.02649350e-02 9.90148783e-02 2.48307377e-01 7.71624281e+00
 1.32884212e+02 8.97304416e-01 2.85512447e-01 2.21170723e-01
 3.50000000e+01 4.30000000e+01]
  - 67: [4.46334468e-02 1.01584107e-01 2.49769077e-01 7.71597968e+00
 1.31784993e+02 8.80722284e-01 2.99584866e-01 2.43582174e-01
 3.30000000e+01 4.20000000e+01]
  - 68: [3.85641999e-02 9.86850858e-02 2.47954711e-01 7.71633775e+00
 1.33324230e+02 9.05734181e-01 2.82032251e-01 2.11671516e-01
 4.00000000e+01 4.30000000e+01]
  - 69: [4.17821513e-02 9.96818170e-02 2.48726800e-01 7.71615397e+00
 1.32497765e+02 8.90789926e-01 2.90839195e-01 2.29274556e-01
 3.50000000e+01 4.30000000e+01]
  - 70: [4.23533916e-02 1.00004144e-01 2.48909533e-01 7.71611938e+00
 1.32353635e+02 8.88558567e-01 2.92549610e-01 2.32236177e-01
 3.50000000e+01 4.30000000e+01]
  - 71: [4.32181279e-02 1.00553200e-01 2.49211252e-01 7.71606784e+00
 1.32136773e+02 8.85391951e-01 2.95157671e-01 2.36626580e-01
 3.40000000e+01 4.30000000e+01]
  - 72: [5.05704668e-02 1.06922649e-01 2.52911389e-01 7.71560398e+00
 1.30344108e+02 8.66641939e-01 3.61603379e-01 2.69770443e-01
 0.00000000e+00 4.20000000e+01]
  - 73: [4.53303178e-02 1.02140412e-01 2.50072151e-01 7.71593696e+00
 1.31613140e+02 8.78636241e-01 3.01955938e-01 2.46903181e-01
 3.30000000e+01 4.20000000e+01]
  - 74: [3.85419872e-02 9.86843258e-02 2.47950971e-01 7.71633911e+00
 1.33330002e+02 9.05852735e-01 2.82011747e-01 2.11544573e-01
 4.00000000e+01 4.30000000e+01]
  - 75: [3.81632010e-02 9.86877829e-02 2.47890204e-01 7.71635946e+00
 1.33429102e+02 9.07913029e-01 2.81643152e-01 2.09368572e-01
 4.00000000e+01 4.30000000e+01]
  - 76: [4.54152849e-02 1.02210075e-01 2.50110358e-01 7.71593085e+00
 1.31592242e+02 8.78390670e-01 3.02302361e-01 2.47303322e-01
 2.40000000e+01 4.20000000e+01]
  - 77: [5.22189034e-02 1.08529076e-01 2.53993034e-01 7.71549886e+00
 1.29951736e+02 8.63957226e-01 3.88011396e-01 2.76264518e-01
 0.00000000e+00 4.10000000e+01]
  - 78: [4.41739771e-02 1.01233602e-01 2.49579385e-01 7.71600817e+00
 1.31898774e+02 8.82171929e-01 2.98102856e-01 2.41354555e-01
 3.40000000e+01 4.20000000e+01]
  - 79: [4.86657090e-02 1.05101272e-01 2.51769572e-01 7.71572673e+00
 1.30801172e+02 8.70330989e-01 3.30669731e-01 2.61870712e-01
 0.00000000e+00 4.20000000e+01]
  - 80: [3.77696885e-02 9.87253040e-02 2.47833863e-01 7.71638116e+00
 1.33532444e+02 9.10126805e-01 2.81207561e-01 2.07084894e-01
 4.00000000e+01 4.30000000e+01]
  - 81: [4.34394651e-02 1.00704402e-01 2.49293283e-01 7.71605360e+00
 1.32081489e+02 8.84620667e-01 2.95868397e-01 2.37732425e-01
 3.40000000e+01 4.30000000e+01]
  - 82: [4.04486974e-02 9.90790799e-02 2.48353004e-01 7.71623196e+00
 1.32837109e+02 8.96467268e-01 2.86230087e-01 2.22170919e-01
 3.50000000e+01 4.30000000e+01]
  - 83: [4.34412426e-02 1.00705631e-01 2.49293938e-01 7.71605292e+00
 1.32081044e+02 8.84614468e-01 2.95874596e-01 2.37741426e-01
 3.40000000e+01 4.30000000e+01]
  - 84: [4.44345686e-02 1.01430677e-01 2.49685943e-01 7.71599189e+00
 1.31834201e+02 8.81342173e-01 2.98874855e-01 2.42621735e-01
 3.30000000e+01 4.20000000e+01]
  - 85: [4.01706086e-02 9.89838466e-02 2.48284534e-01 7.71624824e+00
 1.32908420e+02 8.97739649e-01 2.85134792e-01 2.20655382e-01
 3.50000000e+01 4.30000000e+01]
  - 86: [3.79695098e-02 9.87017900e-02 2.47861609e-01 7.71637031e+00
 1.33479915e+02 9.08993125e-01 2.81436920e-01 2.08247319e-01
 4.00000000e+01 4.30000000e+01]
  - 87: [4.11686950e-02 9.93765444e-02 2.48545557e-01 7.71618991e+00
 1.32653364e+02 8.93318117e-01 2.88843155e-01 2.26039648e-01
 3.50000000e+01 4.30000000e+01]
  - 88: [5.18910567e-02 1.08208589e-01 2.53771305e-01 7.71552056e+00
 1.30029546e+02 8.64457011e-01 3.82785857e-01 2.74997354e-01
 0.00000000e+00 4.10000000e+01]
  - 89: [5.09496000e-02 1.07290663e-01 2.53152698e-01 7.71558024e+00
 1.30253602e+02 8.65985453e-01 3.67706895e-01 2.71290600e-01
 0.00000000e+00 4.10000000e+01]
  - 90: [4.27677737e-02 1.00258633e-01 2.49050379e-01 7.71609497e+00
 1.32249523e+02 8.87009978e-01 2.93715477e-01 2.34354034e-01
 3.50000000e+01 4.30000000e+01]
  - 91: [4.86864408e-02 1.05120756e-01 2.51781374e-01 7.71572537e+00
 1.30796181e+02 8.70287240e-01 3.31008881e-01 2.61959165e-01
 0.00000000e+00 4.20000000e+01]
  - 92: [3.95761569e-02 9.88207534e-02 2.48149320e-01 7.71628215e+00
 1.33061502e+02 9.00567532e-01 2.83663273e-01 2.17376217e-01
 3.90000000e+01 4.30000000e+01]
  - 93: [4.28620444e-02 1.00318797e-01 2.49083355e-01 7.71608887e+00
 1.32225879e+02 8.86665702e-01 2.93972492e-01 2.34832257e-01
 3.40000000e+01 4.30000000e+01]
  - 94: [4.21910975e-02 9.99090970e-02 2.48856232e-01 7.71612956e+00
 1.32394510e+02 8.89180958e-01 2.92076826e-01 2.31399745e-01
 3.50000000e+01 4.30000000e+01]
  - 95: [4.62549051e-02 1.02918118e-01 2.50502408e-01 7.71587863e+00
 1.31386393e+02 8.76067817e-01 3.09444189e-01 2.51203716e-01
 2.40000000e+01 4.20000000e+01]
  - 96: [4.39885086e-02 1.01096220e-01 2.49505147e-01 7.71602037e+00
 1.31944824e+02 8.82774889e-01 2.97555923e-01 2.40446731e-01
 3.40000000e+01 4.20000000e+01]
  - 97: [4.76370441e-02 1.04147598e-01 2.51203805e-01 7.71579183e+00
 1.31049881e+02 8.72620225e-01 3.21260214e-01 2.57413864e-01
 2.20000000e+01 4.20000000e+01]
  - 98: [4.46261618e-02 1.01578444e-01 2.49765992e-01 7.71597968e+00
 1.31786795e+02 8.80744696e-01 2.99559116e-01 2.43547037e-01
 3.30000000e+01 4.20000000e+01]
  - 99: [4.04135386e-02 9.90664214e-02 2.48344183e-01 7.71623467e+00
 1.32846115e+02 8.96626472e-01 2.86094189e-01 2.21980035e-01
 3.50000000e+01 4.30000000e+01]
Updating sensitivity info in ERGOM_Arkona_observability_OC_JAN.pickle with model results...
Done
