Starting ppserver on r513c06n[03-04]:61983
Host names provided to parsac: r513c06n03:61983,r513c06n04:61983,
Starting parsac
Reading sensitivity samples from ERGOM_Arkona_observability_ARGO_CHL_JAN.pickle...
Reading configuration from Arkona_observability_ARGO_CHL_JAN.xml...
Starting Parallel Python server...
Giving Parallel Python 10 seconds to connect to: r513c06n03:61983, r513c06n04:61983
Running on:
   local: 0 cpus
   r513c06n04:61983: 48 cpus
   r513c06n03:61983: 48 cpus
Total number of cpus: 96
Starting model run...
Model run took 4.7 s.
 Processed /g100_scratch/usertrain/a08trb35/ERGOM_Arkona_JAN_ARGO_CHL_OBSERVABILITY/0000...
Starting model run...
Model run took 5.3 s.
 Processed /g100_scratch/usertrain/a08trb35/ERGOM_Arkona_JAN_ARGO_CHL_OBSERVABILITY/0001...
Starting model run...
Model run took 4.7 s.
 Processed /g100_scratch/usertrain/a08trb35/ERGOM_Arkona_JAN_ARGO_CHL_OBSERVABILITY/0002...
Starting model run...
Model run took 5.3 s.
 Processed /g100_scratch/usertrain/a08trb35/ERGOM_Arkona_JAN_ARGO_CHL_OBSERVABILITY/0003...
Starting model run...
Model run took 4.7 s.
 Processed /g100_scratch/usertrain/a08trb35/ERGOM_Arkona_JAN_ARGO_CHL_OBSERVABILITY/0004...
Starting model run...
Model run took 5.1 s.
 Processed /g100_scratch/usertrain/a08trb35/ERGOM_Arkona_JAN_ARGO_CHL_OBSERVABILITY/0005...
Starting model run...
Model run took 4.7 s.
 Processed /g100_scratch/usertrain/a08trb35/ERGOM_Arkona_JAN_ARGO_CHL_OBSERVABILITY/0006...
Starting model run...
Model run took 5.1 s.
 Processed /g100_scratch/usertrain/a08trb35/ERGOM_Arkona_JAN_ARGO_CHL_OBSERVABILITY/0007...
Starting model run...
Model run took 4.7 s.
 Processed /g100_scratch/usertrain/a08trb35/ERGOM_Arkona_JAN_ARGO_CHL_OBSERVABILITY/0008...
Starting model run...
Model run took 5.0 s.
 Processed /g100_scratch/usertrain/a08trb35/ERGOM_Arkona_JAN_ARGO_CHL_OBSERVABILITY/0009...
Starting model run...
Model run took 4.7 s.
 Processed /g100_scratch/usertrain/a08trb35/ERGOM_Arkona_JAN_ARGO_CHL_OBSERVABILITY/0010...
Starting model run...
Model run took 5.1 s.
 Processed /g100_scratch/usertrain/a08trb35/ERGOM_Arkona_JAN_ARGO_CHL_OBSERVABILITY/0011...
Starting model run...
Model run took 4.7 s.
 Processed /g100_scratch/usertrain/a08trb35/ERGOM_Arkona_JAN_ARGO_CHL_OBSERVABILITY/0012...
Starting model run...
Model run took 5.2 s.
 Processed /g100_scratch/usertrain/a08trb35/ERGOM_Arkona_JAN_ARGO_CHL_OBSERVABILITY/0013...
Starting model run...
Model run took 4.7 s.
 Processed /g100_scratch/usertrain/a08trb35/ERGOM_Arkona_JAN_ARGO_CHL_OBSERVABILITY/0014...
Starting model run...
Model run took 5.1 s.
 Processed /g100_scratch/usertrain/a08trb35/ERGOM_Arkona_JAN_ARGO_CHL_OBSERVABILITY/0015...
Starting model run...
Model run took 4.7 s.
 Processed /g100_scratch/usertrain/a08trb35/ERGOM_Arkona_JAN_ARGO_CHL_OBSERVABILITY/0016...
Starting model run...
Model run took 5.3 s.
 Processed /g100_scratch/usertrain/a08trb35/ERGOM_Arkona_JAN_ARGO_CHL_OBSERVABILITY/0017...
Starting model run...
Model run took 4.7 s.
 Processed /g100_scratch/usertrain/a08trb35/ERGOM_Arkona_JAN_ARGO_CHL_OBSERVABILITY/0018...
Starting model run...
Model run took 5.0 s.
 Processed /g100_scratch/usertrain/a08trb35/ERGOM_Arkona_JAN_ARGO_CHL_OBSERVABILITY/0019...
Starting model run...
Model run took 4.7 s.
 Processed /g100_scratch/usertrain/a08trb35/ERGOM_Arkona_JAN_ARGO_CHL_OBSERVABILITY/0020...
Starting model run...
Model run took 5.0 s.
 Processed /g100_scratch/usertrain/a08trb35/ERGOM_Arkona_JAN_ARGO_CHL_OBSERVABILITY/0021...
Starting model run...
Model run took 4.7 s.
 Processed /g100_scratch/usertrain/a08trb35/ERGOM_Arkona_JAN_ARGO_CHL_OBSERVABILITY/0022...
Starting model run...
Model run took 5.0 s.
 Processed /g100_scratch/usertrain/a08trb35/ERGOM_Arkona_JAN_ARGO_CHL_OBSERVABILITY/0023...
Starting model run...
Model run took 4.7 s.
 Processed /g100_scratch/usertrain/a08trb35/ERGOM_Arkona_JAN_ARGO_CHL_OBSERVABILITY/0024...
Starting model run...
Model run took 5.3 s.
 Processed /g100_scratch/usertrain/a08trb35/ERGOM_Arkona_JAN_ARGO_CHL_OBSERVABILITY/0025...
Starting model run...
Model run took 5.0 s.
 Processed /g100_scratch/usertrain/a08trb35/ERGOM_Arkona_JAN_ARGO_CHL_OBSERVABILITY/0026...
Starting model run...
Model run took 4.7 s.
 Processed /g100_scratch/usertrain/a08trb35/ERGOM_Arkona_JAN_ARGO_CHL_OBSERVABILITY/0027...
Starting model run...
Model run took 4.7 s.
 Processed /g100_scratch/usertrain/a08trb35/ERGOM_Arkona_JAN_ARGO_CHL_OBSERVABILITY/0028...
Starting model run...
Model run took 5.0 s.
 Processed /g100_scratch/usertrain/a08trb35/ERGOM_Arkona_JAN_ARGO_CHL_OBSERVABILITY/0029...
Starting model run...
Model run took 5.0 s.
 Processed /g100_scratch/usertrain/a08trb35/ERGOM_Arkona_JAN_ARGO_CHL_OBSERVABILITY/0030...
Starting model run...
Model run took 4.7 s.
 Processed /g100_scratch/usertrain/a08trb35/ERGOM_Arkona_JAN_ARGO_CHL_OBSERVABILITY/0031...
Starting model run...
Model run took 4.7 s.
 Processed /g100_scratch/usertrain/a08trb35/ERGOM_Arkona_JAN_ARGO_CHL_OBSERVABILITY/0032...
Starting model run...
Model run took 5.1 s.
 Processed /g100_scratch/usertrain/a08trb35/ERGOM_Arkona_JAN_ARGO_CHL_OBSERVABILITY/0033...
Starting model run...
Model run took 4.7 s.
 Processed /g100_scratch/usertrain/a08trb35/ERGOM_Arkona_JAN_ARGO_CHL_OBSERVABILITY/0034...
Starting model run...
Model run took 5.1 s.
 Processed /g100_scratch/usertrain/a08trb35/ERGOM_Arkona_JAN_ARGO_CHL_OBSERVABILITY/0035...
Starting model run...
Model run took 4.7 s.
 Processed /g100_scratch/usertrain/a08trb35/ERGOM_Arkona_JAN_ARGO_CHL_OBSERVABILITY/0036...
Starting model run...
Model run took 5.0 s.
 Processed /g100_scratch/usertrain/a08trb35/ERGOM_Arkona_JAN_ARGO_CHL_OBSERVABILITY/0037...
Starting model run...
Model run took 4.7 s.
 Processed /g100_scratch/usertrain/a08trb35/ERGOM_Arkona_JAN_ARGO_CHL_OBSERVABILITY/0038...
Starting model run...
Model run took 5.0 s.
 Processed /g100_scratch/usertrain/a08trb35/ERGOM_Arkona_JAN_ARGO_CHL_OBSERVABILITY/0039...
Starting model run...
Model run took 4.7 s.
 Processed /g100_scratch/usertrain/a08trb35/ERGOM_Arkona_JAN_ARGO_CHL_OBSERVABILITY/0040...
Starting model run...
Model run took 5.0 s.
 Processed /g100_scratch/usertrain/a08trb35/ERGOM_Arkona_JAN_ARGO_CHL_OBSERVABILITY/0041...
Starting model run...
Model run took 4.7 s.
 Processed /g100_scratch/usertrain/a08trb35/ERGOM_Arkona_JAN_ARGO_CHL_OBSERVABILITY/0042...
Starting model run...
Model run took 5.0 s.
 Processed /g100_scratch/usertrain/a08trb35/ERGOM_Arkona_JAN_ARGO_CHL_OBSERVABILITY/0043...
Starting model run...
Model run took 4.7 s.
 Processed /g100_scratch/usertrain/a08trb35/ERGOM_Arkona_JAN_ARGO_CHL_OBSERVABILITY/0044...
Starting model run...
Model run took 5.0 s.
 Processed /g100_scratch/usertrain/a08trb35/ERGOM_Arkona_JAN_ARGO_CHL_OBSERVABILITY/0045...
Starting model run...
Model run took 4.7 s.
 Processed /g100_scratch/usertrain/a08trb35/ERGOM_Arkona_JAN_ARGO_CHL_OBSERVABILITY/0046...
Starting model run...
Model run took 5.1 s.
 Processed /g100_scratch/usertrain/a08trb35/ERGOM_Arkona_JAN_ARGO_CHL_OBSERVABILITY/0047...
Starting model run...
Model run took 5.0 s.
 Processed /g100_scratch/usertrain/a08trb35/ERGOM_Arkona_JAN_ARGO_CHL_OBSERVABILITY/0048...
Starting model run...
Model run took 4.7 s.
 Processed /g100_scratch/usertrain/a08trb35/ERGOM_Arkona_JAN_ARGO_CHL_OBSERVABILITY/0049...
Starting model run...
Model run took 5.0 s.
 Processed /g100_scratch/usertrain/a08trb35/ERGOM_Arkona_JAN_ARGO_CHL_OBSERVABILITY/0050...
Starting model run...
Model run took 4.7 s.
 Processed /g100_scratch/usertrain/a08trb35/ERGOM_Arkona_JAN_ARGO_CHL_OBSERVABILITY/0051...
Starting model run...
Model run took 5.0 s.
 Processed /g100_scratch/usertrain/a08trb35/ERGOM_Arkona_JAN_ARGO_CHL_OBSERVABILITY/0052...
Starting model run...
Model run took 4.7 s.
 Processed /g100_scratch/usertrain/a08trb35/ERGOM_Arkona_JAN_ARGO_CHL_OBSERVABILITY/0053...
Starting model run...
Model run took 4.7 s.
 Processed /g100_scratch/usertrain/a08trb35/ERGOM_Arkona_JAN_ARGO_CHL_OBSERVABILITY/0054...
Starting model run...
Model run took 5.0 s.
 Processed /g100_scratch/usertrain/a08trb35/ERGOM_Arkona_JAN_ARGO_CHL_OBSERVABILITY/0055...
Starting model run...
Model run took 4.7 s.
 Processed /g100_scratch/usertrain/a08trb35/ERGOM_Arkona_JAN_ARGO_CHL_OBSERVABILITY/0056...
Starting model run...
Model run took 5.0 s.
 Processed /g100_scratch/usertrain/a08trb35/ERGOM_Arkona_JAN_ARGO_CHL_OBSERVABILITY/0057...
Starting model run...
Model run took 4.7 s.
 Processed /g100_scratch/usertrain/a08trb35/ERGOM_Arkona_JAN_ARGO_CHL_OBSERVABILITY/0058...
Starting model run...
Model run took 5.0 s.
 Processed /g100_scratch/usertrain/a08trb35/ERGOM_Arkona_JAN_ARGO_CHL_OBSERVABILITY/0059...
Starting model run...
Model run took 4.7 s.
 Processed /g100_scratch/usertrain/a08trb35/ERGOM_Arkona_JAN_ARGO_CHL_OBSERVABILITY/0060...
Starting model run...
Model run took 5.0 s.
 Processed /g100_scratch/usertrain/a08trb35/ERGOM_Arkona_JAN_ARGO_CHL_OBSERVABILITY/0061...
Starting model run...
Model run took 4.7 s.
 Processed /g100_scratch/usertrain/a08trb35/ERGOM_Arkona_JAN_ARGO_CHL_OBSERVABILITY/0062...
Starting model run...
Model run took 5.1 s.
 Processed /g100_scratch/usertrain/a08trb35/ERGOM_Arkona_JAN_ARGO_CHL_OBSERVABILITY/0063...
Starting model run...
Model run took 4.7 s.
 Processed /g100_scratch/usertrain/a08trb35/ERGOM_Arkona_JAN_ARGO_CHL_OBSERVABILITY/0064...
Starting model run...
Model run took 5.0 s.
 Processed /g100_scratch/usertrain/a08trb35/ERGOM_Arkona_JAN_ARGO_CHL_OBSERVABILITY/0065...
Starting model run...
Model run took 4.7 s.
 Processed /g100_scratch/usertrain/a08trb35/ERGOM_Arkona_JAN_ARGO_CHL_OBSERVABILITY/0066...
Starting model run...
Model run took 5.0 s.
 Processed /g100_scratch/usertrain/a08trb35/ERGOM_Arkona_JAN_ARGO_CHL_OBSERVABILITY/0067...
Starting model run...
Model run took 4.7 s.
 Processed /g100_scratch/usertrain/a08trb35/ERGOM_Arkona_JAN_ARGO_CHL_OBSERVABILITY/0068...
Starting model run...
Model run took 5.0 s.
 Processed /g100_scratch/usertrain/a08trb35/ERGOM_Arkona_JAN_ARGO_CHL_OBSERVABILITY/0069...
Starting model run...
Model run took 4.7 s.
 Processed /g100_scratch/usertrain/a08trb35/ERGOM_Arkona_JAN_ARGO_CHL_OBSERVABILITY/0070...
Starting model run...
Model run took 5.0 s.
 Processed /g100_scratch/usertrain/a08trb35/ERGOM_Arkona_JAN_ARGO_CHL_OBSERVABILITY/0071...
Starting model run...
Model run took 4.7 s.
 Processed /g100_scratch/usertrain/a08trb35/ERGOM_Arkona_JAN_ARGO_CHL_OBSERVABILITY/0072...
Starting model run...
Model run took 5.1 s.
 Processed /g100_scratch/usertrain/a08trb35/ERGOM_Arkona_JAN_ARGO_CHL_OBSERVABILITY/0073...
Starting model run...
Model run took 4.7 s.
 Processed /g100_scratch/usertrain/a08trb35/ERGOM_Arkona_JAN_ARGO_CHL_OBSERVABILITY/0074...
Starting model run...
Model run took 5.0 s.
 Processed /g100_scratch/usertrain/a08trb35/ERGOM_Arkona_JAN_ARGO_CHL_OBSERVABILITY/0075...
Starting model run...
Model run took 4.7 s.
 Processed /g100_scratch/usertrain/a08trb35/ERGOM_Arkona_JAN_ARGO_CHL_OBSERVABILITY/0076...
Starting model run...
Model run took 5.0 s.
 Processed /g100_scratch/usertrain/a08trb35/ERGOM_Arkona_JAN_ARGO_CHL_OBSERVABILITY/0077...
Starting model run...
Model run took 4.7 s.
 Processed /g100_scratch/usertrain/a08trb35/ERGOM_Arkona_JAN_ARGO_CHL_OBSERVABILITY/0078...
Starting model run...
Model run took 5.0 s.
 Processed /g100_scratch/usertrain/a08trb35/ERGOM_Arkona_JAN_ARGO_CHL_OBSERVABILITY/0079...
Starting model run...
Model run took 4.7 s.
 Processed /g100_scratch/usertrain/a08trb35/ERGOM_Arkona_JAN_ARGO_CHL_OBSERVABILITY/0080...
Starting model run...
Model run took 5.1 s.
 Processed /g100_scratch/usertrain/a08trb35/ERGOM_Arkona_JAN_ARGO_CHL_OBSERVABILITY/0081...
Starting model run...
Model run took 4.7 s.
 Processed /g100_scratch/usertrain/a08trb35/ERGOM_Arkona_JAN_ARGO_CHL_OBSERVABILITY/0082...
Starting model run...
Model run took 5.0 s.
 Processed /g100_scratch/usertrain/a08trb35/ERGOM_Arkona_JAN_ARGO_CHL_OBSERVABILITY/0083...
Starting model run...
Model run took 4.7 s.
 Processed /g100_scratch/usertrain/a08trb35/ERGOM_Arkona_JAN_ARGO_CHL_OBSERVABILITY/0084...
Starting model run...
Model run took 5.0 s.
 Processed /g100_scratch/usertrain/a08trb35/ERGOM_Arkona_JAN_ARGO_CHL_OBSERVABILITY/0085...
Starting model run...
Model run took 4.7 s.
 Processed /g100_scratch/usertrain/a08trb35/ERGOM_Arkona_JAN_ARGO_CHL_OBSERVABILITY/0086...
Starting model run...
Model run took 5.1 s.
 Processed /g100_scratch/usertrain/a08trb35/ERGOM_Arkona_JAN_ARGO_CHL_OBSERVABILITY/0087...
Starting model run...
Model run took 5.0 s.
 Processed /g100_scratch/usertrain/a08trb35/ERGOM_Arkona_JAN_ARGO_CHL_OBSERVABILITY/0088...
Starting model run...
Model run took 4.7 s.
 Processed /g100_scratch/usertrain/a08trb35/ERGOM_Arkona_JAN_ARGO_CHL_OBSERVABILITY/0089...
Starting model run...
Model run took 4.7 s.
 Processed /g100_scratch/usertrain/a08trb35/ERGOM_Arkona_JAN_ARGO_CHL_OBSERVABILITY/0090...
Starting model run...
Model run took 5.1 s.
 Processed /g100_scratch/usertrain/a08trb35/ERGOM_Arkona_JAN_ARGO_CHL_OBSERVABILITY/0091...
Starting model run...
Model run took 4.7 s.
 Processed /g100_scratch/usertrain/a08trb35/ERGOM_Arkona_JAN_ARGO_CHL_OBSERVABILITY/0092...
Starting model run...
Model run took 5.0 s.
 Processed /g100_scratch/usertrain/a08trb35/ERGOM_Arkona_JAN_ARGO_CHL_OBSERVABILITY/0093...
Starting model run...
Model run took 5.0 s.
 Processed /g100_scratch/usertrain/a08trb35/ERGOM_Arkona_JAN_ARGO_CHL_OBSERVABILITY/0094...
Starting model run...
Model run took 4.7 s.
 Processed /g100_scratch/usertrain/a08trb35/ERGOM_Arkona_JAN_ARGO_CHL_OBSERVABILITY/0095...
Starting model run...
Model run took 3.1 s.
 Processed /g100_scratch/usertrain/a08trb35/ERGOM_Arkona_JAN_ARGO_CHL_OBSERVABILITY/0096...
Starting model run...
Model run took 3.1 s.
 Processed /g100_scratch/usertrain/a08trb35/ERGOM_Arkona_JAN_ARGO_CHL_OBSERVABILITY/0097...
Starting model run...
Model run took 3.1 s.
 Processed /g100_scratch/usertrain/a08trb35/ERGOM_Arkona_JAN_ARGO_CHL_OBSERVABILITY/0098...
Starting model run...
Model run took 3.1 s.
 Processed /g100_scratch/usertrain/a08trb35/ERGOM_Arkona_JAN_ARGO_CHL_OBSERVABILITY/0099...
Retrieving value of target expression(s) for each ensemble member...
  - 0: [5.03956159e-02 1.06753387e-01 2.52801597e-01 7.71561551e+00
 1.30385894e+02 8.66953075e-01 3.58782411e-01 2.69063711e-01
 0.00000000e+00 4.20000000e+01]
  - 1: [4.59892326e-02 1.02690458e-01 2.50375539e-01 7.71589559e+00
 1.31451411e+02 8.76783133e-01 3.07238340e-01 2.49980167e-01
 2.40000000e+01 4.20000000e+01]
  - 2: [5.17004808e-02 1.08022429e-01 2.53643870e-01 7.71553277e+00
 1.30074837e+02 8.64755034e-01 3.79742295e-01 2.74255276e-01
 0.00000000e+00 4.10000000e+01]
  - 3: [4.88628123e-02 1.05286889e-01 2.51882136e-01 7.71571384e+00
 1.30753678e+02 8.69917214e-01 3.33891630e-01 2.62709200e-01
 0.00000000e+00 4.20000000e+01]
  - 4: [5.06751749e-02 1.07024148e-01 2.52977550e-01 7.71559855e+00
 1.30319086e+02 8.66458058e-01 3.63290846e-01 2.70191967e-01
 0.00000000e+00 4.20000000e+01]
  - 5: [4.34125741e-02 1.00685820e-01 2.49283224e-01 7.71605496e+00
 1.32088194e+02 8.84713471e-01 2.95783281e-01 2.37598509e-01
 3.40000000e+01 4.30000000e+01]
  - 6: [4.68729761e-02 1.03459306e-01 2.50807554e-01 7.71583998e+00
 1.31235569e+02 8.74470890e-01 3.14688444e-01 2.54012764e-01
 2.20000000e+01 4.20000000e+01]
  - 7: [4.59075822e-02 1.02621131e-01 2.50337064e-01 7.71590101e+00
 1.31471408e+02 8.77006650e-01 3.06550026e-01 2.49602228e-01
 2.40000000e+01 4.20000000e+01]
  - 8: [4.77391614e-02 1.04240991e-01 2.51258314e-01 7.71578573e+00
 1.31025119e+02 8.72382879e-01 3.22110653e-01 2.57862389e-01
 2.20000000e+01 4.20000000e+01]
  - 9: [4.65797583e-02 1.03200644e-01 2.50661075e-01 7.71585829e+00
 1.31307053e+02 8.75216901e-01 3.12157154e-01 2.52686679e-01
 2.30000000e+01 4.20000000e+01]
  - 10: [5.27210818e-02 1.09020211e-01 2.54338920e-01 7.71546631e+00
 1.29832726e+02 8.63222361e-01 3.95990193e-01 2.78182149e-01
 0.00000000e+00 4.10000000e+01]
  - 11: [3.83460972e-02 9.86822546e-02 2.47918740e-01 7.71635064e+00
 1.33381207e+02 9.06909645e-01 2.81826496e-01 2.10421950e-01
 4.00000000e+01 4.30000000e+01]
  - 12: [4.24887763e-02 1.00085452e-01 2.48954773e-01 7.71611192e+00
 1.32319575e+02 8.88046205e-01 2.92937279e-01 2.32930884e-01
 3.50000000e+01 4.30000000e+01]
  - 13: [5.06463528e-02 1.06996208e-01 2.52959281e-01 7.71559991e+00
 1.30325987e+02 8.66508424e-01 3.62826407e-01 2.70076007e-01
 0.00000000e+00 4.20000000e+01]
  - 14: [4.82482115e-02 1.04710951e-01 2.51535535e-01 7.71575385e+00
 1.30901942e+02 8.71233344e-01 3.26258421e-01 2.60078311e-01
 2.20000000e+01 4.20000000e+01]
  - 15: [4.30086957e-02 1.00413963e-01 2.49135464e-01 7.71607937e+00
 1.32189138e+02 8.86136055e-01 2.94466972e-01 2.35573471e-01
 3.40000000e+01 4.30000000e+01]
  - 16: [4.67676269e-02 1.03366002e-01 2.50754595e-01 7.71584676e+00
 1.31261241e+02 8.74736667e-01 3.13758135e-01 2.53537685e-01
 2.30000000e+01 4.20000000e+01]
  - 17: [4.79189873e-02 1.04406208e-01 2.51355231e-01 7.71577352e+00
 1.30981576e+02 8.71970415e-01 3.23593616e-01 2.58649260e-01
 2.20000000e+01 4.20000000e+01]
  - 18: [4.65546661e-02 1.03178650e-01 2.50648677e-01 7.71586032e+00
 1.31313151e+02 8.75281632e-01 3.11941624e-01 2.52572596e-01
 2.30000000e+01 4.20000000e+01]
  - 19: [3.86235767e-02 9.86875892e-02 2.47964904e-01 7.71633504e+00
 1.33308724e+02 9.05418277e-01 2.82086372e-01 2.12010488e-01
 4.00000000e+01 4.30000000e+01]
  - 20: [5.21558762e-02 1.08467422e-01 2.53950119e-01 7.71550293e+00
 1.29966678e+02 8.64052057e-01 3.87007833e-01 2.76021838e-01
 0.00000000e+00 4.10000000e+01]
  - 21: [4.36597745e-02 1.00858852e-01 2.49376863e-01 7.71604072e+00
 1.32026584e+02 8.83868814e-01 2.96558619e-01 2.38826141e-01
 3.40000000e+01 4.30000000e+01]
  - 22: [5.23959054e-02 1.08702153e-01 2.54114121e-01 7.71548665e+00
 1.29909755e+02 8.63694072e-01 3.90826941e-01 2.76943475e-01
 0.00000000e+00 4.10000000e+01]
  - 23: [4.58727201e-02 1.02591634e-01 2.50320703e-01 7.71590237e+00
 1.31479948e+02 8.77102673e-01 3.06254864e-01 2.49440491e-01
 2.40000000e+01 4.20000000e+01]
  - 24: [4.80372853e-02 1.04515389e-01 2.51419574e-01 7.71576674e+00
 1.30952941e+02 8.71702969e-01 3.24558258e-01 2.59164304e-01
 2.20000000e+01 4.20000000e+01]
  - 25: [4.82188066e-02 1.04683623e-01 2.51519263e-01 7.71575521e+00
 1.30909049e+02 8.71298254e-01 3.26022863e-01 2.59951323e-01
 2.20000000e+01 4.20000000e+01]
  - 26: [4.45646604e-02 1.01530768e-01 2.49740154e-01 7.71598443e+00
 1.31801997e+02 8.80935490e-01 2.99341202e-01 2.43250608e-01
 3.30000000e+01 4.20000000e+01]
  - 27: [4.55561161e-02 1.02326401e-01 2.50174284e-01 7.71592272e+00
 1.31557639e+02 8.77988398e-01 3.03534985e-01 2.47964352e-01
 2.40000000e+01 4.20000000e+01]
  - 28: [4.38506736e-02 1.00995719e-01 2.49450833e-01 7.71602851e+00
 1.31979069e+02 8.83229613e-01 2.97142506e-01 2.39768878e-01
 3.40000000e+01 4.20000000e+01]
  - 29: [4.59611204e-02 1.02666564e-01 2.50362217e-01 7.71589762e+00
 1.31458290e+02 8.76859784e-01 3.07002068e-01 2.49850169e-01
 2.40000000e+01 4.20000000e+01]
  - 30: [5.13128069e-02 1.07644208e-01 2.53388077e-01 7.71555718e+00
 1.30167079e+02 8.65378976e-01 3.73537362e-01 2.72732705e-01
 0.00000000e+00 4.10000000e+01]
  - 31: [3.87029674e-02 9.86920595e-02 2.47978717e-01 7.71633097e+00
 1.33288032e+02 9.04998243e-01 2.82177925e-01 2.12462872e-01
 3.90000000e+01 4.30000000e+01]
  - 32: [4.57746400e-02 1.02508940e-01 2.50274926e-01 7.71590915e+00
 1.31503993e+02 8.77374172e-01 3.05419922e-01 2.48984739e-01
 2.40000000e+01 4.20000000e+01]
  - 33: [5.28769493e-02 1.09172650e-01 2.54447788e-01 7.71545614e+00
 1.29795844e+02 8.63002002e-01 3.98460388e-01 2.78771698e-01
 0.00000000e+00 4.10000000e+01]
  - 34: [5.22124979e-02 1.08522795e-01 2.53988683e-01 7.71549886e+00
 1.29953255e+02 8.63966823e-01 3.87909353e-01 2.76239753e-01
 0.00000000e+00 4.10000000e+01]
  - 35: [4.35574161e-02 1.00786611e-01 2.49337792e-01 7.71604614e+00
 1.32052083e+02 8.84216309e-01 2.96240330e-01 2.38318831e-01
 3.40000000e+01 4.30000000e+01]
  - 36: [4.71005546e-02 1.03662260e-01 2.50923425e-01 7.71582574e+00
 1.31180176e+02 8.73905897e-01 3.16685677e-01 2.55033970e-01
 2.20000000e+01 4.20000000e+01]
  - 37: [4.63894314e-02 1.03034586e-01 2.50567645e-01 7.71587118e+00
 1.31353526e+02 8.75712335e-01 3.10542107e-01 2.51819640e-01
 2.40000000e+01 4.20000000e+01]
  - 38: [4.20047177e-02 9.98032689e-02 2.48796418e-01 7.71614041e+00
 1.32441526e+02 8.89906883e-01 2.91521072e-01 2.30434373e-01
 3.50000000e+01 4.30000000e+01]
  - 39: [4.35909510e-02 1.00810178e-01 2.49350548e-01 7.71604411e+00
 1.32043728e+02 8.84101987e-01 2.96345234e-01 2.38485232e-01
 3.40000000e+01 4.30000000e+01]
  - 40: [5.05734921e-02 1.06925577e-01 2.52913296e-01 7.71560398e+00
 1.30343370e+02 8.66636693e-01 3.61652106e-01 2.69782543e-01
 0.00000000e+00 4.20000000e+01]
  - 41: [5.09426170e-02 1.07283846e-01 2.53148198e-01 7.71558160e+00
 1.30255273e+02 8.65997195e-01 3.67594481e-01 2.71262646e-01
 0.00000000e+00 4.10000000e+01]
  - 42: [3.75495328e-02 9.87623036e-02 2.47805431e-01 7.71639201e+00
 1.33590441e+02 9.11398232e-01 2.80933619e-01 2.05797210e-01
 4.00000000e+01 4.30000000e+01]
  - 43: [4.34626076e-02 1.00720435e-01 2.49301955e-01 7.71605157e+00
 1.32075716e+02 8.84541035e-01 2.95942068e-01 2.37847671e-01
 3.40000000e+01 4.30000000e+01]
  - 44: [4.28815126e-02 1.00331321e-01 2.49090239e-01 7.71608819e+00
 1.32220996e+02 8.86594951e-01 2.94038773e-01 2.34930754e-01
 3.40000000e+01 4.30000000e+01]
  - 45: [4.45841153e-02 1.01545803e-01 2.49748334e-01 7.71598239e+00
 1.31797190e+02 8.80875111e-01 2.99410820e-01 2.43344411e-01
 3.30000000e+01 4.20000000e+01]
  - 46: [4.27312798e-02 1.00235544e-01 2.49037698e-01 7.71609633e+00
 1.32258681e+02 8.87143791e-01 2.93615103e-01 2.34168470e-01
 3.50000000e+01 4.30000000e+01]
  - 47: [4.58180639e-02 1.02545492e-01 2.50295162e-01 7.71590576e+00
 1.31493338e+02 8.77253592e-01 3.05790424e-01 2.49186710e-01
 2.40000000e+01 4.20000000e+01]
  - 48: [4.51235135e-02 1.01972431e-01 2.49980271e-01 7.71594984e+00
 1.31664062e+02 8.79241526e-01 3.01269770e-01 2.45924816e-01
 3.30000000e+01 4.20000000e+01]
  - 49: [4.67844115e-02 1.03380822e-01 2.50762969e-01 7.71584540e+00
 1.31257140e+02 8.74694109e-01 3.13902378e-01 2.53613442e-01
 2.20000000e+01 4.20000000e+01]
  - 50: [4.26751243e-02 1.00200303e-01 2.49018267e-01 7.71609972e+00
 1.32272765e+02 8.87351096e-01 2.93459892e-01 2.33882695e-01
 3.50000000e+01 4.30000000e+01]
  - 51: [4.36747021e-02 1.00869484e-01 2.49382585e-01 7.71603868e+00
 1.32022862e+02 8.83818567e-01 2.96604872e-01 2.38899991e-01
 3.40000000e+01 4.30000000e+01]
  - 52: [4.33746788e-02 1.00659713e-01 2.49269068e-01 7.71605767e+00
 1.32097667e+02 8.84844720e-01 2.95662642e-01 2.37409532e-01
 3.40000000e+01 4.30000000e+01]
  - 53: [5.26864317e-02 1.08986288e-01 2.54314810e-01 7.71546834e+00
 1.29840929e+02 8.63272071e-01 3.95440578e-01 2.78050661e-01
 0.00000000e+00 4.10000000e+01]
  - 54: [3.94678089e-02 9.87973064e-02 2.48126373e-01 7.71628893e+00
 1.33089507e+02 9.01099145e-01 2.83494949e-01 2.16772795e-01
 3.90000000e+01 4.30000000e+01]
  - 55: [5.27679973e-02 1.09066106e-01 2.54371613e-01 7.71546360e+00
 1.29821625e+02 8.63155723e-01 3.96733940e-01 2.78359860e-01
 0.00000000e+00 4.10000000e+01]
  - 56: [4.64245584e-02 1.03065088e-01 2.50584781e-01 7.71586846e+00
 1.31344933e+02 8.75620127e-01 3.10827255e-01 2.51980066e-01
 2.40000000e+01 4.20000000e+01]
  - 57: [5.06397300e-02 1.06989801e-01 2.52955109e-01 7.71559991e+00
 1.30327561e+02 8.66520166e-01 3.62719804e-01 2.70049363e-01
 0.00000000e+00 4.20000000e+01]
  - 58: [5.23551570e-02 1.08662300e-01 2.54086167e-01 7.71549004e+00
 1.29919423e+02 8.63754213e-01 3.90179157e-01 2.76787519e-01
 0.00000000e+00 4.10000000e+01]
  - 59: [4.50115946e-02 1.01882495e-01 2.49931231e-01 7.71595662e+00
 1.31691634e+02 8.79573822e-01 3.00892830e-01 2.45392844e-01
 3.30000000e+01 4.20000000e+01]
  - 60: [4.29592027e-02 1.00381635e-01 2.49117762e-01 7.71608344e+00
 1.32201552e+02 8.86313915e-01 2.94301033e-01 2.35323653e-01
 3.40000000e+01 4.30000000e+01]
  - 61: [3.98572551e-02 9.88907740e-02 2.48211354e-01 7.71626587e+00
 1.32989008e+02 8.99211764e-01 2.84084558e-01 2.18933463e-01
 3.90000000e+01 4.30000000e+01]
  - 62: [4.77471193e-02 1.04248293e-01 2.51262575e-01 7.71578573e+00
 1.31023199e+02 8.72364461e-01 3.22176933e-01 2.57897437e-01
 2.20000000e+01 4.20000000e+01]
  - 63: [4.75088649e-02 1.04030810e-01 2.51135856e-01 7.71579929e+00
 1.31080968e+02 8.72921526e-01 3.20183277e-01 2.56848812e-01
 2.20000000e+01 4.20000000e+01]
  - 64: [4.71124649e-02 1.03672937e-01 2.50929505e-01 7.71582506e+00
 1.31177268e+02 8.73876572e-01 3.16788912e-01 2.55087197e-01
 2.20000000e+01 4.20000000e+01]
  - 65: [5.19773695e-02 1.08292952e-01 2.53829330e-01 7.71551446e+00
 1.30009060e+02 8.64323914e-01 3.84162843e-01 2.75332123e-01
 0.00000000e+00 4.10000000e+01]
  - 66: [3.78300455e-02 9.87171978e-02 2.47842073e-01 7.71637709e+00
 1.33516569e+02 9.09782290e-01 2.81278849e-01 2.07436651e-01
 4.00000000e+01 4.30000000e+01]
  - 67: [4.52110873e-02 1.02043286e-01 2.50019014e-01 7.71594442e+00
 1.31642491e+02 8.78983676e-01 3.01562309e-01 2.46339813e-01
 3.30000000e+01 4.20000000e+01]
  - 68: [4.28485844e-02 1.00310132e-01 2.49078616e-01 7.71609022e+00
 1.32229264e+02 8.86714637e-01 2.93936014e-01 2.34763995e-01
 3.50000000e+01 4.30000000e+01]
  - 69: [3.71989091e-02 9.88463685e-02 2.47764677e-01 7.71640964e+00
 1.33683095e+02 9.13473308e-01 2.80438900e-01 2.03731790e-01
 4.00000000e+01 4.30000000e+01]
  - 70: [3.71366739e-02 9.88646373e-02 2.47758046e-01 7.71641303e+00
 1.33699577e+02 9.13847923e-01 2.80342579e-01 2.03363404e-01
 4.00000000e+01 4.30000000e+01]
  - 71: [3.82418129e-02 9.86845046e-02 2.47902274e-01 7.71635607e+00
 1.33408507e+02 9.07479703e-01 2.81723976e-01 2.09821939e-01
 4.00000000e+01 4.30000000e+01]
  - 72: [4.02424600e-02 9.90073532e-02 2.48301908e-01 7.71624417e+00
 1.32889974e+02 8.97407770e-01 2.85422802e-01 2.21048146e-01
 3.50000000e+01 4.30000000e+01]
  - 73: [4.94720936e-02 1.05865441e-01 2.52238363e-01 7.71567518e+00
 1.30607151e+02 8.68686438e-01 3.43820363e-01 2.65269756e-01
 0.00000000e+00 4.20000000e+01]
  - 74: [5.09078503e-02 1.07250057e-01 2.53125876e-01 7.71558295e+00
 1.30263563e+02 8.66056502e-01 3.67035568e-01 2.71123856e-01
 0.00000000e+00 4.10000000e+01]
  - 75: [3.77795723e-02 9.87239257e-02 2.47835219e-01 7.71638048e+00
 1.33529839e+02 9.10070062e-01 2.81219721e-01 2.07142562e-01
 4.00000000e+01 4.30000000e+01]
  - 76: [5.25818666e-02 1.08884037e-01 2.54242331e-01 7.71547580e+00
 1.29865690e+02 8.63422453e-01 3.93781334e-01 2.77653337e-01
 0.00000000e+00 4.10000000e+01]
  - 77: [4.29470089e-02 1.00373700e-01 2.49113441e-01 7.71608344e+00
 1.32204601e+02 8.86358082e-01 2.94260263e-01 2.35262021e-01
 3.40000000e+01 4.30000000e+01]
  - 78: [3.97340589e-02 9.88584906e-02 2.48183757e-01 7.71627333e+00
 1.33020747e+02 8.99801850e-01 2.83902884e-01 2.18252495e-01
 3.90000000e+01 4.30000000e+01]
  - 79: [4.50394789e-02 1.01904839e-01 2.49943420e-01 7.71595527e+00
 1.31684766e+02 8.79490733e-01 3.00987482e-01 2.45525524e-01
 3.30000000e+01 4.20000000e+01]
  - 80: [5.01253022e-02 1.06492341e-01 2.52633899e-01 7.71563314e+00
 1.30450553e+02 8.67444515e-01 3.54414195e-01 2.67964005e-01
 0.00000000e+00 4.20000000e+01]
  - 81: [4.63374668e-02 1.02989487e-01 2.50542372e-01 7.71587389e+00
 1.31366200e+02 8.75848889e-01 3.10119629e-01 2.51582026e-01
 2.40000000e+01 4.20000000e+01]
  - 82: [5.00505394e-02 1.06420293e-01 2.52587914e-01 7.71563856e+00
 1.30468446e+02 8.67582738e-01 3.53204429e-01 2.67658204e-01
 0.00000000e+00 4.20000000e+01]
  - 83: [3.84230110e-02 9.86820757e-02 2.47931167e-01 7.71634657e+00
 1.33361089e+02 9.06492293e-01 2.81900644e-01 2.10863426e-01
 4.00000000e+01 4.30000000e+01]
  - 84: [4.19489251e-02 9.97723192e-02 2.48778805e-01 7.71614312e+00
 1.32455621e+02 8.90126526e-01 2.91352272e-01 2.30144307e-01
 3.50000000e+01 4.30000000e+01]
  - 85: [3.81480349e-02 9.86885801e-02 2.47887909e-01 7.71636081e+00
 1.33433095e+02 9.07996893e-01 2.81627893e-01 2.09280953e-01
 4.00000000e+01 4.30000000e+01]
  - 86: [4.84691514e-02 1.04916990e-01 2.51658678e-01 7.71573893e+00
 1.30848579e+02 8.70751441e-01 3.28011751e-01 2.61029720e-01
 2.20000000e+01 4.20000000e+01]
  - 87: [4.12212849e-02 9.94009376e-02 2.48560503e-01 7.71618720e+00
 1.32639985e+02 8.93095791e-01 2.89021969e-01 2.26319104e-01
 3.50000000e+01 4.30000000e+01]
  - 88: [4.64843114e-02 1.03117168e-01 2.50614047e-01 7.71586575e+00
 1.31330349e+02 8.75464201e-01 3.11335087e-01 2.52252400e-01
 2.30000000e+01 4.20000000e+01]
  - 89: [4.60365136e-02 1.02730758e-01 2.50397891e-01 7.71589288e+00
 1.31439822e+02 8.76654625e-01 3.07634592e-01 2.50198603e-01
 2.40000000e+01 4.20000000e+01]
  - 90: [4.89796321e-02 1.05397269e-01 2.51949489e-01 7.71570706e+00
 1.30725553e+02 8.69675696e-01 3.35798830e-01 2.63203681e-01
 0.00000000e+00 4.20000000e+01]
  - 91: [4.96854305e-02 1.06069498e-01 2.52366006e-01 7.71566094e+00
 1.30555957e+02 8.68272185e-01 3.47286046e-01 2.66155422e-01
 0.00000000e+00 4.20000000e+01]
  - 92: [4.42388270e-02 1.01282209e-01 2.49605671e-01 7.71600410e+00
 1.31882682e+02 8.81963611e-01 2.98291922e-01 2.41670847e-01
 3.40000000e+01 4.20000000e+01]
  - 93: [5.07662773e-02 1.07112549e-01 2.53035426e-01 7.71559245e+00
 1.30297342e+02 8.66299748e-01 3.64757925e-01 2.70557553e-01
 0.00000000e+00 4.20000000e+01]
  - 94: [4.62037987e-02 1.02874078e-01 2.50477791e-01 7.71588270e+00
 1.31398882e+02 8.76204014e-01 3.09023857e-01 2.50969112e-01
 2.40000000e+01 4.20000000e+01]
  - 95: [3.90038941e-02 9.87205207e-02 2.48033732e-01 7.71631402e+00
 1.33209733e+02 9.03433621e-01 2.82729864e-01 2.14168817e-01
 3.90000000e+01 4.30000000e+01]
  - 96: [3.88234589e-02 9.87012982e-02 2.48000279e-01 7.71632351e+00
 1.33256651e+02 9.04366434e-01 2.82403469e-01 2.13147610e-01
 3.90000000e+01 4.30000000e+01]
  - 97: [5.16083452e-02 1.07932478e-01 2.53582656e-01 7.71553819e+00
 1.30096734e+02 8.64901185e-01 3.78269285e-01 2.73895055e-01
 0.00000000e+00 4.10000000e+01]
  - 98: [4.06875186e-02 9.91698653e-02 2.48414442e-01 7.71621772e+00
 1.32776020e+02 8.95399749e-01 2.87130833e-01 2.23462909e-01
 3.50000000e+01 4.30000000e+01]
  - 99: [4.62811417e-02 1.02940753e-01 2.50515074e-01 7.71587728e+00
 1.31379959e+02 8.75998139e-01 3.09659481e-01 2.51323998e-01
 2.40000000e+01 4.20000000e+01]
Updating sensitivity info in ERGOM_Arkona_observability_ARGO_CHL_JAN.pickle with model results...
Done
