Starting ppserver on r512c06n[02-03]:63276
Host names provided to parsac: r512c06n02:63276,r512c06n03:63276,
Starting parsac
Reading sensitivity samples from ERGOM_Arkona_observability_OC_JUN.pickle...
Reading configuration from Arkona_observability_OC_JUN.xml...
Starting Parallel Python server...
Giving Parallel Python 10 seconds to connect to: r512c06n02:63276, r512c06n03:63276
Running on:
   local: 0 cpus
   r512c06n03:63276: 48 cpus
   r512c06n02:63276: 48 cpus
Total number of cpus: 96
Starting model run...
Model run took 4.8 s.
 Processed /g100_scratch/usertrain/a08trb35/ERGOM_Arkona_JUN_OC_OBSERVABILITY/0000...
Starting model run...
Model run took 5.0 s.
 Processed /g100_scratch/usertrain/a08trb35/ERGOM_Arkona_JUN_OC_OBSERVABILITY/0001...
Starting model run...
Model run took 4.8 s.
 Processed /g100_scratch/usertrain/a08trb35/ERGOM_Arkona_JUN_OC_OBSERVABILITY/0002...
Starting model run...
Model run took 5.2 s.
 Processed /g100_scratch/usertrain/a08trb35/ERGOM_Arkona_JUN_OC_OBSERVABILITY/0003...
Starting model run...
Model run took 4.8 s.
 Processed /g100_scratch/usertrain/a08trb35/ERGOM_Arkona_JUN_OC_OBSERVABILITY/0004...
Starting model run...
Model run took 5.2 s.
 Processed /g100_scratch/usertrain/a08trb35/ERGOM_Arkona_JUN_OC_OBSERVABILITY/0005...
Starting model run...
Model run took 4.8 s.
 Processed /g100_scratch/usertrain/a08trb35/ERGOM_Arkona_JUN_OC_OBSERVABILITY/0006...
Starting model run...
Model run took 4.9 s.
 Processed /g100_scratch/usertrain/a08trb35/ERGOM_Arkona_JUN_OC_OBSERVABILITY/0007...
Starting model run...
Model run took 4.8 s.
 Processed /g100_scratch/usertrain/a08trb35/ERGOM_Arkona_JUN_OC_OBSERVABILITY/0008...
Starting model run...
Model run took 5.0 s.
 Processed /g100_scratch/usertrain/a08trb35/ERGOM_Arkona_JUN_OC_OBSERVABILITY/0009...
Starting model run...
Model run took 4.9 s.
 Processed /g100_scratch/usertrain/a08trb35/ERGOM_Arkona_JUN_OC_OBSERVABILITY/0010...
Starting model run...
Model run took 5.3 s.
 Processed /g100_scratch/usertrain/a08trb35/ERGOM_Arkona_JUN_OC_OBSERVABILITY/0011...
Starting model run...
Model run took 4.8 s.
 Processed /g100_scratch/usertrain/a08trb35/ERGOM_Arkona_JUN_OC_OBSERVABILITY/0012...
Starting model run...
Model run took 4.9 s.
 Processed /g100_scratch/usertrain/a08trb35/ERGOM_Arkona_JUN_OC_OBSERVABILITY/0013...
Starting model run...
Model run took 4.8 s.
 Processed /g100_scratch/usertrain/a08trb35/ERGOM_Arkona_JUN_OC_OBSERVABILITY/0014...
Starting model run...
Model run took 5.3 s.
 Processed /g100_scratch/usertrain/a08trb35/ERGOM_Arkona_JUN_OC_OBSERVABILITY/0015...
Starting model run...
Model run took 4.8 s.
 Processed /g100_scratch/usertrain/a08trb35/ERGOM_Arkona_JUN_OC_OBSERVABILITY/0016...
Starting model run...
Model run took 4.9 s.
 Processed /g100_scratch/usertrain/a08trb35/ERGOM_Arkona_JUN_OC_OBSERVABILITY/0017...
Starting model run...
Model run took 4.9 s.
 Processed /g100_scratch/usertrain/a08trb35/ERGOM_Arkona_JUN_OC_OBSERVABILITY/0018...
Starting model run...
Model run took 5.1 s.
 Processed /g100_scratch/usertrain/a08trb35/ERGOM_Arkona_JUN_OC_OBSERVABILITY/0019...
Starting model run...
Model run took 4.8 s.
 Processed /g100_scratch/usertrain/a08trb35/ERGOM_Arkona_JUN_OC_OBSERVABILITY/0020...
Starting model run...
Model run took 5.0 s.
 Processed /g100_scratch/usertrain/a08trb35/ERGOM_Arkona_JUN_OC_OBSERVABILITY/0021...
Starting model run...
Model run took 4.8 s.
 Processed /g100_scratch/usertrain/a08trb35/ERGOM_Arkona_JUN_OC_OBSERVABILITY/0022...
Starting model run...
Model run took 5.1 s.
 Processed /g100_scratch/usertrain/a08trb35/ERGOM_Arkona_JUN_OC_OBSERVABILITY/0023...
Starting model run...
Model run took 4.8 s.
 Processed /g100_scratch/usertrain/a08trb35/ERGOM_Arkona_JUN_OC_OBSERVABILITY/0024...
Starting model run...
Model run took 5.0 s.
 Processed /g100_scratch/usertrain/a08trb35/ERGOM_Arkona_JUN_OC_OBSERVABILITY/0025...
Starting model run...
Model run took 4.8 s.
 Processed /g100_scratch/usertrain/a08trb35/ERGOM_Arkona_JUN_OC_OBSERVABILITY/0026...
Starting model run...
Model run took 4.9 s.
 Processed /g100_scratch/usertrain/a08trb35/ERGOM_Arkona_JUN_OC_OBSERVABILITY/0027...
Starting model run...
Model run took 4.8 s.
 Processed /g100_scratch/usertrain/a08trb35/ERGOM_Arkona_JUN_OC_OBSERVABILITY/0028...
Starting model run...
Model run took 4.9 s.
 Processed /g100_scratch/usertrain/a08trb35/ERGOM_Arkona_JUN_OC_OBSERVABILITY/0029...
Starting model run...
Model run took 4.9 s.
 Processed /g100_scratch/usertrain/a08trb35/ERGOM_Arkona_JUN_OC_OBSERVABILITY/0030...
Starting model run...
Model run took 4.9 s.
 Processed /g100_scratch/usertrain/a08trb35/ERGOM_Arkona_JUN_OC_OBSERVABILITY/0031...
Starting model run...
Model run took 4.8 s.
 Processed /g100_scratch/usertrain/a08trb35/ERGOM_Arkona_JUN_OC_OBSERVABILITY/0032...
Starting model run...
Model run took 4.9 s.
 Processed /g100_scratch/usertrain/a08trb35/ERGOM_Arkona_JUN_OC_OBSERVABILITY/0033...
Starting model run...
Model run took 4.8 s.
 Processed /g100_scratch/usertrain/a08trb35/ERGOM_Arkona_JUN_OC_OBSERVABILITY/0034...
Starting model run...
Model run took 5.0 s.
 Processed /g100_scratch/usertrain/a08trb35/ERGOM_Arkona_JUN_OC_OBSERVABILITY/0035...
Starting model run...
Model run took 4.8 s.
 Processed /g100_scratch/usertrain/a08trb35/ERGOM_Arkona_JUN_OC_OBSERVABILITY/0036...
Starting model run...
Model run took 4.9 s.
 Processed /g100_scratch/usertrain/a08trb35/ERGOM_Arkona_JUN_OC_OBSERVABILITY/0037...
Starting model run...
Model run took 4.9 s.
 Processed /g100_scratch/usertrain/a08trb35/ERGOM_Arkona_JUN_OC_OBSERVABILITY/0038...
Starting model run...
Model run took 4.9 s.
 Processed /g100_scratch/usertrain/a08trb35/ERGOM_Arkona_JUN_OC_OBSERVABILITY/0039...
Starting model run...
Model run took 4.9 s.
 Processed /g100_scratch/usertrain/a08trb35/ERGOM_Arkona_JUN_OC_OBSERVABILITY/0040...
Starting model run...
Model run took 4.9 s.
 Processed /g100_scratch/usertrain/a08trb35/ERGOM_Arkona_JUN_OC_OBSERVABILITY/0041...
Starting model run...
Model run took 4.8 s.
 Processed /g100_scratch/usertrain/a08trb35/ERGOM_Arkona_JUN_OC_OBSERVABILITY/0042...
Starting model run...
Model run took 5.0 s.
 Processed /g100_scratch/usertrain/a08trb35/ERGOM_Arkona_JUN_OC_OBSERVABILITY/0043...
Starting model run...
Model run took 4.8 s.
 Processed /g100_scratch/usertrain/a08trb35/ERGOM_Arkona_JUN_OC_OBSERVABILITY/0044...
Starting model run...
Model run took 4.9 s.
 Processed /g100_scratch/usertrain/a08trb35/ERGOM_Arkona_JUN_OC_OBSERVABILITY/0045...
Starting model run...
Model run took 4.8 s.
 Processed /g100_scratch/usertrain/a08trb35/ERGOM_Arkona_JUN_OC_OBSERVABILITY/0046...
Starting model run...
Model run took 5.0 s.
 Processed /g100_scratch/usertrain/a08trb35/ERGOM_Arkona_JUN_OC_OBSERVABILITY/0047...
Starting model run...
Model run took 4.7 s.
 Processed /g100_scratch/usertrain/a08trb35/ERGOM_Arkona_JUN_OC_OBSERVABILITY/0048...
Starting model run...
Model run took 4.9 s.
 Processed /g100_scratch/usertrain/a08trb35/ERGOM_Arkona_JUN_OC_OBSERVABILITY/0049...
Starting model run...
Model run took 4.8 s.
 Processed /g100_scratch/usertrain/a08trb35/ERGOM_Arkona_JUN_OC_OBSERVABILITY/0050...
Starting model run...
Model run took 4.9 s.
 Processed /g100_scratch/usertrain/a08trb35/ERGOM_Arkona_JUN_OC_OBSERVABILITY/0051...
Starting model run...
Model run took 4.8 s.
 Processed /g100_scratch/usertrain/a08trb35/ERGOM_Arkona_JUN_OC_OBSERVABILITY/0052...
Starting model run...
Model run took 4.9 s.
 Processed /g100_scratch/usertrain/a08trb35/ERGOM_Arkona_JUN_OC_OBSERVABILITY/0053...
Starting model run...
Model run took 4.8 s.
 Processed /g100_scratch/usertrain/a08trb35/ERGOM_Arkona_JUN_OC_OBSERVABILITY/0054...
Starting model run...
Model run took 4.9 s.
 Processed /g100_scratch/usertrain/a08trb35/ERGOM_Arkona_JUN_OC_OBSERVABILITY/0055...
Starting model run...
Model run took 4.8 s.
 Processed /g100_scratch/usertrain/a08trb35/ERGOM_Arkona_JUN_OC_OBSERVABILITY/0056...
Starting model run...
Model run took 4.9 s.
 Processed /g100_scratch/usertrain/a08trb35/ERGOM_Arkona_JUN_OC_OBSERVABILITY/0057...
Starting model run...
Model run took 4.8 s.
 Processed /g100_scratch/usertrain/a08trb35/ERGOM_Arkona_JUN_OC_OBSERVABILITY/0058...
Starting model run...
Model run took 4.9 s.
 Processed /g100_scratch/usertrain/a08trb35/ERGOM_Arkona_JUN_OC_OBSERVABILITY/0059...
Starting model run...
Model run took 4.9 s.
 Processed /g100_scratch/usertrain/a08trb35/ERGOM_Arkona_JUN_OC_OBSERVABILITY/0060...
Starting model run...
Model run took 4.9 s.
 Processed /g100_scratch/usertrain/a08trb35/ERGOM_Arkona_JUN_OC_OBSERVABILITY/0061...
Starting model run...
Model run took 4.8 s.
 Processed /g100_scratch/usertrain/a08trb35/ERGOM_Arkona_JUN_OC_OBSERVABILITY/0062...
Starting model run...
Model run took 5.0 s.
 Processed /g100_scratch/usertrain/a08trb35/ERGOM_Arkona_JUN_OC_OBSERVABILITY/0063...
Starting model run...
Model run took 4.9 s.
 Processed /g100_scratch/usertrain/a08trb35/ERGOM_Arkona_JUN_OC_OBSERVABILITY/0064...
Starting model run...
Model run took 4.9 s.
 Processed /g100_scratch/usertrain/a08trb35/ERGOM_Arkona_JUN_OC_OBSERVABILITY/0065...
Starting model run...
Model run took 4.9 s.
 Processed /g100_scratch/usertrain/a08trb35/ERGOM_Arkona_JUN_OC_OBSERVABILITY/0066...
Starting model run...
Model run took 4.9 s.
 Processed /g100_scratch/usertrain/a08trb35/ERGOM_Arkona_JUN_OC_OBSERVABILITY/0067...
Starting model run...
Model run took 4.8 s.
 Processed /g100_scratch/usertrain/a08trb35/ERGOM_Arkona_JUN_OC_OBSERVABILITY/0068...
Starting model run...
Model run took 5.0 s.
 Processed /g100_scratch/usertrain/a08trb35/ERGOM_Arkona_JUN_OC_OBSERVABILITY/0069...
Starting model run...
Model run took 4.8 s.
 Processed /g100_scratch/usertrain/a08trb35/ERGOM_Arkona_JUN_OC_OBSERVABILITY/0070...
Starting model run...
Model run took 4.9 s.
 Processed /g100_scratch/usertrain/a08trb35/ERGOM_Arkona_JUN_OC_OBSERVABILITY/0071...
Starting model run...
Model run took 4.8 s.
 Processed /g100_scratch/usertrain/a08trb35/ERGOM_Arkona_JUN_OC_OBSERVABILITY/0072...
Starting model run...
Model run took 5.0 s.
 Processed /g100_scratch/usertrain/a08trb35/ERGOM_Arkona_JUN_OC_OBSERVABILITY/0073...
Starting model run...
Model run took 4.8 s.
 Processed /g100_scratch/usertrain/a08trb35/ERGOM_Arkona_JUN_OC_OBSERVABILITY/0074...
Starting model run...
Model run took 4.9 s.
 Processed /g100_scratch/usertrain/a08trb35/ERGOM_Arkona_JUN_OC_OBSERVABILITY/0075...
Starting model run...
Model run took 4.9 s.
 Processed /g100_scratch/usertrain/a08trb35/ERGOM_Arkona_JUN_OC_OBSERVABILITY/0076...
Starting model run...
Model run took 4.9 s.
 Processed /g100_scratch/usertrain/a08trb35/ERGOM_Arkona_JUN_OC_OBSERVABILITY/0077...
Starting model run...
Model run took 4.8 s.
 Processed /g100_scratch/usertrain/a08trb35/ERGOM_Arkona_JUN_OC_OBSERVABILITY/0078...
Starting model run...
Model run took 5.0 s.
 Processed /g100_scratch/usertrain/a08trb35/ERGOM_Arkona_JUN_OC_OBSERVABILITY/0079...
Starting model run...
Model run took 4.9 s.
 Processed /g100_scratch/usertrain/a08trb35/ERGOM_Arkona_JUN_OC_OBSERVABILITY/0080...
Starting model run...
Model run took 5.0 s.
 Processed /g100_scratch/usertrain/a08trb35/ERGOM_Arkona_JUN_OC_OBSERVABILITY/0081...
Starting model run...
Model run took 4.9 s.
 Processed /g100_scratch/usertrain/a08trb35/ERGOM_Arkona_JUN_OC_OBSERVABILITY/0082...
Starting model run...
Model run took 4.9 s.
 Processed /g100_scratch/usertrain/a08trb35/ERGOM_Arkona_JUN_OC_OBSERVABILITY/0083...
Starting model run...
Model run took 4.9 s.
 Processed /g100_scratch/usertrain/a08trb35/ERGOM_Arkona_JUN_OC_OBSERVABILITY/0084...
Starting model run...
Model run took 4.9 s.
 Processed /g100_scratch/usertrain/a08trb35/ERGOM_Arkona_JUN_OC_OBSERVABILITY/0085...
Starting model run...
Model run took 4.8 s.
 Processed /g100_scratch/usertrain/a08trb35/ERGOM_Arkona_JUN_OC_OBSERVABILITY/0086...
Starting model run...
Model run took 5.1 s.
 Processed /g100_scratch/usertrain/a08trb35/ERGOM_Arkona_JUN_OC_OBSERVABILITY/0087...
Starting model run...
Model run took 4.8 s.
 Processed /g100_scratch/usertrain/a08trb35/ERGOM_Arkona_JUN_OC_OBSERVABILITY/0088...
Starting model run...
Model run took 4.9 s.
 Processed /g100_scratch/usertrain/a08trb35/ERGOM_Arkona_JUN_OC_OBSERVABILITY/0089...
Starting model run...
Model run took 4.8 s.
 Processed /g100_scratch/usertrain/a08trb35/ERGOM_Arkona_JUN_OC_OBSERVABILITY/0090...
Starting model run...
Model run took 4.9 s.
 Processed /g100_scratch/usertrain/a08trb35/ERGOM_Arkona_JUN_OC_OBSERVABILITY/0091...
Starting model run...
Model run took 4.9 s.
 Processed /g100_scratch/usertrain/a08trb35/ERGOM_Arkona_JUN_OC_OBSERVABILITY/0092...
Starting model run...
Model run took 5.0 s.
 Processed /g100_scratch/usertrain/a08trb35/ERGOM_Arkona_JUN_OC_OBSERVABILITY/0093...
Starting model run...
Model run took 4.8 s.
 Processed /g100_scratch/usertrain/a08trb35/ERGOM_Arkona_JUN_OC_OBSERVABILITY/0094...
Starting model run...
Model run took 5.0 s.
 Processed /g100_scratch/usertrain/a08trb35/ERGOM_Arkona_JUN_OC_OBSERVABILITY/0095...
Starting model run...
Model run took 3.4 s.
 Processed /g100_scratch/usertrain/a08trb35/ERGOM_Arkona_JUN_OC_OBSERVABILITY/0096...
Starting model run...
Model run took 3.5 s.
 Processed /g100_scratch/usertrain/a08trb35/ERGOM_Arkona_JUN_OC_OBSERVABILITY/0097...
Starting model run...
Model run took 3.3 s.
 Processed /g100_scratch/usertrain/a08trb35/ERGOM_Arkona_JUN_OC_OBSERVABILITY/0098...
Starting model run...
Model run took 3.3 s.
 Processed /g100_scratch/usertrain/a08trb35/ERGOM_Arkona_JUN_OC_OBSERVABILITY/0099...
Retrieving value of target expression(s) for each ensemble member...
  - 0: [4.09675474e-02 1.44329458e-01 2.11175710e-01 7.61783301e+00
 5.66940228e+01 4.56380993e-02 3.69344711e-01 3.31655294e-01
 4.00000000e+00 3.60000000e+01]
  - 1: [4.18071436e-02 1.45127982e-01 2.12452739e-01 7.61778591e+00
 5.65179443e+01 4.48581576e-02 3.85211676e-01 3.34541410e-01
 3.00000000e+00 3.60000000e+01]
  - 2: [4.18334500e-02 1.45153135e-01 2.12493271e-01 7.61778458e+00
 5.65124034e+01 4.48346138e-02 3.85720789e-01 3.34629714e-01
 3.00000000e+00 3.60000000e+01]
  - 3: [4.19980806e-02 1.45310611e-01 2.12747514e-01 7.61777530e+00
 5.64776134e+01 4.46883440e-02 3.88900548e-01 3.35179180e-01
 3.00000000e+00 3.60000000e+01]
  - 4: [4.43166805e-02 1.47537410e-01 2.16446772e-01 7.61764526e+00
 5.59796090e+01 4.28218059e-02 4.44132745e-01 3.42441946e-01
 0.00000000e+00 3.60000000e+01]
  - 5: [4.42041055e-02 1.47429422e-01 2.16262251e-01 7.61765123e+00
 5.60041451e+01 4.29046787e-02 4.41077471e-01 3.42109025e-01
 0.00000000e+00 3.60000000e+01]
  - 6: [4.19641785e-02 1.45278201e-01 2.12695077e-01 7.61777729e+00
 5.64847890e+01 4.47182991e-02 3.88246715e-01 3.35066408e-01
 3.00000000e+00 3.60000000e+01]
  - 7: [4.11917723e-02 1.44541845e-01 2.11513743e-01 7.61782107e+00
 5.66472062e+01 4.54244018e-02 3.73511016e-01 3.32439959e-01
 4.00000000e+00 3.60000000e+01]
  - 8: [4.18738438e-02 1.45191759e-01 2.12555557e-01 7.61778193e+00
 5.65038691e+01 4.47985455e-02 3.86502028e-01 3.34764957e-01
 3.00000000e+00 3.60000000e+01]
  - 9: [4.26447910e-02 1.45930901e-01 2.13757291e-01 7.61773881e+00
 5.63402418e+01 4.41324264e-02 4.01283324e-01 3.37292582e-01
 3.00000000e+00 3.60000000e+01]
  - 10: [4.38339244e-02 1.47074059e-01 2.15658858e-01 7.61767180e+00
 5.60845470e+01 4.31824438e-02 4.31008875e-01 3.41000587e-01
 0.00000000e+00 3.60000000e+01]
  - 11: [4.15274086e-02 1.44861028e-01 2.12023824e-01 7.61780183e+00
 5.65768406e+01 4.51118909e-02 3.79780024e-01 3.33595216e-01
 3.00000000e+00 3.60000000e+01]
  - 12: [4.39260887e-02 1.47162572e-01 2.15808585e-01 7.61766649e+00
 5.60645593e+01 4.31124903e-02 4.33518648e-01 3.41278613e-01
 0.00000000e+00 3.60000000e+01]
  - 13: [4.07356464e-02 1.44110620e-01 2.10828528e-01 7.61784695e+00
 5.67422936e+01 4.58633862e-02 3.65010738e-01 3.30832005e-01
 4.00000000e+00 3.60000000e+01]
  - 14: [4.43345153e-02 1.47554502e-01 2.16476068e-01 7.61764394e+00
 5.59757292e+01 4.28087339e-02 4.44616675e-01 3.42494488e-01
 0.00000000e+00 3.60000000e+01]
  - 15: [4.23691843e-02 1.45666286e-01 2.13324800e-01 7.61775473e+00
 5.63989258e+01 4.43658046e-02 3.96026969e-01 3.36400628e-01
 3.00000000e+00 3.60000000e+01]
  - 16: [4.34170910e-02 1.46673381e-01 2.14985833e-01 7.61769568e+00
 5.61746295e+01 4.35052738e-02 4.19632852e-01 3.39726776e-01
 0.00000000e+00 3.60000000e+01]
  - 17: [4.26292860e-02 1.45916000e-01 2.13732883e-01 7.61773947e+00
 5.63435430e+01 4.41454165e-02 4.00988340e-01 3.37242693e-01
 3.00000000e+00 3.60000000e+01]
  - 18: [4.22917216e-02 1.45591959e-01 2.13203818e-01 7.61775871e+00
 5.64153894e+01 4.44323197e-02 3.94544184e-01 3.36147785e-01
 3.00000000e+00 3.60000000e+01]
  - 19: [4.08657141e-02 1.44233271e-01 2.11022958e-01 7.61783965e+00
 5.67152418e+01 4.57364656e-02 3.67444754e-01 3.31295133e-01
 4.00000000e+00 3.60000000e+01]
  - 20: [4.14137011e-02 1.44752756e-01 2.11850435e-01 7.61780847e+00
 5.66007133e+01 4.52167578e-02 3.77611339e-01 3.33206445e-01
 4.00000000e+00 3.60000000e+01]
  - 21: [4.18033056e-02 1.45124316e-01 2.12446854e-01 7.61778657e+00
 5.65187564e+01 4.48616035e-02 3.85137260e-01 3.34528565e-01
 3.00000000e+00 3.60000000e+01]
  - 22: [4.20533600e-02 1.45363554e-01 2.12833136e-01 7.61777198e+00
 5.64659158e+01 4.46396768e-02 3.89965743e-01 3.35362703e-01
 3.00000000e+00 3.60000000e+01]
  - 23: [4.24166607e-02 1.45711824e-01 2.13399097e-01 7.61775141e+00
 5.63888470e+01 4.43252288e-02 3.96934688e-01 3.36555183e-01
 3.00000000e+00 3.60000000e+01]
  - 24: [4.42471141e-02 1.47470683e-01 2.16332689e-01 7.61764924e+00
 5.59947775e+01 4.28729393e-02 4.42244947e-01 3.42236429e-01
 0.00000000e+00 3.60000000e+01]
  - 25: [4.31758036e-02 1.46441370e-01 2.14599401e-01 7.61770829e+00
 5.62265519e+01 4.36970927e-02 4.13028181e-01 3.38976443e-01
 0.00000000e+00 3.60000000e+01]
  - 26: [4.39145150e-02 1.47151455e-01 2.15789795e-01 7.61766716e+00
 5.60670644e+01 4.31212448e-02 4.33203757e-01 3.41243744e-01
 0.00000000e+00 3.60000000e+01]
  - 27: [4.13044276e-02 1.44648820e-01 2.11684376e-01 7.61781444e+00
 5.66236254e+01 4.53185290e-02 3.75595212e-01 3.32830340e-01
 4.00000000e+00 3.60000000e+01]
  - 28: [4.46395770e-02 1.47846684e-01 2.16978759e-01 7.61762669e+00
 5.59090842e+01 4.25882153e-02 4.52880621e-01 3.43386352e-01
 0.00000000e+00 3.60000000e+01]
  - 29: [4.42450254e-02 1.47468701e-01 2.16329247e-01 7.61764924e+00
 5.59952286e+01 4.28744815e-02 4.42188263e-01 3.42230231e-01
 0.00000000e+00 3.60000000e+01]
  - 30: [4.34765505e-02 1.46730557e-01 2.15081438e-01 7.61769237e+00
 5.61618069e+01 4.34585661e-02 4.21258211e-01 3.39910179e-01
 0.00000000e+00 3.60000000e+01]
  - 31: [4.46177825e-02 1.47825807e-01 2.16942683e-01 7.61762801e+00
 5.59138555e+01 4.26038019e-02 4.52290654e-01 3.43323082e-01
 0.00000000e+00 3.60000000e+01]
  - 32: [4.20721899e-02 1.45381555e-01 2.12862387e-01 7.61777131e+00
 5.64619300e+01 4.46231402e-02 3.90328377e-01 3.35425079e-01
 3.00000000e+00 3.60000000e+01]
  - 33: [4.33292959e-02 1.46588981e-01 2.14844972e-01 7.61770033e+00
 5.61935398e+01 4.35746387e-02 4.17231441e-01 3.39454949e-01
 0.00000000e+00 3.60000000e+01]
  - 34: [4.34429283e-02 1.46698266e-01 2.15027332e-01 7.61769369e+00
 5.61690568e+01 4.34849560e-02 4.20339108e-01 3.39806527e-01
 0.00000000e+00 3.60000000e+01]
  - 35: [4.22734178e-02 1.45574421e-01 2.13175312e-01 7.61775937e+00
 5.64192691e+01 4.44481038e-02 3.94193411e-01 3.36087853e-01
 3.00000000e+00 3.60000000e+01]
  - 36: [4.21812120e-02 1.45486027e-01 2.13031679e-01 7.61776534e+00
 5.64388375e+01 4.45279516e-02 3.92424464e-01 3.35785121e-01
 3.00000000e+00 3.60000000e+01]
  - 37: [4.36667152e-02 1.46913379e-01 2.15388089e-01 7.61768109e+00
 5.61207382e+01 4.33106460e-02 4.26450551e-01 3.40492934e-01
 0.00000000e+00 3.60000000e+01]
  - 38: [4.28793145e-02 1.46156281e-01 2.14127809e-01 7.61772554e+00
 5.62901240e+01 4.39378768e-02 4.05731738e-01 3.38041931e-01
 3.00000000e+00 3.60000000e+01]
  - 39: [4.17794663e-02 1.45101547e-01 2.12410197e-01 7.61778724e+00
 5.65237825e+01 4.48830016e-02 3.84675652e-01 3.34448397e-01
 3.00000000e+00 3.60000000e+01]
  - 40: [4.25805113e-02 1.45869136e-01 2.13656142e-01 7.61774279e+00
 5.63539402e+01 4.41863947e-02 4.00060177e-01 3.37085634e-01
 3.00000000e+00 3.60000000e+01]
  - 41: [4.19590991e-02 1.45273283e-01 2.12687209e-01 7.61777729e+00
 5.64858558e+01 4.47227955e-02 3.88148636e-01 3.35049510e-01
 3.00000000e+00 3.60000000e+01]
  - 42: [4.15810347e-02 1.44912139e-01 2.12105796e-01 7.61779785e+00
 5.65655677e+01 4.50627878e-02 3.80823731e-01 3.33777606e-01
 3.00000000e+00 3.60000000e+01]
  - 43: [4.42019338e-02 1.47427365e-01 2.16258690e-01 7.61765123e+00
 5.60046121e+01 4.29062843e-02 4.41018283e-01 3.42102557e-01
 0.00000000e+00 3.60000000e+01]
  - 44: [4.11235120e-02 1.44477114e-01 2.11410567e-01 7.61782439e+00
 5.66614725e+01 4.54890355e-02 3.72245193e-01 3.32202196e-01
 4.00000000e+00 3.60000000e+01]
  - 45: [4.39944475e-02 1.47228241e-01 2.15919852e-01 7.61766318e+00
 5.60497251e+01 4.30609584e-02 4.35378850e-01 3.41483891e-01
 0.00000000e+00 3.60000000e+01]
  - 46: [4.43869726e-02 1.47604778e-01 2.16562226e-01 7.61764128e+00
 5.59642812e+01 4.27704379e-02 4.46039081e-01 3.42648894e-01
 0.00000000e+00 3.60000000e+01]
  - 47: [4.08466406e-02 1.44215256e-01 2.10994437e-01 7.61783965e+00
 5.67192117e+01 4.57549840e-02 3.67088318e-01 3.31227452e-01
 4.00000000e+00 3.60000000e+01]
  - 48: [4.27711217e-02 1.46052286e-01 2.13956624e-01 7.61773151e+00
 5.63132643e+01 4.40271720e-02 4.03682232e-01 3.37697297e-01
 3.00000000e+00 3.60000000e+01]
  - 49: [4.37355560e-02 1.46979526e-01 2.15499386e-01 7.61767843e+00
 5.61058456e+01 4.32576537e-02 4.28328097e-01 3.40702504e-01
 0.00000000e+00 3.60000000e+01]
  - 50: [4.39097829e-02 1.47146940e-01 2.15782076e-01 7.61766782e+00
 5.60680993e+01 4.31248248e-02 4.33074892e-01 3.41229528e-01
 0.00000000e+00 3.60000000e+01]
  - 51: [4.19826223e-02 1.45295814e-01 2.12723613e-01 7.61777596e+00
 5.64808880e+01 4.47019972e-02 3.88602316e-01 3.35127860e-01
 3.00000000e+00 3.60000000e+01]
  - 52: [4.25049326e-02 1.45796567e-01 2.13537440e-01 7.61774677e+00
 5.63700482e+01 4.42502089e-02 3.98619771e-01 3.36841553e-01
 3.00000000e+00 3.60000000e+01]
  - 53: [4.26251474e-02 1.45912021e-01 2.13726372e-01 7.61773947e+00
 5.63444240e+01 4.41488810e-02 4.00909662e-01 3.37229431e-01
 3.00000000e+00 3.60000000e+01]
  - 54: [4.20829343e-02 1.45391822e-01 2.12878972e-01 7.61777131e+00
 5.64596531e+01 4.46137153e-02 3.90535086e-01 3.35460693e-01
 3.00000000e+00 3.60000000e+01]
  - 55: [4.38980071e-02 1.47135615e-01 2.15762943e-01 7.61766782e+00
 5.60706575e+01 4.31337543e-02 4.32754159e-01 3.41193914e-01
 0.00000000e+00 3.60000000e+01]
  - 56: [4.24836045e-02 1.45776063e-01 2.13503987e-01 7.61774876e+00
 5.63745860e+01 4.42682803e-02 3.98213029e-01 3.36772472e-01
 3.00000000e+00 3.60000000e+01]
  - 57: [4.32420217e-02 1.46505058e-01 2.14705214e-01 7.61770497e+00
 5.62123227e+01 4.36440781e-02 4.14842308e-01 3.39183360e-01
 0.00000000e+00 3.60000000e+01]
  - 58: [4.24858720e-02 1.45778239e-01 2.13507533e-01 7.61774876e+00
 5.63741137e+01 4.42663655e-02 3.98256242e-01 3.36779803e-01
 3.00000000e+00 3.60000000e+01]
  - 59: [4.31608558e-02 1.46427006e-01 2.14575544e-01 7.61770962e+00
 5.62297682e+01 4.37091067e-02 4.12618697e-01 3.38929743e-01
 0.00000000e+00 3.60000000e+01]
  - 60: [4.35941738e-02 1.46843642e-01 2.15270936e-01 7.61768507e+00
 5.61364162e+01 4.33668084e-02 4.24471021e-01 3.40271294e-01
 0.00000000e+00 3.60000000e+01]
  - 61: [4.39912547e-02 1.47225142e-01 2.15914622e-01 7.61766384e+00
 5.60504150e+01 4.30633537e-02 4.35291827e-01 3.41474235e-01
 0.00000000e+00 3.60000000e+01]
  - 62: [4.27034316e-02 1.45987257e-01 2.13849753e-01 7.61773549e+00
 5.63277269e+01 4.40834425e-02 4.02397513e-01 3.37480813e-01
 3.00000000e+00 3.60000000e+01]
  - 63: [4.41707684e-02 1.47397473e-01 2.16207653e-01 7.61765256e+00
 5.60113950e+01 4.29293811e-02 4.40171719e-01 3.42010140e-01
 0.00000000e+00 3.60000000e+01]
  - 64: [4.19398054e-02 1.45254821e-01 2.12657392e-01 7.61777861e+00
 5.64899265e+01 4.47398871e-02 3.87776285e-01 3.34985167e-01
 3.00000000e+00 3.60000000e+01]
  - 65: [4.22785541e-02 1.45579338e-01 2.13183314e-01 7.61775871e+00
 5.64181810e+01 4.44436669e-02 3.94291818e-01 3.36104631e-01
 3.00000000e+00 3.60000000e+01]
  - 66: [4.31638127e-02 1.46429822e-01 2.14580283e-01 7.61770962e+00
 5.62291260e+01 4.37067300e-02 4.12699550e-01 3.38938922e-01
 0.00000000e+00 3.60000000e+01]
  - 67: [4.27034627e-02 1.45987287e-01 2.13849798e-01 7.61773549e+00
 5.63277216e+01 4.40834053e-02 4.02398169e-01 3.37480843e-01
 3.00000000e+00 3.60000000e+01]
  - 68: [4.13756319e-02 1.44716516e-01 2.11792514e-01 7.61780979e+00
 5.66087010e+01 4.52521071e-02 3.76909554e-01 3.33075672e-01
 4.00000000e+00 3.60000000e+01]
  - 69: [4.31919461e-02 1.46456882e-01 2.14625210e-01 7.61770829e+00
 5.62230808e+01 4.36841436e-02 4.13470566e-01 3.39026958e-01
 0.00000000e+00 3.60000000e+01]
  - 70: [4.44707611e-02 1.47685066e-01 2.16700122e-01 7.61763664e+00
 5.59459918e+01 4.27095816e-02 4.48310137e-01 3.42894584e-01
 0.00000000e+00 3.60000000e+01]
  - 71: [4.28894214e-02 1.46165982e-01 2.14143842e-01 7.61772487e+00
 5.62879639e+01 4.39295769e-02 4.05923069e-01 3.38073969e-01
 3.00000000e+00 3.60000000e+01]
  - 72: [4.25785339e-02 1.45867258e-01 2.13653028e-01 7.61774279e+00
 5.63543648e+01 4.41880561e-02 4.00022447e-01 3.37079287e-01
 3.00000000e+00 3.60000000e+01]
  - 73: [4.11589742e-02 1.44510746e-01 2.11464122e-01 7.61782306e+00
 5.66540633e+01 4.54554223e-02 3.72902989e-01 3.32325846e-01
 4.00000000e+00 3.60000000e+01]
  - 74: [4.30534819e-02 1.46323726e-01 2.14404419e-01 7.61771625e+00
 5.62528129e+01 4.37957570e-02 4.09674406e-01 3.38592529e-01
 0.00000000e+00 3.60000000e+01]
  - 75: [4.09082641e-02 1.44273460e-01 2.11086765e-01 7.61783699e+00
 5.67063731e+01 4.56952564e-02 3.68239284e-01 3.31445992e-01
 4.00000000e+00 3.60000000e+01]
  - 76: [4.43837280e-02 1.47601664e-01 2.16556922e-01 7.61764195e+00
 5.59649924e+01 4.27727886e-02 4.45951223e-01 3.42639446e-01
 0.00000000e+00 3.60000000e+01]
  - 77: [4.42573454e-02 1.47480473e-01 2.16349438e-01 7.61764858e+00
 5.59925537e+01 4.28653993e-02 4.42522705e-01 3.42266738e-01
 0.00000000e+00 3.60000000e+01]
  - 78: [4.34947014e-02 1.46748006e-01 2.15110660e-01 7.61769104e+00
 5.61578900e+01 4.34443504e-02 4.21754301e-01 3.39966118e-01
 0.00000000e+00 3.60000000e+01]
  - 79: [4.44470333e-02 1.47662327e-01 2.16661066e-01 7.61763797e+00
 5.59511772e+01 4.27267700e-02 4.47667062e-01 3.42825055e-01
 0.00000000e+00 3.60000000e+01]
  - 80: [4.40757637e-02 1.47306278e-01 2.16052413e-01 7.61765853e+00
 5.60320567e+01 4.30000387e-02 4.37590122e-01 3.41727108e-01
 0.00000000e+00 3.60000000e+01]
  - 81: [4.08028908e-02 1.44173980e-01 2.10928962e-01 7.61784363e+00
 5.67283086e+01 4.57975939e-02 3.66270125e-01 3.31071913e-01
 4.00000000e+00 3.60000000e+01]
  - 82: [4.46734117e-02 1.47879034e-01 2.17034668e-01 7.61762536e+00
 5.59016803e+01 4.25640941e-02 4.53795791e-01 3.43484402e-01
 0.00000000e+00 3.60000000e+01]
  - 83: [4.12293932e-02 1.44577563e-01 2.11570680e-01 7.61781974e+00
 5.66393300e+01 4.53889407e-02 3.74207556e-01 3.32570612e-01
 4.00000000e+00 3.60000000e+01]
  - 84: [4.23603421e-02 1.45657763e-01 2.13310972e-01 7.61775473e+00
 5.64008152e+01 4.43733744e-02 3.95857811e-01 3.36371839e-01
 3.00000000e+00 3.60000000e+01]
  - 85: [4.25396924e-02 1.45829976e-01 2.13591993e-01 7.61774544e+00
 5.63626444e+01 4.42208201e-02 3.99282455e-01 3.36953938e-01
 3.00000000e+00 3.60000000e+01]
  - 86: [4.33080715e-02 1.46568567e-01 2.14810938e-01 7.61770099e+00
 5.61981095e+01 4.35914919e-02 4.16650534e-01 3.39388996e-01
 0.00000000e+00 3.60000000e+01]
  - 87: [4.30188412e-02 1.46290421e-01 2.14349285e-01 7.61771758e+00
 5.62602433e+01 4.38238755e-02 4.08723712e-01 3.38483393e-01
 0.00000000e+00 3.60000000e+01]
  - 88: [4.24850220e-02 1.45777479e-01 2.13506207e-01 7.61774876e+00
 5.63742888e+01 4.42670882e-02 3.98240030e-01 3.36777180e-01
 3.00000000e+00 3.60000000e+01]
  - 89: [4.34982984e-02 1.46751478e-01 2.15116397e-01 7.61769104e+00
 5.61571204e+01 4.34415489e-02 4.21852440e-01 3.39977115e-01
 0.00000000e+00 3.60000000e+01]
  - 90: [4.31516818e-02 1.46418169e-01 2.14560896e-01 7.61771028e+00
 5.62317372e+01 4.37164716e-02 4.12367165e-01 3.38900954e-01
 0.00000000e+00 3.60000000e+01]
  - 91: [4.19423502e-02 1.45257294e-01 2.12661326e-01 7.61777861e+00
 5.64894011e+01 4.47376408e-02 3.87825429e-01 3.34993750e-01
 3.00000000e+00 3.60000000e+01]
  - 92: [4.28786692e-02 1.46155670e-01 2.14126810e-01 7.61772554e+00
 5.62902620e+01 4.39384095e-02 4.05719638e-01 3.38039845e-01
 3.00000000e+00 3.60000000e+01]
  - 93: [4.15154462e-02 1.44849628e-01 2.12005556e-01 7.61780250e+00
 5.65793510e+01 4.51228805e-02 3.79546791e-01 3.33554357e-01
 3.00000000e+00 3.60000000e+01]
  - 94: [4.09653083e-02 1.44327343e-01 2.11172357e-01 7.61783368e+00
 5.66944845e+01 4.56402637e-02 3.69302988e-01 3.31647366e-01
 4.00000000e+00 3.60000000e+01]
  - 95: [4.20444582e-02 1.45354971e-01 2.12819323e-01 7.61777264e+00
 5.64678053e+01 4.46474925e-02 3.89794320e-01 3.35333109e-01
 3.00000000e+00 3.60000000e+01]
  - 96: [4.29959453e-02 1.46268398e-01 2.14312881e-01 7.61771890e+00
 5.62651473e+01 4.38424945e-02 4.08095360e-01 3.38411182e-01
 0.00000000e+00 3.60000000e+01]
  - 97: [4.22032579e-02 1.45507142e-01 2.13065937e-01 7.61776402e+00
 5.64341616e+01 4.45087999e-02 3.92847836e-01 3.35857600e-01
 3.00000000e+00 3.60000000e+01]
  - 98: [4.22880468e-02 1.45588428e-01 2.13198081e-01 7.61775871e+00
 5.64161642e+01 4.44354899e-02 3.94473732e-01 3.36135685e-01
 3.00000000e+00 3.60000000e+01]
  - 99: [4.20954020e-02 1.45403787e-01 2.12898344e-01 7.61776999e+00
 5.64570153e+01 4.46028076e-02 3.90774965e-01 3.35501909e-01
 3.00000000e+00 3.60000000e+01]
Updating sensitivity info in ERGOM_Arkona_observability_OC_JUN.pickle with model results...
Done
