Starting ppserver on r500n014,r505n009:53762
Host names provided to parsac: r500n014:53762,r505n009:53762,
Starting parsac
Reading sensitivity samples from ERGOM_Arkona_observability_ARGO_O2_JUN.pickle...
Reading configuration from Arkona_observability_ARGO_O2_JUN.xml...
Starting Parallel Python server...
Giving Parallel Python 10 seconds to connect to: r500n014:53762, r505n009:53762
Running on:
   local: 0 cpus
   r505n009:53762: 48 cpus
   r500n014:53762: 48 cpus
Total number of cpus: 96
Starting model run...
Model run took 3.6 s.
 Processed /g100_scratch/usertrain/a08trb35/ERGOM_Arkona_JUN_ARGO_O2_OBSERVABILITY/0000...
Starting model run...
Model run took 3.6 s.
 Processed /g100_scratch/usertrain/a08trb35/ERGOM_Arkona_JUN_ARGO_O2_OBSERVABILITY/0001...
Starting model run...
Model run took 3.6 s.
 Processed /g100_scratch/usertrain/a08trb35/ERGOM_Arkona_JUN_ARGO_O2_OBSERVABILITY/0002...
Starting model run...
Model run took 3.6 s.
 Processed /g100_scratch/usertrain/a08trb35/ERGOM_Arkona_JUN_ARGO_O2_OBSERVABILITY/0003...
Starting model run...
Model run took 3.5 s.
 Processed /g100_scratch/usertrain/a08trb35/ERGOM_Arkona_JUN_ARGO_O2_OBSERVABILITY/0004...
Starting model run...
Model run took 3.7 s.
 Processed /g100_scratch/usertrain/a08trb35/ERGOM_Arkona_JUN_ARGO_O2_OBSERVABILITY/0005...
Starting model run...
Model run took 3.6 s.
 Processed /g100_scratch/usertrain/a08trb35/ERGOM_Arkona_JUN_ARGO_O2_OBSERVABILITY/0006...
Starting model run...
Model run took 4.0 s.
 Processed /g100_scratch/usertrain/a08trb35/ERGOM_Arkona_JUN_ARGO_O2_OBSERVABILITY/0007...
Starting model run...
Model run took 3.5 s.
 Processed /g100_scratch/usertrain/a08trb35/ERGOM_Arkona_JUN_ARGO_O2_OBSERVABILITY/0008...
Starting model run...
Model run took 3.9 s.
 Processed /g100_scratch/usertrain/a08trb35/ERGOM_Arkona_JUN_ARGO_O2_OBSERVABILITY/0009...
Starting model run...
Model run took 3.6 s.
 Processed /g100_scratch/usertrain/a08trb35/ERGOM_Arkona_JUN_ARGO_O2_OBSERVABILITY/0010...
Starting model run...
Model run took 3.8 s.
 Processed /g100_scratch/usertrain/a08trb35/ERGOM_Arkona_JUN_ARGO_O2_OBSERVABILITY/0011...
Starting model run...
Model run took 3.6 s.
 Processed /g100_scratch/usertrain/a08trb35/ERGOM_Arkona_JUN_ARGO_O2_OBSERVABILITY/0012...
Starting model run...
Model run took 3.5 s.
 Processed /g100_scratch/usertrain/a08trb35/ERGOM_Arkona_JUN_ARGO_O2_OBSERVABILITY/0013...
Starting model run...
Model run took 3.5 s.
 Processed /g100_scratch/usertrain/a08trb35/ERGOM_Arkona_JUN_ARGO_O2_OBSERVABILITY/0014...
Starting model run...
Model run took 3.7 s.
 Processed /g100_scratch/usertrain/a08trb35/ERGOM_Arkona_JUN_ARGO_O2_OBSERVABILITY/0015...
Starting model run...
Model run took 3.6 s.
 Processed /g100_scratch/usertrain/a08trb35/ERGOM_Arkona_JUN_ARGO_O2_OBSERVABILITY/0016...
Starting model run...
Model run took 3.6 s.
 Processed /g100_scratch/usertrain/a08trb35/ERGOM_Arkona_JUN_ARGO_O2_OBSERVABILITY/0017...
Starting model run...
Model run took 3.5 s.
 Processed /g100_scratch/usertrain/a08trb35/ERGOM_Arkona_JUN_ARGO_O2_OBSERVABILITY/0018...
Starting model run...
Model run took 3.5 s.
 Processed /g100_scratch/usertrain/a08trb35/ERGOM_Arkona_JUN_ARGO_O2_OBSERVABILITY/0019...
Starting model run...
Model run took 3.6 s.
 Processed /g100_scratch/usertrain/a08trb35/ERGOM_Arkona_JUN_ARGO_O2_OBSERVABILITY/0020...
Starting model run...
Model run took 3.8 s.
 Processed /g100_scratch/usertrain/a08trb35/ERGOM_Arkona_JUN_ARGO_O2_OBSERVABILITY/0021...
Starting model run...
Model run took 3.5 s.
 Processed /g100_scratch/usertrain/a08trb35/ERGOM_Arkona_JUN_ARGO_O2_OBSERVABILITY/0022...
Starting model run...
Model run took 3.6 s.
 Processed /g100_scratch/usertrain/a08trb35/ERGOM_Arkona_JUN_ARGO_O2_OBSERVABILITY/0023...
Starting model run...
Model run took 3.6 s.
 Processed /g100_scratch/usertrain/a08trb35/ERGOM_Arkona_JUN_ARGO_O2_OBSERVABILITY/0024...
Starting model run...
Model run took 3.6 s.
 Processed /g100_scratch/usertrain/a08trb35/ERGOM_Arkona_JUN_ARGO_O2_OBSERVABILITY/0025...
Starting model run...
Model run took 3.5 s.
 Processed /g100_scratch/usertrain/a08trb35/ERGOM_Arkona_JUN_ARGO_O2_OBSERVABILITY/0026...
Starting model run...
Model run took 3.7 s.
 Processed /g100_scratch/usertrain/a08trb35/ERGOM_Arkona_JUN_ARGO_O2_OBSERVABILITY/0027...
Starting model run...
Model run took 3.6 s.
 Processed /g100_scratch/usertrain/a08trb35/ERGOM_Arkona_JUN_ARGO_O2_OBSERVABILITY/0028...
Starting model run...
Model run took 3.5 s.
 Processed /g100_scratch/usertrain/a08trb35/ERGOM_Arkona_JUN_ARGO_O2_OBSERVABILITY/0029...
Starting model run...
Model run took 3.6 s.
 Processed /g100_scratch/usertrain/a08trb35/ERGOM_Arkona_JUN_ARGO_O2_OBSERVABILITY/0030...
Starting model run...
Model run took 3.6 s.
 Processed /g100_scratch/usertrain/a08trb35/ERGOM_Arkona_JUN_ARGO_O2_OBSERVABILITY/0031...
Starting model run...
Model run took 3.6 s.
 Processed /g100_scratch/usertrain/a08trb35/ERGOM_Arkona_JUN_ARGO_O2_OBSERVABILITY/0032...
Starting model run...
Model run took 3.6 s.
 Processed /g100_scratch/usertrain/a08trb35/ERGOM_Arkona_JUN_ARGO_O2_OBSERVABILITY/0033...
Starting model run...
Model run took 3.8 s.
 Processed /g100_scratch/usertrain/a08trb35/ERGOM_Arkona_JUN_ARGO_O2_OBSERVABILITY/0034...
Starting model run...
Model run took 3.5 s.
 Processed /g100_scratch/usertrain/a08trb35/ERGOM_Arkona_JUN_ARGO_O2_OBSERVABILITY/0035...
Starting model run...
Model run took 3.6 s.
 Processed /g100_scratch/usertrain/a08trb35/ERGOM_Arkona_JUN_ARGO_O2_OBSERVABILITY/0036...
Starting model run...
Model run took 3.8 s.
 Processed /g100_scratch/usertrain/a08trb35/ERGOM_Arkona_JUN_ARGO_O2_OBSERVABILITY/0037...
Starting model run...
Model run took 3.5 s.
 Processed /g100_scratch/usertrain/a08trb35/ERGOM_Arkona_JUN_ARGO_O2_OBSERVABILITY/0038...
Starting model run...
Model run took 4.0 s.
 Processed /g100_scratch/usertrain/a08trb35/ERGOM_Arkona_JUN_ARGO_O2_OBSERVABILITY/0039...
Starting model run...
Model run took 3.5 s.
 Processed /g100_scratch/usertrain/a08trb35/ERGOM_Arkona_JUN_ARGO_O2_OBSERVABILITY/0040...
Starting model run...
Model run took 3.7 s.
 Processed /g100_scratch/usertrain/a08trb35/ERGOM_Arkona_JUN_ARGO_O2_OBSERVABILITY/0041...
Starting model run...
Model run took 3.6 s.
 Processed /g100_scratch/usertrain/a08trb35/ERGOM_Arkona_JUN_ARGO_O2_OBSERVABILITY/0042...
Starting model run...
Model run took 3.6 s.
 Processed /g100_scratch/usertrain/a08trb35/ERGOM_Arkona_JUN_ARGO_O2_OBSERVABILITY/0043...
Starting model run...
Model run took 3.6 s.
 Processed /g100_scratch/usertrain/a08trb35/ERGOM_Arkona_JUN_ARGO_O2_OBSERVABILITY/0044...
Starting model run...
Model run took 3.8 s.
 Processed /g100_scratch/usertrain/a08trb35/ERGOM_Arkona_JUN_ARGO_O2_OBSERVABILITY/0045...
Starting model run...
Model run took 3.6 s.
 Processed /g100_scratch/usertrain/a08trb35/ERGOM_Arkona_JUN_ARGO_O2_OBSERVABILITY/0046...
Starting model run...
Model run took 3.5 s.
 Processed /g100_scratch/usertrain/a08trb35/ERGOM_Arkona_JUN_ARGO_O2_OBSERVABILITY/0047...
Starting model run...
Model run took 3.5 s.
 Processed /g100_scratch/usertrain/a08trb35/ERGOM_Arkona_JUN_ARGO_O2_OBSERVABILITY/0048...
Starting model run...
Model run took 3.4 s.
 Processed /g100_scratch/usertrain/a08trb35/ERGOM_Arkona_JUN_ARGO_O2_OBSERVABILITY/0049...
Starting model run...
Model run took 3.5 s.
 Processed /g100_scratch/usertrain/a08trb35/ERGOM_Arkona_JUN_ARGO_O2_OBSERVABILITY/0050...
Starting model run...
Model run took 3.7 s.
 Processed /g100_scratch/usertrain/a08trb35/ERGOM_Arkona_JUN_ARGO_O2_OBSERVABILITY/0051...
Starting model run...
Model run took 3.9 s.
 Processed /g100_scratch/usertrain/a08trb35/ERGOM_Arkona_JUN_ARGO_O2_OBSERVABILITY/0052...
Starting model run...
Model run took 3.6 s.
 Processed /g100_scratch/usertrain/a08trb35/ERGOM_Arkona_JUN_ARGO_O2_OBSERVABILITY/0053...
Starting model run...
Model run took 3.5 s.
 Processed /g100_scratch/usertrain/a08trb35/ERGOM_Arkona_JUN_ARGO_O2_OBSERVABILITY/0054...
Starting model run...
Model run took 3.8 s.
 Processed /g100_scratch/usertrain/a08trb35/ERGOM_Arkona_JUN_ARGO_O2_OBSERVABILITY/0055...
Starting model run...
Model run took 3.5 s.
 Processed /g100_scratch/usertrain/a08trb35/ERGOM_Arkona_JUN_ARGO_O2_OBSERVABILITY/0056...
Starting model run...
Model run took 3.8 s.
 Processed /g100_scratch/usertrain/a08trb35/ERGOM_Arkona_JUN_ARGO_O2_OBSERVABILITY/0057...
Starting model run...
Model run took 3.6 s.
 Processed /g100_scratch/usertrain/a08trb35/ERGOM_Arkona_JUN_ARGO_O2_OBSERVABILITY/0058...
Starting model run...
Model run took 3.6 s.
 Processed /g100_scratch/usertrain/a08trb35/ERGOM_Arkona_JUN_ARGO_O2_OBSERVABILITY/0059...
Starting model run...
Model run took 3.5 s.
 Processed /g100_scratch/usertrain/a08trb35/ERGOM_Arkona_JUN_ARGO_O2_OBSERVABILITY/0060...
Starting model run...
Model run took 3.6 s.
 Processed /g100_scratch/usertrain/a08trb35/ERGOM_Arkona_JUN_ARGO_O2_OBSERVABILITY/0061...
Starting model run...
Model run took 3.5 s.
 Processed /g100_scratch/usertrain/a08trb35/ERGOM_Arkona_JUN_ARGO_O2_OBSERVABILITY/0062...
Starting model run...
Model run took 3.6 s.
 Processed /g100_scratch/usertrain/a08trb35/ERGOM_Arkona_JUN_ARGO_O2_OBSERVABILITY/0063...
Starting model run...
Model run took 3.6 s.
 Processed /g100_scratch/usertrain/a08trb35/ERGOM_Arkona_JUN_ARGO_O2_OBSERVABILITY/0064...
Starting model run...
Model run took 3.7 s.
 Processed /g100_scratch/usertrain/a08trb35/ERGOM_Arkona_JUN_ARGO_O2_OBSERVABILITY/0065...
Starting model run...
Model run took 3.5 s.
 Processed /g100_scratch/usertrain/a08trb35/ERGOM_Arkona_JUN_ARGO_O2_OBSERVABILITY/0066...
Starting model run...
Model run took 3.7 s.
 Processed /g100_scratch/usertrain/a08trb35/ERGOM_Arkona_JUN_ARGO_O2_OBSERVABILITY/0067...
Starting model run...
Model run took 3.7 s.
 Processed /g100_scratch/usertrain/a08trb35/ERGOM_Arkona_JUN_ARGO_O2_OBSERVABILITY/0068...
Starting model run...
Model run took 3.8 s.
 Processed /g100_scratch/usertrain/a08trb35/ERGOM_Arkona_JUN_ARGO_O2_OBSERVABILITY/0069...
Starting model run...
Model run took 3.5 s.
 Processed /g100_scratch/usertrain/a08trb35/ERGOM_Arkona_JUN_ARGO_O2_OBSERVABILITY/0070...
Starting model run...
Model run took 3.8 s.
 Processed /g100_scratch/usertrain/a08trb35/ERGOM_Arkona_JUN_ARGO_O2_OBSERVABILITY/0071...
Starting model run...
Model run took 3.5 s.
 Processed /g100_scratch/usertrain/a08trb35/ERGOM_Arkona_JUN_ARGO_O2_OBSERVABILITY/0072...
Starting model run...
Model run took 3.5 s.
 Processed /g100_scratch/usertrain/a08trb35/ERGOM_Arkona_JUN_ARGO_O2_OBSERVABILITY/0073...
Starting model run...
Model run took 3.5 s.
 Processed /g100_scratch/usertrain/a08trb35/ERGOM_Arkona_JUN_ARGO_O2_OBSERVABILITY/0074...
Starting model run...
Model run took 3.4 s.
 Processed /g100_scratch/usertrain/a08trb35/ERGOM_Arkona_JUN_ARGO_O2_OBSERVABILITY/0075...
Starting model run...
Model run took 3.6 s.
 Processed /g100_scratch/usertrain/a08trb35/ERGOM_Arkona_JUN_ARGO_O2_OBSERVABILITY/0076...
Starting model run...
Model run took 3.6 s.
 Processed /g100_scratch/usertrain/a08trb35/ERGOM_Arkona_JUN_ARGO_O2_OBSERVABILITY/0077...
Starting model run...
Model run took 3.6 s.
 Processed /g100_scratch/usertrain/a08trb35/ERGOM_Arkona_JUN_ARGO_O2_OBSERVABILITY/0078...
Starting model run...
Model run took 3.6 s.
 Processed /g100_scratch/usertrain/a08trb35/ERGOM_Arkona_JUN_ARGO_O2_OBSERVABILITY/0079...
Starting model run...
Model run took 3.5 s.
 Processed /g100_scratch/usertrain/a08trb35/ERGOM_Arkona_JUN_ARGO_O2_OBSERVABILITY/0080...
Starting model run...
Model run took 3.5 s.
 Processed /g100_scratch/usertrain/a08trb35/ERGOM_Arkona_JUN_ARGO_O2_OBSERVABILITY/0081...
Starting model run...
Model run took 3.6 s.
 Processed /g100_scratch/usertrain/a08trb35/ERGOM_Arkona_JUN_ARGO_O2_OBSERVABILITY/0082...
Starting model run...
Model run took 3.6 s.
 Processed /g100_scratch/usertrain/a08trb35/ERGOM_Arkona_JUN_ARGO_O2_OBSERVABILITY/0083...
Starting model run...
Model run took 3.6 s.
 Processed /g100_scratch/usertrain/a08trb35/ERGOM_Arkona_JUN_ARGO_O2_OBSERVABILITY/0084...
Starting model run...
Model run took 3.5 s.
 Processed /g100_scratch/usertrain/a08trb35/ERGOM_Arkona_JUN_ARGO_O2_OBSERVABILITY/0085...
Starting model run...
Model run took 3.6 s.
 Processed /g100_scratch/usertrain/a08trb35/ERGOM_Arkona_JUN_ARGO_O2_OBSERVABILITY/0086...
Starting model run...
Model run took 3.5 s.
 Processed /g100_scratch/usertrain/a08trb35/ERGOM_Arkona_JUN_ARGO_O2_OBSERVABILITY/0087...
Starting model run...
Model run took 3.7 s.
 Processed /g100_scratch/usertrain/a08trb35/ERGOM_Arkona_JUN_ARGO_O2_OBSERVABILITY/0088...
Starting model run...
Model run took 3.8 s.
 Processed /g100_scratch/usertrain/a08trb35/ERGOM_Arkona_JUN_ARGO_O2_OBSERVABILITY/0089...
Starting model run...
Model run took 3.5 s.
 Processed /g100_scratch/usertrain/a08trb35/ERGOM_Arkona_JUN_ARGO_O2_OBSERVABILITY/0090...
Starting model run...
Model run took 3.5 s.
 Processed /g100_scratch/usertrain/a08trb35/ERGOM_Arkona_JUN_ARGO_O2_OBSERVABILITY/0091...
Starting model run...
Model run took 3.6 s.
 Processed /g100_scratch/usertrain/a08trb35/ERGOM_Arkona_JUN_ARGO_O2_OBSERVABILITY/0092...
Starting model run...
Model run took 3.7 s.
 Processed /g100_scratch/usertrain/a08trb35/ERGOM_Arkona_JUN_ARGO_O2_OBSERVABILITY/0093...
Starting model run...
Model run took 3.6 s.
 Processed /g100_scratch/usertrain/a08trb35/ERGOM_Arkona_JUN_ARGO_O2_OBSERVABILITY/0094...
Starting model run...
Model run took 3.8 s.
 Processed /g100_scratch/usertrain/a08trb35/ERGOM_Arkona_JUN_ARGO_O2_OBSERVABILITY/0095...
Starting model run...
Model run took 3.3 s.
 Processed /g100_scratch/usertrain/a08trb35/ERGOM_Arkona_JUN_ARGO_O2_OBSERVABILITY/0096...
Starting model run...
Model run took 3.3 s.
 Processed /g100_scratch/usertrain/a08trb35/ERGOM_Arkona_JUN_ARGO_O2_OBSERVABILITY/0097...
Starting model run...
Model run took 3.4 s.
 Processed /g100_scratch/usertrain/a08trb35/ERGOM_Arkona_JUN_ARGO_O2_OBSERVABILITY/0098...
Starting model run...
Model run took 3.4 s.
 Processed /g100_scratch/usertrain/a08trb35/ERGOM_Arkona_JUN_ARGO_O2_OBSERVABILITY/0099...
Retrieving value of target expression(s) for each ensemble member...
  - 0: [ 0.04272285  0.14600952  0.21388631  7.61773416 16.83290697  0.04406413
  0.40283787  0.33755499  3.         36.        ]
  - 1: [4.27266385e-02 1.46009520e-01 2.13886306e-01 7.61773416e+00
 7.82518257e+01 4.40641344e-02 4.02837873e-01 3.37554991e-01
 3.00000000e+00 3.60000000e+01]
  - 2: [4.27266489e-02 1.46009520e-01 2.13886306e-01 7.61773416e+00
 1.02382282e+02 4.40641344e-02 4.02837873e-01 3.37554991e-01
 3.00000000e+00 3.60000000e+01]
  - 3: [4.27266489e-02 1.46009520e-01 2.13886306e-01 7.61773416e+00
 9.95758110e+01 4.40641344e-02 4.02837873e-01 3.37554991e-01
 3.00000000e+00 3.60000000e+01]
  - 4: [ 0.04189747  0.14600874  0.21388631  7.6177879  10.79995396  0.0440641
  0.40283787  0.33755499  3.         36.        ]
  - 5: [4.27266515e-02 1.46009520e-01 2.13886306e-01 7.61773416e+00
 1.16780624e+02 4.40641344e-02 4.02837873e-01 3.37554991e-01
 3.00000000e+00 3.60000000e+01]
  - 6: [4.27266515e-02 1.46009520e-01 2.13886306e-01 7.61773416e+00
 1.13702212e+02 4.40641344e-02 4.02837873e-01 3.37554991e-01
 3.00000000e+00 3.60000000e+01]
  - 7: [4.27266463e-02 1.46009520e-01 2.13886306e-01 7.61773416e+00
 9.40045431e+01 4.40641344e-02 4.02837873e-01 3.37554991e-01
 3.00000000e+00 3.60000000e+01]
  - 8: [4.27266100e-02 1.46009520e-01 2.13886306e-01 7.61773416e+00
 5.21234980e+01 4.40641344e-02 4.02837873e-01 3.37554991e-01
 3.00000000e+00 3.60000000e+01]
  - 9: [4.27265971e-02 1.46009520e-01 2.13886306e-01 7.61773416e+00
 4.74313859e+01 4.40641344e-02 4.02837873e-01 3.37554991e-01
 3.00000000e+00 3.60000000e+01]
  - 10: [4.27266359e-02 1.46009520e-01 2.13886306e-01 7.61773416e+00
 7.46190982e+01 4.40641344e-02 4.02837873e-01 3.37554991e-01
 3.00000000e+00 3.60000000e+01]
  - 11: [ 0.04272653  0.14600952  0.21388631  7.61773416 34.17716118  0.04406413
  0.40283787  0.33755499  3.         36.        ]
  - 12: [4.27266489e-02 1.46009520e-01 2.13886306e-01 7.61773416e+00
 1.05419349e+02 4.40641344e-02 4.02837873e-01 3.37554991e-01
 3.00000000e+00 3.60000000e+01]
  - 13: [ 0.04272652  0.14600952  0.21388631  7.61773416 33.13638173  0.04406413
  0.40283787  0.33755499  3.         36.        ]
  - 14: [4.27266515e-02 1.46009520e-01 2.13886306e-01 7.61773416e+00
 1.08631687e+02 4.40641344e-02 4.02837873e-01 3.37554991e-01
 3.00000000e+00 3.60000000e+01]
  - 15: [ 0.04170288  0.14600821  0.21388628  7.61782107  9.792509    0.04406409
  0.40283787  0.33755499  3.         36.        ]
  - 16: [4.27266126e-02 1.46009520e-01 2.13886306e-01 7.61773416e+00
 5.40361487e+01 4.40641344e-02 4.02837873e-01 3.37554991e-01
 3.00000000e+00 3.60000000e+01]
  - 17: [ 0.04229667  0.14600936  0.21388631  7.61774544 13.23782879  0.04406412
  0.40283787  0.33755499  3.         36.        ]
  - 18: [4.27266359e-02 1.46009520e-01 2.13886306e-01 7.61773416e+00
 7.43274510e+01 4.40641344e-02 4.02837873e-01 3.37554991e-01
 3.00000000e+00 3.60000000e+01]
  - 19: [ 0.04272656  0.14600952  0.21388631  7.61773416 38.31842306  0.04406413
  0.40283787  0.33755499  3.         36.        ]
  - 20: [4.27266489e-02 1.46009520e-01 2.13886306e-01 7.61773416e+00
 1.06119969e+02 4.40641344e-02 4.02837873e-01 3.37554991e-01
 3.00000000e+00 3.60000000e+01]
  - 21: [ 0.04272635  0.14600952  0.21388631  7.61773416 24.87458072  0.04406413
  0.40283787  0.33755499  3.         36.        ]
  - 22: [ 0.04020269  0.14599632  0.21388614  7.61846592  4.21510647  0.0440639
  0.40283787  0.33755499  3.         36.        ]
  - 23: [4.27266178e-02 1.46009520e-01 2.13886306e-01 7.61773416e+00
 5.80618737e+01 4.40641344e-02 4.02837873e-01 3.37554991e-01
 3.00000000e+00 3.60000000e+01]
  - 24: [ 0.04026208  0.14599723  0.21388616  7.61842014  4.38256338  0.04406392
  0.40283787  0.33755499  3.         36.        ]
  - 25: [ 0.04272634  0.14600952  0.21388631  7.61773416 24.72551429  0.04406413
  0.40283787  0.33755499  3.         36.        ]
  - 26: [ 0.0405762   0.1460012   0.21388622  7.61821448  5.35035639  0.044064
  0.40283787  0.33755499  3.         36.        ]
  - 27: [4.27266307e-02 1.46009520e-01 2.13886306e-01 7.61773416e+00
 7.00772970e+01 4.40641344e-02 4.02837873e-01 3.37554991e-01
 3.00000000e+00 3.60000000e+01]
  - 28: [4.27266489e-02 1.46009520e-01 2.13886306e-01 7.61773416e+00
 1.04461797e+02 4.40641344e-02 4.02837873e-01 3.37554991e-01
 3.00000000e+00 3.60000000e+01]
  - 29: [4.27266178e-02 1.46009520e-01 2.13886306e-01 7.61773416e+00
 5.63115022e+01 4.40641344e-02 4.02837873e-01 3.37554991e-01
 3.00000000e+00 3.60000000e+01]
  - 30: [4.27266489e-02 1.46009520e-01 2.13886306e-01 7.61773416e+00
 1.03765678e+02 4.40641344e-02 4.02837873e-01 3.37554991e-01
 3.00000000e+00 3.60000000e+01]
  - 31: [ 0.04143692  0.14600721  0.21388628  7.61788277  8.51741824  0.04406408
  0.40283787  0.33755499  3.         36.        ]
  - 32: [ 0.04143552  0.14600721  0.21388628  7.61788277  8.52023249  0.04406408
  0.40283787  0.33755499  3.         36.        ]
  - 33: [ 0.04272657  0.14600952  0.21388631  7.61773416 41.06804093  0.04406413
  0.40283787  0.33755499  3.         36.        ]
  - 34: [4.27266022e-02 1.46009520e-01 2.13886306e-01 7.61773416e+00
 4.84897514e+01 4.40641344e-02 4.02837873e-01 3.37554991e-01
 3.00000000e+00 3.60000000e+01]
  - 35: [4.27266282e-02 1.46009520e-01 2.13886306e-01 7.61773416e+00
 6.29589897e+01 4.40641344e-02 4.02837873e-01 3.37554991e-01
 3.00000000e+00 3.60000000e+01]
  - 36: [4.27266359e-02 1.46009520e-01 2.13886306e-01 7.61773416e+00
 7.54686332e+01 4.40641344e-02 4.02837873e-01 3.37554991e-01
 3.00000000e+00 3.60000000e+01]
  - 37: [ 0.04272582  0.14600952  0.21388631  7.61773416 19.61559528  0.04406413
  0.40283787  0.33755499  3.         36.        ]
  - 38: [4.27266307e-02 1.46009520e-01 2.13886306e-01 7.61773416e+00
 6.88133545e+01 4.40641344e-02 4.02837873e-01 3.37554991e-01
 3.00000000e+00 3.60000000e+01]
  - 39: [ 0.04272654  0.14600952  0.21388631  7.61773416 34.58847179  0.04406413
  0.40283787  0.33755499  3.         36.        ]
  - 40: [4.27266411e-02 1.46009520e-01 2.13886306e-01 7.61773416e+00
 8.30003184e+01 4.40641344e-02 4.02837873e-01 3.37554991e-01
 3.00000000e+00 3.60000000e+01]
  - 41: [4.27266230e-02 1.46009520e-01 2.13886306e-01 7.61773416e+00
 5.92536303e+01 4.40641344e-02 4.02837873e-01 3.37554991e-01
 3.00000000e+00 3.60000000e+01]
  - 42: [4.27266411e-02 1.46009520e-01 2.13886306e-01 7.61773416e+00
 8.15116922e+01 4.40641344e-02 4.02837873e-01 3.37554991e-01
 3.00000000e+00 3.60000000e+01]
  - 43: [4.27266463e-02 1.46009520e-01 2.13886306e-01 7.61773416e+00
 9.34654700e+01 4.40641344e-02 4.02837873e-01 3.37554991e-01
 3.00000000e+00 3.60000000e+01]
  - 44: [4.27266359e-02 1.46009520e-01 2.13886306e-01 7.61773416e+00
 7.62886326e+01 4.40641344e-02 4.02837873e-01 3.37554991e-01
 3.00000000e+00 3.60000000e+01]
  - 45: [4.27266385e-02 1.46009520e-01 2.13886306e-01 7.61773416e+00
 7.77055876e+01 4.40641344e-02 4.02837873e-01 3.37554991e-01
 3.00000000e+00 3.60000000e+01]
  - 46: [4.27266178e-02 1.46009520e-01 2.13886306e-01 7.61773416e+00
 5.66426737e+01 4.40641344e-02 4.02837873e-01 3.37554991e-01
 3.00000000e+00 3.60000000e+01]
  - 47: [4.27266074e-02 1.46009520e-01 2.13886306e-01 7.61773416e+00
 5.17923956e+01 4.40641344e-02 4.02837873e-01 3.37554991e-01
 3.00000000e+00 3.60000000e+01]
  - 48: [ 0.0420843   0.1460091   0.21388631  7.61776335 11.89547066  0.0440641
  0.40283787  0.33755499  3.         36.        ]
  - 49: [4.27266515e-02 1.46009520e-01 2.13886306e-01 7.61773416e+00
 1.09599227e+02 4.40641344e-02 4.02837873e-01 3.37554991e-01
 3.00000000e+00 3.60000000e+01]
  - 50: [4.27266411e-02 1.46009520e-01 2.13886306e-01 7.61773416e+00
 8.29918054e+01 4.40641344e-02 4.02837873e-01 3.37554991e-01
 3.00000000e+00 3.60000000e+01]
  - 51: [4.27266437e-02 1.46009520e-01 2.13886306e-01 7.61773416e+00
 8.72483494e+01 4.40641344e-02 4.02837873e-01 3.37554991e-01
 3.00000000e+00 3.60000000e+01]
  - 52: [ 0.04272075  0.14600952  0.21388631  7.61773416 16.54719742  0.04406413
  0.40283787  0.33755499  3.         36.        ]
  - 53: [ 0.0400275   0.1459932   0.21388607  7.61862315  3.70276675  0.04406384
  0.40283787  0.33755499  3.         36.        ]
  - 54: [4.27266307e-02 1.46009520e-01 2.13886306e-01 7.61773416e+00
 7.03275571e+01 4.40641344e-02 4.02837873e-01 3.37554991e-01
 3.00000000e+00 3.60000000e+01]
  - 55: [4.27266515e-02 1.46009520e-01 2.13886306e-01 7.61773416e+00
 1.16249979e+02 4.40641344e-02 4.02837873e-01 3.37554991e-01
 3.00000000e+00 3.60000000e+01]
  - 56: [4.27266437e-02 1.46009520e-01 2.13886306e-01 7.61773416e+00
 8.82857666e+01 4.40641344e-02 4.02837873e-01 3.37554991e-01
 3.00000000e+00 3.60000000e+01]
  - 57: [ 0.04272617  0.14600952  0.21388631  7.61773416 21.96293043  0.04406413
  0.40283787  0.33755499  3.         36.        ]
  - 58: [ 0.04019127  0.1459962   0.21388611  7.61847189  4.18942957  0.0440639
  0.40283787  0.33755499  3.         36.        ]
  - 59: [4.27266489e-02 1.46009520e-01 2.13886306e-01 7.61773416e+00
 1.06296960e+02 4.40641344e-02 4.02837873e-01 3.37554991e-01
 3.00000000e+00 3.60000000e+01]
  - 60: [4.27266411e-02 1.46009520e-01 2.13886306e-01 7.61773416e+00
 8.57343538e+01 4.40641344e-02 4.02837873e-01 3.37554991e-01
 3.00000000e+00 3.60000000e+01]
  - 61: [4.27266489e-02 1.46009520e-01 2.13886306e-01 7.61773416e+00
 9.96964589e+01 4.40641344e-02 4.02837873e-01 3.37554991e-01
 3.00000000e+00 3.60000000e+01]
  - 62: [4.27266359e-02 1.46009520e-01 2.13886306e-01 7.61773416e+00
 7.55577870e+01 4.40641344e-02 4.02837873e-01 3.37554991e-01
 3.00000000e+00 3.60000000e+01]
  - 63: [4.27266256e-02 1.46009520e-01 2.13886306e-01 7.61773416e+00
 5.96521315e+01 4.40641344e-02 4.02837873e-01 3.37554991e-01
 3.00000000e+00 3.60000000e+01]
  - 64: [4.27266515e-02 1.46009520e-01 2.13886306e-01 7.61773416e+00
 1.10356573e+02 4.40641344e-02 4.02837873e-01 3.37554991e-01
 3.00000000e+00 3.60000000e+01]
  - 65: [ 0.04035658  0.1459986   0.21388617  7.61835115  4.67026055  0.04406395
  0.40283787  0.33755499  3.         36.        ]
  - 66: [4.27266307e-02 1.46009520e-01 2.13886306e-01 7.61773416e+00
 6.43857793e+01 4.40641344e-02 4.02837873e-01 3.37554991e-01
 3.00000000e+00 3.60000000e+01]
  - 67: [4.27266100e-02 1.46009520e-01 2.13886306e-01 7.61773416e+00
 5.23569230e+01 4.40641344e-02 4.02837873e-01 3.37554991e-01
 3.00000000e+00 3.60000000e+01]
  - 68: [ 0.0427264   0.14600952  0.21388631  7.61773416 26.17542831  0.04406413
  0.40283787  0.33755499  3.         36.        ]
  - 69: [4.27266515e-02 1.46009520e-01 2.13886306e-01 7.61773416e+00
 1.08838655e+02 4.40641344e-02 4.02837873e-01 3.37554991e-01
 3.00000000e+00 3.60000000e+01]
  - 70: [4.27266307e-02 1.46009520e-01 2.13886306e-01 7.61773416e+00
 6.80700577e+01 4.40641344e-02 4.02837873e-01 3.37554991e-01
 3.00000000e+00 3.60000000e+01]
  - 71: [4.27266230e-02 1.46009520e-01 2.13886306e-01 7.61773416e+00
 5.89271983e+01 4.40641344e-02 4.02837873e-01 3.37554991e-01
 3.00000000e+00 3.60000000e+01]
  - 72: [ 0.04207875  0.14600909  0.21388631  7.61776335 11.86554088  0.0440641
  0.40283787  0.33755499  3.         36.        ]
  - 73: [4.27266489e-02 1.46009520e-01 2.13886306e-01 7.61773416e+00
 1.05272620e+02 4.40641344e-02 4.02837873e-01 3.37554991e-01
 3.00000000e+00 3.60000000e+01]
  - 74: [ 0.04272645  0.14600952  0.21388631  7.61773416 28.52363653  0.04406413
  0.40283787  0.33755499  3.         36.        ]
  - 75: [4.27266515e-02 1.46009520e-01 2.13886306e-01 7.61773416e+00
 1.15199527e+02 4.40641344e-02 4.02837873e-01 3.37554991e-01
 3.00000000e+00 3.60000000e+01]
  - 76: [ 0.04216283  0.14600922  0.21388631  7.61775539 12.38094827  0.04406411
  0.40283787  0.33755499  3.         36.        ]
  - 77: [4.27266359e-02 1.46009520e-01 2.13886306e-01 7.61773416e+00
 7.57430845e+01 4.40641344e-02 4.02837873e-01 3.37554991e-01
 3.00000000e+00 3.60000000e+01]
  - 78: [ 0.04272589  0.14600952  0.21388631  7.61773416 19.89433488  0.04406413
  0.40283787  0.33755499  3.         36.        ]
  - 79: [4.27266256e-02 1.46009520e-01 2.13886306e-01 7.61773416e+00
 6.13349822e+01 4.40641344e-02 4.02837873e-01 3.37554991e-01
 3.00000000e+00 3.60000000e+01]
  - 80: [4.27266307e-02 1.46009520e-01 2.13886306e-01 7.61773416e+00
 6.52694410e+01 4.40641344e-02 4.02837873e-01 3.37554991e-01
 3.00000000e+00 3.60000000e+01]
  - 81: [4.27266307e-02 1.46009520e-01 2.13886306e-01 7.61773416e+00
 6.46597476e+01 4.40641344e-02 4.02837873e-01 3.37554991e-01
 3.00000000e+00 3.60000000e+01]
  - 82: [4.27266307e-02 1.46009520e-01 2.13886306e-01 7.61773416e+00
 6.96208708e+01 4.40641344e-02 4.02837873e-01 3.37554991e-01
 3.00000000e+00 3.60000000e+01]
  - 83: [ 0.04272657  0.14600952  0.21388631  7.61773416 40.73256252  0.04406413
  0.40283787  0.33755499  3.         36.        ]
  - 84: [4.27266178e-02 1.46009520e-01 2.13886306e-01 7.61773416e+00
 5.60319612e+01 4.40641344e-02 4.02837873e-01 3.37554991e-01
 3.00000000e+00 3.60000000e+01]
  - 85: [4.27266178e-02 1.46009520e-01 2.13886306e-01 7.61773416e+00
 5.75838305e+01 4.40641344e-02 4.02837873e-01 3.37554991e-01
 3.00000000e+00 3.60000000e+01]
  - 86: [4.27266359e-02 1.46009520e-01 2.13886306e-01 7.61773416e+00
 7.42310632e+01 4.40641344e-02 4.02837873e-01 3.37554991e-01
 3.00000000e+00 3.60000000e+01]
  - 87: [ 0.04272656  0.14600952  0.21388631  7.61773416 38.91511867  0.04406413
  0.40283787  0.33755499  3.         36.        ]
  - 88: [ 0.04031641  0.14599809  0.21388616  7.61837702  4.55752928  0.04406394
  0.40283787  0.33755499  3.         36.        ]
  - 89: [4.27266385e-02 1.46009520e-01 2.13886306e-01 7.61773416e+00
 7.78339101e+01 4.40641344e-02 4.02837873e-01 3.37554991e-01
 3.00000000e+00 3.60000000e+01]
  - 90: [4.27266411e-02 1.46009520e-01 2.13886306e-01 7.61773416e+00
 8.30287290e+01 4.40641344e-02 4.02837873e-01 3.37554991e-01
 3.00000000e+00 3.60000000e+01]
  - 91: [4.27266515e-02 1.46009520e-01 2.13886306e-01 7.61773416e+00
 1.14232815e+02 4.40641344e-02 4.02837873e-01 3.37554991e-01
 3.00000000e+00 3.60000000e+01]
  - 92: [4.27266463e-02 1.46009520e-01 2.13886306e-01 7.61773416e+00
 9.33356615e+01 4.40641344e-02 4.02837873e-01 3.37554991e-01
 3.00000000e+00 3.60000000e+01]
  - 93: [4.27266307e-02 1.46009520e-01 2.13886306e-01 7.61773416e+00
 6.53542799e+01 4.40641344e-02 4.02837873e-01 3.37554991e-01
 3.00000000e+00 3.60000000e+01]
  - 94: [4.27266463e-02 1.46009520e-01 2.13886306e-01 7.61773416e+00
 9.29747686e+01 4.40641344e-02 4.02837873e-01 3.37554991e-01
 3.00000000e+00 3.60000000e+01]
  - 95: [ 0.04164279  0.14600803  0.21388628  7.61783301  9.49236463  0.04406409
  0.40283787  0.33755499  3.         36.        ]
  - 96: [4.27266515e-02 1.46009520e-01 2.13886306e-01 7.61773416e+00
 1.14196841e+02 4.40641344e-02 4.02837873e-01 3.37554991e-01
 3.00000000e+00 3.60000000e+01]
  - 97: [ 0.04272544  0.14600952  0.21388631  7.61773416 18.50811502  0.04406413
  0.40283787  0.33755499  3.         36.        ]
  - 98: [ 0.04272594  0.14600952  0.21388631  7.61773416 20.1322048   0.04406413
  0.40283787  0.33755499  3.         36.        ]
  - 99: [4.27266126e-02 1.46009520e-01 2.13886306e-01 7.61773416e+00
 5.38606382e+01 4.40641344e-02 4.02837873e-01 3.37554991e-01
 3.00000000e+00 3.60000000e+01]
Updating sensitivity info in ERGOM_Arkona_observability_ARGO_O2_JUN.pickle with model results...
Done
