Starting ppserver on r513c01n[01-02]:65236
Host names provided to parsac: r513c01n01:65236,r513c01n02:65236,
Starting parsac
Reading sensitivity samples from ERGOM_Arkona_observability_ARGO_DIC_JUN.pickle...
Reading configuration from Arkona_observability_ARGO_DIC_JUN.xml...
Starting Parallel Python server...
Giving Parallel Python 10 seconds to connect to: r513c01n01:65236, r513c01n02:65236
Running on:
   local: 0 cpus
   r513c01n02:65236: 48 cpus
   r513c01n01:65236: 48 cpus
Total number of cpus: 96
Starting model run...
Model run took 3.4 s.
 Processed /g100_scratch/usertrain/a08trb35/ERGOM_Arkona_JUN_ARGO_DIC_OBSERVABILITY/0000...
Starting model run...
Model run took 3.5 s.
 Processed /g100_scratch/usertrain/a08trb35/ERGOM_Arkona_JUN_ARGO_DIC_OBSERVABILITY/0001...
Starting model run...
Model run took 3.4 s.
 Processed /g100_scratch/usertrain/a08trb35/ERGOM_Arkona_JUN_ARGO_DIC_OBSERVABILITY/0002...
Starting model run...
Model run took 3.5 s.
 Processed /g100_scratch/usertrain/a08trb35/ERGOM_Arkona_JUN_ARGO_DIC_OBSERVABILITY/0003...
Starting model run...
Model run took 3.4 s.
 Processed /g100_scratch/usertrain/a08trb35/ERGOM_Arkona_JUN_ARGO_DIC_OBSERVABILITY/0004...
Starting model run...
Model run took 3.6 s.
 Processed /g100_scratch/usertrain/a08trb35/ERGOM_Arkona_JUN_ARGO_DIC_OBSERVABILITY/0005...
Starting model run...
Model run took 3.5 s.
 Processed /g100_scratch/usertrain/a08trb35/ERGOM_Arkona_JUN_ARGO_DIC_OBSERVABILITY/0006...
Starting model run...
Model run took 3.6 s.
 Processed /g100_scratch/usertrain/a08trb35/ERGOM_Arkona_JUN_ARGO_DIC_OBSERVABILITY/0007...
Starting model run...
Model run took 3.5 s.
 Processed /g100_scratch/usertrain/a08trb35/ERGOM_Arkona_JUN_ARGO_DIC_OBSERVABILITY/0008...
Starting model run...
Model run took 3.9 s.
 Processed /g100_scratch/usertrain/a08trb35/ERGOM_Arkona_JUN_ARGO_DIC_OBSERVABILITY/0009...
Starting model run...
Model run took 3.4 s.
 Processed /g100_scratch/usertrain/a08trb35/ERGOM_Arkona_JUN_ARGO_DIC_OBSERVABILITY/0010...
Starting model run...
Model run took 3.5 s.
 Processed /g100_scratch/usertrain/a08trb35/ERGOM_Arkona_JUN_ARGO_DIC_OBSERVABILITY/0011...
Starting model run...
Model run took 3.3 s.
 Processed /g100_scratch/usertrain/a08trb35/ERGOM_Arkona_JUN_ARGO_DIC_OBSERVABILITY/0012...
Starting model run...
Model run took 3.7 s.
 Processed /g100_scratch/usertrain/a08trb35/ERGOM_Arkona_JUN_ARGO_DIC_OBSERVABILITY/0013...
Starting model run...
Model run took 3.4 s.
 Processed /g100_scratch/usertrain/a08trb35/ERGOM_Arkona_JUN_ARGO_DIC_OBSERVABILITY/0014...
Starting model run...
Model run took 3.8 s.
 Processed /g100_scratch/usertrain/a08trb35/ERGOM_Arkona_JUN_ARGO_DIC_OBSERVABILITY/0015...
Starting model run...
Model run took 3.4 s.
 Processed /g100_scratch/usertrain/a08trb35/ERGOM_Arkona_JUN_ARGO_DIC_OBSERVABILITY/0016...
Starting model run...
Model run took 3.5 s.
 Processed /g100_scratch/usertrain/a08trb35/ERGOM_Arkona_JUN_ARGO_DIC_OBSERVABILITY/0017...
Starting model run...
Model run took 3.3 s.
 Processed /g100_scratch/usertrain/a08trb35/ERGOM_Arkona_JUN_ARGO_DIC_OBSERVABILITY/0018...
Starting model run...
Model run took 4.2 s.
 Processed /g100_scratch/usertrain/a08trb35/ERGOM_Arkona_JUN_ARGO_DIC_OBSERVABILITY/0019...
Starting model run...
Model run took 3.4 s.
 Processed /g100_scratch/usertrain/a08trb35/ERGOM_Arkona_JUN_ARGO_DIC_OBSERVABILITY/0020...
Starting model run...
Model run took 4.1 s.
 Processed /g100_scratch/usertrain/a08trb35/ERGOM_Arkona_JUN_ARGO_DIC_OBSERVABILITY/0021...
Starting model run...
Model run took 3.3 s.
 Processed /g100_scratch/usertrain/a08trb35/ERGOM_Arkona_JUN_ARGO_DIC_OBSERVABILITY/0022...
Starting model run...
Model run took 4.0 s.
 Processed /g100_scratch/usertrain/a08trb35/ERGOM_Arkona_JUN_ARGO_DIC_OBSERVABILITY/0023...
Starting model run...
Model run took 3.4 s.
 Processed /g100_scratch/usertrain/a08trb35/ERGOM_Arkona_JUN_ARGO_DIC_OBSERVABILITY/0024...
Starting model run...
Model run took 3.4 s.
 Processed /g100_scratch/usertrain/a08trb35/ERGOM_Arkona_JUN_ARGO_DIC_OBSERVABILITY/0025...
Starting model run...
Model run took 3.4 s.
 Processed /g100_scratch/usertrain/a08trb35/ERGOM_Arkona_JUN_ARGO_DIC_OBSERVABILITY/0026...
Starting model run...
Model run took 3.5 s.
 Processed /g100_scratch/usertrain/a08trb35/ERGOM_Arkona_JUN_ARGO_DIC_OBSERVABILITY/0027...
Starting model run...
Model run took 3.5 s.
 Processed /g100_scratch/usertrain/a08trb35/ERGOM_Arkona_JUN_ARGO_DIC_OBSERVABILITY/0028...
Starting model run...
Model run took 3.7 s.
 Processed /g100_scratch/usertrain/a08trb35/ERGOM_Arkona_JUN_ARGO_DIC_OBSERVABILITY/0029...
Starting model run...
Model run took 3.4 s.
 Processed /g100_scratch/usertrain/a08trb35/ERGOM_Arkona_JUN_ARGO_DIC_OBSERVABILITY/0030...
Starting model run...
Model run took 3.5 s.
 Processed /g100_scratch/usertrain/a08trb35/ERGOM_Arkona_JUN_ARGO_DIC_OBSERVABILITY/0031...
Starting model run...
Model run took 3.6 s.
 Processed /g100_scratch/usertrain/a08trb35/ERGOM_Arkona_JUN_ARGO_DIC_OBSERVABILITY/0032...
Starting model run...
Model run took 3.8 s.
 Processed /g100_scratch/usertrain/a08trb35/ERGOM_Arkona_JUN_ARGO_DIC_OBSERVABILITY/0033...
Starting model run...
Model run took 3.4 s.
 Processed /g100_scratch/usertrain/a08trb35/ERGOM_Arkona_JUN_ARGO_DIC_OBSERVABILITY/0034...
Starting model run...
Model run took 3.9 s.
 Processed /g100_scratch/usertrain/a08trb35/ERGOM_Arkona_JUN_ARGO_DIC_OBSERVABILITY/0035...
Starting model run...
Model run took 3.4 s.
 Processed /g100_scratch/usertrain/a08trb35/ERGOM_Arkona_JUN_ARGO_DIC_OBSERVABILITY/0036...
Starting model run...
Model run took 3.6 s.
 Processed /g100_scratch/usertrain/a08trb35/ERGOM_Arkona_JUN_ARGO_DIC_OBSERVABILITY/0037...
Starting model run...
Model run took 3.4 s.
 Processed /g100_scratch/usertrain/a08trb35/ERGOM_Arkona_JUN_ARGO_DIC_OBSERVABILITY/0038...
Starting model run...
Model run took 3.6 s.
 Processed /g100_scratch/usertrain/a08trb35/ERGOM_Arkona_JUN_ARGO_DIC_OBSERVABILITY/0039...
Starting model run...
Model run took 3.4 s.
 Processed /g100_scratch/usertrain/a08trb35/ERGOM_Arkona_JUN_ARGO_DIC_OBSERVABILITY/0040...
Starting model run...
Model run took 3.4 s.
 Processed /g100_scratch/usertrain/a08trb35/ERGOM_Arkona_JUN_ARGO_DIC_OBSERVABILITY/0041...
Starting model run...
Model run took 3.6 s.
 Processed /g100_scratch/usertrain/a08trb35/ERGOM_Arkona_JUN_ARGO_DIC_OBSERVABILITY/0042...
Starting model run...
Model run took 3.4 s.
 Processed /g100_scratch/usertrain/a08trb35/ERGOM_Arkona_JUN_ARGO_DIC_OBSERVABILITY/0043...
Starting model run...
Model run took 3.4 s.
 Processed /g100_scratch/usertrain/a08trb35/ERGOM_Arkona_JUN_ARGO_DIC_OBSERVABILITY/0044...
Starting model run...
Model run took 3.6 s.
 Processed /g100_scratch/usertrain/a08trb35/ERGOM_Arkona_JUN_ARGO_DIC_OBSERVABILITY/0045...
Starting model run...
Model run took 3.4 s.
 Processed /g100_scratch/usertrain/a08trb35/ERGOM_Arkona_JUN_ARGO_DIC_OBSERVABILITY/0046...
Starting model run...
Model run took 3.6 s.
 Processed /g100_scratch/usertrain/a08trb35/ERGOM_Arkona_JUN_ARGO_DIC_OBSERVABILITY/0047...
Starting model run...
Model run took 3.3 s.
 Processed /g100_scratch/usertrain/a08trb35/ERGOM_Arkona_JUN_ARGO_DIC_OBSERVABILITY/0048...
Starting model run...
Model run took 3.5 s.
 Processed /g100_scratch/usertrain/a08trb35/ERGOM_Arkona_JUN_ARGO_DIC_OBSERVABILITY/0049...
Starting model run...
Model run took 3.6 s.
 Processed /g100_scratch/usertrain/a08trb35/ERGOM_Arkona_JUN_ARGO_DIC_OBSERVABILITY/0050...
Starting model run...
Model run took 3.4 s.
 Processed /g100_scratch/usertrain/a08trb35/ERGOM_Arkona_JUN_ARGO_DIC_OBSERVABILITY/0051...
Starting model run...
Model run took 3.3 s.
 Processed /g100_scratch/usertrain/a08trb35/ERGOM_Arkona_JUN_ARGO_DIC_OBSERVABILITY/0052...
Starting model run...
Model run took 3.8 s.
 Processed /g100_scratch/usertrain/a08trb35/ERGOM_Arkona_JUN_ARGO_DIC_OBSERVABILITY/0053...
Starting model run...
Model run took 3.4 s.
 Processed /g100_scratch/usertrain/a08trb35/ERGOM_Arkona_JUN_ARGO_DIC_OBSERVABILITY/0054...
Starting model run...
Model run took 3.4 s.
 Processed /g100_scratch/usertrain/a08trb35/ERGOM_Arkona_JUN_ARGO_DIC_OBSERVABILITY/0055...
Starting model run...
Model run took 3.4 s.
 Processed /g100_scratch/usertrain/a08trb35/ERGOM_Arkona_JUN_ARGO_DIC_OBSERVABILITY/0056...
Starting model run...
Model run took 4.1 s.
 Processed /g100_scratch/usertrain/a08trb35/ERGOM_Arkona_JUN_ARGO_DIC_OBSERVABILITY/0057...
Starting model run...
Model run took 3.6 s.
 Processed /g100_scratch/usertrain/a08trb35/ERGOM_Arkona_JUN_ARGO_DIC_OBSERVABILITY/0058...
Starting model run...
Model run took 3.4 s.
 Processed /g100_scratch/usertrain/a08trb35/ERGOM_Arkona_JUN_ARGO_DIC_OBSERVABILITY/0059...
Starting model run...
Model run took 3.7 s.
 Processed /g100_scratch/usertrain/a08trb35/ERGOM_Arkona_JUN_ARGO_DIC_OBSERVABILITY/0060...
Starting model run...
Model run took 3.6 s.
 Processed /g100_scratch/usertrain/a08trb35/ERGOM_Arkona_JUN_ARGO_DIC_OBSERVABILITY/0061...
Starting model run...
Model run took 3.4 s.
 Processed /g100_scratch/usertrain/a08trb35/ERGOM_Arkona_JUN_ARGO_DIC_OBSERVABILITY/0062...
Starting model run...
Model run took 3.4 s.
 Processed /g100_scratch/usertrain/a08trb35/ERGOM_Arkona_JUN_ARGO_DIC_OBSERVABILITY/0063...
Starting model run...
Model run took 3.7 s.
 Processed /g100_scratch/usertrain/a08trb35/ERGOM_Arkona_JUN_ARGO_DIC_OBSERVABILITY/0064...
Starting model run...
Model run took 3.7 s.
 Processed /g100_scratch/usertrain/a08trb35/ERGOM_Arkona_JUN_ARGO_DIC_OBSERVABILITY/0065...
Starting model run...
Model run took 3.4 s.
 Processed /g100_scratch/usertrain/a08trb35/ERGOM_Arkona_JUN_ARGO_DIC_OBSERVABILITY/0066...
Starting model run...
Model run took 3.5 s.
 Processed /g100_scratch/usertrain/a08trb35/ERGOM_Arkona_JUN_ARGO_DIC_OBSERVABILITY/0067...
Starting model run...
Model run took 3.5 s.
 Processed /g100_scratch/usertrain/a08trb35/ERGOM_Arkona_JUN_ARGO_DIC_OBSERVABILITY/0068...
Starting model run...
Model run took 3.5 s.
 Processed /g100_scratch/usertrain/a08trb35/ERGOM_Arkona_JUN_ARGO_DIC_OBSERVABILITY/0069...
Starting model run...
Model run took 3.3 s.
 Processed /g100_scratch/usertrain/a08trb35/ERGOM_Arkona_JUN_ARGO_DIC_OBSERVABILITY/0070...
Starting model run...
Model run took 3.5 s.
 Processed /g100_scratch/usertrain/a08trb35/ERGOM_Arkona_JUN_ARGO_DIC_OBSERVABILITY/0071...
Starting model run...
Model run took 3.4 s.
 Processed /g100_scratch/usertrain/a08trb35/ERGOM_Arkona_JUN_ARGO_DIC_OBSERVABILITY/0072...
Starting model run...
Model run took 3.4 s.
 Processed /g100_scratch/usertrain/a08trb35/ERGOM_Arkona_JUN_ARGO_DIC_OBSERVABILITY/0073...
Starting model run...
Model run took 3.5 s.
 Processed /g100_scratch/usertrain/a08trb35/ERGOM_Arkona_JUN_ARGO_DIC_OBSERVABILITY/0074...
Starting model run...
Model run took 3.4 s.
 Processed /g100_scratch/usertrain/a08trb35/ERGOM_Arkona_JUN_ARGO_DIC_OBSERVABILITY/0075...
Starting model run...
Model run took 3.4 s.
 Processed /g100_scratch/usertrain/a08trb35/ERGOM_Arkona_JUN_ARGO_DIC_OBSERVABILITY/0076...
Starting model run...
Model run took 3.7 s.
 Processed /g100_scratch/usertrain/a08trb35/ERGOM_Arkona_JUN_ARGO_DIC_OBSERVABILITY/0077...
Starting model run...
Model run took 3.5 s.
 Processed /g100_scratch/usertrain/a08trb35/ERGOM_Arkona_JUN_ARGO_DIC_OBSERVABILITY/0078...
Starting model run...
Model run took 3.4 s.
 Processed /g100_scratch/usertrain/a08trb35/ERGOM_Arkona_JUN_ARGO_DIC_OBSERVABILITY/0079...
Starting model run...
Model run took 3.5 s.
 Processed /g100_scratch/usertrain/a08trb35/ERGOM_Arkona_JUN_ARGO_DIC_OBSERVABILITY/0080...
Starting model run...
Model run took 3.8 s.
 Processed /g100_scratch/usertrain/a08trb35/ERGOM_Arkona_JUN_ARGO_DIC_OBSERVABILITY/0081...
Starting model run...
Model run took 3.8 s.
 Processed /g100_scratch/usertrain/a08trb35/ERGOM_Arkona_JUN_ARGO_DIC_OBSERVABILITY/0082...
Starting model run...
Model run took 3.9 s.
 Processed /g100_scratch/usertrain/a08trb35/ERGOM_Arkona_JUN_ARGO_DIC_OBSERVABILITY/0083...
Starting model run...
Model run took 3.3 s.
 Processed /g100_scratch/usertrain/a08trb35/ERGOM_Arkona_JUN_ARGO_DIC_OBSERVABILITY/0084...
Starting model run...
Model run took 3.8 s.
 Processed /g100_scratch/usertrain/a08trb35/ERGOM_Arkona_JUN_ARGO_DIC_OBSERVABILITY/0085...
Starting model run...
Model run took 3.4 s.
 Processed /g100_scratch/usertrain/a08trb35/ERGOM_Arkona_JUN_ARGO_DIC_OBSERVABILITY/0086...
Starting model run...
Model run took 3.7 s.
 Processed /g100_scratch/usertrain/a08trb35/ERGOM_Arkona_JUN_ARGO_DIC_OBSERVABILITY/0087...
Starting model run...
Model run took 3.4 s.
 Processed /g100_scratch/usertrain/a08trb35/ERGOM_Arkona_JUN_ARGO_DIC_OBSERVABILITY/0088...
Starting model run...
Model run took 3.4 s.
 Processed /g100_scratch/usertrain/a08trb35/ERGOM_Arkona_JUN_ARGO_DIC_OBSERVABILITY/0089...
Starting model run...
Model run took 3.6 s.
 Processed /g100_scratch/usertrain/a08trb35/ERGOM_Arkona_JUN_ARGO_DIC_OBSERVABILITY/0090...
Starting model run...
Model run took 3.9 s.
 Processed /g100_scratch/usertrain/a08trb35/ERGOM_Arkona_JUN_ARGO_DIC_OBSERVABILITY/0091...
Starting model run...
Model run took 3.4 s.
 Processed /g100_scratch/usertrain/a08trb35/ERGOM_Arkona_JUN_ARGO_DIC_OBSERVABILITY/0092...
Starting model run...
Model run took 3.6 s.
 Processed /g100_scratch/usertrain/a08trb35/ERGOM_Arkona_JUN_ARGO_DIC_OBSERVABILITY/0093...
Starting model run...
Model run took 3.4 s.
 Processed /g100_scratch/usertrain/a08trb35/ERGOM_Arkona_JUN_ARGO_DIC_OBSERVABILITY/0094...
Starting model run...
Model run took 3.9 s.
 Processed /g100_scratch/usertrain/a08trb35/ERGOM_Arkona_JUN_ARGO_DIC_OBSERVABILITY/0095...
Starting model run...
Model run took 3.5 s.
 Processed /g100_scratch/usertrain/a08trb35/ERGOM_Arkona_JUN_ARGO_DIC_OBSERVABILITY/0096...
Starting model run...
Model run took 3.4 s.
 Processed /g100_scratch/usertrain/a08trb35/ERGOM_Arkona_JUN_ARGO_DIC_OBSERVABILITY/0097...
Starting model run...
Model run took 3.3 s.
 Processed /g100_scratch/usertrain/a08trb35/ERGOM_Arkona_JUN_ARGO_DIC_OBSERVABILITY/0098...
Starting model run...
Model run took 3.4 s.
 Processed /g100_scratch/usertrain/a08trb35/ERGOM_Arkona_JUN_ARGO_DIC_OBSERVABILITY/0099...
Retrieving value of target expression(s) for each ensemble member...
  - 0: [4.27266178e-02 1.46009520e-01 2.13886306e-01 7.34154146e+00
 5.63227645e+01 4.40641344e-02 4.02837873e-01 3.37554991e-01
 3.00000000e+00 3.60000000e+01]
  - 1: [4.27266178e-02 1.46009520e-01 2.13886306e-01 7.33102351e+00
 5.63227645e+01 4.40641344e-02 4.02837873e-01 3.37554991e-01
 3.00000000e+00 3.60000000e+01]
  - 2: [4.27266178e-02 1.46009520e-01 2.13886306e-01 7.67930006e+00
 5.63227645e+01 4.40641344e-02 4.02837873e-01 3.37554991e-01
 3.00000000e+00 3.60000000e+01]
  - 3: [4.27266178e-02 1.46009520e-01 2.13886306e-01 7.56254246e+00
 5.63227645e+01 4.40641344e-02 4.02837873e-01 3.37554991e-01
 3.00000000e+00 3.60000000e+01]
  - 4: [4.27266178e-02 1.46009520e-01 2.13886306e-01 7.45165286e+00
 5.63227645e+01 4.40641344e-02 4.02837873e-01 3.37554991e-01
 3.00000000e+00 3.60000000e+01]
  - 5: [4.27266178e-02 1.46009520e-01 2.13886306e-01 8.09519229e+00
 5.63227645e+01 4.40641344e-02 4.02837873e-01 3.37554991e-01
 3.00000000e+00 3.60000000e+01]
  - 6: [4.27266178e-02 1.46009520e-01 2.13886306e-01 8.05813599e+00
 5.63227645e+01 4.40641344e-02 4.02837873e-01 3.37554991e-01
 3.00000000e+00 3.60000000e+01]
  - 7: [4.27266178e-02 1.46009520e-01 2.13886306e-01 7.69072757e+00
 5.63227645e+01 4.40641344e-02 4.02837873e-01 3.37554991e-01
 3.00000000e+00 3.60000000e+01]
  - 8: [4.27266178e-02 1.46009520e-01 2.13886306e-01 7.92706962e+00
 5.63227645e+01 4.40641344e-02 4.02837873e-01 3.37554991e-01
 3.00000000e+00 3.60000000e+01]
  - 9: [4.27266178e-02 1.46009520e-01 2.13886306e-01 7.47754769e+00
 5.63227645e+01 4.40641344e-02 4.02837873e-01 3.37554991e-01
 3.00000000e+00 3.60000000e+01]
  - 10: [4.27266178e-02 1.46009520e-01 2.13886306e-01 7.75928796e+00
 5.63227645e+01 4.40641344e-02 4.02837873e-01 3.37554991e-01
 3.00000000e+00 3.60000000e+01]
  - 11: [4.27266178e-02 1.46009520e-01 2.13886306e-01 8.04132478e+00
 5.63227645e+01 4.40641344e-02 4.02837873e-01 3.37554991e-01
 3.00000000e+00 3.60000000e+01]
  - 12: [4.27266178e-02 1.46009520e-01 2.13886306e-01 7.92135885e+00
 5.63227645e+01 4.40641344e-02 4.02837873e-01 3.37554991e-01
 3.00000000e+00 3.60000000e+01]
  - 13: [4.27266178e-02 1.46009520e-01 2.13886306e-01 8.09724294e+00
 5.63227645e+01 4.40641344e-02 4.02837873e-01 3.37554991e-01
 3.00000000e+00 3.60000000e+01]
  - 14: [4.27266178e-02 1.46009520e-01 2.13886306e-01 7.93876250e+00
 5.63227645e+01 4.40641344e-02 4.02837873e-01 3.37554991e-01
 3.00000000e+00 3.60000000e+01]
  - 15: [4.27266178e-02 1.46009520e-01 2.13886306e-01 7.36244533e+00
 5.63227645e+01 4.40641344e-02 4.02837873e-01 3.37554991e-01
 3.00000000e+00 3.60000000e+01]
  - 16: [4.27266178e-02 1.46009520e-01 2.13886306e-01 7.38191223e+00
 5.63227645e+01 4.40641344e-02 4.02837873e-01 3.37554991e-01
 3.00000000e+00 3.60000000e+01]
  - 17: [4.27266178e-02 1.46009520e-01 2.13886306e-01 7.64414646e+00
 5.63227645e+01 4.40641344e-02 4.02837873e-01 3.37554991e-01
 3.00000000e+00 3.60000000e+01]
  - 18: [4.27266178e-02 1.46009520e-01 2.13886306e-01 8.01448192e+00
 5.63227645e+01 4.40641344e-02 4.02837873e-01 3.37554991e-01
 3.00000000e+00 3.60000000e+01]
  - 19: [4.27266178e-02 1.46009520e-01 2.13886306e-01 7.83502927e+00
 5.63227645e+01 4.40641344e-02 4.02837873e-01 3.37554991e-01
 3.00000000e+00 3.60000000e+01]
  - 20: [4.27266178e-02 1.46009520e-01 2.13886306e-01 7.59255981e+00
 5.63227645e+01 4.40641344e-02 4.02837873e-01 3.37554991e-01
 3.00000000e+00 3.60000000e+01]
  - 21: [4.27266178e-02 1.46009520e-01 2.13886306e-01 7.95278201e+00
 5.63227645e+01 4.40641344e-02 4.02837873e-01 3.37554991e-01
 3.00000000e+00 3.60000000e+01]
  - 22: [4.27266178e-02 1.46009520e-01 2.13886306e-01 7.97074625e+00
 5.63227645e+01 4.40641344e-02 4.02837873e-01 3.37554991e-01
 3.00000000e+00 3.60000000e+01]
  - 23: [4.27266178e-02 1.46009520e-01 2.13886306e-01 7.34167613e+00
 5.63227645e+01 4.40641344e-02 4.02837873e-01 3.37554991e-01
 3.00000000e+00 3.60000000e+01]
  - 24: [4.27266178e-02 1.46009520e-01 2.13886306e-01 7.55353712e+00
 5.63227645e+01 4.40641344e-02 4.02837873e-01 3.37554991e-01
 3.00000000e+00 3.60000000e+01]
  - 25: [4.27266178e-02 1.46009520e-01 2.13886306e-01 7.61953271e+00
 5.63227645e+01 4.40641344e-02 4.02837873e-01 3.37554991e-01
 3.00000000e+00 3.60000000e+01]
  - 26: [4.27266178e-02 1.46009520e-01 2.13886306e-01 8.14450471e+00
 5.63227645e+01 4.40641344e-02 4.02837873e-01 3.37554991e-01
 3.00000000e+00 3.60000000e+01]
  - 27: [4.27266178e-02 1.46009520e-01 2.13886306e-01 7.35276264e+00
 5.63227645e+01 4.40641344e-02 4.02837873e-01 3.37554991e-01
 3.00000000e+00 3.60000000e+01]
  - 28: [4.27266178e-02 1.46009520e-01 2.13886306e-01 7.48898514e+00
 5.63227645e+01 4.40641344e-02 4.02837873e-01 3.37554991e-01
 3.00000000e+00 3.60000000e+01]
  - 29: [4.27266178e-02 1.46009520e-01 2.13886306e-01 8.06269306e+00
 5.63227645e+01 4.40641344e-02 4.02837873e-01 3.37554991e-01
 3.00000000e+00 3.60000000e+01]
  - 30: [4.27266178e-02 1.46009520e-01 2.13886306e-01 7.43900465e+00
 5.63227645e+01 4.40641344e-02 4.02837873e-01 3.37554991e-01
 3.00000000e+00 3.60000000e+01]
  - 31: [4.27266178e-02 1.46009520e-01 2.13886306e-01 7.44436181e+00
 5.63227645e+01 4.40641344e-02 4.02837873e-01 3.37554991e-01
 3.00000000e+00 3.60000000e+01]
  - 32: [4.27266178e-02 1.46009520e-01 2.13886306e-01 8.08601578e+00
 5.63227645e+01 4.40641344e-02 4.02837873e-01 3.37554991e-01
 3.00000000e+00 3.60000000e+01]
  - 33: [4.27266178e-02 1.46009520e-01 2.13886306e-01 7.95906929e+00
 5.63227645e+01 4.40641344e-02 4.02837873e-01 3.37554991e-01
 3.00000000e+00 3.60000000e+01]
  - 34: [4.27266178e-02 1.46009520e-01 2.13886306e-01 7.87055040e+00
 5.63227645e+01 4.40641344e-02 4.02837873e-01 3.37554991e-01
 3.00000000e+00 3.60000000e+01]
  - 35: [4.27266178e-02 1.46009520e-01 2.13886306e-01 7.35249461e+00
 5.63227645e+01 4.40641344e-02 4.02837873e-01 3.37554991e-01
 3.00000000e+00 3.60000000e+01]
  - 36: [4.27266178e-02 1.46009520e-01 2.13886306e-01 7.48050789e+00
 5.63227645e+01 4.40641344e-02 4.02837873e-01 3.37554991e-01
 3.00000000e+00 3.60000000e+01]
  - 37: [4.27266178e-02 1.46009520e-01 2.13886306e-01 8.03402445e+00
 5.63227645e+01 4.40641344e-02 4.02837873e-01 3.37554991e-01
 3.00000000e+00 3.60000000e+01]
  - 38: [4.27266178e-02 1.46009520e-01 2.13886306e-01 7.67490951e+00
 5.63227645e+01 4.40641344e-02 4.02837873e-01 3.37554991e-01
 3.00000000e+00 3.60000000e+01]
  - 39: [4.27266178e-02 1.46009520e-01 2.13886306e-01 7.44010726e+00
 5.63227645e+01 4.40641344e-02 4.02837873e-01 3.37554991e-01
 3.00000000e+00 3.60000000e+01]
  - 40: [4.27266178e-02 1.46009520e-01 2.13886306e-01 7.52712217e+00
 5.63227645e+01 4.40641344e-02 4.02837873e-01 3.37554991e-01
 3.00000000e+00 3.60000000e+01]
  - 41: [4.27266178e-02 1.46009520e-01 2.13886306e-01 7.68239826e+00
 5.63227645e+01 4.40641344e-02 4.02837873e-01 3.37554991e-01
 3.00000000e+00 3.60000000e+01]
  - 42: [4.27266178e-02 1.46009520e-01 2.13886306e-01 7.97613525e+00
 5.63227645e+01 4.40641344e-02 4.02837873e-01 3.37554991e-01
 3.00000000e+00 3.60000000e+01]
  - 43: [4.27266178e-02 1.46009520e-01 2.13886306e-01 7.48170073e+00
 5.63227645e+01 4.40641344e-02 4.02837873e-01 3.37554991e-01
 3.00000000e+00 3.60000000e+01]
  - 44: [4.27266178e-02 1.46009520e-01 2.13886306e-01 7.82523445e+00
 5.63227645e+01 4.40641344e-02 4.02837873e-01 3.37554991e-01
 3.00000000e+00 3.60000000e+01]
  - 45: [4.27266178e-02 1.46009520e-01 2.13886306e-01 8.13182930e+00
 5.63227645e+01 4.40641344e-02 4.02837873e-01 3.37554991e-01
 3.00000000e+00 3.60000000e+01]
  - 46: [4.27266178e-02 1.46009520e-01 2.13886306e-01 7.32966547e+00
 5.63227645e+01 4.40641344e-02 4.02837873e-01 3.37554991e-01
 3.00000000e+00 3.60000000e+01]
  - 47: [4.27266178e-02 1.46009520e-01 2.13886306e-01 7.57673778e+00
 5.63227645e+01 4.40641344e-02 4.02837873e-01 3.37554991e-01
 3.00000000e+00 3.60000000e+01]
  - 48: [4.27266178e-02 1.46009520e-01 2.13886306e-01 8.03526903e+00
 5.63227645e+01 4.40641344e-02 4.02837873e-01 3.37554991e-01
 3.00000000e+00 3.60000000e+01]
  - 49: [4.27266178e-02 1.46009520e-01 2.13886306e-01 7.35740463e+00
 5.63227645e+01 4.40641344e-02 4.02837873e-01 3.37554991e-01
 3.00000000e+00 3.60000000e+01]
  - 50: [4.27266178e-02 1.46009520e-01 2.13886306e-01 7.38655488e+00
 5.63227645e+01 4.40641344e-02 4.02837873e-01 3.37554991e-01
 3.00000000e+00 3.60000000e+01]
  - 51: [4.27266178e-02 1.46009520e-01 2.13886306e-01 7.84720976e+00
 5.63227645e+01 4.40641344e-02 4.02837873e-01 3.37554991e-01
 3.00000000e+00 3.60000000e+01]
  - 52: [4.27266178e-02 1.46009520e-01 2.13886306e-01 7.63388194e+00
 5.63227645e+01 4.40641344e-02 4.02837873e-01 3.37554991e-01
 3.00000000e+00 3.60000000e+01]
  - 53: [4.27266178e-02 1.46009520e-01 2.13886306e-01 7.33699301e+00
 5.63227645e+01 4.40641344e-02 4.02837873e-01 3.37554991e-01
 3.00000000e+00 3.60000000e+01]
  - 54: [4.27266178e-02 1.46009520e-01 2.13886306e-01 7.34434642e+00
 5.63227645e+01 4.40641344e-02 4.02837873e-01 3.37554991e-01
 3.00000000e+00 3.60000000e+01]
  - 55: [4.27266178e-02 1.46009520e-01 2.13886306e-01 7.99603205e+00
 5.63227645e+01 4.40641344e-02 4.02837873e-01 3.37554991e-01
 3.00000000e+00 3.60000000e+01]
  - 56: [4.27266178e-02 1.46009520e-01 2.13886306e-01 7.59335526e+00
 5.63227645e+01 4.40641344e-02 4.02837873e-01 3.37554991e-01
 3.00000000e+00 3.60000000e+01]
  - 57: [4.27266178e-02 1.46009520e-01 2.13886306e-01 7.46697534e+00
 5.63227645e+01 4.40641344e-02 4.02837873e-01 3.37554991e-01
 3.00000000e+00 3.60000000e+01]
  - 58: [4.27266178e-02 1.46009520e-01 2.13886306e-01 7.41995438e+00
 5.63227645e+01 4.40641344e-02 4.02837873e-01 3.37554991e-01
 3.00000000e+00 3.60000000e+01]
  - 59: [4.27266178e-02 1.46009520e-01 2.13886306e-01 7.69079059e+00
 5.63227645e+01 4.40641344e-02 4.02837873e-01 3.37554991e-01
 3.00000000e+00 3.60000000e+01]
  - 60: [4.27266178e-02 1.46009520e-01 2.13886306e-01 7.40187803e+00
 5.63227645e+01 4.40641344e-02 4.02837873e-01 3.37554991e-01
 3.00000000e+00 3.60000000e+01]
  - 61: [4.27266178e-02 1.46009520e-01 2.13886306e-01 7.33581609e+00
 5.63227645e+01 4.40641344e-02 4.02837873e-01 3.37554991e-01
 3.00000000e+00 3.60000000e+01]
  - 62: [4.27266178e-02 1.46009520e-01 2.13886306e-01 7.85887212e+00
 5.63227645e+01 4.40641344e-02 4.02837873e-01 3.37554991e-01
 3.00000000e+00 3.60000000e+01]
  - 63: [4.27266178e-02 1.46009520e-01 2.13886306e-01 7.93361763e+00
 5.63227645e+01 4.40641344e-02 4.02837873e-01 3.37554991e-01
 3.00000000e+00 3.60000000e+01]
  - 64: [4.27266178e-02 1.46009520e-01 2.13886306e-01 8.12142679e+00
 5.63227645e+01 4.40641344e-02 4.02837873e-01 3.37554991e-01
 3.00000000e+00 3.60000000e+01]
  - 65: [4.27266178e-02 1.46009520e-01 2.13886306e-01 7.58953061e+00
 5.63227645e+01 4.40641344e-02 4.02837873e-01 3.37554991e-01
 3.00000000e+00 3.60000000e+01]
  - 66: [4.27266178e-02 1.46009520e-01 2.13886306e-01 7.69492572e+00
 5.63227645e+01 4.40641344e-02 4.02837873e-01 3.37554991e-01
 3.00000000e+00 3.60000000e+01]
  - 67: [4.27266178e-02 1.46009520e-01 2.13886306e-01 7.49666430e+00
 5.63227645e+01 4.40641344e-02 4.02837873e-01 3.37554991e-01
 3.00000000e+00 3.60000000e+01]
  - 68: [4.27266178e-02 1.46009520e-01 2.13886306e-01 7.45161902e+00
 5.63227645e+01 4.40641344e-02 4.02837873e-01 3.37554991e-01
 3.00000000e+00 3.60000000e+01]
  - 69: [4.27266178e-02 1.46009520e-01 2.13886306e-01 7.38745449e+00
 5.63227645e+01 4.40641344e-02 4.02837873e-01 3.37554991e-01
 3.00000000e+00 3.60000000e+01]
  - 70: [4.27266178e-02 1.46009520e-01 2.13886306e-01 7.74187038e+00
 5.63227645e+01 4.40641344e-02 4.02837873e-01 3.37554991e-01
 3.00000000e+00 3.60000000e+01]
  - 71: [4.27266178e-02 1.46009520e-01 2.13886306e-01 7.95243902e+00
 5.63227645e+01 4.40641344e-02 4.02837873e-01 3.37554991e-01
 3.00000000e+00 3.60000000e+01]
  - 72: [4.27266178e-02 1.46009520e-01 2.13886306e-01 7.47959635e+00
 5.63227645e+01 4.40641344e-02 4.02837873e-01 3.37554991e-01
 3.00000000e+00 3.60000000e+01]
  - 73: [4.27266178e-02 1.46009520e-01 2.13886306e-01 7.82276917e+00
 5.63227645e+01 4.40641344e-02 4.02837873e-01 3.37554991e-01
 3.00000000e+00 3.60000000e+01]
  - 74: [4.27266178e-02 1.46009520e-01 2.13886306e-01 7.34779358e+00
 5.63227645e+01 4.40641344e-02 4.02837873e-01 3.37554991e-01
 3.00000000e+00 3.60000000e+01]
  - 75: [4.27266178e-02 1.46009520e-01 2.13886306e-01 7.60971865e+00
 5.63227645e+01 4.40641344e-02 4.02837873e-01 3.37554991e-01
 3.00000000e+00 3.60000000e+01]
  - 76: [4.27266178e-02 1.46009520e-01 2.13886306e-01 7.57651885e+00
 5.63227645e+01 4.40641344e-02 4.02837873e-01 3.37554991e-01
 3.00000000e+00 3.60000000e+01]
  - 77: [4.27266178e-02 1.46009520e-01 2.13886306e-01 7.90688158e+00
 5.63227645e+01 4.40641344e-02 4.02837873e-01 3.37554991e-01
 3.00000000e+00 3.60000000e+01]
  - 78: [4.27266178e-02 1.46009520e-01 2.13886306e-01 7.58641318e+00
 5.63227645e+01 4.40641344e-02 4.02837873e-01 3.37554991e-01
 3.00000000e+00 3.60000000e+01]
  - 79: [4.27266178e-02 1.46009520e-01 2.13886306e-01 7.48758134e+00
 5.63227645e+01 4.40641344e-02 4.02837873e-01 3.37554991e-01
 3.00000000e+00 3.60000000e+01]
  - 80: [4.27266178e-02 1.46009520e-01 2.13886306e-01 7.50213159e+00
 5.63227645e+01 4.40641344e-02 4.02837873e-01 3.37554991e-01
 3.00000000e+00 3.60000000e+01]
  - 81: [4.27266178e-02 1.46009520e-01 2.13886306e-01 7.49669349e+00
 5.63227645e+01 4.40641344e-02 4.02837873e-01 3.37554991e-01
 3.00000000e+00 3.60000000e+01]
  - 82: [4.27266178e-02 1.46009520e-01 2.13886306e-01 7.35640882e+00
 5.63227645e+01 4.40641344e-02 4.02837873e-01 3.37554991e-01
 3.00000000e+00 3.60000000e+01]
  - 83: [4.27266178e-02 1.46009520e-01 2.13886306e-01 7.82938617e+00
 5.63227645e+01 4.40641344e-02 4.02837873e-01 3.37554991e-01
 3.00000000e+00 3.60000000e+01]
  - 84: [4.27266178e-02 1.46009520e-01 2.13886306e-01 7.91110827e+00
 5.63227645e+01 4.40641344e-02 4.02837873e-01 3.37554991e-01
 3.00000000e+00 3.60000000e+01]
  - 85: [4.27266178e-02 1.46009520e-01 2.13886306e-01 7.36926800e+00
 5.63227645e+01 4.40641344e-02 4.02837873e-01 3.37554991e-01
 3.00000000e+00 3.60000000e+01]
  - 86: [4.27266178e-02 1.46009520e-01 2.13886306e-01 7.70225923e+00
 5.63227645e+01 4.40641344e-02 4.02837873e-01 3.37554991e-01
 3.00000000e+00 3.60000000e+01]
  - 87: [4.27266178e-02 1.46009520e-01 2.13886306e-01 7.71696937e+00
 5.63227645e+01 4.40641344e-02 4.02837873e-01 3.37554991e-01
 3.00000000e+00 3.60000000e+01]
  - 88: [4.27266178e-02 1.46009520e-01 2.13886306e-01 7.44978664e+00
 5.63227645e+01 4.40641344e-02 4.02837873e-01 3.37554991e-01
 3.00000000e+00 3.60000000e+01]
  - 89: [4.27266178e-02 1.46009520e-01 2.13886306e-01 7.40357308e+00
 5.63227645e+01 4.40641344e-02 4.02837873e-01 3.37554991e-01
 3.00000000e+00 3.60000000e+01]
  - 90: [4.27266178e-02 1.46009520e-01 2.13886306e-01 7.56806813e+00
 5.63227645e+01 4.40641344e-02 4.02837873e-01 3.37554991e-01
 3.00000000e+00 3.60000000e+01]
  - 91: [4.27266178e-02 1.46009520e-01 2.13886306e-01 7.46241561e+00
 5.63227645e+01 4.40641344e-02 4.02837873e-01 3.37554991e-01
 3.00000000e+00 3.60000000e+01]
  - 92: [4.27266178e-02 1.46009520e-01 2.13886306e-01 7.66784734e+00
 5.63227645e+01 4.40641344e-02 4.02837873e-01 3.37554991e-01
 3.00000000e+00 3.60000000e+01]
  - 93: [4.27266178e-02 1.46009520e-01 2.13886306e-01 7.66201650e+00
 5.63227645e+01 4.40641344e-02 4.02837873e-01 3.37554991e-01
 3.00000000e+00 3.60000000e+01]
  - 94: [4.27266178e-02 1.46009520e-01 2.13886306e-01 7.89794391e+00
 5.63227645e+01 4.40641344e-02 4.02837873e-01 3.37554991e-01
 3.00000000e+00 3.60000000e+01]
  - 95: [4.27266178e-02 1.46009520e-01 2.13886306e-01 7.40285923e+00
 5.63227645e+01 4.40641344e-02 4.02837873e-01 3.37554991e-01
 3.00000000e+00 3.60000000e+01]
  - 96: [4.27266178e-02 1.46009520e-01 2.13886306e-01 7.76333087e+00
 5.63227645e+01 4.40641344e-02 4.02837873e-01 3.37554991e-01
 3.00000000e+00 3.60000000e+01]
  - 97: [4.27266178e-02 1.46009520e-01 2.13886306e-01 7.73117132e+00
 5.63227645e+01 4.40641344e-02 4.02837873e-01 3.37554991e-01
 3.00000000e+00 3.60000000e+01]
  - 98: [4.27266178e-02 1.46009520e-01 2.13886306e-01 7.53468522e+00
 5.63227645e+01 4.40641344e-02 4.02837873e-01 3.37554991e-01
 3.00000000e+00 3.60000000e+01]
  - 99: [4.27266178e-02 1.46009520e-01 2.13886306e-01 7.31616476e+00
 5.63227645e+01 4.40641344e-02 4.02837873e-01 3.37554991e-01
 3.00000000e+00 3.60000000e+01]
Updating sensitivity info in ERGOM_Arkona_observability_ARGO_DIC_JUN.pickle with model results...
Done
