Starting ppserver on r512c04n04,r512c05n01:59457
Host names provided to parsac: r512c04n04:59457,r512c05n01:59457,
Starting parsac
Reading sensitivity samples from ERGOM_Arkona_observability_ARGO_DIC_JAN.pickle...
Reading configuration from Arkona_observability_ARGO_DIC_JAN.xml...
Starting Parallel Python server...
Giving Parallel Python 10 seconds to connect to: r512c04n04:59457, r512c05n01:59457
Running on:
   local: 0 cpus
   r512c05n01:59457: 48 cpus
   r512c04n04:59457: 48 cpus
Total number of cpus: 96
Starting model run...
Model run took 3.2 s.
 Processed /g100_scratch/usertrain/a08trb35/ERGOM_Arkona_JAN_ARGO_DIC_OBSERVABILITY/0000...
Starting model run...
Model run took 3.3 s.
 Processed /g100_scratch/usertrain/a08trb35/ERGOM_Arkona_JAN_ARGO_DIC_OBSERVABILITY/0001...
Starting model run...
Model run took 3.3 s.
 Processed /g100_scratch/usertrain/a08trb35/ERGOM_Arkona_JAN_ARGO_DIC_OBSERVABILITY/0002...
Starting model run...
Model run took 3.2 s.
 Processed /g100_scratch/usertrain/a08trb35/ERGOM_Arkona_JAN_ARGO_DIC_OBSERVABILITY/0003...
Starting model run...
Model run took 3.2 s.
 Processed /g100_scratch/usertrain/a08trb35/ERGOM_Arkona_JAN_ARGO_DIC_OBSERVABILITY/0004...
Starting model run...
Model run took 3.1 s.
 Processed /g100_scratch/usertrain/a08trb35/ERGOM_Arkona_JAN_ARGO_DIC_OBSERVABILITY/0005...
Starting model run...
Model run took 3.3 s.
 Processed /g100_scratch/usertrain/a08trb35/ERGOM_Arkona_JAN_ARGO_DIC_OBSERVABILITY/0006...
Starting model run...
Model run took 3.6 s.
 Processed /g100_scratch/usertrain/a08trb35/ERGOM_Arkona_JAN_ARGO_DIC_OBSERVABILITY/0007...
Starting model run...
Model run took 3.3 s.
 Processed /g100_scratch/usertrain/a08trb35/ERGOM_Arkona_JAN_ARGO_DIC_OBSERVABILITY/0008...
Starting model run...
Model run took 3.4 s.
 Processed /g100_scratch/usertrain/a08trb35/ERGOM_Arkona_JAN_ARGO_DIC_OBSERVABILITY/0009...
Starting model run...
Model run took 3.3 s.
 Processed /g100_scratch/usertrain/a08trb35/ERGOM_Arkona_JAN_ARGO_DIC_OBSERVABILITY/0010...
Starting model run...
Model run took 3.5 s.
 Processed /g100_scratch/usertrain/a08trb35/ERGOM_Arkona_JAN_ARGO_DIC_OBSERVABILITY/0011...
Starting model run...
Model run took 3.7 s.
 Processed /g100_scratch/usertrain/a08trb35/ERGOM_Arkona_JAN_ARGO_DIC_OBSERVABILITY/0012...
Starting model run...
Model run took 3.4 s.
 Processed /g100_scratch/usertrain/a08trb35/ERGOM_Arkona_JAN_ARGO_DIC_OBSERVABILITY/0013...
Starting model run...
Model run took 3.2 s.
 Processed /g100_scratch/usertrain/a08trb35/ERGOM_Arkona_JAN_ARGO_DIC_OBSERVABILITY/0014...
Starting model run...
Model run took 3.3 s.
 Processed /g100_scratch/usertrain/a08trb35/ERGOM_Arkona_JAN_ARGO_DIC_OBSERVABILITY/0015...
Starting model run...
Model run took 3.2 s.
 Processed /g100_scratch/usertrain/a08trb35/ERGOM_Arkona_JAN_ARGO_DIC_OBSERVABILITY/0016...
Starting model run...
Model run took 3.4 s.
 Processed /g100_scratch/usertrain/a08trb35/ERGOM_Arkona_JAN_ARGO_DIC_OBSERVABILITY/0017...
Starting model run...
Model run took 3.3 s.
 Processed /g100_scratch/usertrain/a08trb35/ERGOM_Arkona_JAN_ARGO_DIC_OBSERVABILITY/0018...
Starting model run...
Model run took 3.3 s.
 Processed /g100_scratch/usertrain/a08trb35/ERGOM_Arkona_JAN_ARGO_DIC_OBSERVABILITY/0019...
Starting model run...
Model run took 3.5 s.
 Processed /g100_scratch/usertrain/a08trb35/ERGOM_Arkona_JAN_ARGO_DIC_OBSERVABILITY/0020...
Starting model run...
Model run took 3.2 s.
 Processed /g100_scratch/usertrain/a08trb35/ERGOM_Arkona_JAN_ARGO_DIC_OBSERVABILITY/0021...
Starting model run...
Model run took 3.3 s.
 Processed /g100_scratch/usertrain/a08trb35/ERGOM_Arkona_JAN_ARGO_DIC_OBSERVABILITY/0022...
Starting model run...
Model run took 3.4 s.
 Processed /g100_scratch/usertrain/a08trb35/ERGOM_Arkona_JAN_ARGO_DIC_OBSERVABILITY/0023...
Starting model run...
Model run took 3.2 s.
 Processed /g100_scratch/usertrain/a08trb35/ERGOM_Arkona_JAN_ARGO_DIC_OBSERVABILITY/0024...
Starting model run...
Model run took 3.3 s.
 Processed /g100_scratch/usertrain/a08trb35/ERGOM_Arkona_JAN_ARGO_DIC_OBSERVABILITY/0025...
Starting model run...
Model run took 3.4 s.
 Processed /g100_scratch/usertrain/a08trb35/ERGOM_Arkona_JAN_ARGO_DIC_OBSERVABILITY/0026...
Starting model run...
Model run took 3.2 s.
 Processed /g100_scratch/usertrain/a08trb35/ERGOM_Arkona_JAN_ARGO_DIC_OBSERVABILITY/0027...
Starting model run...
Model run took 3.2 s.
 Processed /g100_scratch/usertrain/a08trb35/ERGOM_Arkona_JAN_ARGO_DIC_OBSERVABILITY/0028...
Starting model run...
Model run took 3.3 s.
 Processed /g100_scratch/usertrain/a08trb35/ERGOM_Arkona_JAN_ARGO_DIC_OBSERVABILITY/0029...
Starting model run...
Model run took 3.4 s.
 Processed /g100_scratch/usertrain/a08trb35/ERGOM_Arkona_JAN_ARGO_DIC_OBSERVABILITY/0030...
Starting model run...
Model run took 3.3 s.
 Processed /g100_scratch/usertrain/a08trb35/ERGOM_Arkona_JAN_ARGO_DIC_OBSERVABILITY/0031...
Starting model run...
Model run took 3.2 s.
 Processed /g100_scratch/usertrain/a08trb35/ERGOM_Arkona_JAN_ARGO_DIC_OBSERVABILITY/0032...
Starting model run...
Model run took 3.3 s.
 Processed /g100_scratch/usertrain/a08trb35/ERGOM_Arkona_JAN_ARGO_DIC_OBSERVABILITY/0033...
Starting model run...
Model run took 3.4 s.
 Processed /g100_scratch/usertrain/a08trb35/ERGOM_Arkona_JAN_ARGO_DIC_OBSERVABILITY/0034...
Starting model run...
Model run took 3.5 s.
 Processed /g100_scratch/usertrain/a08trb35/ERGOM_Arkona_JAN_ARGO_DIC_OBSERVABILITY/0035...
Starting model run...
Model run took 3.2 s.
 Processed /g100_scratch/usertrain/a08trb35/ERGOM_Arkona_JAN_ARGO_DIC_OBSERVABILITY/0036...
Starting model run...
Model run took 3.2 s.
 Processed /g100_scratch/usertrain/a08trb35/ERGOM_Arkona_JAN_ARGO_DIC_OBSERVABILITY/0037...
Starting model run...
Model run took 3.4 s.
 Processed /g100_scratch/usertrain/a08trb35/ERGOM_Arkona_JAN_ARGO_DIC_OBSERVABILITY/0038...
Starting model run...
Model run took 3.3 s.
 Processed /g100_scratch/usertrain/a08trb35/ERGOM_Arkona_JAN_ARGO_DIC_OBSERVABILITY/0039...
Starting model run...
Model run took 3.1 s.
 Processed /g100_scratch/usertrain/a08trb35/ERGOM_Arkona_JAN_ARGO_DIC_OBSERVABILITY/0040...
Starting model run...
Model run took 3.3 s.
 Processed /g100_scratch/usertrain/a08trb35/ERGOM_Arkona_JAN_ARGO_DIC_OBSERVABILITY/0041...
Starting model run...
Model run took 3.4 s.
 Processed /g100_scratch/usertrain/a08trb35/ERGOM_Arkona_JAN_ARGO_DIC_OBSERVABILITY/0042...
Starting model run...
Model run took 3.2 s.
 Processed /g100_scratch/usertrain/a08trb35/ERGOM_Arkona_JAN_ARGO_DIC_OBSERVABILITY/0043...
Starting model run...
Model run took 3.3 s.
 Processed /g100_scratch/usertrain/a08trb35/ERGOM_Arkona_JAN_ARGO_DIC_OBSERVABILITY/0044...
Starting model run...
Model run took 3.2 s.
 Processed /g100_scratch/usertrain/a08trb35/ERGOM_Arkona_JAN_ARGO_DIC_OBSERVABILITY/0045...
Starting model run...
Model run took 3.3 s.
 Processed /g100_scratch/usertrain/a08trb35/ERGOM_Arkona_JAN_ARGO_DIC_OBSERVABILITY/0046...
Starting model run...
Model run took 3.2 s.
 Processed /g100_scratch/usertrain/a08trb35/ERGOM_Arkona_JAN_ARGO_DIC_OBSERVABILITY/0047...
Starting model run...
Model run took 3.3 s.
 Processed /g100_scratch/usertrain/a08trb35/ERGOM_Arkona_JAN_ARGO_DIC_OBSERVABILITY/0048...
Starting model run...
Model run took 3.2 s.
 Processed /g100_scratch/usertrain/a08trb35/ERGOM_Arkona_JAN_ARGO_DIC_OBSERVABILITY/0049...
Starting model run...
Model run took 3.2 s.
 Processed /g100_scratch/usertrain/a08trb35/ERGOM_Arkona_JAN_ARGO_DIC_OBSERVABILITY/0050...
Starting model run...
Model run took 3.2 s.
 Processed /g100_scratch/usertrain/a08trb35/ERGOM_Arkona_JAN_ARGO_DIC_OBSERVABILITY/0051...
Starting model run...
Model run took 3.4 s.
 Processed /g100_scratch/usertrain/a08trb35/ERGOM_Arkona_JAN_ARGO_DIC_OBSERVABILITY/0052...
Starting model run...
Model run took 3.2 s.
 Processed /g100_scratch/usertrain/a08trb35/ERGOM_Arkona_JAN_ARGO_DIC_OBSERVABILITY/0053...
Starting model run...
Model run took 3.3 s.
 Processed /g100_scratch/usertrain/a08trb35/ERGOM_Arkona_JAN_ARGO_DIC_OBSERVABILITY/0054...
Starting model run...
Model run took 3.2 s.
 Processed /g100_scratch/usertrain/a08trb35/ERGOM_Arkona_JAN_ARGO_DIC_OBSERVABILITY/0055...
Starting model run...
Model run took 3.2 s.
 Processed /g100_scratch/usertrain/a08trb35/ERGOM_Arkona_JAN_ARGO_DIC_OBSERVABILITY/0056...
Starting model run...
Model run took 3.1 s.
 Processed /g100_scratch/usertrain/a08trb35/ERGOM_Arkona_JAN_ARGO_DIC_OBSERVABILITY/0057...
Starting model run...
Model run took 3.3 s.
 Processed /g100_scratch/usertrain/a08trb35/ERGOM_Arkona_JAN_ARGO_DIC_OBSERVABILITY/0058...
Starting model run...
Model run took 3.2 s.
 Processed /g100_scratch/usertrain/a08trb35/ERGOM_Arkona_JAN_ARGO_DIC_OBSERVABILITY/0059...
Starting model run...
Model run took 3.4 s.
 Processed /g100_scratch/usertrain/a08trb35/ERGOM_Arkona_JAN_ARGO_DIC_OBSERVABILITY/0060...
Starting model run...
Model run took 3.5 s.
 Processed /g100_scratch/usertrain/a08trb35/ERGOM_Arkona_JAN_ARGO_DIC_OBSERVABILITY/0061...
Starting model run...
Model run took 3.5 s.
 Processed /g100_scratch/usertrain/a08trb35/ERGOM_Arkona_JAN_ARGO_DIC_OBSERVABILITY/0062...
Starting model run...
Model run took 3.1 s.
 Processed /g100_scratch/usertrain/a08trb35/ERGOM_Arkona_JAN_ARGO_DIC_OBSERVABILITY/0063...
Starting model run...
Model run took 3.5 s.
 Processed /g100_scratch/usertrain/a08trb35/ERGOM_Arkona_JAN_ARGO_DIC_OBSERVABILITY/0064...
Starting model run...
Model run took 3.2 s.
 Processed /g100_scratch/usertrain/a08trb35/ERGOM_Arkona_JAN_ARGO_DIC_OBSERVABILITY/0065...
Starting model run...
Model run took 3.3 s.
 Processed /g100_scratch/usertrain/a08trb35/ERGOM_Arkona_JAN_ARGO_DIC_OBSERVABILITY/0066...
Starting model run...
Model run took 3.2 s.
 Processed /g100_scratch/usertrain/a08trb35/ERGOM_Arkona_JAN_ARGO_DIC_OBSERVABILITY/0067...
Starting model run...
Model run took 3.6 s.
 Processed /g100_scratch/usertrain/a08trb35/ERGOM_Arkona_JAN_ARGO_DIC_OBSERVABILITY/0068...
Starting model run...
Model run took 3.1 s.
 Processed /g100_scratch/usertrain/a08trb35/ERGOM_Arkona_JAN_ARGO_DIC_OBSERVABILITY/0069...
Starting model run...
Model run took 3.2 s.
 Processed /g100_scratch/usertrain/a08trb35/ERGOM_Arkona_JAN_ARGO_DIC_OBSERVABILITY/0070...
Starting model run...
Model run took 3.5 s.
 Processed /g100_scratch/usertrain/a08trb35/ERGOM_Arkona_JAN_ARGO_DIC_OBSERVABILITY/0071...
Starting model run...
Model run took 3.2 s.
 Processed /g100_scratch/usertrain/a08trb35/ERGOM_Arkona_JAN_ARGO_DIC_OBSERVABILITY/0072...
Starting model run...
Model run took 3.2 s.
 Processed /g100_scratch/usertrain/a08trb35/ERGOM_Arkona_JAN_ARGO_DIC_OBSERVABILITY/0073...
Starting model run...
Model run took 3.3 s.
 Processed /g100_scratch/usertrain/a08trb35/ERGOM_Arkona_JAN_ARGO_DIC_OBSERVABILITY/0074...
Starting model run...
Model run took 3.2 s.
 Processed /g100_scratch/usertrain/a08trb35/ERGOM_Arkona_JAN_ARGO_DIC_OBSERVABILITY/0075...
Starting model run...
Model run took 3.2 s.
 Processed /g100_scratch/usertrain/a08trb35/ERGOM_Arkona_JAN_ARGO_DIC_OBSERVABILITY/0076...
Starting model run...
Model run took 3.5 s.
 Processed /g100_scratch/usertrain/a08trb35/ERGOM_Arkona_JAN_ARGO_DIC_OBSERVABILITY/0077...
Starting model run...
Model run took 3.2 s.
 Processed /g100_scratch/usertrain/a08trb35/ERGOM_Arkona_JAN_ARGO_DIC_OBSERVABILITY/0078...
Starting model run...
Model run took 3.3 s.
 Processed /g100_scratch/usertrain/a08trb35/ERGOM_Arkona_JAN_ARGO_DIC_OBSERVABILITY/0079...
Starting model run...
Model run took 3.2 s.
 Processed /g100_scratch/usertrain/a08trb35/ERGOM_Arkona_JAN_ARGO_DIC_OBSERVABILITY/0080...
Starting model run...
Model run took 3.2 s.
 Processed /g100_scratch/usertrain/a08trb35/ERGOM_Arkona_JAN_ARGO_DIC_OBSERVABILITY/0081...
Starting model run...
Model run took 3.4 s.
 Processed /g100_scratch/usertrain/a08trb35/ERGOM_Arkona_JAN_ARGO_DIC_OBSERVABILITY/0082...
Starting model run...
Model run took 3.2 s.
 Processed /g100_scratch/usertrain/a08trb35/ERGOM_Arkona_JAN_ARGO_DIC_OBSERVABILITY/0083...
Starting model run...
Model run took 3.3 s.
 Processed /g100_scratch/usertrain/a08trb35/ERGOM_Arkona_JAN_ARGO_DIC_OBSERVABILITY/0084...
Starting model run...
Model run took 3.2 s.
 Processed /g100_scratch/usertrain/a08trb35/ERGOM_Arkona_JAN_ARGO_DIC_OBSERVABILITY/0085...
Starting model run...
Model run took 3.2 s.
 Processed /g100_scratch/usertrain/a08trb35/ERGOM_Arkona_JAN_ARGO_DIC_OBSERVABILITY/0086...
Starting model run...
Model run took 3.2 s.
 Processed /g100_scratch/usertrain/a08trb35/ERGOM_Arkona_JAN_ARGO_DIC_OBSERVABILITY/0087...
Starting model run...
Model run took 3.3 s.
 Processed /g100_scratch/usertrain/a08trb35/ERGOM_Arkona_JAN_ARGO_DIC_OBSERVABILITY/0088...
Starting model run...
Model run took 3.4 s.
 Processed /g100_scratch/usertrain/a08trb35/ERGOM_Arkona_JAN_ARGO_DIC_OBSERVABILITY/0089...
Starting model run...
Model run took 3.3 s.
 Processed /g100_scratch/usertrain/a08trb35/ERGOM_Arkona_JAN_ARGO_DIC_OBSERVABILITY/0090...
Starting model run...
Model run took 3.2 s.
 Processed /g100_scratch/usertrain/a08trb35/ERGOM_Arkona_JAN_ARGO_DIC_OBSERVABILITY/0091...
Starting model run...
Model run took 3.1 s.
 Processed /g100_scratch/usertrain/a08trb35/ERGOM_Arkona_JAN_ARGO_DIC_OBSERVABILITY/0092...
Starting model run...
Model run took 3.3 s.
 Processed /g100_scratch/usertrain/a08trb35/ERGOM_Arkona_JAN_ARGO_DIC_OBSERVABILITY/0093...
Starting model run...
Model run took 3.6 s.
 Processed /g100_scratch/usertrain/a08trb35/ERGOM_Arkona_JAN_ARGO_DIC_OBSERVABILITY/0094...
Starting model run...
Model run took 3.2 s.
 Processed /g100_scratch/usertrain/a08trb35/ERGOM_Arkona_JAN_ARGO_DIC_OBSERVABILITY/0095...
Starting model run...
Model run took 3.1 s.
 Processed /g100_scratch/usertrain/a08trb35/ERGOM_Arkona_JAN_ARGO_DIC_OBSERVABILITY/0096...
Starting model run...
Model run took 3.2 s.
 Processed /g100_scratch/usertrain/a08trb35/ERGOM_Arkona_JAN_ARGO_DIC_OBSERVABILITY/0097...
Starting model run...
Model run took 3.1 s.
 Processed /g100_scratch/usertrain/a08trb35/ERGOM_Arkona_JAN_ARGO_DIC_OBSERVABILITY/0098...
Starting model run...
Model run took 3.1 s.
 Processed /g100_scratch/usertrain/a08trb35/ERGOM_Arkona_JAN_ARGO_DIC_OBSERVABILITY/0099...
Retrieving value of target expression(s) for each ensemble member...
  - 0: [4.48771159e-02 1.01775385e-01 2.49872968e-01 7.92006768e+00
 1.31724805e+02 8.79977524e-01 3.00433636e-01 2.44751215e-01
 3.30000000e+01 4.20000000e+01]
  - 1: [4.48771159e-02 1.01775385e-01 2.49872968e-01 7.74066976e+00
 1.31724805e+02 8.79977524e-01 3.00433636e-01 2.44751215e-01
 3.30000000e+01 4.20000000e+01]
  - 2: [4.48771159e-02 1.01775385e-01 2.49872968e-01 7.77738851e+00
 1.31724805e+02 8.79977524e-01 3.00433636e-01 2.44751215e-01
 3.30000000e+01 4.20000000e+01]
  - 3: [4.48771159e-02 1.01775385e-01 2.49872968e-01 7.83367445e+00
 1.31724805e+02 8.79977524e-01 3.00433636e-01 2.44751215e-01
 3.30000000e+01 4.20000000e+01]
  - 4: [4.48771159e-02 1.01775385e-01 2.49872968e-01 7.87580499e+00
 1.31724805e+02 8.79977524e-01 3.00433636e-01 2.44751215e-01
 3.30000000e+01 4.20000000e+01]
  - 5: [4.48771159e-02 1.01775385e-01 2.49872968e-01 8.05199178e+00
 1.31724805e+02 8.79977524e-01 3.00433636e-01 2.44751215e-01
 3.30000000e+01 4.20000000e+01]
  - 6: [4.48771159e-02 1.01775385e-01 2.49872968e-01 7.57605591e+00
 1.31724805e+02 8.79977524e-01 3.00433636e-01 2.44751215e-01
 3.30000000e+01 4.20000000e+01]
  - 7: [4.48771159e-02 1.01775385e-01 2.49872968e-01 7.58137682e+00
 1.31724805e+02 8.79977524e-01 3.00433636e-01 2.44751215e-01
 3.30000000e+01 4.20000000e+01]
  - 8: [4.48771159e-02 1.01775385e-01 2.49872968e-01 7.63781874e+00
 1.31724805e+02 8.79977524e-01 3.00433636e-01 2.44751215e-01
 3.30000000e+01 4.20000000e+01]
  - 9: [4.48771159e-02 1.01775385e-01 2.49872968e-01 8.11201986e+00
 1.31724805e+02 8.79977524e-01 3.00433636e-01 2.44751215e-01
 3.30000000e+01 4.20000000e+01]
  - 10: [4.48771159e-02 1.01775385e-01 2.49872968e-01 7.76398994e+00
 1.31724805e+02 8.79977524e-01 3.00433636e-01 2.44751215e-01
 3.30000000e+01 4.20000000e+01]
  - 11: [4.48771159e-02 1.01775385e-01 2.49872968e-01 7.61189033e+00
 1.31724805e+02 8.79977524e-01 3.00433636e-01 2.44751215e-01
 3.30000000e+01 4.20000000e+01]
  - 12: [4.48771159e-02 1.01775385e-01 2.49872968e-01 7.62597182e+00
 1.31724805e+02 8.79977524e-01 3.00433636e-01 2.44751215e-01
 3.30000000e+01 4.20000000e+01]
  - 13: [4.48771159e-02 1.01775385e-01 2.49872968e-01 7.75324232e+00
 1.31724805e+02 8.79977524e-01 3.00433636e-01 2.44751215e-01
 3.30000000e+01 4.20000000e+01]
  - 14: [4.48771159e-02 1.01775385e-01 2.49872968e-01 7.53540853e+00
 1.31724805e+02 8.79977524e-01 3.00433636e-01 2.44751215e-01
 3.30000000e+01 4.20000000e+01]
  - 15: [4.48771159e-02 1.01775385e-01 2.49872968e-01 7.68594835e+00
 1.31724805e+02 8.79977524e-01 3.00433636e-01 2.44751215e-01
 3.30000000e+01 4.20000000e+01]
  - 16: [4.48771159e-02 1.01775385e-01 2.49872968e-01 7.64824422e+00
 1.31724805e+02 8.79977524e-01 3.00433636e-01 2.44751215e-01
 3.30000000e+01 4.20000000e+01]
  - 17: [4.48771159e-02 1.01775385e-01 2.49872968e-01 7.58099569e+00
 1.31724805e+02 8.79977524e-01 3.00433636e-01 2.44751215e-01
 3.30000000e+01 4.20000000e+01]
  - 18: [4.48771159e-02 1.01775385e-01 2.49872968e-01 7.53573812e+00
 1.31724805e+02 8.79977524e-01 3.00433636e-01 2.44751215e-01
 3.30000000e+01 4.20000000e+01]
  - 19: [4.48771159e-02 1.01775385e-01 2.49872968e-01 7.77682563e+00
 1.31724805e+02 8.79977524e-01 3.00433636e-01 2.44751215e-01
 3.30000000e+01 4.20000000e+01]
  - 20: [4.48771159e-02 1.01775385e-01 2.49872968e-01 7.99994303e+00
 1.31724805e+02 8.79977524e-01 3.00433636e-01 2.44751215e-01
 3.30000000e+01 4.20000000e+01]
  - 21: [4.48771159e-02 1.01775385e-01 2.49872968e-01 8.04597304e+00
 1.31724805e+02 8.79977524e-01 3.00433636e-01 2.44751215e-01
 3.30000000e+01 4.20000000e+01]
  - 22: [4.48771159e-02 1.01775385e-01 2.49872968e-01 7.69232788e+00
 1.31724805e+02 8.79977524e-01 3.00433636e-01 2.44751215e-01
 3.30000000e+01 4.20000000e+01]
  - 23: [4.48771159e-02 1.01775385e-01 2.49872968e-01 7.70387777e+00
 1.31724805e+02 8.79977524e-01 3.00433636e-01 2.44751215e-01
 3.30000000e+01 4.20000000e+01]
  - 24: [4.48771159e-02 1.01775385e-01 2.49872968e-01 7.70772095e+00
 1.31724805e+02 8.79977524e-01 3.00433636e-01 2.44751215e-01
 3.30000000e+01 4.20000000e+01]
  - 25: [4.48771159e-02 1.01775385e-01 2.49872968e-01 7.53850369e+00
 1.31724805e+02 8.79977524e-01 3.00433636e-01 2.44751215e-01
 3.30000000e+01 4.20000000e+01]
  - 26: [4.48771159e-02 1.01775385e-01 2.49872968e-01 7.66718953e+00
 1.31724805e+02 8.79977524e-01 3.00433636e-01 2.44751215e-01
 3.30000000e+01 4.20000000e+01]
  - 27: [4.48771159e-02 1.01775385e-01 2.49872968e-01 7.63391385e+00
 1.31724805e+02 8.79977524e-01 3.00433636e-01 2.44751215e-01
 3.30000000e+01 4.20000000e+01]
  - 28: [4.48771159e-02 1.01775385e-01 2.49872968e-01 7.75840861e+00
 1.31724805e+02 8.79977524e-01 3.00433636e-01 2.44751215e-01
 3.30000000e+01 4.20000000e+01]
  - 29: [4.48771159e-02 1.01775385e-01 2.49872968e-01 7.84876980e+00
 1.31724805e+02 8.79977524e-01 3.00433636e-01 2.44751215e-01
 3.30000000e+01 4.20000000e+01]
  - 30: [4.48771159e-02 1.01775385e-01 2.49872968e-01 7.81839328e+00
 1.31724805e+02 8.79977524e-01 3.00433636e-01 2.44751215e-01
 3.30000000e+01 4.20000000e+01]
  - 31: [4.48771159e-02 1.01775385e-01 2.49872968e-01 7.54772475e+00
 1.31724805e+02 8.79977524e-01 3.00433636e-01 2.44751215e-01
 3.30000000e+01 4.20000000e+01]
  - 32: [4.48771159e-02 1.01775385e-01 2.49872968e-01 7.59845039e+00
 1.31724805e+02 8.79977524e-01 3.00433636e-01 2.44751215e-01
 3.30000000e+01 4.20000000e+01]
  - 33: [4.48771159e-02 1.01775385e-01 2.49872968e-01 7.71868557e+00
 1.31724805e+02 8.79977524e-01 3.00433636e-01 2.44751215e-01
 3.30000000e+01 4.20000000e+01]
  - 34: [4.48771159e-02 1.01775385e-01 2.49872968e-01 7.89017334e+00
 1.31724805e+02 8.79977524e-01 3.00433636e-01 2.44751215e-01
 3.30000000e+01 4.20000000e+01]
  - 35: [4.48771159e-02 1.01775385e-01 2.49872968e-01 7.81115655e+00
 1.31724805e+02 8.79977524e-01 3.00433636e-01 2.44751215e-01
 3.30000000e+01 4.20000000e+01]
  - 36: [4.48771159e-02 1.01775385e-01 2.49872968e-01 7.90109321e+00
 1.31724805e+02 8.79977524e-01 3.00433636e-01 2.44751215e-01
 3.30000000e+01 4.20000000e+01]
  - 37: [4.48771159e-02 1.01775385e-01 2.49872968e-01 7.60715875e+00
 1.31724805e+02 8.79977524e-01 3.00433636e-01 2.44751215e-01
 3.30000000e+01 4.20000000e+01]
  - 38: [4.48771159e-02 1.01775385e-01 2.49872968e-01 7.87225003e+00
 1.31724805e+02 8.79977524e-01 3.00433636e-01 2.44751215e-01
 3.30000000e+01 4.20000000e+01]
  - 39: [4.48771159e-02 1.01775385e-01 2.49872968e-01 7.52905477e+00
 1.31724805e+02 8.79977524e-01 3.00433636e-01 2.44751215e-01
 3.30000000e+01 4.20000000e+01]
  - 40: [4.48771159e-02 1.01775385e-01 2.49872968e-01 7.60421414e+00
 1.31724805e+02 8.79977524e-01 3.00433636e-01 2.44751215e-01
 3.30000000e+01 4.20000000e+01]
  - 41: [4.48771159e-02 1.01775385e-01 2.49872968e-01 7.63627794e+00
 1.31724805e+02 8.79977524e-01 3.00433636e-01 2.44751215e-01
 3.30000000e+01 4.20000000e+01]
  - 42: [4.48771159e-02 1.01775385e-01 2.49872968e-01 7.91775445e+00
 1.31724805e+02 8.79977524e-01 3.00433636e-01 2.44751215e-01
 3.30000000e+01 4.20000000e+01]
  - 43: [4.48771159e-02 1.01775385e-01 2.49872968e-01 8.08338148e+00
 1.31724805e+02 8.79977524e-01 3.00433636e-01 2.44751215e-01
 3.30000000e+01 4.20000000e+01]
  - 44: [4.48771159e-02 1.01775385e-01 2.49872968e-01 7.55422160e+00
 1.31724805e+02 8.79977524e-01 3.00433636e-01 2.44751215e-01
 3.30000000e+01 4.20000000e+01]
  - 45: [4.48771159e-02 1.01775385e-01 2.49872968e-01 7.70561117e+00
 1.31724805e+02 8.79977524e-01 3.00433636e-01 2.44751215e-01
 3.30000000e+01 4.20000000e+01]
  - 46: [4.48771159e-02 1.01775385e-01 2.49872968e-01 7.89411892e+00
 1.31724805e+02 8.79977524e-01 3.00433636e-01 2.44751215e-01
 3.30000000e+01 4.20000000e+01]
  - 47: [4.48771159e-02 1.01775385e-01 2.49872968e-01 7.79444716e+00
 1.31724805e+02 8.79977524e-01 3.00433636e-01 2.44751215e-01
 3.30000000e+01 4.20000000e+01]
  - 48: [4.48771159e-02 1.01775385e-01 2.49872968e-01 7.75661282e+00
 1.31724805e+02 8.79977524e-01 3.00433636e-01 2.44751215e-01
 3.30000000e+01 4.20000000e+01]
  - 49: [4.48771159e-02 1.01775385e-01 2.49872968e-01 7.62767131e+00
 1.31724805e+02 8.79977524e-01 3.00433636e-01 2.44751215e-01
 3.30000000e+01 4.20000000e+01]
  - 50: [4.48771159e-02 1.01775385e-01 2.49872968e-01 8.11239285e+00
 1.31724805e+02 8.79977524e-01 3.00433636e-01 2.44751215e-01
 3.30000000e+01 4.20000000e+01]
  - 51: [4.48771159e-02 1.01775385e-01 2.49872968e-01 7.68929850e+00
 1.31724805e+02 8.79977524e-01 3.00433636e-01 2.44751215e-01
 3.30000000e+01 4.20000000e+01]
  - 52: [4.48771159e-02 1.01775385e-01 2.49872968e-01 7.75416395e+00
 1.31724805e+02 8.79977524e-01 3.00433636e-01 2.44751215e-01
 3.30000000e+01 4.20000000e+01]
  - 53: [4.48771159e-02 1.01775385e-01 2.49872968e-01 7.73316583e+00
 1.31724805e+02 8.79977524e-01 3.00433636e-01 2.44751215e-01
 3.30000000e+01 4.20000000e+01]
  - 54: [4.48771159e-02 1.01775385e-01 2.49872968e-01 7.80147773e+00
 1.31724805e+02 8.79977524e-01 3.00433636e-01 2.44751215e-01
 3.30000000e+01 4.20000000e+01]
  - 55: [4.48771159e-02 1.01775385e-01 2.49872968e-01 7.63954603e+00
 1.31724805e+02 8.79977524e-01 3.00433636e-01 2.44751215e-01
 3.30000000e+01 4.20000000e+01]
  - 56: [4.48771159e-02 1.01775385e-01 2.49872968e-01 7.73505385e+00
 1.31724805e+02 8.79977524e-01 3.00433636e-01 2.44751215e-01
 3.30000000e+01 4.20000000e+01]
  - 57: [4.48771159e-02 1.01775385e-01 2.49872968e-01 7.98111572e+00
 1.31724805e+02 8.79977524e-01 3.00433636e-01 2.44751215e-01
 3.30000000e+01 4.20000000e+01]
  - 58: [4.48771159e-02 1.01775385e-01 2.49872968e-01 7.97522990e+00
 1.31724805e+02 8.79977524e-01 3.00433636e-01 2.44751215e-01
 3.30000000e+01 4.20000000e+01]
  - 59: [4.48771159e-02 1.01775385e-01 2.49872968e-01 7.69254083e+00
 1.31724805e+02 8.79977524e-01 3.00433636e-01 2.44751215e-01
 3.30000000e+01 4.20000000e+01]
  - 60: [4.48771159e-02 1.01775385e-01 2.49872968e-01 8.01287367e+00
 1.31724805e+02 8.79977524e-01 3.00433636e-01 2.44751215e-01
 3.30000000e+01 4.20000000e+01]
  - 61: [4.48771159e-02 1.01775385e-01 2.49872968e-01 7.72532077e+00
 1.31724805e+02 8.79977524e-01 3.00433636e-01 2.44751215e-01
 3.30000000e+01 4.20000000e+01]
  - 62: [4.48771159e-02 1.01775385e-01 2.49872968e-01 7.98653022e+00
 1.31724805e+02 8.79977524e-01 3.00433636e-01 2.44751215e-01
 3.30000000e+01 4.20000000e+01]
  - 63: [4.48771159e-02 1.01775385e-01 2.49872968e-01 7.59776001e+00
 1.31724805e+02 8.79977524e-01 3.00433636e-01 2.44751215e-01
 3.30000000e+01 4.20000000e+01]
  - 64: [4.48771159e-02 1.01775385e-01 2.49872968e-01 7.74266968e+00
 1.31724805e+02 8.79977524e-01 3.00433636e-01 2.44751215e-01
 3.30000000e+01 4.20000000e+01]
  - 65: [4.48771159e-02 1.01775385e-01 2.49872968e-01 7.80664062e+00
 1.31724805e+02 8.79977524e-01 3.00433636e-01 2.44751215e-01
 3.30000000e+01 4.20000000e+01]
  - 66: [4.48771159e-02 1.01775385e-01 2.49872968e-01 7.93776381e+00
 1.31724805e+02 8.79977524e-01 3.00433636e-01 2.44751215e-01
 3.30000000e+01 4.20000000e+01]
  - 67: [4.48771159e-02 1.01775385e-01 2.49872968e-01 7.95088501e+00
 1.31724805e+02 8.79977524e-01 3.00433636e-01 2.44751215e-01
 3.30000000e+01 4.20000000e+01]
  - 68: [4.48771159e-02 1.01775385e-01 2.49872968e-01 7.90712891e+00
 1.31724805e+02 8.79977524e-01 3.00433636e-01 2.44751215e-01
 3.30000000e+01 4.20000000e+01]
  - 69: [4.48771159e-02 1.01775385e-01 2.49872968e-01 7.81074965e+00
 1.31724805e+02 8.79977524e-01 3.00433636e-01 2.44751215e-01
 3.30000000e+01 4.20000000e+01]
  - 70: [4.48771159e-02 1.01775385e-01 2.49872968e-01 7.77096151e+00
 1.31724805e+02 8.79977524e-01 3.00433636e-01 2.44751215e-01
 3.30000000e+01 4.20000000e+01]
  - 71: [4.48771159e-02 1.01775385e-01 2.49872968e-01 7.58283149e+00
 1.31724805e+02 8.79977524e-01 3.00433636e-01 2.44751215e-01
 3.30000000e+01 4.20000000e+01]
  - 72: [4.48771159e-02 1.01775385e-01 2.49872968e-01 8.09003364e+00
 1.31724805e+02 8.79977524e-01 3.00433636e-01 2.44751215e-01
 3.30000000e+01 4.20000000e+01]
  - 73: [4.48771159e-02 1.01775385e-01 2.49872968e-01 8.10074259e+00
 1.31724805e+02 8.79977524e-01 3.00433636e-01 2.44751215e-01
 3.30000000e+01 4.20000000e+01]
  - 74: [4.48771159e-02 1.01775385e-01 2.49872968e-01 8.06536119e+00
 1.31724805e+02 8.79977524e-01 3.00433636e-01 2.44751215e-01
 3.30000000e+01 4.20000000e+01]
  - 75: [4.48771159e-02 1.01775385e-01 2.49872968e-01 7.72003649e+00
 1.31724805e+02 8.79977524e-01 3.00433636e-01 2.44751215e-01
 3.30000000e+01 4.20000000e+01]
  - 76: [4.48771159e-02 1.01775385e-01 2.49872968e-01 7.66311781e+00
 1.31724805e+02 8.79977524e-01 3.00433636e-01 2.44751215e-01
 3.30000000e+01 4.20000000e+01]
  - 77: [4.48771159e-02 1.01775385e-01 2.49872968e-01 7.81001587e+00
 1.31724805e+02 8.79977524e-01 3.00433636e-01 2.44751215e-01
 3.30000000e+01 4.20000000e+01]
  - 78: [4.48771159e-02 1.01775385e-01 2.49872968e-01 7.73766412e+00
 1.31724805e+02 8.79977524e-01 3.00433636e-01 2.44751215e-01
 3.30000000e+01 4.20000000e+01]
  - 79: [4.48771159e-02 1.01775385e-01 2.49872968e-01 7.81488444e+00
 1.31724805e+02 8.79977524e-01 3.00433636e-01 2.44751215e-01
 3.30000000e+01 4.20000000e+01]
  - 80: [4.48771159e-02 1.01775385e-01 2.49872968e-01 7.64988403e+00
 1.31724805e+02 8.79977524e-01 3.00433636e-01 2.44751215e-01
 3.30000000e+01 4.20000000e+01]
  - 81: [4.48771159e-02 1.01775385e-01 2.49872968e-01 7.65831706e+00
 1.31724805e+02 8.79977524e-01 3.00433636e-01 2.44751215e-01
 3.30000000e+01 4.20000000e+01]
  - 82: [4.48771159e-02 1.01775385e-01 2.49872968e-01 7.56867608e+00
 1.31724805e+02 8.79977524e-01 3.00433636e-01 2.44751215e-01
 3.30000000e+01 4.20000000e+01]
  - 83: [4.48771159e-02 1.01775385e-01 2.49872968e-01 7.71956177e+00
 1.31724805e+02 8.79977524e-01 3.00433636e-01 2.44751215e-01
 3.30000000e+01 4.20000000e+01]
  - 84: [4.48771159e-02 1.01775385e-01 2.49872968e-01 7.75649143e+00
 1.31724805e+02 8.79977524e-01 3.00433636e-01 2.44751215e-01
 3.30000000e+01 4.20000000e+01]
  - 85: [4.48771159e-02 1.01775385e-01 2.49872968e-01 7.74492052e+00
 1.31724805e+02 8.79977524e-01 3.00433636e-01 2.44751215e-01
 3.30000000e+01 4.20000000e+01]
  - 86: [4.48771159e-02 1.01775385e-01 2.49872968e-01 8.10422974e+00
 1.31724805e+02 8.79977524e-01 3.00433636e-01 2.44751215e-01
 3.30000000e+01 4.20000000e+01]
  - 87: [4.48771159e-02 1.01775385e-01 2.49872968e-01 7.52762655e+00
 1.31724805e+02 8.79977524e-01 3.00433636e-01 2.44751215e-01
 3.30000000e+01 4.20000000e+01]
  - 88: [4.48771159e-02 1.01775385e-01 2.49872968e-01 7.67517158e+00
 1.31724805e+02 8.79977524e-01 3.00433636e-01 2.44751215e-01
 3.30000000e+01 4.20000000e+01]
  - 89: [4.48771159e-02 1.01775385e-01 2.49872968e-01 8.04029066e+00
 1.31724805e+02 8.79977524e-01 3.00433636e-01 2.44751215e-01
 3.30000000e+01 4.20000000e+01]
  - 90: [4.48771159e-02 1.01775385e-01 2.49872968e-01 7.89589233e+00
 1.31724805e+02 8.79977524e-01 3.00433636e-01 2.44751215e-01
 3.30000000e+01 4.20000000e+01]
  - 91: [4.48771159e-02 1.01775385e-01 2.49872968e-01 7.58451606e+00
 1.31724805e+02 8.79977524e-01 3.00433636e-01 2.44751215e-01
 3.30000000e+01 4.20000000e+01]
  - 92: [4.48771159e-02 1.01775385e-01 2.49872968e-01 7.75853543e+00
 1.31724805e+02 8.79977524e-01 3.00433636e-01 2.44751215e-01
 3.30000000e+01 4.20000000e+01]
  - 93: [4.48771159e-02 1.01775385e-01 2.49872968e-01 7.53701714e+00
 1.31724805e+02 8.79977524e-01 3.00433636e-01 2.44751215e-01
 3.30000000e+01 4.20000000e+01]
  - 94: [4.48771159e-02 1.01775385e-01 2.49872968e-01 7.71948107e+00
 1.31724805e+02 8.79977524e-01 3.00433636e-01 2.44751215e-01
 3.30000000e+01 4.20000000e+01]
  - 95: [4.48771159e-02 1.01775385e-01 2.49872968e-01 7.52956543e+00
 1.31724805e+02 8.79977524e-01 3.00433636e-01 2.44751215e-01
 3.30000000e+01 4.20000000e+01]
  - 96: [4.48771159e-02 1.01775385e-01 2.49872968e-01 7.63928562e+00
 1.31724805e+02 8.79977524e-01 3.00433636e-01 2.44751215e-01
 3.30000000e+01 4.20000000e+01]
  - 97: [4.48771159e-02 1.01775385e-01 2.49872968e-01 7.57528212e+00
 1.31724805e+02 8.79977524e-01 3.00433636e-01 2.44751215e-01
 3.30000000e+01 4.20000000e+01]
  - 98: [4.48771159e-02 1.01775385e-01 2.49872968e-01 7.57746650e+00
 1.31724805e+02 8.79977524e-01 3.00433636e-01 2.44751215e-01
 3.30000000e+01 4.20000000e+01]
  - 99: [4.48771159e-02 1.01775385e-01 2.49872968e-01 7.76415337e+00
 1.31724805e+02 8.79977524e-01 3.00433636e-01 2.44751215e-01
 3.30000000e+01 4.20000000e+01]
Updating sensitivity info in ERGOM_Arkona_observability_ARGO_DIC_JAN.pickle with model results...
Done
