Starting ppserver on r513c02n[01-02]:62033
Host names provided to parsac: r513c02n01:62033,r513c02n02:62033,
Starting parsac
Reading sensitivity samples from ERGOM_Arkona_observability_ARGO_POC_JUN.pickle...
Reading configuration from Arkona_observability_ARGO_POC_JUN.xml...
Starting Parallel Python server...
Giving Parallel Python 10 seconds to connect to: r513c02n01:62033, r513c02n02:62033
Running on:
   local: 0 cpus
   r513c02n02:62033: 48 cpus
   r513c02n01:62033: 48 cpus
Total number of cpus: 96
Starting model run...
Model run took 3.4 s.
 Processed /g100_scratch/usertrain/a08trb35/ERGOM_Arkona_JUN_ARGO_POC_OBSERVABILITY/0000...
Starting model run...
Model run took 3.4 s.
 Processed /g100_scratch/usertrain/a08trb35/ERGOM_Arkona_JUN_ARGO_POC_OBSERVABILITY/0001...
Starting model run...
Model run took 3.7 s.
 Processed /g100_scratch/usertrain/a08trb35/ERGOM_Arkona_JUN_ARGO_POC_OBSERVABILITY/0002...
Starting model run...
Model run took 3.4 s.
 Processed /g100_scratch/usertrain/a08trb35/ERGOM_Arkona_JUN_ARGO_POC_OBSERVABILITY/0003...
Starting model run...
Model run took 3.3 s.
 Processed /g100_scratch/usertrain/a08trb35/ERGOM_Arkona_JUN_ARGO_POC_OBSERVABILITY/0004...
Starting model run...
Model run took 3.3 s.
 Processed /g100_scratch/usertrain/a08trb35/ERGOM_Arkona_JUN_ARGO_POC_OBSERVABILITY/0005...
Starting model run...
Model run took 3.4 s.
 Processed /g100_scratch/usertrain/a08trb35/ERGOM_Arkona_JUN_ARGO_POC_OBSERVABILITY/0006...
Starting model run...
Model run took 3.3 s.
 Processed /g100_scratch/usertrain/a08trb35/ERGOM_Arkona_JUN_ARGO_POC_OBSERVABILITY/0007...
Starting model run...
Model run took 3.5 s.
 Processed /g100_scratch/usertrain/a08trb35/ERGOM_Arkona_JUN_ARGO_POC_OBSERVABILITY/0008...
Starting model run...
Model run took 3.3 s.
 Processed /g100_scratch/usertrain/a08trb35/ERGOM_Arkona_JUN_ARGO_POC_OBSERVABILITY/0009...
Starting model run...
Model run took 3.4 s.
 Processed /g100_scratch/usertrain/a08trb35/ERGOM_Arkona_JUN_ARGO_POC_OBSERVABILITY/0010...
Starting model run...
Model run took 3.4 s.
 Processed /g100_scratch/usertrain/a08trb35/ERGOM_Arkona_JUN_ARGO_POC_OBSERVABILITY/0011...
Starting model run...
Model run took 3.5 s.
 Processed /g100_scratch/usertrain/a08trb35/ERGOM_Arkona_JUN_ARGO_POC_OBSERVABILITY/0012...
Starting model run...
Model run took 3.5 s.
 Processed /g100_scratch/usertrain/a08trb35/ERGOM_Arkona_JUN_ARGO_POC_OBSERVABILITY/0013...
Starting model run...
Model run took 3.4 s.
 Processed /g100_scratch/usertrain/a08trb35/ERGOM_Arkona_JUN_ARGO_POC_OBSERVABILITY/0014...
Starting model run...
Model run took 3.3 s.
 Processed /g100_scratch/usertrain/a08trb35/ERGOM_Arkona_JUN_ARGO_POC_OBSERVABILITY/0015...
Starting model run...
Model run took 3.4 s.
 Processed /g100_scratch/usertrain/a08trb35/ERGOM_Arkona_JUN_ARGO_POC_OBSERVABILITY/0016...
Starting model run...
Model run took 3.4 s.
 Processed /g100_scratch/usertrain/a08trb35/ERGOM_Arkona_JUN_ARGO_POC_OBSERVABILITY/0017...
Starting model run...
Model run took 3.4 s.
 Processed /g100_scratch/usertrain/a08trb35/ERGOM_Arkona_JUN_ARGO_POC_OBSERVABILITY/0018...
Starting model run...
Model run took 3.3 s.
 Processed /g100_scratch/usertrain/a08trb35/ERGOM_Arkona_JUN_ARGO_POC_OBSERVABILITY/0019...
Starting model run...
Model run took 3.4 s.
 Processed /g100_scratch/usertrain/a08trb35/ERGOM_Arkona_JUN_ARGO_POC_OBSERVABILITY/0020...
Starting model run...
Model run took 3.5 s.
 Processed /g100_scratch/usertrain/a08trb35/ERGOM_Arkona_JUN_ARGO_POC_OBSERVABILITY/0021...
Starting model run...
Model run took 3.4 s.
 Processed /g100_scratch/usertrain/a08trb35/ERGOM_Arkona_JUN_ARGO_POC_OBSERVABILITY/0022...
Starting model run...
Model run took 3.3 s.
 Processed /g100_scratch/usertrain/a08trb35/ERGOM_Arkona_JUN_ARGO_POC_OBSERVABILITY/0023...
Starting model run...
Model run took 3.4 s.
 Processed /g100_scratch/usertrain/a08trb35/ERGOM_Arkona_JUN_ARGO_POC_OBSERVABILITY/0024...
Starting model run...
Model run took 3.3 s.
 Processed /g100_scratch/usertrain/a08trb35/ERGOM_Arkona_JUN_ARGO_POC_OBSERVABILITY/0025...
Starting model run...
Model run took 3.4 s.
 Processed /g100_scratch/usertrain/a08trb35/ERGOM_Arkona_JUN_ARGO_POC_OBSERVABILITY/0026...
Starting model run...
Model run took 3.4 s.
 Processed /g100_scratch/usertrain/a08trb35/ERGOM_Arkona_JUN_ARGO_POC_OBSERVABILITY/0027...
Starting model run...
Model run took 3.4 s.
 Processed /g100_scratch/usertrain/a08trb35/ERGOM_Arkona_JUN_ARGO_POC_OBSERVABILITY/0028...
Starting model run...
Model run took 3.3 s.
 Processed /g100_scratch/usertrain/a08trb35/ERGOM_Arkona_JUN_ARGO_POC_OBSERVABILITY/0029...
Starting model run...
Model run took 3.4 s.
 Processed /g100_scratch/usertrain/a08trb35/ERGOM_Arkona_JUN_ARGO_POC_OBSERVABILITY/0030...
Starting model run...
Model run took 3.3 s.
 Processed /g100_scratch/usertrain/a08trb35/ERGOM_Arkona_JUN_ARGO_POC_OBSERVABILITY/0031...
Starting model run...
Model run took 3.6 s.
 Processed /g100_scratch/usertrain/a08trb35/ERGOM_Arkona_JUN_ARGO_POC_OBSERVABILITY/0032...
Starting model run...
Model run took 3.4 s.
 Processed /g100_scratch/usertrain/a08trb35/ERGOM_Arkona_JUN_ARGO_POC_OBSERVABILITY/0033...
Starting model run...
Model run took 3.4 s.
 Processed /g100_scratch/usertrain/a08trb35/ERGOM_Arkona_JUN_ARGO_POC_OBSERVABILITY/0034...
Starting model run...
Model run took 3.4 s.
 Processed /g100_scratch/usertrain/a08trb35/ERGOM_Arkona_JUN_ARGO_POC_OBSERVABILITY/0035...
Starting model run...
Model run took 3.4 s.
 Processed /g100_scratch/usertrain/a08trb35/ERGOM_Arkona_JUN_ARGO_POC_OBSERVABILITY/0036...
Starting model run...
Model run took 3.4 s.
 Processed /g100_scratch/usertrain/a08trb35/ERGOM_Arkona_JUN_ARGO_POC_OBSERVABILITY/0037...
Starting model run...
Model run took 3.4 s.
 Processed /g100_scratch/usertrain/a08trb35/ERGOM_Arkona_JUN_ARGO_POC_OBSERVABILITY/0038...
Starting model run...
Model run took 3.4 s.
 Processed /g100_scratch/usertrain/a08trb35/ERGOM_Arkona_JUN_ARGO_POC_OBSERVABILITY/0039...
Starting model run...
Model run took 3.4 s.
 Processed /g100_scratch/usertrain/a08trb35/ERGOM_Arkona_JUN_ARGO_POC_OBSERVABILITY/0040...
Starting model run...
Model run took 3.4 s.
 Processed /g100_scratch/usertrain/a08trb35/ERGOM_Arkona_JUN_ARGO_POC_OBSERVABILITY/0041...
Starting model run...
Model run took 3.4 s.
 Processed /g100_scratch/usertrain/a08trb35/ERGOM_Arkona_JUN_ARGO_POC_OBSERVABILITY/0042...
Starting model run...
Model run took 3.4 s.
 Processed /g100_scratch/usertrain/a08trb35/ERGOM_Arkona_JUN_ARGO_POC_OBSERVABILITY/0043...
Starting model run...
Model run took 3.4 s.
 Processed /g100_scratch/usertrain/a08trb35/ERGOM_Arkona_JUN_ARGO_POC_OBSERVABILITY/0044...
Starting model run...
Model run took 3.4 s.
 Processed /g100_scratch/usertrain/a08trb35/ERGOM_Arkona_JUN_ARGO_POC_OBSERVABILITY/0045...
Starting model run...
Model run took 3.3 s.
 Processed /g100_scratch/usertrain/a08trb35/ERGOM_Arkona_JUN_ARGO_POC_OBSERVABILITY/0046...
Starting model run...
Model run took 3.6 s.
 Processed /g100_scratch/usertrain/a08trb35/ERGOM_Arkona_JUN_ARGO_POC_OBSERVABILITY/0047...
Starting model run...
Model run took 3.5 s.
 Processed /g100_scratch/usertrain/a08trb35/ERGOM_Arkona_JUN_ARGO_POC_OBSERVABILITY/0048...
Starting model run...
Model run took 3.4 s.
 Processed /g100_scratch/usertrain/a08trb35/ERGOM_Arkona_JUN_ARGO_POC_OBSERVABILITY/0049...
Starting model run...
Model run took 3.4 s.
 Processed /g100_scratch/usertrain/a08trb35/ERGOM_Arkona_JUN_ARGO_POC_OBSERVABILITY/0050...
Starting model run...
Model run took 3.4 s.
 Processed /g100_scratch/usertrain/a08trb35/ERGOM_Arkona_JUN_ARGO_POC_OBSERVABILITY/0051...
Starting model run...
Model run took 3.4 s.
 Processed /g100_scratch/usertrain/a08trb35/ERGOM_Arkona_JUN_ARGO_POC_OBSERVABILITY/0052...
Starting model run...
Model run took 3.3 s.
 Processed /g100_scratch/usertrain/a08trb35/ERGOM_Arkona_JUN_ARGO_POC_OBSERVABILITY/0053...
Starting model run...
Model run took 3.4 s.
 Processed /g100_scratch/usertrain/a08trb35/ERGOM_Arkona_JUN_ARGO_POC_OBSERVABILITY/0054...
Starting model run...
Model run took 3.3 s.
 Processed /g100_scratch/usertrain/a08trb35/ERGOM_Arkona_JUN_ARGO_POC_OBSERVABILITY/0055...
Starting model run...
Model run took 3.4 s.
 Processed /g100_scratch/usertrain/a08trb35/ERGOM_Arkona_JUN_ARGO_POC_OBSERVABILITY/0056...
Starting model run...
Model run took 3.4 s.
 Processed /g100_scratch/usertrain/a08trb35/ERGOM_Arkona_JUN_ARGO_POC_OBSERVABILITY/0057...
Starting model run...
Model run took 3.4 s.
 Processed /g100_scratch/usertrain/a08trb35/ERGOM_Arkona_JUN_ARGO_POC_OBSERVABILITY/0058...
Starting model run...
Model run took 3.4 s.
 Processed /g100_scratch/usertrain/a08trb35/ERGOM_Arkona_JUN_ARGO_POC_OBSERVABILITY/0059...
Starting model run...
Model run took 3.4 s.
 Processed /g100_scratch/usertrain/a08trb35/ERGOM_Arkona_JUN_ARGO_POC_OBSERVABILITY/0060...
Starting model run...
Model run took 3.3 s.
 Processed /g100_scratch/usertrain/a08trb35/ERGOM_Arkona_JUN_ARGO_POC_OBSERVABILITY/0061...
Starting model run...
Model run took 3.4 s.
 Processed /g100_scratch/usertrain/a08trb35/ERGOM_Arkona_JUN_ARGO_POC_OBSERVABILITY/0062...
Starting model run...
Model run took 3.3 s.
 Processed /g100_scratch/usertrain/a08trb35/ERGOM_Arkona_JUN_ARGO_POC_OBSERVABILITY/0063...
Starting model run...
Model run took 3.4 s.
 Processed /g100_scratch/usertrain/a08trb35/ERGOM_Arkona_JUN_ARGO_POC_OBSERVABILITY/0064...
Starting model run...
Model run took 3.3 s.
 Processed /g100_scratch/usertrain/a08trb35/ERGOM_Arkona_JUN_ARGO_POC_OBSERVABILITY/0065...
Starting model run...
Model run took 3.4 s.
 Processed /g100_scratch/usertrain/a08trb35/ERGOM_Arkona_JUN_ARGO_POC_OBSERVABILITY/0066...
Starting model run...
Model run took 3.3 s.
 Processed /g100_scratch/usertrain/a08trb35/ERGOM_Arkona_JUN_ARGO_POC_OBSERVABILITY/0067...
Starting model run...
Model run took 3.6 s.
 Processed /g100_scratch/usertrain/a08trb35/ERGOM_Arkona_JUN_ARGO_POC_OBSERVABILITY/0068...
Starting model run...
Model run took 3.3 s.
 Processed /g100_scratch/usertrain/a08trb35/ERGOM_Arkona_JUN_ARGO_POC_OBSERVABILITY/0069...
Starting model run...
Model run took 3.4 s.
 Processed /g100_scratch/usertrain/a08trb35/ERGOM_Arkona_JUN_ARGO_POC_OBSERVABILITY/0070...
Starting model run...
Model run took 3.3 s.
 Processed /g100_scratch/usertrain/a08trb35/ERGOM_Arkona_JUN_ARGO_POC_OBSERVABILITY/0071...
Starting model run...
Model run took 3.4 s.
 Processed /g100_scratch/usertrain/a08trb35/ERGOM_Arkona_JUN_ARGO_POC_OBSERVABILITY/0072...
Starting model run...
Model run took 3.4 s.
 Processed /g100_scratch/usertrain/a08trb35/ERGOM_Arkona_JUN_ARGO_POC_OBSERVABILITY/0073...
Starting model run...
Model run took 3.4 s.
 Processed /g100_scratch/usertrain/a08trb35/ERGOM_Arkona_JUN_ARGO_POC_OBSERVABILITY/0074...
Starting model run...
Model run took 3.4 s.
 Processed /g100_scratch/usertrain/a08trb35/ERGOM_Arkona_JUN_ARGO_POC_OBSERVABILITY/0075...
Starting model run...
Model run took 3.4 s.
 Processed /g100_scratch/usertrain/a08trb35/ERGOM_Arkona_JUN_ARGO_POC_OBSERVABILITY/0076...
Starting model run...
Model run took 3.3 s.
 Processed /g100_scratch/usertrain/a08trb35/ERGOM_Arkona_JUN_ARGO_POC_OBSERVABILITY/0077...
Starting model run...
Model run took 3.4 s.
 Processed /g100_scratch/usertrain/a08trb35/ERGOM_Arkona_JUN_ARGO_POC_OBSERVABILITY/0078...
Starting model run...
Model run took 3.3 s.
 Processed /g100_scratch/usertrain/a08trb35/ERGOM_Arkona_JUN_ARGO_POC_OBSERVABILITY/0079...
Starting model run...
Model run took 3.5 s.
 Processed /g100_scratch/usertrain/a08trb35/ERGOM_Arkona_JUN_ARGO_POC_OBSERVABILITY/0080...
Starting model run...
Model run took 3.4 s.
 Processed /g100_scratch/usertrain/a08trb35/ERGOM_Arkona_JUN_ARGO_POC_OBSERVABILITY/0081...
Starting model run...
Model run took 3.4 s.
 Processed /g100_scratch/usertrain/a08trb35/ERGOM_Arkona_JUN_ARGO_POC_OBSERVABILITY/0082...
Starting model run...
Model run took 3.3 s.
 Processed /g100_scratch/usertrain/a08trb35/ERGOM_Arkona_JUN_ARGO_POC_OBSERVABILITY/0083...
Starting model run...
Model run took 3.5 s.
 Processed /g100_scratch/usertrain/a08trb35/ERGOM_Arkona_JUN_ARGO_POC_OBSERVABILITY/0084...
Starting model run...
Model run took 3.3 s.
 Processed /g100_scratch/usertrain/a08trb35/ERGOM_Arkona_JUN_ARGO_POC_OBSERVABILITY/0085...
Starting model run...
Model run took 3.4 s.
 Processed /g100_scratch/usertrain/a08trb35/ERGOM_Arkona_JUN_ARGO_POC_OBSERVABILITY/0086...
Starting model run...
Model run took 3.5 s.
 Processed /g100_scratch/usertrain/a08trb35/ERGOM_Arkona_JUN_ARGO_POC_OBSERVABILITY/0087...
Starting model run...
Model run took 3.4 s.
 Processed /g100_scratch/usertrain/a08trb35/ERGOM_Arkona_JUN_ARGO_POC_OBSERVABILITY/0088...
Starting model run...
Model run took 3.4 s.
 Processed /g100_scratch/usertrain/a08trb35/ERGOM_Arkona_JUN_ARGO_POC_OBSERVABILITY/0089...
Starting model run...
Model run took 3.4 s.
 Processed /g100_scratch/usertrain/a08trb35/ERGOM_Arkona_JUN_ARGO_POC_OBSERVABILITY/0090...
Starting model run...
Model run took 3.3 s.
 Processed /g100_scratch/usertrain/a08trb35/ERGOM_Arkona_JUN_ARGO_POC_OBSERVABILITY/0091...
Starting model run...
Model run took 3.4 s.
 Processed /g100_scratch/usertrain/a08trb35/ERGOM_Arkona_JUN_ARGO_POC_OBSERVABILITY/0092...
Starting model run...
Model run took 3.3 s.
 Processed /g100_scratch/usertrain/a08trb35/ERGOM_Arkona_JUN_ARGO_POC_OBSERVABILITY/0093...
Starting model run...
Model run took 3.4 s.
 Processed /g100_scratch/usertrain/a08trb35/ERGOM_Arkona_JUN_ARGO_POC_OBSERVABILITY/0094...
Starting model run...
Model run took 3.5 s.
 Processed /g100_scratch/usertrain/a08trb35/ERGOM_Arkona_JUN_ARGO_POC_OBSERVABILITY/0095...
Starting model run...
Model run took 3.3 s.
 Processed /g100_scratch/usertrain/a08trb35/ERGOM_Arkona_JUN_ARGO_POC_OBSERVABILITY/0096...
Starting model run...
Model run took 3.3 s.
 Processed /g100_scratch/usertrain/a08trb35/ERGOM_Arkona_JUN_ARGO_POC_OBSERVABILITY/0097...
Starting model run...
Model run took 3.3 s.
 Processed /g100_scratch/usertrain/a08trb35/ERGOM_Arkona_JUN_ARGO_POC_OBSERVABILITY/0098...
Starting model run...
Model run took 3.4 s.
 Processed /g100_scratch/usertrain/a08trb35/ERGOM_Arkona_JUN_ARGO_POC_OBSERVABILITY/0099...
Retrieving value of target expression(s) for each ensemble member...
  - 0: [3.25849289e-02 1.39504865e-01 2.00794980e-01 7.61815809e+00
 5.91449558e+01 6.24410249e-02 2.69928217e-01 2.88550943e-01
 4.30000000e+01 3.60000000e+01]
  - 1: [4.00997089e-02 1.44157618e-01 2.10171178e-01 7.61784960e+00
 5.70717243e+01 4.73803468e-02 3.65256131e-01 3.26701730e-01
 4.00000000e+00 3.60000000e+01]
  - 2: [5.27147832e-02 1.52866736e-01 2.29437336e-01 7.61726247e+00
 5.33684719e+01 3.57162245e-02 5.59261560e-01 3.71013254e-01
 0.00000000e+00 3.60000000e+01]
  - 3: [3.82108507e-02 1.42858982e-01 2.07622647e-01 7.61793054e+00
 5.76026081e+01 5.02386466e-02 3.38298380e-01 3.18188787e-01
 4.00000000e+00 3.60000000e+01]
  - 4: [5.12244131e-02 1.51892528e-01 2.26996645e-01 7.61733544e+00
 5.38192882e+01 3.66636589e-02 5.36032677e-01 3.66657645e-01
 0.00000000e+00 3.60000000e+01]
  - 5: [3.56134565e-02 1.41178489e-01 2.04311416e-01 7.61803868e+00
 5.83219578e+01 5.50339222e-02 3.02332282e-01 3.05382818e-01
 6.00000000e+00 3.60000000e+01]
  - 6: [3.35753793e-02 1.40006334e-01 2.01898158e-01 7.61811829e+00
 5.88776749e+01 5.97479120e-02 2.74589241e-01 2.94306368e-01
 7.00000000e+00 3.60000000e+01]
  - 7: [5.26430037e-02 1.52820289e-01 2.29318976e-01 7.61726512e+00
 5.33902588e+01 3.57600562e-02 5.58146119e-01 3.70807856e-01
 0.00000000e+00 3.60000000e+01]
  - 8: [3.99393491e-02 1.44045874e-01 2.09950596e-01 7.61785756e+00
 5.71170442e+01 4.76057418e-02 3.62999380e-01 3.26003879e-01
 4.00000000e+00 3.60000000e+01]
  - 9: [4.91554219e-02 1.50504962e-01 2.23671690e-01 7.61743628e+00
 5.44396070e+01 3.81206274e-02 5.03548205e-01 3.60278785e-01
 0.00000000e+00 3.60000000e+01]
  - 10: [4.33894370e-02 1.46479517e-01 2.14852184e-01 7.61770497e+00
 5.61318678e+01 4.33254614e-02 4.12258446e-01 3.40132356e-01
 3.00000000e+00 3.60000000e+01]
  - 11: [3.49175930e-02 1.40760317e-01 2.03467265e-01 7.61806588e+00
 5.85125626e+01 5.65328225e-02 2.92815387e-01 3.01711261e-01
 7.00000000e+00 3.60000000e+01]
  - 12: [3.24122362e-02 1.39422983e-01 2.00607836e-01 7.61816406e+00
 5.91913638e+01 6.29429296e-02 2.69242287e-01 2.87521154e-01
 4.30000000e+01 3.60000000e+01]
  - 13: [3.93237731e-02 1.43619090e-01 2.09110960e-01 7.61788410e+00
 5.72905804e+01 4.84992936e-02 3.54281843e-01 3.23282570e-01
 4.00000000e+00 3.60000000e+01]
  - 14: [5.00410070e-02 1.51103571e-01 2.25085571e-01 7.61739316e+00
 5.41748843e+01 3.74754444e-02 5.17486989e-01 3.63058180e-01
 0.00000000e+00 3.60000000e+01]
  - 15: [3.39517075e-02 1.40209913e-01 2.02329844e-01 7.61810369e+00
 5.87756401e+01 5.87997735e-02 2.79754817e-01 2.96427488e-01
 7.00000000e+00 3.60000000e+01]
  - 16: [4.53549779e-02 1.47869706e-01 2.17777953e-01 7.61761541e+00
 5.55612846e+01 4.13259342e-02 4.43113387e-01 3.47433567e-01
 0.00000000e+00 3.60000000e+01]
  - 17: [3.70577159e-02 1.42093271e-01 2.06123263e-01 7.61797830e+00
 5.79235044e+01 5.22278920e-02 3.22158098e-01 3.12669873e-01
 5.00000000e+00 3.60000000e+01]
  - 18: [5.16785383e-02 1.52191713e-01 2.27736458e-01 7.61731488e+00
 5.36822616e+01 3.63664851e-02 5.43125451e-01 3.68005425e-01
 0.00000000e+00 3.60000000e+01]
  - 19: [4.64163345e-02 1.48614660e-01 2.19393954e-01 7.61756499e+00
 5.52504246e+01 4.03514542e-02 4.60095167e-01 3.51180255e-01
 0.00000000e+00 3.60000000e+01]
  - 20: [4.81540846e-02 1.49820194e-01 2.22090676e-01 7.61748339e+00
 5.47374321e+01 3.88925821e-02 4.87723529e-01 3.57043564e-01
 0.00000000e+00 3.60000000e+01]
  - 21: [5.17078949e-02 1.52211025e-01 2.27784380e-01 7.61731289e+00
 5.36733929e+01 3.63475382e-02 5.43583572e-01 3.68091881e-01
 0.00000000e+00 3.60000000e+01]
  - 22: [3.87264257e-02 1.43208936e-01 2.08307266e-01 7.61790931e+00
 5.74583369e+01 4.94122654e-02 3.45738828e-01 3.20576012e-01
 4.00000000e+00 3.60000000e+01]
  - 23: [3.28184936e-02 1.39618352e-01 2.01050535e-01 7.61814748e+00
 5.90820843e+01 6.17781803e-02 2.70848274e-01 2.89931059e-01
 4.30000000e+01 3.60000000e+01]
  - 24: [4.38320533e-02 1.46793291e-01 2.15503126e-01 7.61768441e+00
 5.60039699e+01 4.28512357e-02 4.18599665e-01 3.41819882e-01
 0.00000000e+00 3.60000000e+01]
  - 25: [3.37003392e-02 1.40073195e-01 2.02040732e-01 7.61811497e+00
 5.88438137e+01 5.94287850e-02 2.76309431e-01 2.95014620e-01
 7.00000000e+00 3.60000000e+01]
  - 26: [3.77244742e-02 1.42532840e-01 2.06984803e-01 7.61795110e+00
 5.77382547e+01 5.10530323e-02 3.31483006e-01 3.15891773e-01
 5.00000000e+00 3.60000000e+01]
  - 27: [4.33945215e-02 1.46483138e-01 2.14859650e-01 7.61770431e+00
 5.61304029e+01 4.33199219e-02 4.12330270e-01 3.40151876e-01
 3.00000000e+00 3.60000000e+01]
  - 28: [4.69006300e-02 1.48952574e-01 2.20139354e-01 7.61754177e+00
 5.51079526e+01 3.99286598e-02 4.67816472e-01 3.52847219e-01
 0.00000000e+00 3.60000000e+01]
  - 29: [3.97438562e-02 1.43909931e-01 2.09682688e-01 7.61786486e+00
 5.71722359e+01 4.78845648e-02 3.60240281e-01 3.25146973e-01
 4.00000000e+00 3.60000000e+01]
  - 30: [3.66362178e-02 1.41820565e-01 2.05586627e-01 7.61799555e+00
 5.80401877e+01 5.30080199e-02 3.16302121e-01 3.10587645e-01
 6.00000000e+00 3.60000000e+01]
  - 31: [4.36005541e-02 1.46629229e-01 2.15162113e-01 7.61769436e+00
 5.60709069e+01 4.30974178e-02 4.15241659e-01 3.40940565e-01
 3.00000000e+00 3.60000000e+01]
  - 32: [4.51658290e-02 1.47736430e-01 2.17492536e-01 7.61762271e+00
 5.56164869e+01 4.15069275e-02 4.40078259e-01 3.46751928e-01
 0.00000000e+00 3.60000000e+01]
  - 33: [5.28184383e-02 1.52933642e-01 2.29608446e-01 7.61725782e+00
 5.33369990e+01 3.56532149e-02 5.60871899e-01 3.71308982e-01
 0.00000000e+00 3.60000000e+01]
  - 34: [4.66060224e-02 1.48747206e-01 2.19685346e-01 7.61755769e+00
 5.51946703e+01 4.01842780e-02 4.63121623e-01 3.51836324e-01
 0.00000000e+00 3.60000000e+01]
  - 35: [4.81285790e-02 1.49802670e-01 2.22050652e-01 7.61748471e+00
 5.47449951e+01 3.89128588e-02 4.87319708e-01 3.56959879e-01
 0.00000000e+00 3.60000000e+01]
  - 36: [3.44805225e-02 1.40506595e-01 2.02947453e-01 7.61808379e+00
 5.86318147e+01 5.75302131e-02 2.86940038e-01 2.99348980e-01
 7.00000000e+00 3.60000000e+01]
  - 37: [4.30163326e-02 1.46214947e-01 2.14307144e-01 7.61772156e+00
 5.62394383e+01 4.37369123e-02 4.06965733e-01 3.38689119e-01
 3.00000000e+00 3.60000000e+01]
  - 38: [5.16069143e-02 1.52144670e-01 2.27619559e-01 7.61731753e+00
 5.37038893e+01 3.64128612e-02 5.42007744e-01 3.67794156e-01
 0.00000000e+00 3.60000000e+01]
  - 39: [3.57052347e-02 1.41234845e-01 2.04424217e-01 7.61803403e+00
 5.82967582e+01 5.48439100e-02 3.03597927e-01 3.05858940e-01
 6.00000000e+00 3.60000000e+01]
  - 40: [4.18125935e-02 1.45362079e-01 2.12572634e-01 7.61777530e+00
 5.65847593e+01 4.51433212e-02 3.89709651e-01 3.33898097e-01
 3.00000000e+00 3.60000000e+01]
  - 41: [3.44109354e-02 1.40466854e-01 2.02865437e-01 7.61808578e+00
 5.86507675e+01 5.76932579e-02 2.85999358e-01 2.98968405e-01
 7.00000000e+00 3.60000000e+01]
  - 42: [3.38693080e-02 1.40164763e-01 2.02234760e-01 7.61810701e+00
 5.87980055e+01 5.90041243e-02 2.78627574e-01 2.95966089e-01
 7.00000000e+00 3.60000000e+01]
  - 43: [3.65562413e-02 1.41769290e-01 2.05485508e-01 7.61799821e+00
 5.80622930e+01 5.31594865e-02 3.15220237e-01 3.10188442e-01
 6.00000000e+00 3.60000000e+01]
  - 44: [4.07052973e-02 1.44581512e-01 2.11010873e-01 7.61782439e+00
 5.69001518e+01 4.65548038e-02 3.73726368e-01 3.29299331e-01
 4.00000000e+00 3.60000000e+01]
  - 45: [3.89519049e-02 1.43363222e-01 2.08609328e-01 7.61789869e+00
 5.73950938e+01 4.90621589e-02 3.48973215e-01 3.21605027e-01
 4.00000000e+00 3.60000000e+01]
  - 46: [5.16847061e-02 1.52195781e-01 2.27746531e-01 7.61731355e+00
 5.36803987e+01 3.63625102e-02 5.43221772e-01 3.68023574e-01
 0.00000000e+00 3.60000000e+01]
  - 47: [5.14266802e-02 1.52026057e-01 2.27325723e-01 7.61732549e+00
 5.37582849e+01 3.65303457e-02 5.39193630e-01 3.67260307e-01
 0.00000000e+00 3.60000000e+01]
  - 48: [3.72582026e-02 1.42224491e-01 2.06380740e-01 7.61797034e+00
 5.78678934e+01 5.18672206e-02 3.24974239e-01 3.13647777e-01
 5.00000000e+00 3.60000000e+01]
  - 49: [4.05918774e-02 1.44501910e-01 2.10852832e-01 7.61782903e+00
 5.69323359e+01 4.67064455e-02 3.72146189e-01 3.28817368e-01
 4.00000000e+00 3.60000000e+01]
  - 50: [5.17773058e-02 1.52256563e-01 2.27897808e-01 7.61730891e+00
 5.36524181e+01 3.63028683e-02 5.44666469e-01 3.68296087e-01
 0.00000000e+00 3.60000000e+01]
  - 51: [3.99483105e-02 1.44052118e-01 2.09962890e-01 7.61785623e+00
 5.71145126e+01 4.75930683e-02 3.63125741e-01 3.26042980e-01
 4.00000000e+00 3.60000000e+01]
  - 52: [3.73969493e-02 1.42315790e-01 2.06559718e-01 7.61796503e+00
 5.78293510e+01 5.16214222e-02 3.26916933e-01 3.14319849e-01
 5.00000000e+00 3.60000000e+01]
  - 53: [4.31462630e-02 1.46307111e-01 2.14496568e-01 7.61771492e+00
 5.62019998e+01 4.35923897e-02 4.08811808e-01 3.39193851e-01
 3.00000000e+00 3.60000000e+01]
  - 54: [5.22033857e-02 1.52534947e-01 2.28595734e-01 7.61728768e+00
 5.35235277e+01 3.60324234e-02 5.51306665e-01 3.69540215e-01
 0.00000000e+00 3.60000000e+01]
  - 55: [5.38288770e-02 1.53579891e-01 2.31285051e-01 7.61720740e+00
 5.30294243e+01 3.50575522e-02 5.76535463e-01 3.74145478e-01
 0.00000000e+00 3.60000000e+01]
  - 56: [5.27421754e-02 1.52884409e-01 2.29482546e-01 7.61726114e+00
 5.33601605e+01 3.56995314e-02 5.59687197e-01 3.71091515e-01
 0.00000000e+00 3.60000000e+01]
  - 57: [4.56798906e-02 1.48098350e-01 2.18270048e-01 7.61759949e+00
 5.54663245e+01 4.10203449e-02 4.48320806e-01 3.48594427e-01
 0.00000000e+00 3.60000000e+01]
  - 58: [3.22638465e-02 1.39354065e-01 2.00448424e-01 7.61816937e+00
 5.92312171e+01 6.33826181e-02 2.68648624e-01 2.86629885e-01
 4.30000000e+01 3.60000000e+01]
  - 59: [4.98236884e-02 1.50957331e-01 2.24737272e-01 7.61740444e+00
 5.42399637e+01 3.76306660e-02 5.14071286e-01 3.62382919e-01
 0.00000000e+00 3.60000000e+01]
  - 60: [4.00742448e-02 1.44139856e-01 2.10136130e-01 7.61785159e+00
 5.70789317e+01 4.74159457e-02 3.64898264e-01 3.26591104e-01
 4.00000000e+00 3.60000000e+01]
  - 61: [3.29267253e-02 1.39671952e-01 2.01169968e-01 7.61814416e+00
 5.90529254e+01 6.14770465e-02 2.71271467e-01 2.90565729e-01
 4.30000000e+01 3.60000000e+01]
  - 62: [3.94703072e-02 1.43720359e-01 2.09309787e-01 7.61787746e+00
 5.72493366e+01 4.82823662e-02 3.56364787e-01 3.23936492e-01
 4.00000000e+00 3.60000000e+01]
  - 63: [3.21432326e-02 1.39299050e-01 2.00319767e-01 7.61817335e+00
 5.92635551e+01 6.37458041e-02 2.68162727e-01 2.85901070e-01
 4.30000000e+01 3.60000000e+01]
  - 64: [3.41297310e-02 1.40308455e-01 2.02536330e-01 7.61809639e+00
 5.87272790e+01 5.83643764e-02 2.82183170e-01 2.97418684e-01
 7.00000000e+00 3.60000000e+01]
  - 65: [3.29005563e-02 1.39658958e-01 2.01141044e-01 7.61814482e+00
 5.90599790e+01 6.15495108e-02 2.71169186e-01 2.90412456e-01
 4.30000000e+01 3.60000000e+01]
  - 66: [3.92643498e-02 1.43578112e-01 2.09030524e-01 7.61788609e+00
 5.73073041e+01 4.85880338e-02 3.53435695e-01 3.23016167e-01
 4.00000000e+00 3.60000000e+01]
  - 67: [4.62744443e-02 1.48515373e-01 2.19176501e-01 7.61757162e+00
 5.52921036e+01 4.04778533e-02 4.57829535e-01 3.50686789e-01
 0.00000000e+00 3.60000000e+01]
  - 68: [4.19722381e-02 1.45475060e-01 2.12800518e-01 7.61776800e+00
 5.65391050e+01 4.49495278e-02 3.92014265e-01 3.34545761e-01
 3.00000000e+00 3.60000000e+01]
  - 69: [4.93303848e-02 1.50623739e-01 2.23949894e-01 7.61742700e+00
 5.43873928e+01 3.79904583e-02 5.06306291e-01 3.60833913e-01
 0.00000000e+00 3.60000000e+01]
  - 70: [4.48538013e-02 1.47516236e-01 2.17023477e-01 7.61763797e+00
 5.57074028e+01 4.18105870e-02 4.35065538e-01 3.45618129e-01
 0.00000000e+00 3.60000000e+01]
  - 71: [4.71539031e-02 1.49128750e-01 2.20531076e-01 7.61753115e+00
 5.50332934e+01 3.97126712e-02 4.71847951e-01 3.53708804e-01
 0.00000000e+00 3.60000000e+01]
  - 72: [4.04480333e-02 1.44401088e-01 2.10652873e-01 7.61783500e+00
 5.69731180e+01 4.69006822e-02 3.70138168e-01 3.28203022e-01
 4.00000000e+00 3.60000000e+01]
  - 73: [5.19793915e-02 1.52388841e-01 2.28228450e-01 7.61729896e+00
 5.35913192e+01 3.61737795e-02 5.47817349e-01 3.68888140e-01
 0.00000000e+00 3.60000000e+01]
  - 74: [3.58939482e-02 1.41351536e-01 2.04657182e-01 7.61802607e+00
 5.82448730e+01 5.44584952e-02 3.06192875e-01 3.06832135e-01
 6.00000000e+00 3.60000000e+01]
  - 75: [4.64994026e-02 1.48672715e-01 2.19521463e-01 7.61756167e+00
 5.52260211e+01 4.02780026e-02 4.61420625e-01 3.51468056e-01
 0.00000000e+00 3.60000000e+01]
  - 76: [4.91047994e-02 1.50470510e-01 2.23591328e-01 7.61743827e+00
 5.44546960e+01 3.81585360e-02 5.02749920e-01 3.60117614e-01
 0.00000000e+00 3.60000000e+01]
  - 77: [3.52685996e-02 1.40969202e-01 2.03890592e-01 7.61805128e+00
 5.84165304e+01 5.57636283e-02 2.97554791e-01 3.03576738e-01
 6.00000000e+00 3.60000000e+01]
  - 78: [4.03709386e-02 1.44347116e-01 2.10546017e-01 7.61783766e+00
 5.69949633e+01 4.70057055e-02 3.69059920e-01 3.27872455e-01
 4.00000000e+00 3.60000000e+01]
  - 79: [3.89967664e-02 1.43394023e-01 2.08669573e-01 7.61789737e+00
 5.73825047e+01 4.89933081e-02 3.49615276e-01 3.21808755e-01
 4.00000000e+00 3.60000000e+01]
  - 80: [4.36264380e-02 1.46647573e-01 2.15200171e-01 7.61769369e+00
 5.60634288e+01 4.30696942e-02 4.15606737e-01 3.41039360e-01
 3.00000000e+00 3.60000000e+01]
  - 81: [5.34425196e-02 1.53334081e-01 2.30642095e-01 7.61722664e+00
 5.31471956e+01 3.52814086e-02 5.70553660e-01 3.73071104e-01
 0.00000000e+00 3.60000000e+01]
  - 82: [3.37864860e-02 1.40119687e-01 2.02139467e-01 7.61811033e+00
 5.88204664e+01 5.92113174e-02 2.77492285e-01 2.95500517e-01
 7.00000000e+00 3.60000000e+01]
  - 83: [4.67782228e-02 1.48867309e-01 2.19950482e-01 7.61754840e+00
 5.51440005e+01 4.00342979e-02 4.65866625e-01 3.52428436e-01
 0.00000000e+00 3.60000000e+01]
  - 84: [3.48304044e-02 1.40709117e-01 2.03362927e-01 7.61806919e+00
 5.85363716e+01 5.67282327e-02 2.91647911e-01 3.01243544e-01
 7.00000000e+00 3.60000000e+01]
  - 85: [4.72044167e-02 1.49163842e-01 2.20609337e-01 7.61752850e+00
 5.50184008e+01 3.96700129e-02 4.72651362e-01 3.53879750e-01
 0.00000000e+00 3.60000000e+01]
  - 86: [5.33502828e-02 1.53275162e-01 2.30488971e-01 7.61723129e+00
 5.31752824e+01 3.53355557e-02 5.69124222e-01 3.72812599e-01
 0.00000000e+00 3.60000000e+01]
  - 87: [5.32129640e-02 1.53187245e-01 2.30261132e-01 7.61723726e+00
 5.32170729e+01 3.54166850e-02 5.66995025e-01 3.72426659e-01
 0.00000000e+00 3.60000000e+01]
  - 88: [4.22661486e-02 1.45683140e-01 2.13221818e-01 7.61775407e+00
 5.64549454e+01 4.45986651e-02 3.96244109e-01 3.35728079e-01
 3.00000000e+00 3.60000000e+01]
  - 89: [3.55124707e-02 1.41116798e-01 2.04187706e-01 7.61804199e+00
 5.83496784e+01 5.52449934e-02 3.00936878e-01 3.04856598e-01
 6.00000000e+00 3.60000000e+01]
  - 90: [5.03828837e-02 1.51332825e-01 2.25635156e-01 7.61737724e+00
 5.40723771e+01 3.72352190e-02 5.22854030e-01 3.64111066e-01
 0.00000000e+00 3.60000000e+01]
  - 91: [4.42233241e-02 1.47070423e-01 2.16082513e-01 7.61766649e+00
 5.58906144e+01 4.24440764e-02 4.24914747e-01 3.43290240e-01
 0.00000000e+00 3.60000000e+01]
  - 92: [3.13243296e-02 1.38950452e-01 1.99468881e-01 7.61820586e+00
 5.94824696e+01 6.63630515e-02 2.64799356e-01 2.80844301e-01
 4.30000000e+01 3.60000000e+01]
  - 93: [4.13753287e-02 1.45053163e-01 2.11951941e-01 7.61779387e+00
 5.67095682e+01 4.56863157e-02 3.83372068e-01 3.32104713e-01
 3.00000000e+00 3.60000000e+01]
  - 94: [3.38886536e-02 1.40175328e-01 2.02257067e-01 7.61810634e+00
 5.87927511e+01 5.89559861e-02 2.78892457e-01 2.96074629e-01
 7.00000000e+00 3.60000000e+01]
  - 95: [3.22014301e-02 1.39325485e-01 2.00381711e-01 7.61817136e+00
 5.92479513e+01 6.35698736e-02 2.68397331e-01 2.86253184e-01
 4.30000000e+01 3.60000000e+01]
  - 96: [5.06600608e-02 1.51517913e-01 2.26082236e-01 7.61736264e+00
 5.39891357e+01 3.70438993e-02 5.27199745e-01 3.64956856e-01
 0.00000000e+00 3.60000000e+01]
  - 97: [3.88033260e-02 1.43261507e-01 2.08410114e-01 7.61790599e+00
 5.74367835e+01 4.92921099e-02 3.46843183e-01 3.20928007e-01
 4.00000000e+00 3.60000000e+01]
  - 98: [4.29463076e-02 1.46165311e-01 2.14205250e-01 7.61772421e+00
 5.62595905e+01 4.38153818e-02 4.05969322e-01 3.38416070e-01
 3.00000000e+00 3.60000000e+01]
  - 99: [4.67806122e-02 1.48868978e-01 2.19954163e-01 7.61754840e+00
 5.51433052e+01 4.00322303e-02 4.65904653e-01 3.52436602e-01
 0.00000000e+00 3.60000000e+01]
Updating sensitivity info in ERGOM_Arkona_observability_ARGO_POC_JUN.pickle with model results...
Done
