Starting ppserver on r512c06n04,r512c07n01:63721
Host names provided to parsac: r512c06n04:63721,r512c07n01:63721,
Starting parsac
Reading sensitivity samples from ERGOM_Arkona_observability_ARGO_CHL_JUN.pickle...
Reading configuration from Arkona_observability_ARGO_CHL_JUN.xml...
Starting Parallel Python server...
Giving Parallel Python 10 seconds to connect to: r512c06n04:63721, r512c07n01:63721
Running on:
   local: 0 cpus
   r512c07n01:63721: 48 cpus
   r512c06n04:63721: 48 cpus
Total number of cpus: 96
Starting model run...
Model run took 3.4 s.
 Processed /g100_scratch/usertrain/a08trb35/ERGOM_Arkona_JUN_ARGO_CHL_OBSERVABILITY/0000...
Starting model run...
Model run took 5.8 s.
 Processed /g100_scratch/usertrain/a08trb35/ERGOM_Arkona_JUN_ARGO_CHL_OBSERVABILITY/0001...
Starting model run...
Model run took 3.6 s.
 Processed /g100_scratch/usertrain/a08trb35/ERGOM_Arkona_JUN_ARGO_CHL_OBSERVABILITY/0002...
Starting model run...
Model run took 5.7 s.
 Processed /g100_scratch/usertrain/a08trb35/ERGOM_Arkona_JUN_ARGO_CHL_OBSERVABILITY/0003...
Starting model run...
Model run took 3.5 s.
 Processed /g100_scratch/usertrain/a08trb35/ERGOM_Arkona_JUN_ARGO_CHL_OBSERVABILITY/0004...
Starting model run...
Model run took 5.8 s.
 Processed /g100_scratch/usertrain/a08trb35/ERGOM_Arkona_JUN_ARGO_CHL_OBSERVABILITY/0005...
Starting model run...
Model run took 3.8 s.
 Processed /g100_scratch/usertrain/a08trb35/ERGOM_Arkona_JUN_ARGO_CHL_OBSERVABILITY/0006...
Starting model run...
Model run took 5.8 s.
 Processed /g100_scratch/usertrain/a08trb35/ERGOM_Arkona_JUN_ARGO_CHL_OBSERVABILITY/0007...
Starting model run...
Model run took 3.6 s.
 Processed /g100_scratch/usertrain/a08trb35/ERGOM_Arkona_JUN_ARGO_CHL_OBSERVABILITY/0008...
Starting model run...
Model run took 5.8 s.
 Processed /g100_scratch/usertrain/a08trb35/ERGOM_Arkona_JUN_ARGO_CHL_OBSERVABILITY/0009...
Starting model run...
Model run took 3.6 s.
 Processed /g100_scratch/usertrain/a08trb35/ERGOM_Arkona_JUN_ARGO_CHL_OBSERVABILITY/0010...
Starting model run...
Model run took 5.8 s.
 Processed /g100_scratch/usertrain/a08trb35/ERGOM_Arkona_JUN_ARGO_CHL_OBSERVABILITY/0011...
Starting model run...
Model run took 3.5 s.
 Processed /g100_scratch/usertrain/a08trb35/ERGOM_Arkona_JUN_ARGO_CHL_OBSERVABILITY/0012...
Starting model run...
Model run took 5.7 s.
 Processed /g100_scratch/usertrain/a08trb35/ERGOM_Arkona_JUN_ARGO_CHL_OBSERVABILITY/0013...
Starting model run...
Model run took 3.6 s.
 Processed /g100_scratch/usertrain/a08trb35/ERGOM_Arkona_JUN_ARGO_CHL_OBSERVABILITY/0014...
Starting model run...
Model run took 5.7 s.
 Processed /g100_scratch/usertrain/a08trb35/ERGOM_Arkona_JUN_ARGO_CHL_OBSERVABILITY/0015...
Starting model run...
Model run took 3.5 s.
 Processed /g100_scratch/usertrain/a08trb35/ERGOM_Arkona_JUN_ARGO_CHL_OBSERVABILITY/0016...
Starting model run...
Model run took 5.7 s.
 Processed /g100_scratch/usertrain/a08trb35/ERGOM_Arkona_JUN_ARGO_CHL_OBSERVABILITY/0017...
Starting model run...
Model run took 3.6 s.
 Processed /g100_scratch/usertrain/a08trb35/ERGOM_Arkona_JUN_ARGO_CHL_OBSERVABILITY/0018...
Starting model run...
Model run took 5.5 s.
 Processed /g100_scratch/usertrain/a08trb35/ERGOM_Arkona_JUN_ARGO_CHL_OBSERVABILITY/0019...
Starting model run...
Model run took 3.6 s.
 Processed /g100_scratch/usertrain/a08trb35/ERGOM_Arkona_JUN_ARGO_CHL_OBSERVABILITY/0020...
Starting model run...
Model run took 5.5 s.
 Processed /g100_scratch/usertrain/a08trb35/ERGOM_Arkona_JUN_ARGO_CHL_OBSERVABILITY/0021...
Starting model run...
Model run took 3.4 s.
 Processed /g100_scratch/usertrain/a08trb35/ERGOM_Arkona_JUN_ARGO_CHL_OBSERVABILITY/0022...
Starting model run...
Model run took 5.7 s.
 Processed /g100_scratch/usertrain/a08trb35/ERGOM_Arkona_JUN_ARGO_CHL_OBSERVABILITY/0023...
Starting model run...
Model run took 3.5 s.
 Processed /g100_scratch/usertrain/a08trb35/ERGOM_Arkona_JUN_ARGO_CHL_OBSERVABILITY/0024...
Starting model run...
Model run took 5.5 s.
 Processed /g100_scratch/usertrain/a08trb35/ERGOM_Arkona_JUN_ARGO_CHL_OBSERVABILITY/0025...
Starting model run...
Model run took 3.7 s.
 Processed /g100_scratch/usertrain/a08trb35/ERGOM_Arkona_JUN_ARGO_CHL_OBSERVABILITY/0026...
Starting model run...
Model run took 5.6 s.
 Processed /g100_scratch/usertrain/a08trb35/ERGOM_Arkona_JUN_ARGO_CHL_OBSERVABILITY/0027...
Starting model run...
Model run took 3.6 s.
 Processed /g100_scratch/usertrain/a08trb35/ERGOM_Arkona_JUN_ARGO_CHL_OBSERVABILITY/0028...
Starting model run...
Model run took 5.5 s.
 Processed /g100_scratch/usertrain/a08trb35/ERGOM_Arkona_JUN_ARGO_CHL_OBSERVABILITY/0029...
Starting model run...
Model run took 3.5 s.
 Processed /g100_scratch/usertrain/a08trb35/ERGOM_Arkona_JUN_ARGO_CHL_OBSERVABILITY/0030...
Starting model run...
Model run took 5.5 s.
 Processed /g100_scratch/usertrain/a08trb35/ERGOM_Arkona_JUN_ARGO_CHL_OBSERVABILITY/0031...
Starting model run...
Model run took 3.5 s.
 Processed /g100_scratch/usertrain/a08trb35/ERGOM_Arkona_JUN_ARGO_CHL_OBSERVABILITY/0032...
Starting model run...
Model run took 5.6 s.
 Processed /g100_scratch/usertrain/a08trb35/ERGOM_Arkona_JUN_ARGO_CHL_OBSERVABILITY/0033...
Starting model run...
Model run took 3.5 s.
 Processed /g100_scratch/usertrain/a08trb35/ERGOM_Arkona_JUN_ARGO_CHL_OBSERVABILITY/0034...
Starting model run...
Model run took 5.6 s.
 Processed /g100_scratch/usertrain/a08trb35/ERGOM_Arkona_JUN_ARGO_CHL_OBSERVABILITY/0035...
Starting model run...
Model run took 3.6 s.
 Processed /g100_scratch/usertrain/a08trb35/ERGOM_Arkona_JUN_ARGO_CHL_OBSERVABILITY/0036...
Starting model run...
Model run took 5.5 s.
 Processed /g100_scratch/usertrain/a08trb35/ERGOM_Arkona_JUN_ARGO_CHL_OBSERVABILITY/0037...
Starting model run...
Model run took 3.5 s.
 Processed /g100_scratch/usertrain/a08trb35/ERGOM_Arkona_JUN_ARGO_CHL_OBSERVABILITY/0038...
Starting model run...
Model run took 5.5 s.
 Processed /g100_scratch/usertrain/a08trb35/ERGOM_Arkona_JUN_ARGO_CHL_OBSERVABILITY/0039...
Starting model run...
Model run took 3.6 s.
 Processed /g100_scratch/usertrain/a08trb35/ERGOM_Arkona_JUN_ARGO_CHL_OBSERVABILITY/0040...
Starting model run...
Model run took 5.7 s.
 Processed /g100_scratch/usertrain/a08trb35/ERGOM_Arkona_JUN_ARGO_CHL_OBSERVABILITY/0041...
Starting model run...
Model run took 3.5 s.
 Processed /g100_scratch/usertrain/a08trb35/ERGOM_Arkona_JUN_ARGO_CHL_OBSERVABILITY/0042...
Starting model run...
Model run took 5.8 s.
 Processed /g100_scratch/usertrain/a08trb35/ERGOM_Arkona_JUN_ARGO_CHL_OBSERVABILITY/0043...
Starting model run...
Model run took 3.5 s.
 Processed /g100_scratch/usertrain/a08trb35/ERGOM_Arkona_JUN_ARGO_CHL_OBSERVABILITY/0044...
Starting model run...
Model run took 5.6 s.
 Processed /g100_scratch/usertrain/a08trb35/ERGOM_Arkona_JUN_ARGO_CHL_OBSERVABILITY/0045...
Starting model run...
Model run took 3.5 s.
 Processed /g100_scratch/usertrain/a08trb35/ERGOM_Arkona_JUN_ARGO_CHL_OBSERVABILITY/0046...
Starting model run...
Model run took 5.6 s.
 Processed /g100_scratch/usertrain/a08trb35/ERGOM_Arkona_JUN_ARGO_CHL_OBSERVABILITY/0047...
Starting model run...
Model run took 3.6 s.
 Processed /g100_scratch/usertrain/a08trb35/ERGOM_Arkona_JUN_ARGO_CHL_OBSERVABILITY/0048...
Starting model run...
Model run took 5.6 s.
 Processed /g100_scratch/usertrain/a08trb35/ERGOM_Arkona_JUN_ARGO_CHL_OBSERVABILITY/0049...
Starting model run...
Model run took 3.7 s.
 Processed /g100_scratch/usertrain/a08trb35/ERGOM_Arkona_JUN_ARGO_CHL_OBSERVABILITY/0050...
Starting model run...
Model run took 5.6 s.
 Processed /g100_scratch/usertrain/a08trb35/ERGOM_Arkona_JUN_ARGO_CHL_OBSERVABILITY/0051...
Starting model run...
Model run took 3.5 s.
 Processed /g100_scratch/usertrain/a08trb35/ERGOM_Arkona_JUN_ARGO_CHL_OBSERVABILITY/0052...
Starting model run...
Model run took 5.5 s.
 Processed /g100_scratch/usertrain/a08trb35/ERGOM_Arkona_JUN_ARGO_CHL_OBSERVABILITY/0053...
Starting model run...
Model run took 3.5 s.
 Processed /g100_scratch/usertrain/a08trb35/ERGOM_Arkona_JUN_ARGO_CHL_OBSERVABILITY/0054...
Starting model run...
Model run took 5.5 s.
 Processed /g100_scratch/usertrain/a08trb35/ERGOM_Arkona_JUN_ARGO_CHL_OBSERVABILITY/0055...
Starting model run...
Model run took 3.5 s.
 Processed /g100_scratch/usertrain/a08trb35/ERGOM_Arkona_JUN_ARGO_CHL_OBSERVABILITY/0056...
Starting model run...
Model run took 5.5 s.
 Processed /g100_scratch/usertrain/a08trb35/ERGOM_Arkona_JUN_ARGO_CHL_OBSERVABILITY/0057...
Starting model run...
Model run took 3.5 s.
 Processed /g100_scratch/usertrain/a08trb35/ERGOM_Arkona_JUN_ARGO_CHL_OBSERVABILITY/0058...
Starting model run...
Model run took 5.5 s.
 Processed /g100_scratch/usertrain/a08trb35/ERGOM_Arkona_JUN_ARGO_CHL_OBSERVABILITY/0059...
Starting model run...
Model run took 3.5 s.
 Processed /g100_scratch/usertrain/a08trb35/ERGOM_Arkona_JUN_ARGO_CHL_OBSERVABILITY/0060...
Starting model run...
Model run took 5.5 s.
 Processed /g100_scratch/usertrain/a08trb35/ERGOM_Arkona_JUN_ARGO_CHL_OBSERVABILITY/0061...
Starting model run...
Model run took 3.5 s.
 Processed /g100_scratch/usertrain/a08trb35/ERGOM_Arkona_JUN_ARGO_CHL_OBSERVABILITY/0062...
Starting model run...
Model run took 5.6 s.
 Processed /g100_scratch/usertrain/a08trb35/ERGOM_Arkona_JUN_ARGO_CHL_OBSERVABILITY/0063...
Starting model run...
Model run took 3.6 s.
 Processed /g100_scratch/usertrain/a08trb35/ERGOM_Arkona_JUN_ARGO_CHL_OBSERVABILITY/0064...
Starting model run...
Model run took 5.6 s.
 Processed /g100_scratch/usertrain/a08trb35/ERGOM_Arkona_JUN_ARGO_CHL_OBSERVABILITY/0065...
Starting model run...
Model run took 3.6 s.
 Processed /g100_scratch/usertrain/a08trb35/ERGOM_Arkona_JUN_ARGO_CHL_OBSERVABILITY/0066...
Starting model run...
Model run took 5.5 s.
 Processed /g100_scratch/usertrain/a08trb35/ERGOM_Arkona_JUN_ARGO_CHL_OBSERVABILITY/0067...
Starting model run...
Model run took 3.5 s.
 Processed /g100_scratch/usertrain/a08trb35/ERGOM_Arkona_JUN_ARGO_CHL_OBSERVABILITY/0068...
Starting model run...
Model run took 5.5 s.
 Processed /g100_scratch/usertrain/a08trb35/ERGOM_Arkona_JUN_ARGO_CHL_OBSERVABILITY/0069...
Starting model run...
Model run took 3.6 s.
 Processed /g100_scratch/usertrain/a08trb35/ERGOM_Arkona_JUN_ARGO_CHL_OBSERVABILITY/0070...
Starting model run...
Model run took 5.6 s.
 Processed /g100_scratch/usertrain/a08trb35/ERGOM_Arkona_JUN_ARGO_CHL_OBSERVABILITY/0071...
Starting model run...
Model run took 3.5 s.
 Processed /g100_scratch/usertrain/a08trb35/ERGOM_Arkona_JUN_ARGO_CHL_OBSERVABILITY/0072...
Starting model run...
Model run took 5.6 s.
 Processed /g100_scratch/usertrain/a08trb35/ERGOM_Arkona_JUN_ARGO_CHL_OBSERVABILITY/0073...
Starting model run...
Model run took 3.4 s.
 Processed /g100_scratch/usertrain/a08trb35/ERGOM_Arkona_JUN_ARGO_CHL_OBSERVABILITY/0074...
Starting model run...
Model run took 5.5 s.
 Processed /g100_scratch/usertrain/a08trb35/ERGOM_Arkona_JUN_ARGO_CHL_OBSERVABILITY/0075...
Starting model run...
Model run took 3.7 s.
 Processed /g100_scratch/usertrain/a08trb35/ERGOM_Arkona_JUN_ARGO_CHL_OBSERVABILITY/0076...
Starting model run...
Model run took 5.5 s.
 Processed /g100_scratch/usertrain/a08trb35/ERGOM_Arkona_JUN_ARGO_CHL_OBSERVABILITY/0077...
Starting model run...
Model run took 3.4 s.
 Processed /g100_scratch/usertrain/a08trb35/ERGOM_Arkona_JUN_ARGO_CHL_OBSERVABILITY/0078...
Starting model run...
Model run took 5.6 s.
 Processed /g100_scratch/usertrain/a08trb35/ERGOM_Arkona_JUN_ARGO_CHL_OBSERVABILITY/0079...
Starting model run...
Model run took 3.6 s.
 Processed /g100_scratch/usertrain/a08trb35/ERGOM_Arkona_JUN_ARGO_CHL_OBSERVABILITY/0080...
Starting model run...
Model run took 5.5 s.
 Processed /g100_scratch/usertrain/a08trb35/ERGOM_Arkona_JUN_ARGO_CHL_OBSERVABILITY/0081...
Starting model run...
Model run took 3.8 s.
 Processed /g100_scratch/usertrain/a08trb35/ERGOM_Arkona_JUN_ARGO_CHL_OBSERVABILITY/0082...
Starting model run...
Model run took 5.5 s.
 Processed /g100_scratch/usertrain/a08trb35/ERGOM_Arkona_JUN_ARGO_CHL_OBSERVABILITY/0083...
Starting model run...
Model run took 3.7 s.
 Processed /g100_scratch/usertrain/a08trb35/ERGOM_Arkona_JUN_ARGO_CHL_OBSERVABILITY/0084...
Starting model run...
Model run took 5.6 s.
 Processed /g100_scratch/usertrain/a08trb35/ERGOM_Arkona_JUN_ARGO_CHL_OBSERVABILITY/0085...
Starting model run...
Model run took 3.6 s.
 Processed /g100_scratch/usertrain/a08trb35/ERGOM_Arkona_JUN_ARGO_CHL_OBSERVABILITY/0086...
Starting model run...
Model run took 5.5 s.
 Processed /g100_scratch/usertrain/a08trb35/ERGOM_Arkona_JUN_ARGO_CHL_OBSERVABILITY/0087...
Starting model run...
Model run took 3.6 s.
 Processed /g100_scratch/usertrain/a08trb35/ERGOM_Arkona_JUN_ARGO_CHL_OBSERVABILITY/0088...
Starting model run...
Model run took 5.6 s.
 Processed /g100_scratch/usertrain/a08trb35/ERGOM_Arkona_JUN_ARGO_CHL_OBSERVABILITY/0089...
Starting model run...
Model run took 3.5 s.
 Processed /g100_scratch/usertrain/a08trb35/ERGOM_Arkona_JUN_ARGO_CHL_OBSERVABILITY/0090...
Starting model run...
Model run took 5.6 s.
 Processed /g100_scratch/usertrain/a08trb35/ERGOM_Arkona_JUN_ARGO_CHL_OBSERVABILITY/0091...
Starting model run...
Model run took 3.5 s.
 Processed /g100_scratch/usertrain/a08trb35/ERGOM_Arkona_JUN_ARGO_CHL_OBSERVABILITY/0092...
Starting model run...
Model run took 5.5 s.
 Processed /g100_scratch/usertrain/a08trb35/ERGOM_Arkona_JUN_ARGO_CHL_OBSERVABILITY/0093...
Starting model run...
Model run took 3.7 s.
 Processed /g100_scratch/usertrain/a08trb35/ERGOM_Arkona_JUN_ARGO_CHL_OBSERVABILITY/0094...
Starting model run...
Model run took 5.6 s.
 Processed /g100_scratch/usertrain/a08trb35/ERGOM_Arkona_JUN_ARGO_CHL_OBSERVABILITY/0095...
Starting model run...
Model run took 3.3 s.
 Processed /g100_scratch/usertrain/a08trb35/ERGOM_Arkona_JUN_ARGO_CHL_OBSERVABILITY/0096...
Starting model run...
Model run took 3.3 s.
 Processed /g100_scratch/usertrain/a08trb35/ERGOM_Arkona_JUN_ARGO_CHL_OBSERVABILITY/0097...
Starting model run...
Model run took 3.5 s.
 Processed /g100_scratch/usertrain/a08trb35/ERGOM_Arkona_JUN_ARGO_CHL_OBSERVABILITY/0098...
Starting model run...
Model run took 3.4 s.
 Processed /g100_scratch/usertrain/a08trb35/ERGOM_Arkona_JUN_ARGO_CHL_OBSERVABILITY/0099...
Retrieving value of target expression(s) for each ensemble member...
  - 0: [3.65718292e-02 1.42546505e-01 2.02255994e-01 7.61775008e+00
 5.78672618e+01 4.37148809e-02 2.99017072e-01 3.04571867e-01
 6.00000000e+00 3.60000000e+01]
  - 1: [3.95686445e-02 1.44052863e-01 2.07829207e-01 7.61775805e+00
 5.71243684e+01 4.36776504e-02 3.48910809e-01 3.21825683e-01
 4.00000000e+00 3.60000000e+01]
  - 2: [5.11733345e-02 1.51607513e-01 2.30863467e-01 7.61756831e+00
 5.40814262e+01 4.59261462e-02 5.61891198e-01 3.70858103e-01
 0.00000000e+00 3.60000000e+01]
  - 3: [4.64831746e-02 1.48509607e-01 2.21308172e-01 7.61767711e+00
 5.53432140e+01 4.48025912e-02 4.73349571e-01 3.53687614e-01
 0.00000000e+00 3.60000000e+01]
  - 4: [3.50513743e-02 1.42022967e-01 1.99504524e-01 7.61773549e+00
 5.82381008e+01 4.40066457e-02 2.74420023e-01 2.94769228e-01
 7.00000000e+00 3.60000000e+01]
  - 5: [5.13298719e-02 1.51708171e-01 2.31187344e-01 7.61756499e+00
 5.40386114e+01 4.59660478e-02 5.64808309e-01 3.71383339e-01
 0.00000000e+00 3.60000000e+01]
  - 6: [4.05696501e-02 1.44646257e-01 2.09729761e-01 7.61775340e+00
 5.68724100e+01 4.37641330e-02 3.65912259e-01 3.27062070e-01
 4.00000000e+00 3.60000000e+01]
  - 7: [4.17356387e-02 1.45371839e-01 2.11966574e-01 7.61774478e+00
 5.65764319e+01 4.39105146e-02 3.85754585e-01 3.32859278e-01
 3.00000000e+00 3.60000000e+01]
  - 8: [4.35461894e-02 1.46547064e-01 2.15486437e-01 7.61772355e+00
 5.61114927e+01 4.42068055e-02 4.16761905e-01 3.41288745e-01
 2.00000000e+00 3.60000000e+01]
  - 9: [3.40389868e-02 1.41807154e-01 1.97706491e-01 7.61772023e+00
 5.84830800e+01 4.43820916e-02 2.69761801e-01 2.87793636e-01
 4.30000000e+01 3.60000000e+01]
  - 10: [3.66434921e-02 1.42576039e-01 2.02387080e-01 7.61775075e+00
 5.78496784e+01 4.37069014e-02 3.00206780e-01 3.05014879e-01
 6.00000000e+00 3.60000000e+01]
  - 11: [4.12255111e-02 1.45050511e-01 2.10984990e-01 7.61774876e+00
 5.67062564e+01 4.38414589e-02 3.76867771e-01 3.30360532e-01
 4.00000000e+00 3.60000000e+01]
  - 12: [4.04908450e-02 1.44598439e-01 2.09579468e-01 7.61775407e+00
 5.68923074e+01 4.37558033e-02 3.64586353e-01 3.26658905e-01
 4.00000000e+00 3.60000000e+01]
  - 13: [4.59425657e-02 1.48146749e-01 2.20226645e-01 7.61768640e+00
 5.54859301e+01 4.46845964e-02 4.62994516e-01 3.51511210e-01
 0.00000000e+00 3.60000000e+01]
  - 14: [4.34807746e-02 1.46503925e-01 2.15358347e-01 7.61772487e+00
 5.61284127e+01 4.41949517e-02 4.15650487e-01 3.40995550e-01
 3.00000000e+00 3.60000000e+01]
  - 15: [5.11975288e-02 1.51623100e-01 2.30913490e-01 7.61756764e+00
 5.40748079e+01 4.59323041e-02 5.62342167e-01 3.70939583e-01
 0.00000000e+00 3.60000000e+01]
  - 16: [5.09114732e-02 1.51438639e-01 2.30322257e-01 7.61757560e+00
 5.41529382e+01 4.58597206e-02 5.57005763e-01 3.69972885e-01
 0.00000000e+00 3.60000000e+01]
  - 17: [4.27554924e-02 1.46028325e-01 2.13942513e-01 7.61773416e+00
 5.63153554e+01 4.40689251e-02 4.03331339e-01 3.37688774e-01
 3.00000000e+00 3.60000000e+01]
  - 18: [3.81671113e-02 1.43287331e-01 2.05200106e-01 7.61775805e+00
 5.74738876e+01 4.36294228e-02 3.25220942e-01 3.14067662e-01
 5.00000000e+00 3.60000000e+01]
  - 19: [4.85403071e-02 1.49884105e-01 2.25462243e-01 7.61763332e+00
 5.47949060e+01 4.52761054e-02 5.12462556e-01 3.61577064e-01
 0.00000000e+00 3.60000000e+01]
  - 20: [4.53463482e-02 1.47746772e-01 2.19038948e-01 7.61769701e+00
 5.56426418e+01 4.45584692e-02 4.51536119e-01 3.49057972e-01
 0.00000000e+00 3.60000000e+01]
  - 21: [4.34795825e-02 1.46503136e-01 2.15355992e-01 7.61772487e+00
 5.61287152e+01 4.41947430e-02 4.15630460e-01 3.40990216e-01
 3.00000000e+00 3.60000000e+01]
  - 22: [3.71729654e-02 1.42806143e-01 2.03358904e-01 7.61775473e+00
 5.77195620e+01 4.36609648e-02 3.08928013e-01 3.08239013e-01
 6.00000000e+00 3.60000000e+01]
  - 23: [5.15899295e-02 1.51874855e-01 2.31726080e-01 7.61755835e+00
 5.39673913e+01 4.60326113e-02 5.69649816e-01 3.72249633e-01
 0.00000000e+00 3.60000000e+01]
  - 24: [4.10780026e-02 1.44958615e-01 2.10702002e-01 7.61774876e+00
 5.67437001e+01 4.38229181e-02 3.74416292e-01 3.29627067e-01
 4.00000000e+00 3.60000000e+01]
  - 25: [3.80851030e-02 1.43245444e-01 2.05047458e-01 7.61775672e+00
 5.74942202e+01 4.36297096e-02 3.23843062e-01 3.13597441e-01
 5.00000000e+00 3.60000000e+01]
  - 26: [4.75680776e-02 1.49236366e-01 2.23491460e-01 7.61765455e+00
 5.50550696e+01 4.50478569e-02 4.94033396e-01 3.57923299e-01
 0.00000000e+00 3.60000000e+01]
  - 27: [3.92754907e-02 1.43885672e-01 2.07276151e-01 7.61775805e+00
 5.71977804e+01 4.36600484e-02 3.43866348e-01 3.20244968e-01
 4.00000000e+00 3.60000000e+01]
  - 28: [4.55034297e-02 1.47852093e-01 2.19351336e-01 7.61769436e+00
 5.56014298e+01 4.45912406e-02 4.54558969e-01 3.49709898e-01
 0.00000000e+00 3.60000000e+01]
  - 29: [4.59920738e-02 1.48180023e-01 2.20325485e-01 7.61768507e+00
 5.54728739e+01 4.46952768e-02 4.63944256e-01 3.51712525e-01
 0.00000000e+00 3.60000000e+01]
  - 30: [3.40076089e-02 1.41802460e-01 1.97651282e-01 7.61771890e+00
 5.84906484e+01 4.43969555e-02 2.69617081e-01 2.87571251e-01
 4.30000000e+01 3.60000000e+01]
  - 31: [4.28752485e-02 1.46106437e-01 2.14175656e-01 7.61773350e+00
 5.62845565e+01 4.40890454e-02 4.05375719e-01 3.38241965e-01
 3.00000000e+00 3.60000000e+01]
  - 32: [4.99912449e-02 1.50840372e-01 2.28427410e-01 7.61759949e+00
 5.44033150e+01 4.56292033e-02 5.39784968e-01 3.66797417e-01
 0.00000000e+00 3.60000000e+01]
  - 33: [4.64808734e-02 1.48508042e-01 2.21303567e-01 7.61767711e+00
 5.53438190e+01 4.48020883e-02 4.73305583e-01 3.53678465e-01
 0.00000000e+00 3.60000000e+01]
  - 34: [4.94924473e-02 1.50513306e-01 2.27404922e-01 7.61761143e+00
 5.45383725e+01 4.55062725e-02 5.30416131e-01 3.65033239e-01
 0.00000000e+00 3.60000000e+01]
  - 35: [4.06583936e-02 1.44700319e-01 2.09899157e-01 7.61775141e+00
 5.68499703e+01 4.37737629e-02 3.67403030e-01 3.27514231e-01
 4.00000000e+00 3.60000000e+01]
  - 36: [4.05936500e-02 1.44660890e-01 2.09775552e-01 7.61775274e+00
 5.68663436e+01 4.37667146e-02 3.66315722e-01 3.27184469e-01
 4.00000000e+00 3.60000000e+01]
  - 37: [4.25458965e-02 1.45892113e-01 2.13534996e-01 7.61773549e+00
 5.63691884e+01 4.40344475e-02 3.99743557e-01 3.36713850e-01
 3.00000000e+00 3.60000000e+01]
  - 38: [3.98636745e-02 1.44224361e-01 2.08387420e-01 7.61775606e+00
 5.70503089e+01 4.36988920e-02 3.53957474e-01 3.23394865e-01
 4.00000000e+00 3.60000000e+01]
  - 39: [4.89123852e-02 1.50130689e-01 2.26219967e-01 7.61762536e+00
 5.46948667e+01 4.53653261e-02 5.19489527e-01 3.62941921e-01
 0.00000000e+00 3.60000000e+01]
  - 40: [4.81135379e-02 1.49600342e-01 2.24595502e-01 7.61764327e+00
 5.49093283e+01 4.51750048e-02 5.04385293e-01 3.59989166e-01
 0.00000000e+00 3.60000000e+01]
  - 41: [4.97467984e-02 1.50680348e-01 2.27925897e-01 7.61760546e+00
 5.44695567e+01 4.55687568e-02 5.35196602e-01 3.65936846e-01
 0.00000000e+00 3.60000000e+01]
  - 42: [4.65529794e-02 1.48556441e-01 2.21448138e-01 7.61767512e+00
 5.53247389e+01 4.48180623e-02 4.74684298e-01 3.53965342e-01
 0.00000000e+00 3.60000000e+01]
  - 43: [3.37185290e-02 1.41765520e-01 1.97144121e-01 7.61771360e+00
 5.85603240e+01 4.45440188e-02 2.68269300e-01 2.85505801e-01
 4.30000000e+01 3.60000000e+01]
  - 44: [3.69858794e-02 1.42722577e-01 2.03014791e-01 7.61775340e+00
 5.77655932e+01 4.36745621e-02 3.05859804e-01 3.07109535e-01
 6.00000000e+00 3.60000000e+01]
  - 45: [4.48692985e-02 1.47427216e-01 2.18092546e-01 7.61770497e+00
 5.57675304e+01 4.44607995e-02 4.42338407e-01 3.47053498e-01
 0.00000000e+00 3.60000000e+01]
  - 46: [4.18724573e-02 1.45458892e-01 2.12230638e-01 7.61774279e+00
 5.65415358e+01 4.39302959e-02 3.88130248e-01 3.33519757e-01
 3.00000000e+00 3.60000000e+01]
  - 47: [4.86736868e-02 1.49972573e-01 2.25733653e-01 7.61763067e+00
 5.47590704e+01 4.53079678e-02 5.14983296e-01 3.62068385e-01
 0.00000000e+00 3.60000000e+01]
  - 48: [3.61285728e-02 1.42372653e-01 2.01447979e-01 7.61774743e+00
 5.79757558e+01 4.37744074e-02 2.91943073e-01 3.01795274e-01
 7.00000000e+00 3.60000000e+01]
  - 49: [4.97960785e-02 1.50712609e-01 2.28026927e-01 7.61760546e+00
 5.44562139e+01 4.55809124e-02 5.36122084e-01 3.66110891e-01
 0.00000000e+00 3.60000000e+01]
  - 50: [4.45623709e-02 1.47222117e-01 2.17485547e-01 7.61771028e+00
 5.58476403e+01 4.43995707e-02 4.36406821e-01 3.45743537e-01
 0.00000000e+00 3.60000000e+01]
  - 51: [4.57724125e-02 1.48032561e-01 2.19887108e-01 7.61768905e+00
 5.55307246e+01 4.46481407e-02 4.59728479e-01 3.50816965e-01
 0.00000000e+00 3.60000000e+01]
  - 52: [4.12249876e-02 1.45050183e-01 2.10984007e-01 7.61774876e+00
 5.67063944e+01 4.38414030e-02 3.76859128e-01 3.30357969e-01
 4.00000000e+00 3.60000000e+01]
  - 53: [5.05430647e-02 1.51199967e-01 2.29562387e-01 7.61758556e+00
 5.42533596e+01 4.57668975e-02 5.50121248e-01 3.68713588e-01
 0.00000000e+00 3.60000000e+01]
  - 54: [3.74341503e-02 1.42926663e-01 2.03840673e-01 7.61775672e+00
 5.76551938e+01 4.36464436e-02 3.13186824e-01 3.09797794e-01
 6.00000000e+00 3.60000000e+01]
  - 55: [3.60151296e-02 1.42330810e-01 2.01241955e-01 7.61774610e+00
 5.80034817e+01 4.37927134e-02 2.90121973e-01 3.01073849e-01
 7.00000000e+00 3.60000000e+01]
  - 56: [5.22982608e-02 1.52325466e-01 2.33197704e-01 7.61753845e+00
 5.37728218e+01 4.62154597e-02 5.82804680e-01 3.74570429e-01
 0.00000000e+00 3.60000000e+01]
  - 57: [4.11726340e-02 1.45017505e-01 2.10883513e-01 7.61774876e+00
 5.67196841e+01 4.38347422e-02 3.75989854e-01 3.30098182e-01
 4.00000000e+00 3.60000000e+01]
  - 58: [5.00522230e-02 1.50880247e-01 2.28552610e-01 7.61759683e+00
 5.43867771e+01 4.56443429e-02 5.40928662e-01 3.67010951e-01
 0.00000000e+00 3.60000000e+01]
  - 59: [4.85408462e-02 1.49884462e-01 2.25463346e-01 7.61763332e+00
 5.47947627e+01 4.52762470e-02 5.12472808e-01 3.61579031e-01
 0.00000000e+00 3.60000000e+01]
  - 60: [4.69716114e-02 1.48837164e-01 2.22288996e-01 7.61766716e+00
 5.52137663e+01 4.49117161e-02 4.82677698e-01 3.55615824e-01
 0.00000000e+00 3.60000000e+01]
  - 61: [3.35984619e-02 1.41753629e-01 1.96934238e-01 7.61771028e+00
 5.85892281e+01 4.46105562e-02 2.67704725e-01 2.84638584e-01
 4.30000000e+01 3.60000000e+01]
  - 62: [3.41472315e-02 1.41824335e-01 1.97897211e-01 7.61772156e+00
 5.84569516e+01 4.43321727e-02 2.70260811e-01 2.88557619e-01
 4.30000000e+01 3.60000000e+01]
  - 63: [5.23758816e-02 1.52374521e-01 2.33359337e-01 7.61753646e+00
 5.37514383e+01 4.62356359e-02 5.84243417e-01 3.74821275e-01
 0.00000000e+00 3.60000000e+01]
  - 64: [3.91887841e-02 1.43836886e-01 2.07112834e-01 7.61775805e+00
 5.72194665e+01 4.36555371e-02 3.42368484e-01 3.19773287e-01
 4.00000000e+00 3.60000000e+01]
  - 65: [4.91685971e-02 1.50299951e-01 2.26742834e-01 7.61761939e+00
 5.46258173e+01 4.54273224e-02 5.24320066e-01 3.63871038e-01
 0.00000000e+00 3.60000000e+01]
  - 66: [4.09006917e-02 1.44848928e-01 2.10362390e-01 7.61775075e+00
 5.67886485e+01 4.38014828e-02 3.71460080e-01 3.28739077e-01
 4.00000000e+00 3.60000000e+01]
  - 67: [3.57031744e-02 1.42221436e-01 2.00677022e-01 7.61774212e+00
 5.80795792e+01 4.38500308e-02 2.85084903e-01 2.99067944e-01
 7.00000000e+00 3.60000000e+01]
  - 68: [3.51587042e-02 1.42052695e-01 1.99696869e-01 7.61773748e+00
 5.82120414e+01 4.39771153e-02 2.76189446e-01 2.95487225e-01
 7.00000000e+00 3.60000000e+01]
  - 69: [4.37640729e-02 1.46691144e-01 2.15913683e-01 7.61772156e+00
 5.60550962e+01 4.42467444e-02 4.20926958e-01 3.42259765e-01
 0.00000000e+00 3.60000000e+01]
  - 70: [3.81304622e-02 1.43268555e-01 2.05131859e-01 7.61775738e+00
 5.74829792e+01 4.36295010e-02 3.24605346e-01 3.13857645e-01
 5.00000000e+00 3.60000000e+01]
  - 71: [4.99263276e-02 1.50797948e-01 2.28294119e-01 7.61760148e+00
 5.44209091e+01 4.56131138e-02 5.38567066e-01 3.66569698e-01
 0.00000000e+00 3.60000000e+01]
  - 72: [5.01272938e-02 1.50929287e-01 2.28706852e-01 7.61759551e+00
 5.43663967e+01 4.56629954e-02 5.42336285e-01 3.67273301e-01
 0.00000000e+00 3.60000000e+01]
  - 73: [3.98785990e-02 1.44233108e-01 2.08415702e-01 7.61775539e+00
 5.70465512e+01 4.37000655e-02 3.54212046e-01 3.23473692e-01
 4.00000000e+00 3.60000000e+01]
  - 74: [4.21197440e-02 1.45617068e-01 2.12708697e-01 7.61774013e+00
 5.64783617e+01 4.39673029e-02 3.92409921e-01 3.34703833e-01
 3.00000000e+00 3.60000000e+01]
  - 75: [3.50522529e-02 1.42023221e-01 1.99506089e-01 7.61773549e+00
 5.82378832e+01 4.40063998e-02 2.74434566e-01 2.94775039e-01
 7.00000000e+00 3.60000000e+01]
  - 76: [4.17575473e-02 1.45385757e-01 2.12008849e-01 7.61774411e+00
 5.65708539e+01 4.39136475e-02 3.86135519e-01 3.32965285e-01
 3.00000000e+00 3.60000000e+01]
  - 77: [3.73072857e-02 1.42867610e-01 2.03606457e-01 7.61775539e+00
 5.76864757e+01 4.36528958e-02 3.11121762e-01 3.09043318e-01
 6.00000000e+00 3.60000000e+01]
  - 78: [3.54519979e-02 1.42139897e-01 2.00223923e-01 7.61774013e+00
 5.81407471e+01 4.39042933e-02 2.80997813e-01 2.97428787e-01
 7.00000000e+00 3.60000000e+01]
  - 79: [4.77311611e-02 1.49345338e-01 2.23821118e-01 7.61765123e+00
 5.50115542e+01 4.50856090e-02 4.97132003e-01 3.58545303e-01
 0.00000000e+00 3.60000000e+01]
  - 80: [4.62021413e-02 1.48320988e-01 2.20745400e-01 7.61768175e+00
 5.54174805e+01 4.47408631e-02 4.67970610e-01 3.52561951e-01
 0.00000000e+00 3.60000000e+01]
  - 81: [4.69967282e-02 1.48853987e-01 2.22339526e-01 7.61766716e+00
 5.52070949e+01 4.49173972e-02 4.83156472e-01 3.55714023e-01
 0.00000000e+00 3.60000000e+01]
  - 82: [4.52106932e-02 1.47655815e-01 2.18769491e-01 7.61769966e+00
 5.56782014e+01 4.45304140e-02 4.48923290e-01 3.48491788e-01
 0.00000000e+00 3.60000000e+01]
  - 83: [3.96990180e-02 1.44128263e-01 2.08075672e-01 7.61775672e+00
 5.70916642e+01 4.36866023e-02 3.51144731e-01 3.22521627e-01
 4.00000000e+00 3.60000000e+01]
  - 84: [5.12046762e-02 1.51627675e-01 2.30928257e-01 7.61756764e+00
 5.40728494e+01 4.59341183e-02 5.62475443e-01 3.70963544e-01
 0.00000000e+00 3.60000000e+01]
  - 85: [4.79160133e-02 1.49468690e-01 2.24195227e-01 7.61764725e+00
 5.49621741e+01 4.51286733e-02 5.00640213e-01 3.59245807e-01
 0.00000000e+00 3.60000000e+01]
  - 86: [4.35198908e-02 1.46529704e-01 2.15434909e-01 7.61772487e+00
 5.61182914e+01 4.42020260e-02 4.16310608e-01 3.41171026e-01
 3.00000000e+00 3.60000000e+01]
  - 87: [4.37321300e-02 1.46669999e-01 2.15850979e-01 7.61772222e+00
 5.60633704e+01 4.42408323e-02 4.20305878e-01 3.42117965e-01
 0.00000000e+00 3.60000000e+01]
  - 88: [4.59336146e-02 1.48140773e-01 2.20208764e-01 7.61768640e+00
 5.54882812e+01 4.46826592e-02 4.62822855e-01 3.51474851e-01
 0.00000000e+00 3.60000000e+01]
  - 89: [3.77907649e-02 1.43098220e-01 2.04500735e-01 7.61775672e+00
 5.75671015e+01 4.36340235e-02 3.18956316e-01 3.11894327e-01
 6.00000000e+00 3.60000000e+01]
  - 90: [4.90008437e-02 1.50189146e-01 2.26400360e-01 7.61762337e+00
 5.46710470e+01 4.53866683e-02 5.21157920e-01 3.63263547e-01
 0.00000000e+00 3.60000000e+01]
  - 91: [3.90587760e-02 1.43764257e-01 2.06868336e-01 7.61775805e+00
 5.72519531e+01 4.36494015e-02 3.40117455e-01 3.19062412e-01
 4.00000000e+00 3.60000000e+01]
  - 92: [3.89876728e-02 1.43724918e-01 2.06734717e-01 7.61775805e+00
 5.72697064e+01 4.36463766e-02 3.38883877e-01 3.18671793e-01
 4.00000000e+00 3.60000000e+01]
  - 93: [4.99957385e-02 1.50843337e-01 2.28436634e-01 7.61759949e+00
 5.44020943e+01 4.56303246e-02 5.39869368e-01 3.66813362e-01
 0.00000000e+00 3.60000000e+01]
  - 94: [4.23314105e-02 1.45753339e-01 2.13118717e-01 7.61773947e+00
 5.64241731e+01 4.40001674e-02 3.96058977e-01 3.35706949e-01
 3.00000000e+00 3.60000000e+01]
  - 95: [3.95932638e-02 1.44067034e-01 2.07875684e-01 7.61775738e+00
 5.71181959e+01 4.36792821e-02 3.49333107e-01 3.21957380e-01
 4.00000000e+00 3.60000000e+01]
  - 96: [3.73092242e-02 1.42868474e-01 2.03610063e-01 7.61775539e+00
 5.76859927e+01 4.36527804e-02 3.11153471e-01 3.09054852e-01
 6.00000000e+00 3.60000000e+01]
  - 97: [4.05350820e-02 1.44625261e-01 2.09663823e-01 7.61775407e+00
 5.68811407e+01 4.37604599e-02 3.65330935e-01 3.26885462e-01
 4.00000000e+00 3.60000000e+01]
  - 98: [3.50744206e-02 1.42029271e-01 1.99545816e-01 7.61773615e+00
 5.82325068e+01 4.40001786e-02 2.74800479e-01 2.94923753e-01
 7.00000000e+00 3.60000000e+01]
  - 99: [4.78179558e-02 1.49403289e-01 2.23996699e-01 7.61764924e+00
 5.49883715e+01 4.51058038e-02 4.98779714e-01 3.58874738e-01
 0.00000000e+00 3.60000000e+01]
Updating sensitivity info in ERGOM_Arkona_observability_ARGO_CHL_JUN.pickle with model results...
Done
