Starting ppserver on r512c05n04,r512c06n01:59044
Host names provided to parsac: r512c05n04:59044,r512c06n01:59044,
Starting parsac
Reading sensitivity samples from ERGOM_Arkona_observability_ARGO_POC_JAN.pickle...
Reading configuration from Arkona_observability_ARGO_POC_JAN.xml...
Starting Parallel Python server...
Giving Parallel Python 10 seconds to connect to: r512c05n04:59044, r512c06n01:59044
Running on:
   local: 0 cpus
   r512c06n01:59044: 48 cpus
   r512c05n04:59044: 48 cpus
Total number of cpus: 96
Starting model run...
Model run took 3.3 s.
 Processed /g100_scratch/usertrain/a08trb35/ERGOM_Arkona_JAN_ARGO_POC_OBSERVABILITY/0000...
Starting model run...
Model run took 4.0 s.
 Processed /g100_scratch/usertrain/a08trb35/ERGOM_Arkona_JAN_ARGO_POC_OBSERVABILITY/0001...
Starting model run...
Model run took 3.5 s.
 Processed /g100_scratch/usertrain/a08trb35/ERGOM_Arkona_JAN_ARGO_POC_OBSERVABILITY/0002...
Starting model run...
Model run took 4.0 s.
 Processed /g100_scratch/usertrain/a08trb35/ERGOM_Arkona_JAN_ARGO_POC_OBSERVABILITY/0003...
Starting model run...
Model run took 3.3 s.
 Processed /g100_scratch/usertrain/a08trb35/ERGOM_Arkona_JAN_ARGO_POC_OBSERVABILITY/0004...
Starting model run...
Model run took 3.9 s.
 Processed /g100_scratch/usertrain/a08trb35/ERGOM_Arkona_JAN_ARGO_POC_OBSERVABILITY/0005...
Starting model run...
Model run took 3.2 s.
 Processed /g100_scratch/usertrain/a08trb35/ERGOM_Arkona_JAN_ARGO_POC_OBSERVABILITY/0006...
Starting model run...
Model run took 3.7 s.
 Processed /g100_scratch/usertrain/a08trb35/ERGOM_Arkona_JAN_ARGO_POC_OBSERVABILITY/0007...
Starting model run...
Model run took 3.7 s.
 Processed /g100_scratch/usertrain/a08trb35/ERGOM_Arkona_JAN_ARGO_POC_OBSERVABILITY/0008...
Starting model run...
Model run took 3.6 s.
 Processed /g100_scratch/usertrain/a08trb35/ERGOM_Arkona_JAN_ARGO_POC_OBSERVABILITY/0009...
Starting model run...
Model run took 3.8 s.
 Processed /g100_scratch/usertrain/a08trb35/ERGOM_Arkona_JAN_ARGO_POC_OBSERVABILITY/0010...
Starting model run...
Model run took 3.2 s.
 Processed /g100_scratch/usertrain/a08trb35/ERGOM_Arkona_JAN_ARGO_POC_OBSERVABILITY/0011...
Starting model run...
Model run took 3.8 s.
 Processed /g100_scratch/usertrain/a08trb35/ERGOM_Arkona_JAN_ARGO_POC_OBSERVABILITY/0012...
Starting model run...
Model run took 3.2 s.
 Processed /g100_scratch/usertrain/a08trb35/ERGOM_Arkona_JAN_ARGO_POC_OBSERVABILITY/0013...
Starting model run...
Model run took 4.0 s.
 Processed /g100_scratch/usertrain/a08trb35/ERGOM_Arkona_JAN_ARGO_POC_OBSERVABILITY/0014...
Starting model run...
Model run took 3.3 s.
 Processed /g100_scratch/usertrain/a08trb35/ERGOM_Arkona_JAN_ARGO_POC_OBSERVABILITY/0015...
Starting model run...
Model run took 3.4 s.
 Processed /g100_scratch/usertrain/a08trb35/ERGOM_Arkona_JAN_ARGO_POC_OBSERVABILITY/0016...
Starting model run...
Model run took 3.7 s.
 Processed /g100_scratch/usertrain/a08trb35/ERGOM_Arkona_JAN_ARGO_POC_OBSERVABILITY/0017...
Starting model run...
Model run took 3.6 s.
 Processed /g100_scratch/usertrain/a08trb35/ERGOM_Arkona_JAN_ARGO_POC_OBSERVABILITY/0018...
Starting model run...
Model run took 3.3 s.
 Processed /g100_scratch/usertrain/a08trb35/ERGOM_Arkona_JAN_ARGO_POC_OBSERVABILITY/0019...
Starting model run...
Model run took 3.7 s.
 Processed /g100_scratch/usertrain/a08trb35/ERGOM_Arkona_JAN_ARGO_POC_OBSERVABILITY/0020...
Starting model run...
Model run took 3.3 s.
 Processed /g100_scratch/usertrain/a08trb35/ERGOM_Arkona_JAN_ARGO_POC_OBSERVABILITY/0021...
Starting model run...
Model run took 3.6 s.
 Processed /g100_scratch/usertrain/a08trb35/ERGOM_Arkona_JAN_ARGO_POC_OBSERVABILITY/0022...
Starting model run...
Model run took 3.3 s.
 Processed /g100_scratch/usertrain/a08trb35/ERGOM_Arkona_JAN_ARGO_POC_OBSERVABILITY/0023...
Starting model run...
Model run took 3.6 s.
 Processed /g100_scratch/usertrain/a08trb35/ERGOM_Arkona_JAN_ARGO_POC_OBSERVABILITY/0024...
Starting model run...
Model run took 3.3 s.
 Processed /g100_scratch/usertrain/a08trb35/ERGOM_Arkona_JAN_ARGO_POC_OBSERVABILITY/0025...
Starting model run...
Model run took 3.7 s.
 Processed /g100_scratch/usertrain/a08trb35/ERGOM_Arkona_JAN_ARGO_POC_OBSERVABILITY/0026...
Starting model run...
Model run took 3.3 s.
 Processed /g100_scratch/usertrain/a08trb35/ERGOM_Arkona_JAN_ARGO_POC_OBSERVABILITY/0027...
Starting model run...
Model run took 3.2 s.
 Processed /g100_scratch/usertrain/a08trb35/ERGOM_Arkona_JAN_ARGO_POC_OBSERVABILITY/0028...
Starting model run...
Model run took 3.7 s.
 Processed /g100_scratch/usertrain/a08trb35/ERGOM_Arkona_JAN_ARGO_POC_OBSERVABILITY/0029...
Starting model run...
Model run took 3.9 s.
 Processed /g100_scratch/usertrain/a08trb35/ERGOM_Arkona_JAN_ARGO_POC_OBSERVABILITY/0030...
Starting model run...
Model run took 3.2 s.
 Processed /g100_scratch/usertrain/a08trb35/ERGOM_Arkona_JAN_ARGO_POC_OBSERVABILITY/0031...
Starting model run...
Model run took 3.4 s.
 Processed /g100_scratch/usertrain/a08trb35/ERGOM_Arkona_JAN_ARGO_POC_OBSERVABILITY/0032...
Starting model run...
Model run took 3.6 s.
 Processed /g100_scratch/usertrain/a08trb35/ERGOM_Arkona_JAN_ARGO_POC_OBSERVABILITY/0033...
Starting model run...
Model run took 3.3 s.
 Processed /g100_scratch/usertrain/a08trb35/ERGOM_Arkona_JAN_ARGO_POC_OBSERVABILITY/0034...
Starting model run...
Model run took 3.7 s.
 Processed /g100_scratch/usertrain/a08trb35/ERGOM_Arkona_JAN_ARGO_POC_OBSERVABILITY/0035...
Starting model run...
Model run took 3.4 s.
 Processed /g100_scratch/usertrain/a08trb35/ERGOM_Arkona_JAN_ARGO_POC_OBSERVABILITY/0036...
Starting model run...
Model run took 3.7 s.
 Processed /g100_scratch/usertrain/a08trb35/ERGOM_Arkona_JAN_ARGO_POC_OBSERVABILITY/0037...
Starting model run...
Model run took 3.2 s.
 Processed /g100_scratch/usertrain/a08trb35/ERGOM_Arkona_JAN_ARGO_POC_OBSERVABILITY/0038...
Starting model run...
Model run took 3.7 s.
 Processed /g100_scratch/usertrain/a08trb35/ERGOM_Arkona_JAN_ARGO_POC_OBSERVABILITY/0039...
Starting model run...
Model run took 3.3 s.
 Processed /g100_scratch/usertrain/a08trb35/ERGOM_Arkona_JAN_ARGO_POC_OBSERVABILITY/0040...
Starting model run...
Model run took 3.7 s.
 Processed /g100_scratch/usertrain/a08trb35/ERGOM_Arkona_JAN_ARGO_POC_OBSERVABILITY/0041...
Starting model run...
Model run took 3.2 s.
 Processed /g100_scratch/usertrain/a08trb35/ERGOM_Arkona_JAN_ARGO_POC_OBSERVABILITY/0042...
Starting model run...
Model run took 3.7 s.
 Processed /g100_scratch/usertrain/a08trb35/ERGOM_Arkona_JAN_ARGO_POC_OBSERVABILITY/0043...
Starting model run...
Model run took 3.4 s.
 Processed /g100_scratch/usertrain/a08trb35/ERGOM_Arkona_JAN_ARGO_POC_OBSERVABILITY/0044...
Starting model run...
Model run took 3.6 s.
 Processed /g100_scratch/usertrain/a08trb35/ERGOM_Arkona_JAN_ARGO_POC_OBSERVABILITY/0045...
Starting model run...
Model run took 3.3 s.
 Processed /g100_scratch/usertrain/a08trb35/ERGOM_Arkona_JAN_ARGO_POC_OBSERVABILITY/0046...
Starting model run...
Model run took 3.8 s.
 Processed /g100_scratch/usertrain/a08trb35/ERGOM_Arkona_JAN_ARGO_POC_OBSERVABILITY/0047...
Starting model run...
Model run took 3.2 s.
 Processed /g100_scratch/usertrain/a08trb35/ERGOM_Arkona_JAN_ARGO_POC_OBSERVABILITY/0048...
Starting model run...
Model run took 3.6 s.
 Processed /g100_scratch/usertrain/a08trb35/ERGOM_Arkona_JAN_ARGO_POC_OBSERVABILITY/0049...
Starting model run...
Model run took 3.3 s.
 Processed /g100_scratch/usertrain/a08trb35/ERGOM_Arkona_JAN_ARGO_POC_OBSERVABILITY/0050...
Starting model run...
Model run took 3.7 s.
 Processed /g100_scratch/usertrain/a08trb35/ERGOM_Arkona_JAN_ARGO_POC_OBSERVABILITY/0051...
Starting model run...
Model run took 3.2 s.
 Processed /g100_scratch/usertrain/a08trb35/ERGOM_Arkona_JAN_ARGO_POC_OBSERVABILITY/0052...
Starting model run...
Model run took 3.6 s.
 Processed /g100_scratch/usertrain/a08trb35/ERGOM_Arkona_JAN_ARGO_POC_OBSERVABILITY/0053...
Starting model run...
Model run took 3.3 s.
 Processed /g100_scratch/usertrain/a08trb35/ERGOM_Arkona_JAN_ARGO_POC_OBSERVABILITY/0054...
Starting model run...
Model run took 3.7 s.
 Processed /g100_scratch/usertrain/a08trb35/ERGOM_Arkona_JAN_ARGO_POC_OBSERVABILITY/0055...
Starting model run...
Model run took 3.2 s.
 Processed /g100_scratch/usertrain/a08trb35/ERGOM_Arkona_JAN_ARGO_POC_OBSERVABILITY/0056...
Starting model run...
Model run took 3.7 s.
 Processed /g100_scratch/usertrain/a08trb35/ERGOM_Arkona_JAN_ARGO_POC_OBSERVABILITY/0057...
Starting model run...
Model run took 3.3 s.
 Processed /g100_scratch/usertrain/a08trb35/ERGOM_Arkona_JAN_ARGO_POC_OBSERVABILITY/0058...
Starting model run...
Model run took 3.7 s.
 Processed /g100_scratch/usertrain/a08trb35/ERGOM_Arkona_JAN_ARGO_POC_OBSERVABILITY/0059...
Starting model run...
Model run took 3.3 s.
 Processed /g100_scratch/usertrain/a08trb35/ERGOM_Arkona_JAN_ARGO_POC_OBSERVABILITY/0060...
Starting model run...
Model run took 3.7 s.
 Processed /g100_scratch/usertrain/a08trb35/ERGOM_Arkona_JAN_ARGO_POC_OBSERVABILITY/0061...
Starting model run...
Model run took 3.3 s.
 Processed /g100_scratch/usertrain/a08trb35/ERGOM_Arkona_JAN_ARGO_POC_OBSERVABILITY/0062...
Starting model run...
Model run took 3.6 s.
 Processed /g100_scratch/usertrain/a08trb35/ERGOM_Arkona_JAN_ARGO_POC_OBSERVABILITY/0063...
Starting model run...
Model run took 3.2 s.
 Processed /g100_scratch/usertrain/a08trb35/ERGOM_Arkona_JAN_ARGO_POC_OBSERVABILITY/0064...
Starting model run...
Model run took 3.7 s.
 Processed /g100_scratch/usertrain/a08trb35/ERGOM_Arkona_JAN_ARGO_POC_OBSERVABILITY/0065...
Starting model run...
Model run took 3.3 s.
 Processed /g100_scratch/usertrain/a08trb35/ERGOM_Arkona_JAN_ARGO_POC_OBSERVABILITY/0066...
Starting model run...
Model run took 3.7 s.
 Processed /g100_scratch/usertrain/a08trb35/ERGOM_Arkona_JAN_ARGO_POC_OBSERVABILITY/0067...
Starting model run...
Model run took 3.3 s.
 Processed /g100_scratch/usertrain/a08trb35/ERGOM_Arkona_JAN_ARGO_POC_OBSERVABILITY/0068...
Starting model run...
Model run took 3.6 s.
 Processed /g100_scratch/usertrain/a08trb35/ERGOM_Arkona_JAN_ARGO_POC_OBSERVABILITY/0069...
Starting model run...
Model run took 3.3 s.
 Processed /g100_scratch/usertrain/a08trb35/ERGOM_Arkona_JAN_ARGO_POC_OBSERVABILITY/0070...
Starting model run...
Model run took 3.7 s.
 Processed /g100_scratch/usertrain/a08trb35/ERGOM_Arkona_JAN_ARGO_POC_OBSERVABILITY/0071...
Starting model run...
Model run took 3.4 s.
 Processed /g100_scratch/usertrain/a08trb35/ERGOM_Arkona_JAN_ARGO_POC_OBSERVABILITY/0072...
Starting model run...
Model run took 3.6 s.
 Processed /g100_scratch/usertrain/a08trb35/ERGOM_Arkona_JAN_ARGO_POC_OBSERVABILITY/0073...
Starting model run...
Model run took 3.3 s.
 Processed /g100_scratch/usertrain/a08trb35/ERGOM_Arkona_JAN_ARGO_POC_OBSERVABILITY/0074...
Starting model run...
Model run took 3.6 s.
 Processed /g100_scratch/usertrain/a08trb35/ERGOM_Arkona_JAN_ARGO_POC_OBSERVABILITY/0075...
Starting model run...
Model run took 3.2 s.
 Processed /g100_scratch/usertrain/a08trb35/ERGOM_Arkona_JAN_ARGO_POC_OBSERVABILITY/0076...
Starting model run...
Model run took 3.7 s.
 Processed /g100_scratch/usertrain/a08trb35/ERGOM_Arkona_JAN_ARGO_POC_OBSERVABILITY/0077...
Starting model run...
Model run took 3.2 s.
 Processed /g100_scratch/usertrain/a08trb35/ERGOM_Arkona_JAN_ARGO_POC_OBSERVABILITY/0078...
Starting model run...
Model run took 3.6 s.
 Processed /g100_scratch/usertrain/a08trb35/ERGOM_Arkona_JAN_ARGO_POC_OBSERVABILITY/0079...
Starting model run...
Model run took 3.6 s.
 Processed /g100_scratch/usertrain/a08trb35/ERGOM_Arkona_JAN_ARGO_POC_OBSERVABILITY/0080...
Starting model run...
Model run took 3.2 s.
 Processed /g100_scratch/usertrain/a08trb35/ERGOM_Arkona_JAN_ARGO_POC_OBSERVABILITY/0081...
Starting model run...
Model run took 3.6 s.
 Processed /g100_scratch/usertrain/a08trb35/ERGOM_Arkona_JAN_ARGO_POC_OBSERVABILITY/0082...
Starting model run...
Model run took 3.3 s.
 Processed /g100_scratch/usertrain/a08trb35/ERGOM_Arkona_JAN_ARGO_POC_OBSERVABILITY/0083...
Starting model run...
Model run took 3.6 s.
 Processed /g100_scratch/usertrain/a08trb35/ERGOM_Arkona_JAN_ARGO_POC_OBSERVABILITY/0084...
Starting model run...
Model run took 3.2 s.
 Processed /g100_scratch/usertrain/a08trb35/ERGOM_Arkona_JAN_ARGO_POC_OBSERVABILITY/0085...
Starting model run...
Model run took 3.7 s.
 Processed /g100_scratch/usertrain/a08trb35/ERGOM_Arkona_JAN_ARGO_POC_OBSERVABILITY/0086...
Starting model run...
Model run took 3.3 s.
 Processed /g100_scratch/usertrain/a08trb35/ERGOM_Arkona_JAN_ARGO_POC_OBSERVABILITY/0087...
Starting model run...
Model run took 3.6 s.
 Processed /g100_scratch/usertrain/a08trb35/ERGOM_Arkona_JAN_ARGO_POC_OBSERVABILITY/0088...
Starting model run...
Model run took 3.4 s.
 Processed /g100_scratch/usertrain/a08trb35/ERGOM_Arkona_JAN_ARGO_POC_OBSERVABILITY/0089...
Starting model run...
Model run took 3.7 s.
 Processed /g100_scratch/usertrain/a08trb35/ERGOM_Arkona_JAN_ARGO_POC_OBSERVABILITY/0090...
Starting model run...
Model run took 3.3 s.
 Processed /g100_scratch/usertrain/a08trb35/ERGOM_Arkona_JAN_ARGO_POC_OBSERVABILITY/0091...
Starting model run...
Model run took 3.6 s.
 Processed /g100_scratch/usertrain/a08trb35/ERGOM_Arkona_JAN_ARGO_POC_OBSERVABILITY/0092...
Starting model run...
Model run took 3.4 s.
 Processed /g100_scratch/usertrain/a08trb35/ERGOM_Arkona_JAN_ARGO_POC_OBSERVABILITY/0093...
Starting model run...
Model run took 3.7 s.
 Processed /g100_scratch/usertrain/a08trb35/ERGOM_Arkona_JAN_ARGO_POC_OBSERVABILITY/0094...
Starting model run...
Model run took 3.3 s.
 Processed /g100_scratch/usertrain/a08trb35/ERGOM_Arkona_JAN_ARGO_POC_OBSERVABILITY/0095...
Starting model run...
Model run took 3.1 s.
 Processed /g100_scratch/usertrain/a08trb35/ERGOM_Arkona_JAN_ARGO_POC_OBSERVABILITY/0096...
Starting model run...
Model run took 3.1 s.
 Processed /g100_scratch/usertrain/a08trb35/ERGOM_Arkona_JAN_ARGO_POC_OBSERVABILITY/0097...
Starting model run...
Model run took 3.1 s.
 Processed /g100_scratch/usertrain/a08trb35/ERGOM_Arkona_JAN_ARGO_POC_OBSERVABILITY/0098...
Starting model run...
Model run took 3.1 s.
 Processed /g100_scratch/usertrain/a08trb35/ERGOM_Arkona_JAN_ARGO_POC_OBSERVABILITY/0099...
Retrieving value of target expression(s) for each ensemble member...
  - 0: [4.19454336e-02 1.01035245e-01 2.48987243e-01 7.71609022e+00
 1.32268761e+02 9.13847744e-01 2.93696642e-01 2.37480819e-01
 3.30000000e+01 4.20000000e+01]
  - 1: [4.19337829e-02 1.01032466e-01 2.48983830e-01 7.71609090e+00
 1.32270909e+02 9.13987935e-01 2.93669224e-01 2.37451553e-01
 3.30000000e+01 4.20000000e+01]
  - 2: [4.34141344e-02 1.01396769e-01 2.49425635e-01 7.71602783e+00
 1.31996332e+02 8.96540642e-01 2.97101021e-01 2.41148949e-01
 3.30000000e+01 4.20000000e+01]
  - 3: [4.87463845e-02 1.02852896e-01 2.51106501e-01 7.71579997e+00
 1.31005903e+02 8.39185834e-01 3.08963060e-01 2.54040390e-01
 3.30000000e+01 4.30000000e+01]
  - 4: [4.33679952e-02 1.01385139e-01 2.49411672e-01 7.71602987e+00
 1.32004883e+02 8.97073925e-01 2.96995401e-01 2.41034567e-01
 3.30000000e+01 4.20000000e+01]
  - 5: [4.55119663e-02 1.01944990e-01 2.50070333e-01 7.71593831e+00
 1.31606934e+02 8.72992098e-01 3.01861763e-01 2.46298447e-01
 3.30000000e+01 4.20000000e+01]
  - 6: [4.31695779e-02 1.01335250e-01 2.49351889e-01 7.71603800e+00
 1.32041710e+02 8.99374485e-01 2.96538353e-01 2.40541756e-01
 3.30000000e+01 4.20000000e+01]
  - 7: [4.92351214e-02 1.02995798e-01 2.51267433e-01 7.71577962e+00
 1.30914996e+02 8.34324718e-01 3.10011148e-01 2.55189747e-01
 3.30000000e+01 4.30000000e+01]
  - 8: [4.80166382e-02 1.02642097e-01 2.50868291e-01 7.71583116e+00
 1.31141580e+02 8.46561611e-01 3.07386398e-01 2.52313673e-01
 3.30000000e+01 4.30000000e+01]
  - 9: [4.68506283e-02 1.02312267e-01 2.50493020e-01 7.71588135e+00
 1.31358290e+02 8.58646452e-01 3.04836273e-01 2.49529600e-01
 3.30000000e+01 4.20000000e+01]
  - 10: [4.47302235e-02 1.01736598e-01 2.49827549e-01 7.71597154e+00
 1.31752072e+02 8.81611228e-01 3.00102234e-01 2.44391829e-01
 3.30000000e+01 4.20000000e+01]
  - 11: [4.52061388e-02 1.01862907e-01 2.49974996e-01 7.71595052e+00
 1.31663715e+02 8.76342356e-01 3.01175594e-01 2.45554313e-01
 3.30000000e+01 4.20000000e+01]
  - 12: [4.94524797e-02 1.03059791e-01 2.51339376e-01 7.71577013e+00
 1.30874566e+02 8.32182765e-01 3.10475349e-01 2.55699188e-01
 3.30000000e+01 4.30000000e+01]
  - 13: [4.41624853e-02 1.01588257e-01 2.49653116e-01 7.71599528e+00
 1.31857454e+02 8.87985945e-01 2.98813343e-01 2.42998034e-01
 3.30000000e+01 4.20000000e+01]
  - 14: [4.57961559e-02 1.02021873e-01 2.50159383e-01 7.71592543e+00
 1.31554156e+02 8.69903326e-01 3.02497149e-01 2.46987954e-01
 3.30000000e+01 4.20000000e+01]
  - 15: [4.41420608e-02 1.01582982e-01 2.49646872e-01 7.71599664e+00
 1.31861241e+02 8.88217151e-01 2.98766851e-01 2.42947832e-01
 3.30000000e+01 4.20000000e+01]
  - 16: [4.77877670e-02 1.02576680e-01 2.50794083e-01 7.71584066e+00
 1.31184136e+02 8.48904371e-01 3.06888819e-01 2.51769453e-01
 3.30000000e+01 4.30000000e+01]
  - 17: [4.94700644e-02 1.03064992e-01 2.51345217e-01 7.71576945e+00
 1.30871289e+02 8.32010031e-01 3.10512543e-01 2.55740434e-01
 3.30000000e+01 4.30000000e+01]
  - 18: [4.71586969e-02 1.02398552e-01 2.50591546e-01 7.71586711e+00
 1.31301042e+02 8.55417013e-01 3.05513620e-01 2.50267655e-01
 3.30000000e+01 4.30000000e+01]
  - 19: [4.70645004e-02 1.02372095e-01 2.50561386e-01 7.71587185e+00
 1.31318555e+02 8.56401682e-01 3.05306911e-01 2.50041932e-01
 3.30000000e+01 4.30000000e+01]
  - 20: [4.35622957e-02 1.01434313e-01 2.49470413e-01 7.71602105e+00
 1.31968837e+02 8.94833148e-01 2.97441244e-01 2.41516158e-01
 3.30000000e+01 4.20000000e+01]
  - 21: [4.84676732e-02 1.02771997e-01 2.51015186e-01 7.71581217e+00
 1.31057726e+02 8.41986120e-01 3.08362722e-01 2.53382266e-01
 3.30000000e+01 4.30000000e+01]
  - 22: [4.89404254e-02 1.02909461e-01 2.51170278e-01 7.71579251e+00
 1.30969813e+02 8.37248504e-01 3.09380293e-01 2.54497379e-01
 3.30000000e+01 4.30000000e+01]
  - 23: [4.04112683e-02 1.00679502e-01 2.48540789e-01 7.71615533e+00
 1.32553190e+02 9.32691276e-01 2.90076256e-01 2.33593225e-01
 3.30000000e+01 4.20000000e+01]
  - 24: [4.70239374e-02 1.02360718e-01 2.50548393e-01 7.71587321e+00
 1.31326085e+02 8.56826544e-01 3.05217505e-01 2.49944896e-01
 3.30000000e+01 4.20000000e+01]
  - 25: [4.51581319e-02 1.01850085e-01 2.49960050e-01 7.71595256e+00
 1.31672635e+02 8.76870692e-01 3.01067352e-01 2.45437354e-01
 3.30000000e+01 4.20000000e+01]
  - 26: [4.17775022e-02 1.00995190e-01 2.48937815e-01 7.71609768e+00
 1.32299902e+02 9.15871680e-01 2.93303490e-01 2.37058103e-01
 3.30000000e+01 4.20000000e+01]
  - 27: [4.57789315e-02 1.02017216e-01 2.50153959e-01 7.71592543e+00
 1.31557346e+02 8.70089948e-01 3.02458763e-01 2.46946231e-01
 3.30000000e+01 4.20000000e+01]
  - 28: [4.05176030e-02 1.00703388e-01 2.48571351e-01 7.71615126e+00
 1.32533474e+02 9.31359053e-01 2.90329218e-01 2.33864576e-01
 3.30000000e+01 4.20000000e+01]
  - 29: [4.43919791e-02 1.01647913e-01 2.49723420e-01 7.71598511e+00
 1.31814855e+02 8.85397255e-01 2.99335480e-01 2.43562385e-01
 3.30000000e+01 4.20000000e+01]
  - 30: [4.35381571e-02 1.01428188e-01 2.49463126e-01 7.71602241e+00
 1.31973307e+02 8.95110846e-01 2.97385931e-01 2.41456345e-01
 3.30000000e+01 4.20000000e+01]
  - 31: [4.88775571e-02 1.02891095e-01 2.51149595e-01 7.71579386e+00
 1.30981510e+02 8.37875009e-01 3.09245586e-01 2.54349351e-01
 3.30000000e+01 4.30000000e+01]
  - 32: [4.72945372e-02 1.02436781e-01 2.50635117e-01 7.71586168e+00
 1.31275792e+02 8.54001582e-01 3.05811644e-01 2.50592768e-01
 3.30000000e+01 4.30000000e+01]
  - 33: [4.75468318e-02 1.02508157e-01 2.50716239e-01 7.71585151e+00
 1.31228906e+02 8.51385891e-01 3.06363583e-01 2.51195371e-01
 3.30000000e+01 4.30000000e+01]
  - 34: [4.69827864e-02 1.02349207e-01 2.50535280e-01 7.71587457e+00
 1.31333724e+02 8.57257903e-01 3.05127144e-01 2.49846295e-01
 3.30000000e+01 4.20000000e+01]
  - 35: [4.19449568e-02 1.01035148e-01 2.48987064e-01 7.71609022e+00
 1.32268848e+02 9.13853645e-01 2.93695450e-01 2.37479657e-01
 3.30000000e+01 4.20000000e+01]
  - 36: [4.60515711e-02 1.02091499e-01 2.50239670e-01 7.71591458e+00
 1.31506717e+02 8.67147505e-01 3.03066730e-01 2.47605920e-01
 3.30000000e+01 4.20000000e+01]
  - 37: [4.60849868e-02 1.02100618e-01 2.50250190e-01 7.71591322e+00
 1.31500510e+02 8.66788328e-01 3.03140879e-01 2.47686803e-01
 3.30000000e+01 4.20000000e+01]
  - 38: [4.87987730e-02 1.02868147e-01 2.51123697e-01 7.71579793e+00
 1.30996170e+02 8.38661969e-01 3.09075832e-01 2.54163772e-01
 3.30000000e+01 4.30000000e+01]
  - 39: [4.83346303e-02 1.02733530e-01 2.50971735e-01 7.71581760e+00
 1.31082444e+02 8.43329966e-01 3.08075666e-01 2.53067553e-01
 3.30000000e+01 4.30000000e+01]
  - 40: [4.78420893e-02 1.02592170e-01 2.50811696e-01 7.71583862e+00
 1.31174023e+02 8.48347008e-01 3.07007074e-01 2.51898736e-01
 3.30000000e+01 4.30000000e+01]
  - 41: [4.24454583e-02 1.01156123e-01 2.49135271e-01 7.71606920e+00
 1.32176020e+02 9.07876909e-01 2.94862270e-01 2.38735497e-01
 3.30000000e+01 4.20000000e+01]
  - 42: [4.10809464e-02 1.00831881e-01 2.48734206e-01 7.71612684e+00
 1.32429047e+02 9.24367070e-01 2.91664362e-01 2.35297218e-01
 3.30000000e+01 4.20000000e+01]
  - 43: [4.76372560e-02 1.02533847e-01 2.50745445e-01 7.71584744e+00
 1.31212099e+02 8.50452781e-01 3.06560993e-01 2.51411051e-01
 3.30000000e+01 4.30000000e+01]
  - 44: [4.58546003e-02 1.02037750e-01 2.50177681e-01 7.71592339e+00
 1.31543305e+02 8.69270921e-01 3.02628279e-01 2.47129440e-01
 3.30000000e+01 4.20000000e+01]
  - 45: [4.60478995e-02 1.02090478e-01 2.50238508e-01 7.71591458e+00
 1.31507411e+02 8.67187023e-01 3.03058624e-01 2.47597128e-01
 3.30000000e+01 4.20000000e+01]
  - 46: [4.85205173e-02 1.02787301e-01 2.51032472e-01 7.71581014e+00
 1.31047895e+02 8.41453671e-01 3.08476925e-01 2.53507227e-01
 3.30000000e+01 4.30000000e+01]
  - 47: [4.86039056e-02 1.02811493e-01 2.51059771e-01 7.71580607e+00
 1.31032400e+02 8.40614915e-01 3.08656693e-01 2.53704220e-01
 3.30000000e+01 4.30000000e+01]
  - 48: [4.41776514e-02 1.01592198e-01 2.49657765e-01 7.71599460e+00
 1.31854633e+02 8.87814403e-01 2.98848152e-01 2.43035376e-01
 3.30000000e+01 4.20000000e+01]
  - 49: [4.24533712e-02 1.01158097e-01 2.49137640e-01 7.71606852e+00
 1.32174566e+02 9.07783270e-01 2.94880867e-01 2.38755360e-01
 3.30000000e+01 4.20000000e+01]
  - 50: [4.17146047e-02 1.00980259e-01 2.48919323e-01 7.71609972e+00
 1.32311567e+02 9.16632056e-01 2.93156147e-01 2.36899585e-01
 3.30000000e+01 4.20000000e+01]
  - 51: [4.77084690e-02 1.02554083e-01 2.50768453e-01 7.71584473e+00
 1.31198861e+02 8.49719465e-01 3.06715965e-01 2.51580745e-01
 3.30000000e+01 4.30000000e+01]
  - 52: [4.15327973e-02 1.00937270e-01 2.48865992e-01 7.71610786e+00
 1.32345280e+02 9.18837547e-01 2.92729378e-01 2.36440822e-01
 3.30000000e+01 4.20000000e+01]
  - 53: [4.14793756e-02 1.00924715e-01 2.48850361e-01 7.71611057e+00
 1.32355187e+02 9.19487596e-01 2.92603731e-01 2.36305848e-01
 3.30000000e+01 4.20000000e+01]
  - 54: [4.58662722e-02 1.02040946e-01 2.50181347e-01 7.71592204e+00
 1.31541135e+02 8.69145036e-01 3.02653551e-01 2.47157738e-01
 3.30000000e+01 4.20000000e+01]
  - 55: [4.15400611e-02 1.00938991e-01 2.48868138e-01 7.71610786e+00
 1.32343934e+02 9.18749332e-01 2.92746544e-01 2.36459181e-01
 3.30000000e+01 4.20000000e+01]
  - 56: [4.40672027e-02 1.01563610e-01 2.49623999e-01 7.71599935e+00
 1.31875152e+02 8.89065623e-01 2.98596382e-01 2.42763519e-01
 3.30000000e+01 4.20000000e+01]
  - 57: [4.59454272e-02 1.02062501e-01 2.50206262e-01 7.71591933e+00
 1.31526443e+02 8.68290305e-01 3.02830219e-01 2.47349352e-01
 3.30000000e+01 4.20000000e+01]
  - 58: [4.04899332e-02 1.00697167e-01 2.48563379e-01 7.71615194e+00
 1.32538607e+02 9.31705415e-01 2.90263891e-01 2.33793944e-01
 3.30000000e+01 4.20000000e+01]
  - 59: [4.29662440e-02 1.01284482e-01 2.49290809e-01 7.71604682e+00
 1.32079416e+02 9.01744962e-01 2.96069384e-01 2.40035877e-01
 3.30000000e+01 4.20000000e+01]
  - 60: [4.52995300e-02 1.01887882e-01 2.50004083e-01 7.71594645e+00
 1.31646376e+02 8.75316083e-01 3.01385403e-01 2.45781764e-01
 3.30000000e+01 4.20000000e+01]
  - 61: [4.79219808e-02 1.02615014e-01 2.50837594e-01 7.71583455e+00
 1.31159180e+02 8.47528994e-01 3.07180882e-01 2.52088755e-01
 3.30000000e+01 4.30000000e+01]
  - 62: [4.40168354e-02 1.01550624e-01 2.49608636e-01 7.71600138e+00
 1.31884494e+02 8.89637351e-01 2.98481464e-01 2.42639229e-01
 3.30000000e+01 4.20000000e+01]
  - 63: [4.39068211e-02 1.01522319e-01 2.49575108e-01 7.71600613e+00
 1.31904905e+02 8.90888989e-01 2.98230171e-01 2.42367879e-01
 3.30000000e+01 4.20000000e+01]
  - 64: [4.84825717e-02 1.02776319e-01 2.51020074e-01 7.71581150e+00
 1.31054959e+02 8.41835976e-01 3.08395147e-01 2.53417492e-01
 3.30000000e+01 4.30000000e+01]
  - 65: [4.94463497e-02 1.03057981e-01 2.51337349e-01 7.71577081e+00
 1.30875716e+02 8.32242787e-01 3.10462236e-01 2.55684882e-01
 3.30000000e+01 4.30000000e+01]
  - 66: [4.18327835e-02 1.01008348e-01 2.48954073e-01 7.71609497e+00
 1.32289648e+02 9.15204287e-01 2.93432951e-01 2.37197310e-01
 3.30000000e+01 4.20000000e+01]
  - 67: [4.62699148e-02 1.02151379e-01 2.50308573e-01 7.71590508e+00
 1.31466168e+02 8.64806652e-01 3.03552151e-01 2.48133168e-01
 3.30000000e+01 4.20000000e+01]
  - 68: [4.23286650e-02 1.01127706e-01 2.49100596e-01 7.71607327e+00
 1.32197678e+02 9.09264386e-01 2.94590473e-01 2.38443017e-01
 3.30000000e+01 4.20000000e+01]
  - 69: [4.72021103e-02 1.02410764e-01 2.50605434e-01 7.71586575e+00
 1.31292969e+02 8.54964256e-01 3.05608749e-01 2.50371546e-01
 3.30000000e+01 4.30000000e+01]
  - 70: [4.18740167e-02 1.01018183e-01 2.48966217e-01 7.71609361e+00
 1.32282010e+02 9.14707422e-01 2.93529510e-01 2.37301171e-01
 3.30000000e+01 4.20000000e+01]
  - 71: [4.57507504e-02 1.02009542e-01 2.50145078e-01 7.71592678e+00
 1.31562587e+02 8.70395243e-01 3.02395821e-01 2.46877939e-01
 3.30000000e+01 4.20000000e+01]
  - 72: [4.10715527e-02 1.00829720e-01 2.48731479e-01 7.71612752e+00
 1.32430773e+02 9.24482942e-01 2.91642427e-01 2.35273406e-01
 3.30000000e+01 4.20000000e+01]
  - 73: [4.53977638e-02 1.01914264e-01 2.50034660e-01 7.71594306e+00
 1.31628136e+02 8.74239743e-01 3.01605940e-01 2.46020824e-01
 3.30000000e+01 4.20000000e+01]
  - 74: [4.03354777e-02 1.00662522e-01 2.48519033e-01 7.71615872e+00
 1.32567253e+02 9.33643162e-01 2.89895773e-01 2.33399659e-01
 3.30000000e+01 4.20000000e+01]
  - 75: [4.03325134e-02 1.00661866e-01 2.48518199e-01 7.71615872e+00
 1.32567784e+02 9.33680356e-01 2.89889097e-01 2.33392105e-01
 3.30000000e+01 4.20000000e+01]
  - 76: [4.47175768e-02 1.01733275e-01 2.49823630e-01 7.71597154e+00
 1.31754416e+02 8.81752014e-01 3.00073385e-01 2.44360909e-01
 3.30000000e+01 4.20000000e+01]
  - 77: [4.75155195e-02 1.02499269e-01 2.50706196e-01 7.71585286e+00
 1.31234744e+02 8.51709545e-01 3.06294918e-01 2.51120716e-01
 3.30000000e+01 4.30000000e+01]
  - 78: [4.88125059e-02 1.02872126e-01 2.51128167e-01 7.71579725e+00
 1.30993587e+02 8.38524580e-01 3.09105635e-01 2.54196167e-01
 3.30000000e+01 4.30000000e+01]
  - 79: [4.20483298e-02 1.01059943e-01 2.49017611e-01 7.71608615e+00
 1.32249685e+02 9.12612379e-01 2.93936968e-01 2.37739503e-01
 3.30000000e+01 4.20000000e+01]
  - 80: [4.93412601e-02 1.03027023e-01 2.51302540e-01 7.71577488e+00
 1.30895247e+02 8.33277345e-01 3.10237885e-01 2.55438775e-01
 3.30000000e+01 4.30000000e+01]
  - 81: [4.72104337e-02 1.02413096e-01 2.50608146e-01 7.71586507e+00
 1.31291428e+02 8.54877353e-01 3.05626869e-01 2.50391483e-01
 3.30000000e+01 4.30000000e+01]
  - 82: [4.62920348e-02 1.02157459e-01 2.50315607e-01 7.71590441e+00
 1.31462077e+02 8.64570200e-01 3.03601265e-01 2.48186499e-01
 3.30000000e+01 4.20000000e+01]
  - 83: [4.46694586e-02 1.01720601e-01 2.49808818e-01 7.71597426e+00
 1.31763379e+02 8.82288754e-01 2.99964428e-01 2.44243026e-01
 3.30000000e+01 4.20000000e+01]
  - 84: [4.09141620e-02 1.00793518e-01 2.48685822e-01 7.71613430e+00
 1.32459972e+02 9.26425874e-01 2.91270733e-01 2.34873906e-01
 3.30000000e+01 4.20000000e+01]
  - 85: [4.60294194e-02 1.02085441e-01 2.50232667e-01 7.71591593e+00
 1.31510840e+02 8.67385805e-01 3.03017378e-01 2.47552469e-01
 3.30000000e+01 4.20000000e+01]
  - 86: [4.45481618e-02 1.01688743e-01 2.49771461e-01 7.71597900e+00
 1.31785862e+02 8.83644760e-01 2.99689531e-01 2.43945688e-01
 3.30000000e+01 4.20000000e+01]
  - 87: [4.07354593e-02 1.00752704e-01 2.48634174e-01 7.71614244e+00
 1.32493077e+02 9.28642094e-01 2.90846825e-01 2.34419510e-01
 3.30000000e+01 4.20000000e+01]
  - 88: [4.34173134e-02 1.01397581e-01 2.49426574e-01 7.71602783e+00
 1.31995747e+02 8.96503925e-01 2.97108650e-01 2.41156876e-01
 3.30000000e+01 4.20000000e+01]
  - 89: [4.12368298e-02 1.00868016e-01 2.48779550e-01 7.71612074e+00
 1.32400152e+02 9.22451615e-01 2.92032957e-01 2.35692292e-01
 3.30000000e+01 4.20000000e+01]
  - 90: [4.56781016e-02 1.01989850e-01 2.50122339e-01 7.71593085e+00
 1.31576085e+02 8.71183395e-01 3.02233696e-01 2.46701688e-01
 3.30000000e+01 4.20000000e+01]
  - 91: [4.28936111e-02 1.01266444e-01 2.49268994e-01 7.71604953e+00
 1.32092893e+02 9.02594984e-01 2.95901299e-01 2.39854947e-01
 3.30000000e+01 4.20000000e+01]
  - 92: [4.67447546e-02 1.02282748e-01 2.50459313e-01 7.71588474e+00
 1.31377962e+02 8.59762371e-01 3.04602623e-01 2.49275610e-01
 3.30000000e+01 4.20000000e+01]
  - 93: [4.30569172e-02 1.01307057e-01 2.49318019e-01 7.71604207e+00
 1.32062598e+02 9.00686145e-01 2.96278954e-01 2.40261689e-01
 3.30000000e+01 4.20000000e+01]
  - 94: [4.02781460e-02 1.00649759e-01 2.48502597e-01 7.71616143e+00
 1.32577854e+02 9.34364557e-01 2.89758921e-01 2.33253166e-01
 3.30000000e+01 4.20000000e+01]
  - 95: [4.83273400e-02 1.02731466e-01 2.50969410e-01 7.71581760e+00
 1.31083811e+02 8.43403816e-01 3.08059692e-01 2.53050327e-01
 3.30000000e+01 4.30000000e+01]
  - 96: [4.12695620e-02 1.00875646e-01 2.48789087e-01 7.71611938e+00
 1.32394076e+02 9.22050595e-01 2.92109489e-01 2.35775203e-01
 3.30000000e+01 4.20000000e+01]
  - 97: [4.44380787e-02 1.01659939e-01 2.49737591e-01 7.71598375e+00
 1.31806304e+02 8.84879172e-01 2.99440145e-01 2.43675575e-01
 3.30000000e+01 4.20000000e+01]
  - 98: [4.66260910e-02 1.02249786e-01 2.50421524e-01 7.71589016e+00
 1.31400000e+02 8.61017168e-01 3.04340839e-01 2.48990566e-01
 3.30000000e+01 4.20000000e+01]
  - 99: [4.43126149e-02 1.01627231e-01 2.49699086e-01 7.71598918e+00
 1.31829590e+02 8.86290729e-01 2.99154758e-01 2.43367344e-01
 3.30000000e+01 4.20000000e+01]
Updating sensitivity info in ERGOM_Arkona_observability_ARGO_POC_JAN.pickle with model results...
Done
